[0.009s] Invoking command in '/home/jo/project_RobotEngineering_3/my_robot/build/realsense2_description': CMAKE_PREFIX_PATH=/home/jo/project_RobotEngineering_3/my_robot/install/realsense2_camera_msgs:/home/jo/project_RobotEngineering_3/my_robot/install/realsense2_description:/home/jo/project_RobotEngineering_3/my_robot/install/realsense2_camera:/home/jo/project_RobotEngineering_3/my_robot/install/my_custom_srv_pkg:/home/jo/project_RobotEngineering_3/my_robot/install/py_custom_srv_pkg:/opt/ros/humble LD_LIBRARY_PATH=/home/jo/project_RobotEngineering_3/my_robot/install/realsense2_camera_msgs/lib:/home/jo/project_RobotEngineering_3/my_robot/install/realsense2_camera/lib:/home/jo/project_RobotEngineering_3/my_robot/install/my_custom_srv_pkg/lib:/usr/lib/x86_64-linux-gnu/gazebo-11/plugins:/opt/ros/humble/opt/rviz_ogre_vendor/lib:/opt/ros/humble/lib/x86_64-linux-gnu:/opt/ros/humble/lib:/usr/lib/x86_64-linux-gnu/gazebo-11/plugins:/usr/lib/x86_64-linux-gnu/gazebo-11/plugins:/usr/lib/x86_64-linux-gnu/gazebo-11/plugins:/usr/lib/x86_64-linux-gnu/gazebo-11/plugins:/usr/lib/x86_64-linux-gnu/gazebo-11/plugins:/usr/lib/x86_64-linux-gnu/gazebo-11/plugins /usr/bin/cmake /home/jo/project_RobotEngineering_3/my_robot/src/realsense-ros/realsense2_description -DAMENT_CMAKE_SYMLINK_INSTALL=1 -DCMAKE_INSTALL_PREFIX=/home/jo/project_RobotEngineering_3/my_robot/install/realsense2_description
[0.053s] -- The C compiler identification is GNU 11.4.0
[0.103s] -- The CXX compiler identification is GNU 11.4.0
[0.110s] -- Detecting C compiler ABI info
[0.166s] -- Detecting C compiler ABI info - done
[0.174s] -- Check for working C compiler: /usr/bin/cc - skipped
[0.174s] -- Detecting C compile features
[0.175s] -- Detecting C compile features - done
[0.178s] -- Detecting CXX compiler ABI info
[0.240s] -- Detecting CXX compiler ABI info - done
[0.247s] -- Check for working CXX compiler: /usr/bin/c++ - skipped
[0.247s] -- Detecting CXX compile features
[0.247s] -- Detecting CXX compile features - done
[0.249s] -- Found ament_cmake: 1.3.12 (/opt/ros/humble/share/ament_cmake/cmake)
[0.370s] -- Found Python3: /usr/bin/python3 (found version "3.10.12") found components: Interpreter 
[0.424s] -- Override CMake install command with custom implementation using symlinks instead of copying resources
[0.491s] -- Configuring done
[0.492s] -- Generating done
[0.494s] -- Build files have been written to: /home/jo/project_RobotEngineering_3/my_robot/build/realsense2_description
[0.499s] Invoked command in '/home/jo/project_RobotEngineering_3/my_robot/build/realsense2_description' returned '0': CMAKE_PREFIX_PATH=/home/jo/project_RobotEngineering_3/my_robot/install/realsense2_camera_msgs:/home/jo/project_RobotEngineering_3/my_robot/install/realsense2_description:/home/jo/project_RobotEngineering_3/my_robot/install/realsense2_camera:/home/jo/project_RobotEngineering_3/my_robot/install/my_custom_srv_pkg:/home/jo/project_RobotEngineering_3/my_robot/install/py_custom_srv_pkg:/opt/ros/humble LD_LIBRARY_PATH=/home/jo/project_RobotEngineering_3/my_robot/install/realsense2_camera_msgs/lib:/home/jo/project_RobotEngineering_3/my_robot/install/realsense2_camera/lib:/home/jo/project_RobotEngineering_3/my_robot/install/my_custom_srv_pkg/lib:/usr/lib/x86_64-linux-gnu/gazebo-11/plugins:/opt/ros/humble/opt/rviz_ogre_vendor/lib:/opt/ros/humble/lib/x86_64-linux-gnu:/opt/ros/humble/lib:/usr/lib/x86_64-linux-gnu/gazebo-11/plugins:/usr/lib/x86_64-linux-gnu/gazebo-11/plugins:/usr/lib/x86_64-linux-gnu/gazebo-11/plugins:/usr/lib/x86_64-linux-gnu/gazebo-11/plugins:/usr/lib/x86_64-linux-gnu/gazebo-11/plugins:/usr/lib/x86_64-linux-gnu/gazebo-11/plugins /usr/bin/cmake /home/jo/project_RobotEngineering_3/my_robot/src/realsense-ros/realsense2_description -DAMENT_CMAKE_SYMLINK_INSTALL=1 -DCMAKE_INSTALL_PREFIX=/home/jo/project_RobotEngineering_3/my_robot/install/realsense2_description
[0.501s] Invoking command in '/home/jo/project_RobotEngineering_3/my_robot/build/realsense2_description': CMAKE_PREFIX_PATH=/home/jo/project_RobotEngineering_3/my_robot/install/realsense2_camera_msgs:/home/jo/project_RobotEngineering_3/my_robot/install/realsense2_description:/home/jo/project_RobotEngineering_3/my_robot/install/realsense2_camera:/home/jo/project_RobotEngineering_3/my_robot/install/my_custom_srv_pkg:/home/jo/project_RobotEngineering_3/my_robot/install/py_custom_srv_pkg:/opt/ros/humble LD_LIBRARY_PATH=/home/jo/project_RobotEngineering_3/my_robot/install/realsense2_camera_msgs/lib:/home/jo/project_RobotEngineering_3/my_robot/install/realsense2_camera/lib:/home/jo/project_RobotEngineering_3/my_robot/install/my_custom_srv_pkg/lib:/usr/lib/x86_64-linux-gnu/gazebo-11/plugins:/opt/ros/humble/opt/rviz_ogre_vendor/lib:/opt/ros/humble/lib/x86_64-linux-gnu:/opt/ros/humble/lib:/usr/lib/x86_64-linux-gnu/gazebo-11/plugins:/usr/lib/x86_64-linux-gnu/gazebo-11/plugins:/usr/lib/x86_64-linux-gnu/gazebo-11/plugins:/usr/lib/x86_64-linux-gnu/gazebo-11/plugins:/usr/lib/x86_64-linux-gnu/gazebo-11/plugins:/usr/lib/x86_64-linux-gnu/gazebo-11/plugins /usr/bin/cmake --build /home/jo/project_RobotEngineering_3/my_robot/build/realsense2_description -- -j12 -l12
[0.533s] Invoked command in '/home/jo/project_RobotEngineering_3/my_robot/build/realsense2_description' returned '0': CMAKE_PREFIX_PATH=/home/jo/project_RobotEngineering_3/my_robot/install/realsense2_camera_msgs:/home/jo/project_RobotEngineering_3/my_robot/install/realsense2_description:/home/jo/project_RobotEngineering_3/my_robot/install/realsense2_camera:/home/jo/project_RobotEngineering_3/my_robot/install/my_custom_srv_pkg:/home/jo/project_RobotEngineering_3/my_robot/install/py_custom_srv_pkg:/opt/ros/humble LD_LIBRARY_PATH=/home/jo/project_RobotEngineering_3/my_robot/install/realsense2_camera_msgs/lib:/home/jo/project_RobotEngineering_3/my_robot/install/realsense2_camera/lib:/home/jo/project_RobotEngineering_3/my_robot/install/my_custom_srv_pkg/lib:/usr/lib/x86_64-linux-gnu/gazebo-11/plugins:/opt/ros/humble/opt/rviz_ogre_vendor/lib:/opt/ros/humble/lib/x86_64-linux-gnu:/opt/ros/humble/lib:/usr/lib/x86_64-linux-gnu/gazebo-11/plugins:/usr/lib/x86_64-linux-gnu/gazebo-11/plugins:/usr/lib/x86_64-linux-gnu/gazebo-11/plugins:/usr/lib/x86_64-linux-gnu/gazebo-11/plugins:/usr/lib/x86_64-linux-gnu/gazebo-11/plugins:/usr/lib/x86_64-linux-gnu/gazebo-11/plugins /usr/bin/cmake --build /home/jo/project_RobotEngineering_3/my_robot/build/realsense2_description -- -j12 -l12
[0.534s] Invoking command in '/home/jo/project_RobotEngineering_3/my_robot/build/realsense2_description': CMAKE_PREFIX_PATH=/home/jo/project_RobotEngineering_3/my_robot/install/realsense2_camera_msgs:/home/jo/project_RobotEngineering_3/my_robot/install/realsense2_description:/home/jo/project_RobotEngineering_3/my_robot/install/realsense2_camera:/home/jo/project_RobotEngineering_3/my_robot/install/my_custom_srv_pkg:/home/jo/project_RobotEngineering_3/my_robot/install/py_custom_srv_pkg:/opt/ros/humble LD_LIBRARY_PATH=/home/jo/project_RobotEngineering_3/my_robot/install/realsense2_camera_msgs/lib:/home/jo/project_RobotEngineering_3/my_robot/install/realsense2_camera/lib:/home/jo/project_RobotEngineering_3/my_robot/install/my_custom_srv_pkg/lib:/usr/lib/x86_64-linux-gnu/gazebo-11/plugins:/opt/ros/humble/opt/rviz_ogre_vendor/lib:/opt/ros/humble/lib/x86_64-linux-gnu:/opt/ros/humble/lib:/usr/lib/x86_64-linux-gnu/gazebo-11/plugins:/usr/lib/x86_64-linux-gnu/gazebo-11/plugins:/usr/lib/x86_64-linux-gnu/gazebo-11/plugins:/usr/lib/x86_64-linux-gnu/gazebo-11/plugins:/usr/lib/x86_64-linux-gnu/gazebo-11/plugins:/usr/lib/x86_64-linux-gnu/gazebo-11/plugins /usr/bin/cmake --install /home/jo/project_RobotEngineering_3/my_robot/build/realsense2_description
[0.542s] -- Install configuration: ""
[0.542s] -- Execute custom install script
[0.543s] -- Symlinking: /home/jo/project_RobotEngineering_3/my_robot/install/realsense2_description/share/realsense2_description/launch/launch_utils.py
[0.549s] -- Symlinking: /home/jo/project_RobotEngineering_3/my_robot/install/realsense2_description/share/realsense2_description/launch/view_model.launch.py
[0.558s] -- Symlinking: /home/jo/project_RobotEngineering_3/my_robot/install/realsense2_description/share/realsense2_description/meshes/d415.stl
[0.566s] -- Symlinking: /home/jo/project_RobotEngineering_3/my_robot/install/realsense2_description/share/realsense2_description/meshes/d435.dae
[0.572s] -- Symlinking: /home/jo/project_RobotEngineering_3/my_robot/install/realsense2_description/share/realsense2_description/meshes/d455.stl
[0.580s] -- Symlinking: /home/jo/project_RobotEngineering_3/my_robot/install/realsense2_description/share/realsense2_description/meshes/l515.dae
[0.587s] -- Symlinking: /home/jo/project_RobotEngineering_3/my_robot/install/realsense2_description/share/realsense2_description/meshes/plug.stl
[0.594s] -- Symlinking: /home/jo/project_RobotEngineering_3/my_robot/install/realsense2_description/share/realsense2_description/meshes/plug_collision.stl
[0.600s] -- Symlinking: /home/jo/project_RobotEngineering_3/my_robot/install/realsense2_description/share/realsense2_description/rviz/urdf.rviz
[0.608s] -- Symlinking: /home/jo/project_RobotEngineering_3/my_robot/install/realsense2_description/share/realsense2_description/urdf/_d415.urdf.xacro
[0.613s] -- Symlinking: /home/jo/project_RobotEngineering_3/my_robot/install/realsense2_description/share/realsense2_description/urdf/_d435.urdf.xacro
[0.622s] -- Symlinking: /home/jo/project_RobotEngineering_3/my_robot/install/realsense2_description/share/realsense2_description/urdf/_d435i.urdf.xacro
[0.630s] -- Symlinking: /home/jo/project_RobotEngineering_3/my_robot/install/realsense2_description/share/realsense2_description/urdf/_d435i_imu_modules.urdf.xacro
[0.638s] -- Symlinking: /home/jo/project_RobotEngineering_3/my_robot/install/realsense2_description/share/realsense2_description/urdf/_d455.urdf.xacro
[0.646s] -- Symlinking: /home/jo/project_RobotEngineering_3/my_robot/install/realsense2_description/share/realsense2_description/urdf/_l515.urdf.xacro
[0.653s] -- Symlinking: /home/jo/project_RobotEngineering_3/my_robot/install/realsense2_description/share/realsense2_description/urdf/_materials.urdf.xacro
[0.660s] -- Symlinking: /home/jo/project_RobotEngineering_3/my_robot/install/realsense2_description/share/realsense2_description/urdf/_r410.urdf.xacro
[0.666s] -- Symlinking: /home/jo/project_RobotEngineering_3/my_robot/install/realsense2_description/share/realsense2_description/urdf/_r430.urdf.xacro
[0.673s] -- Symlinking: /home/jo/project_RobotEngineering_3/my_robot/install/realsense2_description/share/realsense2_description/urdf/_usb_plug.urdf.xacro
[0.679s] -- Symlinking: /home/jo/project_RobotEngineering_3/my_robot/install/realsense2_description/share/realsense2_description/urdf/test_d415_camera.urdf.xacro
[0.685s] -- Symlinking: /home/jo/project_RobotEngineering_3/my_robot/install/realsense2_description/share/realsense2_description/urdf/test_d435_camera.urdf.xacro
[0.691s] -- Symlinking: /home/jo/project_RobotEngineering_3/my_robot/install/realsense2_description/share/realsense2_description/urdf/test_d435_multiple_cameras.urdf.xacro
[0.697s] -- Symlinking: /home/jo/project_RobotEngineering_3/my_robot/install/realsense2_description/share/realsense2_description/urdf/test_d435i_camera.urdf.xacro
[0.703s] -- Symlinking: /home/jo/project_RobotEngineering_3/my_robot/install/realsense2_description/share/realsense2_description/urdf/test_d455_camera.urdf.xacro
[0.708s] -- Symlinking: /home/jo/project_RobotEngineering_3/my_robot/install/realsense2_description/share/realsense2_description/urdf/test_l515_camera.urdf.xacro
[0.714s] -- Symlinking: /home/jo/project_RobotEngineering_3/my_robot/install/realsense2_description/share/realsense2_description/urdf/test_r410_camera.urdf.xacro
[0.721s] -- Symlinking: /home/jo/project_RobotEngineering_3/my_robot/install/realsense2_description/share/realsense2_description/urdf/test_r430_camera.urdf.xacro
[0.729s] -- Symlinking: /home/jo/project_RobotEngineering_3/my_robot/install/realsense2_description/share/ament_index/resource_index/package_run_dependencies/realsense2_description
[0.737s] -- Symlinking: /home/jo/project_RobotEngineering_3/my_robot/install/realsense2_description/share/ament_index/resource_index/parent_prefix_path/realsense2_description
[0.744s] -- Symlinking: /home/jo/project_RobotEngineering_3/my_robot/install/realsense2_description/share/realsense2_description/environment/ament_prefix_path.sh
[0.752s] -- Symlinking: /home/jo/project_RobotEngineering_3/my_robot/install/realsense2_description/share/realsense2_description/environment/ament_prefix_path.dsv
[0.759s] -- Symlinking: /home/jo/project_RobotEngineering_3/my_robot/install/realsense2_description/share/realsense2_description/environment/path.sh
[0.764s] -- Symlinking: /home/jo/project_RobotEngineering_3/my_robot/install/realsense2_description/share/realsense2_description/environment/path.dsv
[0.770s] -- Symlinking: /home/jo/project_RobotEngineering_3/my_robot/install/realsense2_description/share/realsense2_description/local_setup.bash
[0.777s] -- Symlinking: /home/jo/project_RobotEngineering_3/my_robot/install/realsense2_description/share/realsense2_description/local_setup.sh
[0.784s] -- Symlinking: /home/jo/project_RobotEngineering_3/my_robot/install/realsense2_description/share/realsense2_description/local_setup.zsh
[0.791s] -- Symlinking: /home/jo/project_RobotEngineering_3/my_robot/install/realsense2_description/share/realsense2_description/local_setup.dsv
[0.800s] -- Symlinking: /home/jo/project_RobotEngineering_3/my_robot/install/realsense2_description/share/realsense2_description/package.dsv
[0.808s] -- Symlinking: /home/jo/project_RobotEngineering_3/my_robot/install/realsense2_description/share/ament_index/resource_index/packages/realsense2_description
[0.815s] -- Symlinking: /home/jo/project_RobotEngineering_3/my_robot/install/realsense2_description/share/realsense2_description/cmake/realsense2_descriptionConfig.cmake
[0.823s] -- Symlinking: /home/jo/project_RobotEngineering_3/my_robot/install/realsense2_description/share/realsense2_description/cmake/realsense2_descriptionConfig-version.cmake
[0.831s] -- Symlinking: /home/jo/project_RobotEngineering_3/my_robot/install/realsense2_description/share/realsense2_description/package.xml
[0.839s] Invoked command in '/home/jo/project_RobotEngineering_3/my_robot/build/realsense2_description' returned '0': CMAKE_PREFIX_PATH=/home/jo/project_RobotEngineering_3/my_robot/install/realsense2_camera_msgs:/home/jo/project_RobotEngineering_3/my_robot/install/realsense2_description:/home/jo/project_RobotEngineering_3/my_robot/install/realsense2_camera:/home/jo/project_RobotEngineering_3/my_robot/install/my_custom_srv_pkg:/home/jo/project_RobotEngineering_3/my_robot/install/py_custom_srv_pkg:/opt/ros/humble LD_LIBRARY_PATH=/home/jo/project_RobotEngineering_3/my_robot/install/realsense2_camera_msgs/lib:/home/jo/project_RobotEngineering_3/my_robot/install/realsense2_camera/lib:/home/jo/project_RobotEngineering_3/my_robot/install/my_custom_srv_pkg/lib:/usr/lib/x86_64-linux-gnu/gazebo-11/plugins:/opt/ros/humble/opt/rviz_ogre_vendor/lib:/opt/ros/humble/lib/x86_64-linux-gnu:/opt/ros/humble/lib:/usr/lib/x86_64-linux-gnu/gazebo-11/plugins:/usr/lib/x86_64-linux-gnu/gazebo-11/plugins:/usr/lib/x86_64-linux-gnu/gazebo-11/plugins:/usr/lib/x86_64-linux-gnu/gazebo-11/plugins:/usr/lib/x86_64-linux-gnu/gazebo-11/plugins:/usr/lib/x86_64-linux-gnu/gazebo-11/plugins /usr/bin/cmake --install /home/jo/project_RobotEngineering_3/my_robot/build/realsense2_description
