[0.011s] Invoking command in '/home/jo/project_RobotEngineering_3/my_robot/build/my_custom_srv_pkg': CMAKE_PREFIX_PATH=${CMAKE_PREFIX_PATH}:/home/jo/project_RobotEngineering_3/my_robot/install/py_custom_srv_pkg:/opt/ros/humble /usr/bin/cmake --build /home/jo/project_RobotEngineering_3/my_robot/build/my_custom_srv_pkg -- -j12 -l12
[0.045s] [35m[1mConsolidate compiler generated dependencies of target my_custom_srv_pkg__rosidl_generator_c[0m
[0.055s] [  9%] Built target my_custom_srv_pkg__rosidl_generator_c
[0.059s] [ 12%] Built target my_custom_srv_pkg__cpp
[0.066s] [35m[1mConsolidate compiler generated dependencies of target my_custom_srv_pkg__rosidl_typesupport_introspection_c[0m
[0.070s] [35m[1mConsolidate compiler generated dependencies of target my_custom_srv_pkg__rosidl_typesupport_fastrtps_cpp[0m
[0.070s] [35m[1mConsolidate compiler generated dependencies of target my_custom_srv_pkg__rosidl_typesupport_fastrtps_c[0m
[0.072s] [35m[1mConsolidate compiler generated dependencies of target my_custom_srv_pkg__rosidl_typesupport_cpp[0m
[0.074s] [35m[1mConsolidate compiler generated dependencies of target my_custom_srv_pkg__rosidl_typesupport_introspection_cpp[0m
[0.074s] [35m[1mConsolidate compiler generated dependencies of target my_custom_srv_pkg__rosidl_typesupport_c[0m
[0.075s] [ 12%] Built target ament_cmake_python_copy_my_custom_srv_pkg
[0.078s] [ 22%] Built target my_custom_srv_pkg__rosidl_typesupport_introspection_c
[0.085s] [ 41%] Built target my_custom_srv_pkg__rosidl_typesupport_fastrtps_cpp
[0.087s] [ 41%] Built target my_custom_srv_pkg__rosidl_typesupport_cpp
[0.087s] [ 58%] Built target my_custom_srv_pkg__rosidl_typesupport_c
[0.087s] [ 70%] Built target my_custom_srv_pkg__rosidl_typesupport_introspection_cpp
[0.088s] [ 70%] Built target my_custom_srv_pkg__rosidl_typesupport_fastrtps_c
[0.106s] [ 70%] Built target my_custom_srv_pkg
[0.126s] [ 74%] Built target my_custom_srv_pkg__py
[0.135s] [35m[1mConsolidate compiler generated dependencies of target my_custom_srv_pkg__rosidl_generator_py[0m
[0.148s] [ 80%] Built target my_custom_srv_pkg__rosidl_generator_py
[0.157s] [35m[1mConsolidate compiler generated dependencies of target my_custom_srv_pkg__rosidl_typesupport_fastrtps_c__pyext[0m
[0.160s] [35m[1mConsolidate compiler generated dependencies of target my_custom_srv_pkg__rosidl_typesupport_c__pyext[0m
[0.160s] [35m[1mConsolidate compiler generated dependencies of target my_custom_srv_pkg__rosidl_typesupport_introspection_c__pyext[0m
[0.167s] [ 87%] Built target my_custom_srv_pkg__rosidl_typesupport_fastrtps_c__pyext
[0.172s] [ 93%] Built target my_custom_srv_pkg__rosidl_typesupport_introspection_c__pyext
[0.174s] [100%] Built target my_custom_srv_pkg__rosidl_typesupport_c__pyext
[0.309s] running egg_info
[0.309s] writing my_custom_srv_pkg.egg-info/PKG-INFO
[0.309s] writing dependency_links to my_custom_srv_pkg.egg-info/dependency_links.txt
[0.309s] writing top-level names to my_custom_srv_pkg.egg-info/top_level.txt
[0.312s] reading manifest file 'my_custom_srv_pkg.egg-info/SOURCES.txt'
[0.312s] writing manifest file 'my_custom_srv_pkg.egg-info/SOURCES.txt'
[0.337s] [100%] Built target ament_cmake_python_build_my_custom_srv_pkg_egg
[0.348s] Invoked command in '/home/jo/project_RobotEngineering_3/my_robot/build/my_custom_srv_pkg' returned '0': CMAKE_PREFIX_PATH=${CMAKE_PREFIX_PATH}:/home/jo/project_RobotEngineering_3/my_robot/install/py_custom_srv_pkg:/opt/ros/humble /usr/bin/cmake --build /home/jo/project_RobotEngineering_3/my_robot/build/my_custom_srv_pkg -- -j12 -l12
[0.357s] Invoking command in '/home/jo/project_RobotEngineering_3/my_robot/build/my_custom_srv_pkg': CMAKE_PREFIX_PATH=${CMAKE_PREFIX_PATH}:/home/jo/project_RobotEngineering_3/my_robot/install/py_custom_srv_pkg:/opt/ros/humble /usr/bin/cmake --install /home/jo/project_RobotEngineering_3/my_robot/build/my_custom_srv_pkg
[0.365s] -- Install configuration: ""
[0.365s] -- Up-to-date: /home/jo/project_RobotEngineering_3/my_robot/install/my_custom_srv_pkg/share/ament_index/resource_index/rosidl_interfaces/my_custom_srv_pkg
[0.365s] -- Up-to-date: /home/jo/project_RobotEngineering_3/my_robot/install/my_custom_srv_pkg/include/my_custom_srv_pkg/my_custom_srv_pkg
[0.366s] -- Up-to-date: /home/jo/project_RobotEngineering_3/my_robot/install/my_custom_srv_pkg/include/my_custom_srv_pkg/my_custom_srv_pkg/srv
[0.366s] -- Up-to-date: /home/jo/project_RobotEngineering_3/my_robot/install/my_custom_srv_pkg/include/my_custom_srv_pkg/my_custom_srv_pkg/srv/detail
[0.366s] -- Up-to-date: /home/jo/project_RobotEngineering_3/my_robot/install/my_custom_srv_pkg/include/my_custom_srv_pkg/my_custom_srv_pkg/srv/detail/divide_integers__struct.h
[0.366s] -- Up-to-date: /home/jo/project_RobotEngineering_3/my_robot/install/my_custom_srv_pkg/include/my_custom_srv_pkg/my_custom_srv_pkg/srv/detail/divide_integers__functions.h
[0.366s] -- Up-to-date: /home/jo/project_RobotEngineering_3/my_robot/install/my_custom_srv_pkg/include/my_custom_srv_pkg/my_custom_srv_pkg/srv/detail/divide_integers__type_support.h
[0.366s] -- Up-to-date: /home/jo/project_RobotEngineering_3/my_robot/install/my_custom_srv_pkg/include/my_custom_srv_pkg/my_custom_srv_pkg/srv/detail/divide_integers__functions.c
[0.366s] -- Up-to-date: /home/jo/project_RobotEngineering_3/my_robot/install/my_custom_srv_pkg/include/my_custom_srv_pkg/my_custom_srv_pkg/srv/divide_integers.h
[0.366s] -- Up-to-date: /home/jo/project_RobotEngineering_3/my_robot/install/my_custom_srv_pkg/include/my_custom_srv_pkg/my_custom_srv_pkg/msg
[0.366s] -- Up-to-date: /home/jo/project_RobotEngineering_3/my_robot/install/my_custom_srv_pkg/include/my_custom_srv_pkg/my_custom_srv_pkg/msg/rosidl_generator_c__visibility_control.h
[0.367s] -- Up-to-date: /home/jo/project_RobotEngineering_3/my_robot/install/my_custom_srv_pkg/share/my_custom_srv_pkg/environment/library_path.sh
[0.367s] -- Up-to-date: /home/jo/project_RobotEngineering_3/my_robot/install/my_custom_srv_pkg/share/my_custom_srv_pkg/environment/library_path.dsv
[0.367s] -- Up-to-date: /home/jo/project_RobotEngineering_3/my_robot/install/my_custom_srv_pkg/lib/libmy_custom_srv_pkg__rosidl_generator_c.so
[0.367s] -- Up-to-date: /home/jo/project_RobotEngineering_3/my_robot/install/my_custom_srv_pkg/include/my_custom_srv_pkg/my_custom_srv_pkg
[0.367s] -- Up-to-date: /home/jo/project_RobotEngineering_3/my_robot/install/my_custom_srv_pkg/include/my_custom_srv_pkg/my_custom_srv_pkg/srv
[0.367s] -- Up-to-date: /home/jo/project_RobotEngineering_3/my_robot/install/my_custom_srv_pkg/include/my_custom_srv_pkg/my_custom_srv_pkg/srv/detail
[0.367s] -- Up-to-date: /home/jo/project_RobotEngineering_3/my_robot/install/my_custom_srv_pkg/include/my_custom_srv_pkg/my_custom_srv_pkg/srv/detail/divide_integers__rosidl_typesupport_fastrtps_c.h
[0.367s] -- Up-to-date: /home/jo/project_RobotEngineering_3/my_robot/install/my_custom_srv_pkg/include/my_custom_srv_pkg/my_custom_srv_pkg/msg
[0.367s] -- Up-to-date: /home/jo/project_RobotEngineering_3/my_robot/install/my_custom_srv_pkg/include/my_custom_srv_pkg/my_custom_srv_pkg/msg/rosidl_typesupport_fastrtps_c__visibility_control.h
[0.367s] -- Up-to-date: /home/jo/project_RobotEngineering_3/my_robot/install/my_custom_srv_pkg/lib/libmy_custom_srv_pkg__rosidl_typesupport_fastrtps_c.so
[0.367s] -- Up-to-date: /home/jo/project_RobotEngineering_3/my_robot/install/my_custom_srv_pkg/include/my_custom_srv_pkg/my_custom_srv_pkg
[0.368s] -- Up-to-date: /home/jo/project_RobotEngineering_3/my_robot/install/my_custom_srv_pkg/include/my_custom_srv_pkg/my_custom_srv_pkg/srv
[0.368s] -- Up-to-date: /home/jo/project_RobotEngineering_3/my_robot/install/my_custom_srv_pkg/include/my_custom_srv_pkg/my_custom_srv_pkg/srv/detail
[0.368s] -- Up-to-date: /home/jo/project_RobotEngineering_3/my_robot/install/my_custom_srv_pkg/include/my_custom_srv_pkg/my_custom_srv_pkg/srv/detail/divide_integers__traits.hpp
[0.368s] -- Up-to-date: /home/jo/project_RobotEngineering_3/my_robot/install/my_custom_srv_pkg/include/my_custom_srv_pkg/my_custom_srv_pkg/srv/detail/divide_integers__struct.hpp
[0.368s] -- Up-to-date: /home/jo/project_RobotEngineering_3/my_robot/install/my_custom_srv_pkg/include/my_custom_srv_pkg/my_custom_srv_pkg/srv/detail/divide_integers__type_support.hpp
[0.368s] -- Up-to-date: /home/jo/project_RobotEngineering_3/my_robot/install/my_custom_srv_pkg/include/my_custom_srv_pkg/my_custom_srv_pkg/srv/detail/divide_integers__builder.hpp
[0.368s] -- Up-to-date: /home/jo/project_RobotEngineering_3/my_robot/install/my_custom_srv_pkg/include/my_custom_srv_pkg/my_custom_srv_pkg/srv/divide_integers.hpp
[0.368s] -- Up-to-date: /home/jo/project_RobotEngineering_3/my_robot/install/my_custom_srv_pkg/include/my_custom_srv_pkg/my_custom_srv_pkg/msg
[0.368s] -- Up-to-date: /home/jo/project_RobotEngineering_3/my_robot/install/my_custom_srv_pkg/include/my_custom_srv_pkg/my_custom_srv_pkg/msg/rosidl_generator_cpp__visibility_control.hpp
[0.368s] -- Up-to-date: /home/jo/project_RobotEngineering_3/my_robot/install/my_custom_srv_pkg/include/my_custom_srv_pkg/my_custom_srv_pkg
[0.368s] -- Up-to-date: /home/jo/project_RobotEngineering_3/my_robot/install/my_custom_srv_pkg/include/my_custom_srv_pkg/my_custom_srv_pkg/srv
[0.368s] -- Up-to-date: /home/jo/project_RobotEngineering_3/my_robot/install/my_custom_srv_pkg/include/my_custom_srv_pkg/my_custom_srv_pkg/srv/detail
[0.368s] -- Up-to-date: /home/jo/project_RobotEngineering_3/my_robot/install/my_custom_srv_pkg/include/my_custom_srv_pkg/my_custom_srv_pkg/srv/detail/dds_fastrtps
[0.369s] -- Up-to-date: /home/jo/project_RobotEngineering_3/my_robot/install/my_custom_srv_pkg/include/my_custom_srv_pkg/my_custom_srv_pkg/srv/detail/divide_integers__rosidl_typesupport_fastrtps_cpp.hpp
[0.369s] -- Up-to-date: /home/jo/project_RobotEngineering_3/my_robot/install/my_custom_srv_pkg/include/my_custom_srv_pkg/my_custom_srv_pkg/msg
[0.369s] -- Up-to-date: /home/jo/project_RobotEngineering_3/my_robot/install/my_custom_srv_pkg/include/my_custom_srv_pkg/my_custom_srv_pkg/msg/rosidl_typesupport_fastrtps_cpp__visibility_control.h
[0.369s] -- Up-to-date: /home/jo/project_RobotEngineering_3/my_robot/install/my_custom_srv_pkg/lib/libmy_custom_srv_pkg__rosidl_typesupport_fastrtps_cpp.so
[0.369s] -- Up-to-date: /home/jo/project_RobotEngineering_3/my_robot/install/my_custom_srv_pkg/include/my_custom_srv_pkg/my_custom_srv_pkg
[0.369s] -- Up-to-date: /home/jo/project_RobotEngineering_3/my_robot/install/my_custom_srv_pkg/include/my_custom_srv_pkg/my_custom_srv_pkg/srv
[0.369s] -- Up-to-date: /home/jo/project_RobotEngineering_3/my_robot/install/my_custom_srv_pkg/include/my_custom_srv_pkg/my_custom_srv_pkg/srv/detail
[0.369s] -- Up-to-date: /home/jo/project_RobotEngineering_3/my_robot/install/my_custom_srv_pkg/include/my_custom_srv_pkg/my_custom_srv_pkg/srv/detail/divide_integers__type_support.c
[0.369s] -- Up-to-date: /home/jo/project_RobotEngineering_3/my_robot/install/my_custom_srv_pkg/include/my_custom_srv_pkg/my_custom_srv_pkg/srv/detail/divide_integers__rosidl_typesupport_introspection_c.h
[0.369s] -- Up-to-date: /home/jo/project_RobotEngineering_3/my_robot/install/my_custom_srv_pkg/include/my_custom_srv_pkg/my_custom_srv_pkg/msg
[0.369s] -- Up-to-date: /home/jo/project_RobotEngineering_3/my_robot/install/my_custom_srv_pkg/include/my_custom_srv_pkg/my_custom_srv_pkg/msg/rosidl_typesupport_introspection_c__visibility_control.h
[0.369s] -- Up-to-date: /home/jo/project_RobotEngineering_3/my_robot/install/my_custom_srv_pkg/lib/libmy_custom_srv_pkg__rosidl_typesupport_introspection_c.so
[0.369s] -- Up-to-date: /home/jo/project_RobotEngineering_3/my_robot/install/my_custom_srv_pkg/lib/libmy_custom_srv_pkg__rosidl_typesupport_c.so
[0.369s] -- Up-to-date: /home/jo/project_RobotEngineering_3/my_robot/install/my_custom_srv_pkg/include/my_custom_srv_pkg/my_custom_srv_pkg
[0.370s] -- Up-to-date: /home/jo/project_RobotEngineering_3/my_robot/install/my_custom_srv_pkg/include/my_custom_srv_pkg/my_custom_srv_pkg/srv
[0.370s] -- Up-to-date: /home/jo/project_RobotEngineering_3/my_robot/install/my_custom_srv_pkg/include/my_custom_srv_pkg/my_custom_srv_pkg/srv/detail
[0.370s] -- Up-to-date: /home/jo/project_RobotEngineering_3/my_robot/install/my_custom_srv_pkg/include/my_custom_srv_pkg/my_custom_srv_pkg/srv/detail/divide_integers__rosidl_typesupport_introspection_cpp.hpp
[0.370s] -- Up-to-date: /home/jo/project_RobotEngineering_3/my_robot/install/my_custom_srv_pkg/include/my_custom_srv_pkg/my_custom_srv_pkg/srv/detail/divide_integers__type_support.cpp
[0.370s] -- Up-to-date: /home/jo/project_RobotEngineering_3/my_robot/install/my_custom_srv_pkg/lib/libmy_custom_srv_pkg__rosidl_typesupport_introspection_cpp.so
[0.370s] -- Up-to-date: /home/jo/project_RobotEngineering_3/my_robot/install/my_custom_srv_pkg/lib/libmy_custom_srv_pkg__rosidl_typesupport_cpp.so
[0.370s] -- Up-to-date: /home/jo/project_RobotEngineering_3/my_robot/install/my_custom_srv_pkg/share/my_custom_srv_pkg/environment/pythonpath.sh
[0.370s] -- Up-to-date: /home/jo/project_RobotEngineering_3/my_robot/install/my_custom_srv_pkg/share/my_custom_srv_pkg/environment/pythonpath.dsv
[0.370s] -- Up-to-date: /home/jo/project_RobotEngineering_3/my_robot/install/my_custom_srv_pkg/local/lib/python3.10/dist-packages/my_custom_srv_pkg-0.0.0-py3.10.egg-info
[0.370s] -- Installing: /home/jo/project_RobotEngineering_3/my_robot/install/my_custom_srv_pkg/local/lib/python3.10/dist-packages/my_custom_srv_pkg-0.0.0-py3.10.egg-info/top_level.txt
[0.370s] -- Installing: /home/jo/project_RobotEngineering_3/my_robot/install/my_custom_srv_pkg/local/lib/python3.10/dist-packages/my_custom_srv_pkg-0.0.0-py3.10.egg-info/dependency_links.txt
[0.370s] -- Installing: /home/jo/project_RobotEngineering_3/my_robot/install/my_custom_srv_pkg/local/lib/python3.10/dist-packages/my_custom_srv_pkg-0.0.0-py3.10.egg-info/PKG-INFO
[0.370s] -- Installing: /home/jo/project_RobotEngineering_3/my_robot/install/my_custom_srv_pkg/local/lib/python3.10/dist-packages/my_custom_srv_pkg-0.0.0-py3.10.egg-info/SOURCES.txt
[0.370s] -- Up-to-date: /home/jo/project_RobotEngineering_3/my_robot/install/my_custom_srv_pkg/local/lib/python3.10/dist-packages/my_custom_srv_pkg
[0.371s] -- Up-to-date: /home/jo/project_RobotEngineering_3/my_robot/install/my_custom_srv_pkg/local/lib/python3.10/dist-packages/my_custom_srv_pkg/_my_custom_srv_pkg_s.ep.rosidl_typesupport_introspection_c.c
[0.371s] -- Up-to-date: /home/jo/project_RobotEngineering_3/my_robot/install/my_custom_srv_pkg/local/lib/python3.10/dist-packages/my_custom_srv_pkg/srv
[0.371s] -- Up-to-date: /home/jo/project_RobotEngineering_3/my_robot/install/my_custom_srv_pkg/local/lib/python3.10/dist-packages/my_custom_srv_pkg/srv/_divide_integers.py
[0.371s] -- Up-to-date: /home/jo/project_RobotEngineering_3/my_robot/install/my_custom_srv_pkg/local/lib/python3.10/dist-packages/my_custom_srv_pkg/srv/_divide_integers_s.c
[0.371s] -- Up-to-date: /home/jo/project_RobotEngineering_3/my_robot/install/my_custom_srv_pkg/local/lib/python3.10/dist-packages/my_custom_srv_pkg/srv/__init__.py
[0.371s] -- Up-to-date: /home/jo/project_RobotEngineering_3/my_robot/install/my_custom_srv_pkg/local/lib/python3.10/dist-packages/my_custom_srv_pkg/_my_custom_srv_pkg_s.ep.rosidl_typesupport_c.c
[0.371s] -- Up-to-date: /home/jo/project_RobotEngineering_3/my_robot/install/my_custom_srv_pkg/local/lib/python3.10/dist-packages/my_custom_srv_pkg/my_custom_srv_pkg_s__rosidl_typesupport_fastrtps_c.cpython-310-x86_64-linux-gnu.so
[0.371s] -- Up-to-date: /home/jo/project_RobotEngineering_3/my_robot/install/my_custom_srv_pkg/local/lib/python3.10/dist-packages/my_custom_srv_pkg/__init__.py
[0.371s] -- Up-to-date: /home/jo/project_RobotEngineering_3/my_robot/install/my_custom_srv_pkg/local/lib/python3.10/dist-packages/my_custom_srv_pkg/libmy_custom_srv_pkg__rosidl_generator_py.so
[0.371s] -- Up-to-date: /home/jo/project_RobotEngineering_3/my_robot/install/my_custom_srv_pkg/local/lib/python3.10/dist-packages/my_custom_srv_pkg/my_custom_srv_pkg_s__rosidl_typesupport_introspection_c.cpython-310-x86_64-linux-gnu.so
[0.371s] -- Up-to-date: /home/jo/project_RobotEngineering_3/my_robot/install/my_custom_srv_pkg/local/lib/python3.10/dist-packages/my_custom_srv_pkg/my_custom_srv_pkg_s__rosidl_typesupport_c.cpython-310-x86_64-linux-gnu.so
[0.371s] -- Up-to-date: /home/jo/project_RobotEngineering_3/my_robot/install/my_custom_srv_pkg/local/lib/python3.10/dist-packages/my_custom_srv_pkg/_my_custom_srv_pkg_s.ep.rosidl_typesupport_fastrtps_c.c
[0.398s] Listing '/home/jo/project_RobotEngineering_3/my_robot/install/my_custom_srv_pkg/local/lib/python3.10/dist-packages/my_custom_srv_pkg'...
[0.398s] Listing '/home/jo/project_RobotEngineering_3/my_robot/install/my_custom_srv_pkg/local/lib/python3.10/dist-packages/my_custom_srv_pkg/srv'...
[0.402s] -- Up-to-date: /home/jo/project_RobotEngineering_3/my_robot/install/my_custom_srv_pkg/local/lib/python3.10/dist-packages/my_custom_srv_pkg/my_custom_srv_pkg_s__rosidl_typesupport_fastrtps_c.cpython-310-x86_64-linux-gnu.so
[0.402s] -- Up-to-date: /home/jo/project_RobotEngineering_3/my_robot/install/my_custom_srv_pkg/local/lib/python3.10/dist-packages/my_custom_srv_pkg/my_custom_srv_pkg_s__rosidl_typesupport_introspection_c.cpython-310-x86_64-linux-gnu.so
[0.402s] -- Up-to-date: /home/jo/project_RobotEngineering_3/my_robot/install/my_custom_srv_pkg/local/lib/python3.10/dist-packages/my_custom_srv_pkg/my_custom_srv_pkg_s__rosidl_typesupport_c.cpython-310-x86_64-linux-gnu.so
[0.402s] -- Up-to-date: /home/jo/project_RobotEngineering_3/my_robot/install/my_custom_srv_pkg/lib/libmy_custom_srv_pkg__rosidl_generator_py.so
[0.402s] -- Up-to-date: /home/jo/project_RobotEngineering_3/my_robot/install/my_custom_srv_pkg/share/my_custom_srv_pkg/srv/DivideIntegers.idl
[0.402s] -- Up-to-date: /home/jo/project_RobotEngineering_3/my_robot/install/my_custom_srv_pkg/share/my_custom_srv_pkg/srv/DivideIntegers.srv
[0.402s] -- Up-to-date: /home/jo/project_RobotEngineering_3/my_robot/install/my_custom_srv_pkg/share/my_custom_srv_pkg/srv/DivideIntegers_Request.msg
[0.402s] -- Up-to-date: /home/jo/project_RobotEngineering_3/my_robot/install/my_custom_srv_pkg/share/my_custom_srv_pkg/srv/DivideIntegers_Response.msg
[0.402s] -- Up-to-date: /home/jo/project_RobotEngineering_3/my_robot/install/my_custom_srv_pkg/share/ament_index/resource_index/package_run_dependencies/my_custom_srv_pkg
[0.402s] -- Up-to-date: /home/jo/project_RobotEngineering_3/my_robot/install/my_custom_srv_pkg/share/ament_index/resource_index/parent_prefix_path/my_custom_srv_pkg
[0.403s] -- Up-to-date: /home/jo/project_RobotEngineering_3/my_robot/install/my_custom_srv_pkg/share/my_custom_srv_pkg/environment/ament_prefix_path.sh
[0.403s] -- Up-to-date: /home/jo/project_RobotEngineering_3/my_robot/install/my_custom_srv_pkg/share/my_custom_srv_pkg/environment/ament_prefix_path.dsv
[0.403s] -- Up-to-date: /home/jo/project_RobotEngineering_3/my_robot/install/my_custom_srv_pkg/share/my_custom_srv_pkg/environment/path.sh
[0.403s] -- Up-to-date: /home/jo/project_RobotEngineering_3/my_robot/install/my_custom_srv_pkg/share/my_custom_srv_pkg/environment/path.dsv
[0.403s] -- Up-to-date: /home/jo/project_RobotEngineering_3/my_robot/install/my_custom_srv_pkg/share/my_custom_srv_pkg/local_setup.bash
[0.403s] -- Up-to-date: /home/jo/project_RobotEngineering_3/my_robot/install/my_custom_srv_pkg/share/my_custom_srv_pkg/local_setup.sh
[0.403s] -- Up-to-date: /home/jo/project_RobotEngineering_3/my_robot/install/my_custom_srv_pkg/share/my_custom_srv_pkg/local_setup.zsh
[0.403s] -- Up-to-date: /home/jo/project_RobotEngineering_3/my_robot/install/my_custom_srv_pkg/share/my_custom_srv_pkg/local_setup.dsv
[0.403s] -- Installing: /home/jo/project_RobotEngineering_3/my_robot/install/my_custom_srv_pkg/share/my_custom_srv_pkg/package.dsv
[0.403s] -- Up-to-date: /home/jo/project_RobotEngineering_3/my_robot/install/my_custom_srv_pkg/share/ament_index/resource_index/packages/my_custom_srv_pkg
[0.403s] -- Up-to-date: /home/jo/project_RobotEngineering_3/my_robot/install/my_custom_srv_pkg/share/my_custom_srv_pkg/cmake/export_my_custom_srv_pkg__rosidl_generator_cExport.cmake
[0.404s] -- Up-to-date: /home/jo/project_RobotEngineering_3/my_robot/install/my_custom_srv_pkg/share/my_custom_srv_pkg/cmake/export_my_custom_srv_pkg__rosidl_generator_cExport-noconfig.cmake
[0.404s] -- Up-to-date: /home/jo/project_RobotEngineering_3/my_robot/install/my_custom_srv_pkg/share/my_custom_srv_pkg/cmake/export_my_custom_srv_pkg__rosidl_typesupport_fastrtps_cExport.cmake
[0.404s] -- Up-to-date: /home/jo/project_RobotEngineering_3/my_robot/install/my_custom_srv_pkg/share/my_custom_srv_pkg/cmake/export_my_custom_srv_pkg__rosidl_typesupport_fastrtps_cExport-noconfig.cmake
[0.404s] -- Up-to-date: /home/jo/project_RobotEngineering_3/my_robot/install/my_custom_srv_pkg/share/my_custom_srv_pkg/cmake/export_my_custom_srv_pkg__rosidl_generator_cppExport.cmake
[0.404s] -- Up-to-date: /home/jo/project_RobotEngineering_3/my_robot/install/my_custom_srv_pkg/share/my_custom_srv_pkg/cmake/export_my_custom_srv_pkg__rosidl_typesupport_fastrtps_cppExport.cmake
[0.404s] -- Up-to-date: /home/jo/project_RobotEngineering_3/my_robot/install/my_custom_srv_pkg/share/my_custom_srv_pkg/cmake/export_my_custom_srv_pkg__rosidl_typesupport_fastrtps_cppExport-noconfig.cmake
[0.404s] -- Up-to-date: /home/jo/project_RobotEngineering_3/my_robot/install/my_custom_srv_pkg/share/my_custom_srv_pkg/cmake/my_custom_srv_pkg__rosidl_typesupport_introspection_cExport.cmake
[0.404s] -- Up-to-date: /home/jo/project_RobotEngineering_3/my_robot/install/my_custom_srv_pkg/share/my_custom_srv_pkg/cmake/my_custom_srv_pkg__rosidl_typesupport_introspection_cExport-noconfig.cmake
[0.405s] -- Up-to-date: /home/jo/project_RobotEngineering_3/my_robot/install/my_custom_srv_pkg/share/my_custom_srv_pkg/cmake/my_custom_srv_pkg__rosidl_typesupport_cExport.cmake
[0.405s] -- Up-to-date: /home/jo/project_RobotEngineering_3/my_robot/install/my_custom_srv_pkg/share/my_custom_srv_pkg/cmake/my_custom_srv_pkg__rosidl_typesupport_cExport-noconfig.cmake
[0.405s] -- Up-to-date: /home/jo/project_RobotEngineering_3/my_robot/install/my_custom_srv_pkg/share/my_custom_srv_pkg/cmake/my_custom_srv_pkg__rosidl_typesupport_introspection_cppExport.cmake
[0.405s] -- Up-to-date: /home/jo/project_RobotEngineering_3/my_robot/install/my_custom_srv_pkg/share/my_custom_srv_pkg/cmake/my_custom_srv_pkg__rosidl_typesupport_introspection_cppExport-noconfig.cmake
[0.405s] -- Up-to-date: /home/jo/project_RobotEngineering_3/my_robot/install/my_custom_srv_pkg/share/my_custom_srv_pkg/cmake/my_custom_srv_pkg__rosidl_typesupport_cppExport.cmake
[0.405s] -- Up-to-date: /home/jo/project_RobotEngineering_3/my_robot/install/my_custom_srv_pkg/share/my_custom_srv_pkg/cmake/my_custom_srv_pkg__rosidl_typesupport_cppExport-noconfig.cmake
[0.406s] -- Up-to-date: /home/jo/project_RobotEngineering_3/my_robot/install/my_custom_srv_pkg/share/my_custom_srv_pkg/cmake/export_my_custom_srv_pkg__rosidl_generator_pyExport.cmake
[0.406s] -- Up-to-date: /home/jo/project_RobotEngineering_3/my_robot/install/my_custom_srv_pkg/share/my_custom_srv_pkg/cmake/export_my_custom_srv_pkg__rosidl_generator_pyExport-noconfig.cmake
[0.406s] -- Up-to-date: /home/jo/project_RobotEngineering_3/my_robot/install/my_custom_srv_pkg/share/my_custom_srv_pkg/cmake/rosidl_cmake-extras.cmake
[0.406s] -- Up-to-date: /home/jo/project_RobotEngineering_3/my_robot/install/my_custom_srv_pkg/share/my_custom_srv_pkg/cmake/ament_cmake_export_dependencies-extras.cmake
[0.406s] -- Up-to-date: /home/jo/project_RobotEngineering_3/my_robot/install/my_custom_srv_pkg/share/my_custom_srv_pkg/cmake/ament_cmake_export_include_directories-extras.cmake
[0.407s] -- Up-to-date: /home/jo/project_RobotEngineering_3/my_robot/install/my_custom_srv_pkg/share/my_custom_srv_pkg/cmake/ament_cmake_export_libraries-extras.cmake
[0.407s] -- Up-to-date: /home/jo/project_RobotEngineering_3/my_robot/install/my_custom_srv_pkg/share/my_custom_srv_pkg/cmake/ament_cmake_export_targets-extras.cmake
[0.407s] -- Up-to-date: /home/jo/project_RobotEngineering_3/my_robot/install/my_custom_srv_pkg/share/my_custom_srv_pkg/cmake/rosidl_cmake_export_typesupport_targets-extras.cmake
[0.407s] -- Up-to-date: /home/jo/project_RobotEngineering_3/my_robot/install/my_custom_srv_pkg/share/my_custom_srv_pkg/cmake/rosidl_cmake_export_typesupport_libraries-extras.cmake
[0.407s] -- Up-to-date: /home/jo/project_RobotEngineering_3/my_robot/install/my_custom_srv_pkg/share/my_custom_srv_pkg/cmake/my_custom_srv_pkgConfig.cmake
[0.407s] -- Up-to-date: /home/jo/project_RobotEngineering_3/my_robot/install/my_custom_srv_pkg/share/my_custom_srv_pkg/cmake/my_custom_srv_pkgConfig-version.cmake
[0.407s] -- Up-to-date: /home/jo/project_RobotEngineering_3/my_robot/install/my_custom_srv_pkg/share/my_custom_srv_pkg/package.xml
[0.408s] Invoked command in '/home/jo/project_RobotEngineering_3/my_robot/build/my_custom_srv_pkg' returned '0': CMAKE_PREFIX_PATH=${CMAKE_PREFIX_PATH}:/home/jo/project_RobotEngineering_3/my_robot/install/py_custom_srv_pkg:/opt/ros/humble /usr/bin/cmake --install /home/jo/project_RobotEngineering_3/my_robot/build/my_custom_srv_pkg
