[0.009s] Invoking command in '/home/jo/project_RobotEngineering_3/my_robot/build/my_command_pkg': CMAKE_PREFIX_PATH=${CMAKE_PREFIX_PATH}:/home/jo/project_RobotEngineering_3/my_robot/install/my_robot_pkg:/opt/ros/humble /usr/bin/cmake /home/jo/project_RobotEngineering_3/my_robot/src/my_command_pkg -DCMAKE_INSTALL_PREFIX=/home/jo/project_RobotEngineering_3/my_robot/install/my_command_pkg
[0.056s] -- The C compiler identification is GNU 11.4.0
[0.111s] -- The CXX compiler identification is GNU 11.4.0
[0.118s] -- Detecting C compiler ABI info
[0.182s] -- Detecting C compiler ABI info - done
[0.190s] -- Check for working C compiler: /usr/bin/cc - skipped
[0.191s] -- Detecting C compile features
[0.191s] -- Detecting C compile features - done
[0.194s] -- Detecting CXX compiler ABI info
[0.273s] -- Detecting CXX compiler ABI info - done
[0.282s] -- Check for working CXX compiler: /usr/bin/c++ - skipped
[0.282s] -- Detecting CXX compile features
[0.283s] -- Detecting CXX compile features - done
[0.285s] -- Found ament_cmake: 1.3.12 (/opt/ros/humble/share/ament_cmake/cmake)
[0.430s] -- Found Python3: /usr/bin/python3 (found version "3.10.12") found components: Interpreter 
[0.516s] -- Found std_msgs: 4.9.0 (/opt/ros/humble/share/std_msgs/cmake)
[0.554s] -- Found rosidl_generator_c: 3.1.7 (/opt/ros/humble/share/rosidl_generator_c/cmake)
[0.559s] -- Found rosidl_adapter: 3.1.7 (/opt/ros/humble/share/rosidl_adapter/cmake)
[0.568s] -- Found rosidl_generator_cpp: 3.1.7 (/opt/ros/humble/share/rosidl_generator_cpp/cmake)
[0.581s] -- Using all available rosidl_typesupport_c: rosidl_typesupport_fastrtps_c;rosidl_typesupport_introspection_c
[0.598s] -- Using all available rosidl_typesupport_cpp: rosidl_typesupport_fastrtps_cpp;rosidl_typesupport_introspection_cpp
[0.620s] -- Found rosidl_default_generators: 1.2.0 (/opt/ros/humble/share/rosidl_default_generators/cmake)
[0.885s] -- Found ament_cmake_ros: 0.10.0 (/opt/ros/humble/share/ament_cmake_ros/cmake)
[1.262s] -- Using all available rosidl_typesupport_c: rosidl_typesupport_fastrtps_c;rosidl_typesupport_introspection_c
[1.436s] -- Using all available rosidl_typesupport_cpp: rosidl_typesupport_fastrtps_cpp;rosidl_typesupport_introspection_cpp
[1.464s] -- Found PythonInterp: /usr/bin/python3 (found suitable version "3.10.12", minimum required is "3.6") 
[1.466s] -- Found python_cmake_module: 0.10.0 (/opt/ros/humble/share/python_cmake_module/cmake)
[1.490s] -- Found PythonLibs: /usr/lib/x86_64-linux-gnu/libpython3.10.so (found suitable version "3.10.12", minimum required is "3.5") 
[1.490s] -- Using PYTHON_EXECUTABLE: /usr/bin/python3
[1.490s] -- Using PYTHON_INCLUDE_DIRS: /usr/include/python3.10
[1.490s] -- Using PYTHON_LIBRARIES: /usr/lib/x86_64-linux-gnu/libpython3.10.so
[1.512s] -- Found PythonExtra: .so  
[1.555s] -- Configuring done
[1.587s] -- Generating done
[1.599s] -- Build files have been written to: /home/jo/project_RobotEngineering_3/my_robot/build/my_command_pkg
[1.608s] Invoked command in '/home/jo/project_RobotEngineering_3/my_robot/build/my_command_pkg' returned '0': CMAKE_PREFIX_PATH=${CMAKE_PREFIX_PATH}:/home/jo/project_RobotEngineering_3/my_robot/install/my_robot_pkg:/opt/ros/humble /usr/bin/cmake /home/jo/project_RobotEngineering_3/my_robot/src/my_command_pkg -DCMAKE_INSTALL_PREFIX=/home/jo/project_RobotEngineering_3/my_robot/install/my_command_pkg
[1.610s] Invoking command in '/home/jo/project_RobotEngineering_3/my_robot/build/my_command_pkg': CMAKE_PREFIX_PATH=${CMAKE_PREFIX_PATH}:/home/jo/project_RobotEngineering_3/my_robot/install/my_robot_pkg:/opt/ros/humble /usr/bin/cmake --build /home/jo/project_RobotEngineering_3/my_robot/build/my_command_pkg -- -j12 -l12
[1.649s] [  2%] [34m[1mGenerating C code for ROS interfaces[0m
[1.660s] [  5%] [34m[1mGenerating C++ code for ROS interfaces[0m
[1.669s] [  5%] Built target ament_cmake_python_copy_my_command_pkg
[1.999s] [  7%] [32mBuilding C object CMakeFiles/my_command_pkg__rosidl_generator_c.dir/rosidl_generator_c/my_command_pkg/srv/detail/command__functions.c.o[0m
[2.000s] [ 10%] [32mBuilding C object CMakeFiles/my_command_pkg__rosidl_generator_c.dir/rosidl_generator_c/my_command_pkg/srv/detail/send_position__functions.c.o[0m
[2.066s] [ 12%] [32m[1mLinking C shared library libmy_command_pkg__rosidl_generator_c.so[0m
[2.088s] running egg_info
[2.089s] creating my_command_pkg.egg-info
[2.089s] writing my_command_pkg.egg-info/PKG-INFO
[2.089s] writing dependency_links to my_command_pkg.egg-info/dependency_links.txt
[2.090s] writing top-level names to my_command_pkg.egg-info/top_level.txt
[2.090s] writing manifest file 'my_command_pkg.egg-info/SOURCES.txt'
[2.099s] reading manifest file 'my_command_pkg.egg-info/SOURCES.txt'
[2.099s] writing manifest file 'my_command_pkg.egg-info/SOURCES.txt'
[2.105s] [ 12%] Built target my_command_pkg__rosidl_generator_c
[2.119s] [ 15%] [34m[1mGenerating C type support for eProsima Fast-RTPS[0m
[2.124s] [ 17%] [34m[1mGenerating C type support dispatch for ROS interfaces[0m
[2.129s] [ 20%] [34m[1mGenerating C introspection for ROS interfaces[0m
[2.136s] [ 20%] Built target my_command_pkg__cpp
[2.146s] [ 20%] Built target ament_cmake_python_build_my_command_pkg_egg
[2.153s] [ 23%] [34m[1mGenerating C++ type support for eProsima Fast-RTPS[0m
[2.157s] [ 25%] [34m[1mGenerating C++ type support dispatch for ROS interfaces[0m
[2.158s] [ 28%] [34m[1mGenerating C++ introspection for ROS interfaces[0m
[2.560s] [ 30%] [32mBuilding CXX object CMakeFiles/my_command_pkg__rosidl_typesupport_c.dir/rosidl_typesupport_c/my_command_pkg/srv/command__type_support.cpp.o[0m
[2.561s] [ 33%] [32mBuilding CXX object CMakeFiles/my_command_pkg__rosidl_typesupport_c.dir/rosidl_typesupport_c/my_command_pkg/srv/send_position__type_support.cpp.o[0m
[2.590s] [ 35%] [32mBuilding CXX object CMakeFiles/my_command_pkg__rosidl_typesupport_cpp.dir/rosidl_typesupport_cpp/my_command_pkg/srv/command__type_support.cpp.o[0m
[2.598s] [ 38%] [32mBuilding CXX object CMakeFiles/my_command_pkg__rosidl_typesupport_cpp.dir/rosidl_typesupport_cpp/my_command_pkg/srv/send_position__type_support.cpp.o[0m
[2.627s] [ 41%] [32m[1mLinking CXX shared library libmy_command_pkg__rosidl_typesupport_c.so[0m
[2.650s] [ 43%] [32mBuilding CXX object CMakeFiles/my_command_pkg__rosidl_typesupport_introspection_cpp.dir/rosidl_typesupport_introspection_cpp/my_command_pkg/srv/detail/send_position__type_support.cpp.o[0m
[2.651s] [ 46%] [32mBuilding CXX object CMakeFiles/my_command_pkg__rosidl_typesupport_introspection_cpp.dir/rosidl_typesupport_introspection_cpp/my_command_pkg/srv/detail/command__type_support.cpp.o[0m
[2.673s] [ 48%] [32mBuilding CXX object CMakeFiles/my_command_pkg__rosidl_typesupport_fastrtps_cpp.dir/rosidl_typesupport_fastrtps_cpp/my_command_pkg/srv/detail/dds_fastrtps/command__type_support.cpp.o[0m
[2.678s] [ 51%] [32mBuilding CXX object CMakeFiles/my_command_pkg__rosidl_typesupport_fastrtps_cpp.dir/rosidl_typesupport_fastrtps_cpp/my_command_pkg/srv/detail/dds_fastrtps/send_position__type_support.cpp.o[0m
[2.730s] [ 56%] [32mBuilding C object CMakeFiles/my_command_pkg__rosidl_typesupport_introspection_c.dir/rosidl_typesupport_introspection_c/my_command_pkg/srv/detail/command__type_support.c.o[0m
[2.730s] [ 56%] [32mBuilding CXX object CMakeFiles/my_command_pkg__rosidl_typesupport_fastrtps_c.dir/rosidl_typesupport_fastrtps_c/my_command_pkg/srv/detail/command__type_support_c.cpp.o[0m
[2.732s] [ 58%] [32mBuilding CXX object CMakeFiles/my_command_pkg__rosidl_typesupport_fastrtps_c.dir/rosidl_typesupport_fastrtps_c/my_command_pkg/srv/detail/send_position__type_support_c.cpp.o[0m
[2.736s] [ 61%] [32mBuilding C object CMakeFiles/my_command_pkg__rosidl_typesupport_introspection_c.dir/rosidl_typesupport_introspection_c/my_command_pkg/srv/detail/send_position__type_support.c.o[0m
[2.839s] [ 61%] Built target my_command_pkg__rosidl_typesupport_c
[2.858s] [ 64%] [32m[1mLinking C shared library libmy_command_pkg__rosidl_typesupport_introspection_c.so[0m
[2.950s] [ 64%] Built target my_command_pkg__rosidl_typesupport_introspection_c
[3.238s] [ 66%] [32m[1mLinking CXX shared library libmy_command_pkg__rosidl_typesupport_cpp.so[0m
[3.365s] [ 66%] Built target my_command_pkg__rosidl_typesupport_cpp
[3.571s] [ 69%] [32m[1mLinking CXX shared library libmy_command_pkg__rosidl_typesupport_introspection_cpp.so[0m
[3.800s] [ 71%] [32m[1mLinking CXX shared library libmy_command_pkg__rosidl_typesupport_fastrtps_cpp.so[0m
[3.812s] [ 71%] Built target my_command_pkg__rosidl_typesupport_introspection_cpp
[3.822s] [ 74%] [32m[1mLinking CXX shared library libmy_command_pkg__rosidl_typesupport_fastrtps_c.so[0m
[4.016s] [ 74%] Built target my_command_pkg__rosidl_typesupport_fastrtps_cpp
[4.077s] [ 74%] Built target my_command_pkg__rosidl_typesupport_fastrtps_c
[4.112s] [ 74%] Built target my_command_pkg
[4.182s] [ 76%] [34m[1mGenerating Python code for ROS interfaces[0m
[4.587s] [ 76%] Built target my_command_pkg__py
[4.605s] [ 79%] [32mBuilding C object CMakeFiles/my_command_pkg__rosidl_generator_py.dir/rosidl_generator_py/my_command_pkg/srv/_command_s.c.o[0m
[4.607s] [ 82%] [32mBuilding C object CMakeFiles/my_command_pkg__rosidl_generator_py.dir/rosidl_generator_py/my_command_pkg/srv/_send_position_s.c.o[0m
[4.704s] [ 84%] [32m[1mLinking C shared library rosidl_generator_py/my_command_pkg/libmy_command_pkg__rosidl_generator_py.so[0m
[4.738s] [ 84%] Built target my_command_pkg__rosidl_generator_py
[4.757s] [ 87%] [32mBuilding C object CMakeFiles/my_command_pkg__rosidl_typesupport_fastrtps_c__pyext.dir/rosidl_generator_py/my_command_pkg/_my_command_pkg_s.ep.rosidl_typesupport_fastrtps_c.c.o[0m
[4.757s] [ 89%] [32mBuilding C object CMakeFiles/my_command_pkg__rosidl_typesupport_introspection_c__pyext.dir/rosidl_generator_py/my_command_pkg/_my_command_pkg_s.ep.rosidl_typesupport_introspection_c.c.o[0m
[4.758s] [ 92%] [32mBuilding C object CMakeFiles/my_command_pkg__rosidl_typesupport_c__pyext.dir/rosidl_generator_py/my_command_pkg/_my_command_pkg_s.ep.rosidl_typesupport_c.c.o[0m
[4.839s] [ 94%] [32m[1mLinking C shared library rosidl_generator_py/my_command_pkg/my_command_pkg_s__rosidl_typesupport_introspection_c.cpython-310-x86_64-linux-gnu.so[0m
[4.876s] [ 97%] [32m[1mLinking C shared library rosidl_generator_py/my_command_pkg/my_command_pkg_s__rosidl_typesupport_c.cpython-310-x86_64-linux-gnu.so[0m
[4.878s] [ 97%] Built target my_command_pkg__rosidl_typesupport_introspection_c__pyext
[4.879s] [100%] [32m[1mLinking C shared library rosidl_generator_py/my_command_pkg/my_command_pkg_s__rosidl_typesupport_fastrtps_c.cpython-310-x86_64-linux-gnu.so[0m
[4.918s] [100%] Built target my_command_pkg__rosidl_typesupport_fastrtps_c__pyext
[4.920s] [100%] Built target my_command_pkg__rosidl_typesupport_c__pyext
[4.930s] Invoked command in '/home/jo/project_RobotEngineering_3/my_robot/build/my_command_pkg' returned '0': CMAKE_PREFIX_PATH=${CMAKE_PREFIX_PATH}:/home/jo/project_RobotEngineering_3/my_robot/install/my_robot_pkg:/opt/ros/humble /usr/bin/cmake --build /home/jo/project_RobotEngineering_3/my_robot/build/my_command_pkg -- -j12 -l12
[4.942s] Invoking command in '/home/jo/project_RobotEngineering_3/my_robot/build/my_command_pkg': CMAKE_PREFIX_PATH=${CMAKE_PREFIX_PATH}:/home/jo/project_RobotEngineering_3/my_robot/install/my_robot_pkg:/opt/ros/humble /usr/bin/cmake --install /home/jo/project_RobotEngineering_3/my_robot/build/my_command_pkg
[4.951s] -- Install configuration: ""
[4.951s] -- Installing: /home/jo/project_RobotEngineering_3/my_robot/install/my_command_pkg/share/ament_index/resource_index/rosidl_interfaces/my_command_pkg
[4.951s] -- Installing: /home/jo/project_RobotEngineering_3/my_robot/install/my_command_pkg/include/my_command_pkg/my_command_pkg
[4.951s] -- Installing: /home/jo/project_RobotEngineering_3/my_robot/install/my_command_pkg/include/my_command_pkg/my_command_pkg/srv
[4.951s] -- Installing: /home/jo/project_RobotEngineering_3/my_robot/install/my_command_pkg/include/my_command_pkg/my_command_pkg/srv/detail
[4.951s] -- Installing: /home/jo/project_RobotEngineering_3/my_robot/install/my_command_pkg/include/my_command_pkg/my_command_pkg/srv/detail/command__functions.h
[4.952s] -- Installing: /home/jo/project_RobotEngineering_3/my_robot/install/my_command_pkg/include/my_command_pkg/my_command_pkg/srv/detail/send_position__struct.h
[4.952s] -- Installing: /home/jo/project_RobotEngineering_3/my_robot/install/my_command_pkg/include/my_command_pkg/my_command_pkg/srv/detail/command__functions.c
[4.952s] -- Installing: /home/jo/project_RobotEngineering_3/my_robot/install/my_command_pkg/include/my_command_pkg/my_command_pkg/srv/detail/send_position__functions.c
[4.952s] -- Installing: /home/jo/project_RobotEngineering_3/my_robot/install/my_command_pkg/include/my_command_pkg/my_command_pkg/srv/detail/command__struct.h
[4.952s] -- Installing: /home/jo/project_RobotEngineering_3/my_robot/install/my_command_pkg/include/my_command_pkg/my_command_pkg/srv/detail/send_position__type_support.h
[4.953s] -- Installing: /home/jo/project_RobotEngineering_3/my_robot/install/my_command_pkg/include/my_command_pkg/my_command_pkg/srv/detail/command__type_support.h
[4.953s] -- Installing: /home/jo/project_RobotEngineering_3/my_robot/install/my_command_pkg/include/my_command_pkg/my_command_pkg/srv/detail/send_position__functions.h
[4.953s] -- Installing: /home/jo/project_RobotEngineering_3/my_robot/install/my_command_pkg/include/my_command_pkg/my_command_pkg/srv/send_position.h
[4.953s] -- Installing: /home/jo/project_RobotEngineering_3/my_robot/install/my_command_pkg/include/my_command_pkg/my_command_pkg/srv/command.h
[4.953s] -- Installing: /home/jo/project_RobotEngineering_3/my_robot/install/my_command_pkg/include/my_command_pkg/my_command_pkg/msg
[4.953s] -- Installing: /home/jo/project_RobotEngineering_3/my_robot/install/my_command_pkg/include/my_command_pkg/my_command_pkg/msg/rosidl_generator_c__visibility_control.h
[4.953s] -- Installing: /home/jo/project_RobotEngineering_3/my_robot/install/my_command_pkg/share/my_command_pkg/environment/library_path.sh
[4.953s] -- Installing: /home/jo/project_RobotEngineering_3/my_robot/install/my_command_pkg/share/my_command_pkg/environment/library_path.dsv
[4.954s] -- Installing: /home/jo/project_RobotEngineering_3/my_robot/install/my_command_pkg/lib/libmy_command_pkg__rosidl_generator_c.so
[4.954s] -- Set runtime path of "/home/jo/project_RobotEngineering_3/my_robot/install/my_command_pkg/lib/libmy_command_pkg__rosidl_generator_c.so" to ""
[4.954s] -- Up-to-date: /home/jo/project_RobotEngineering_3/my_robot/install/my_command_pkg/include/my_command_pkg/my_command_pkg
[4.954s] -- Up-to-date: /home/jo/project_RobotEngineering_3/my_robot/install/my_command_pkg/include/my_command_pkg/my_command_pkg/srv
[4.954s] -- Up-to-date: /home/jo/project_RobotEngineering_3/my_robot/install/my_command_pkg/include/my_command_pkg/my_command_pkg/srv/detail
[4.954s] -- Installing: /home/jo/project_RobotEngineering_3/my_robot/install/my_command_pkg/include/my_command_pkg/my_command_pkg/srv/detail/command__rosidl_typesupport_fastrtps_c.h
[4.954s] -- Installing: /home/jo/project_RobotEngineering_3/my_robot/install/my_command_pkg/include/my_command_pkg/my_command_pkg/srv/detail/send_position__rosidl_typesupport_fastrtps_c.h
[4.954s] -- Up-to-date: /home/jo/project_RobotEngineering_3/my_robot/install/my_command_pkg/include/my_command_pkg/my_command_pkg/msg
[4.955s] -- Installing: /home/jo/project_RobotEngineering_3/my_robot/install/my_command_pkg/include/my_command_pkg/my_command_pkg/msg/rosidl_typesupport_fastrtps_c__visibility_control.h
[4.955s] -- Installing: /home/jo/project_RobotEngineering_3/my_robot/install/my_command_pkg/lib/libmy_command_pkg__rosidl_typesupport_fastrtps_c.so
[4.955s] -- Set runtime path of "/home/jo/project_RobotEngineering_3/my_robot/install/my_command_pkg/lib/libmy_command_pkg__rosidl_typesupport_fastrtps_c.so" to ""
[4.955s] -- Up-to-date: /home/jo/project_RobotEngineering_3/my_robot/install/my_command_pkg/include/my_command_pkg/my_command_pkg
[4.955s] -- Up-to-date: /home/jo/project_RobotEngineering_3/my_robot/install/my_command_pkg/include/my_command_pkg/my_command_pkg/srv
[4.955s] -- Up-to-date: /home/jo/project_RobotEngineering_3/my_robot/install/my_command_pkg/include/my_command_pkg/my_command_pkg/srv/detail
[4.955s] -- Installing: /home/jo/project_RobotEngineering_3/my_robot/install/my_command_pkg/include/my_command_pkg/my_command_pkg/srv/detail/send_position__builder.hpp
[4.955s] -- Installing: /home/jo/project_RobotEngineering_3/my_robot/install/my_command_pkg/include/my_command_pkg/my_command_pkg/srv/detail/send_position__struct.hpp
[4.956s] -- Installing: /home/jo/project_RobotEngineering_3/my_robot/install/my_command_pkg/include/my_command_pkg/my_command_pkg/srv/detail/command__type_support.hpp
[4.956s] -- Installing: /home/jo/project_RobotEngineering_3/my_robot/install/my_command_pkg/include/my_command_pkg/my_command_pkg/srv/detail/command__struct.hpp
[4.956s] -- Installing: /home/jo/project_RobotEngineering_3/my_robot/install/my_command_pkg/include/my_command_pkg/my_command_pkg/srv/detail/send_position__type_support.hpp
[4.956s] -- Installing: /home/jo/project_RobotEngineering_3/my_robot/install/my_command_pkg/include/my_command_pkg/my_command_pkg/srv/detail/send_position__traits.hpp
[4.956s] -- Installing: /home/jo/project_RobotEngineering_3/my_robot/install/my_command_pkg/include/my_command_pkg/my_command_pkg/srv/detail/command__traits.hpp
[4.956s] -- Installing: /home/jo/project_RobotEngineering_3/my_robot/install/my_command_pkg/include/my_command_pkg/my_command_pkg/srv/detail/command__builder.hpp
[4.956s] -- Installing: /home/jo/project_RobotEngineering_3/my_robot/install/my_command_pkg/include/my_command_pkg/my_command_pkg/srv/command.hpp
[4.956s] -- Installing: /home/jo/project_RobotEngineering_3/my_robot/install/my_command_pkg/include/my_command_pkg/my_command_pkg/srv/send_position.hpp
[4.957s] -- Up-to-date: /home/jo/project_RobotEngineering_3/my_robot/install/my_command_pkg/include/my_command_pkg/my_command_pkg/msg
[4.957s] -- Installing: /home/jo/project_RobotEngineering_3/my_robot/install/my_command_pkg/include/my_command_pkg/my_command_pkg/msg/rosidl_generator_cpp__visibility_control.hpp
[4.957s] -- Up-to-date: /home/jo/project_RobotEngineering_3/my_robot/install/my_command_pkg/include/my_command_pkg/my_command_pkg
[4.957s] -- Up-to-date: /home/jo/project_RobotEngineering_3/my_robot/install/my_command_pkg/include/my_command_pkg/my_command_pkg/srv
[4.957s] -- Up-to-date: /home/jo/project_RobotEngineering_3/my_robot/install/my_command_pkg/include/my_command_pkg/my_command_pkg/srv/detail
[4.957s] -- Installing: /home/jo/project_RobotEngineering_3/my_robot/install/my_command_pkg/include/my_command_pkg/my_command_pkg/srv/detail/dds_fastrtps
[4.957s] -- Installing: /home/jo/project_RobotEngineering_3/my_robot/install/my_command_pkg/include/my_command_pkg/my_command_pkg/srv/detail/send_position__rosidl_typesupport_fastrtps_cpp.hpp
[4.957s] -- Installing: /home/jo/project_RobotEngineering_3/my_robot/install/my_command_pkg/include/my_command_pkg/my_command_pkg/srv/detail/command__rosidl_typesupport_fastrtps_cpp.hpp
[4.958s] -- Up-to-date: /home/jo/project_RobotEngineering_3/my_robot/install/my_command_pkg/include/my_command_pkg/my_command_pkg/msg
[4.958s] -- Installing: /home/jo/project_RobotEngineering_3/my_robot/install/my_command_pkg/include/my_command_pkg/my_command_pkg/msg/rosidl_typesupport_fastrtps_cpp__visibility_control.h
[4.958s] -- Installing: /home/jo/project_RobotEngineering_3/my_robot/install/my_command_pkg/lib/libmy_command_pkg__rosidl_typesupport_fastrtps_cpp.so
[4.958s] -- Set runtime path of "/home/jo/project_RobotEngineering_3/my_robot/install/my_command_pkg/lib/libmy_command_pkg__rosidl_typesupport_fastrtps_cpp.so" to ""
[4.958s] -- Up-to-date: /home/jo/project_RobotEngineering_3/my_robot/install/my_command_pkg/include/my_command_pkg/my_command_pkg
[4.958s] -- Up-to-date: /home/jo/project_RobotEngineering_3/my_robot/install/my_command_pkg/include/my_command_pkg/my_command_pkg/srv
[4.958s] -- Up-to-date: /home/jo/project_RobotEngineering_3/my_robot/install/my_command_pkg/include/my_command_pkg/my_command_pkg/srv/detail
[4.958s] -- Installing: /home/jo/project_RobotEngineering_3/my_robot/install/my_command_pkg/include/my_command_pkg/my_command_pkg/srv/detail/send_position__type_support.c
[4.959s] -- Installing: /home/jo/project_RobotEngineering_3/my_robot/install/my_command_pkg/include/my_command_pkg/my_command_pkg/srv/detail/send_position__rosidl_typesupport_introspection_c.h
[4.959s] -- Installing: /home/jo/project_RobotEngineering_3/my_robot/install/my_command_pkg/include/my_command_pkg/my_command_pkg/srv/detail/command__type_support.c
[4.959s] -- Installing: /home/jo/project_RobotEngineering_3/my_robot/install/my_command_pkg/include/my_command_pkg/my_command_pkg/srv/detail/command__rosidl_typesupport_introspection_c.h
[4.959s] -- Up-to-date: /home/jo/project_RobotEngineering_3/my_robot/install/my_command_pkg/include/my_command_pkg/my_command_pkg/msg
[4.959s] -- Installing: /home/jo/project_RobotEngineering_3/my_robot/install/my_command_pkg/include/my_command_pkg/my_command_pkg/msg/rosidl_typesupport_introspection_c__visibility_control.h
[4.959s] -- Installing: /home/jo/project_RobotEngineering_3/my_robot/install/my_command_pkg/lib/libmy_command_pkg__rosidl_typesupport_introspection_c.so
[4.959s] -- Set runtime path of "/home/jo/project_RobotEngineering_3/my_robot/install/my_command_pkg/lib/libmy_command_pkg__rosidl_typesupport_introspection_c.so" to ""
[4.959s] -- Installing: /home/jo/project_RobotEngineering_3/my_robot/install/my_command_pkg/lib/libmy_command_pkg__rosidl_typesupport_c.so
[4.960s] -- Set runtime path of "/home/jo/project_RobotEngineering_3/my_robot/install/my_command_pkg/lib/libmy_command_pkg__rosidl_typesupport_c.so" to ""
[4.960s] -- Up-to-date: /home/jo/project_RobotEngineering_3/my_robot/install/my_command_pkg/include/my_command_pkg/my_command_pkg
[4.960s] -- Up-to-date: /home/jo/project_RobotEngineering_3/my_robot/install/my_command_pkg/include/my_command_pkg/my_command_pkg/srv
[4.960s] -- Up-to-date: /home/jo/project_RobotEngineering_3/my_robot/install/my_command_pkg/include/my_command_pkg/my_command_pkg/srv/detail
[4.960s] -- Installing: /home/jo/project_RobotEngineering_3/my_robot/install/my_command_pkg/include/my_command_pkg/my_command_pkg/srv/detail/send_position__rosidl_typesupport_introspection_cpp.hpp
[4.960s] -- Installing: /home/jo/project_RobotEngineering_3/my_robot/install/my_command_pkg/include/my_command_pkg/my_command_pkg/srv/detail/command__type_support.cpp
[4.960s] -- Installing: /home/jo/project_RobotEngineering_3/my_robot/install/my_command_pkg/include/my_command_pkg/my_command_pkg/srv/detail/command__rosidl_typesupport_introspection_cpp.hpp
[4.960s] -- Installing: /home/jo/project_RobotEngineering_3/my_robot/install/my_command_pkg/include/my_command_pkg/my_command_pkg/srv/detail/send_position__type_support.cpp
[4.960s] -- Installing: /home/jo/project_RobotEngineering_3/my_robot/install/my_command_pkg/lib/libmy_command_pkg__rosidl_typesupport_introspection_cpp.so
[4.961s] -- Set runtime path of "/home/jo/project_RobotEngineering_3/my_robot/install/my_command_pkg/lib/libmy_command_pkg__rosidl_typesupport_introspection_cpp.so" to ""
[4.961s] -- Installing: /home/jo/project_RobotEngineering_3/my_robot/install/my_command_pkg/lib/libmy_command_pkg__rosidl_typesupport_cpp.so
[4.961s] -- Set runtime path of "/home/jo/project_RobotEngineering_3/my_robot/install/my_command_pkg/lib/libmy_command_pkg__rosidl_typesupport_cpp.so" to ""
[4.961s] -- Installing: /home/jo/project_RobotEngineering_3/my_robot/install/my_command_pkg/share/my_command_pkg/environment/pythonpath.sh
[4.961s] -- Installing: /home/jo/project_RobotEngineering_3/my_robot/install/my_command_pkg/share/my_command_pkg/environment/pythonpath.dsv
[4.961s] -- Installing: /home/jo/project_RobotEngineering_3/my_robot/install/my_command_pkg/local/lib/python3.10/dist-packages/my_command_pkg-0.0.0-py3.10.egg-info
[4.961s] -- Installing: /home/jo/project_RobotEngineering_3/my_robot/install/my_command_pkg/local/lib/python3.10/dist-packages/my_command_pkg-0.0.0-py3.10.egg-info/top_level.txt
[4.961s] -- Installing: /home/jo/project_RobotEngineering_3/my_robot/install/my_command_pkg/local/lib/python3.10/dist-packages/my_command_pkg-0.0.0-py3.10.egg-info/dependency_links.txt
[4.962s] -- Installing: /home/jo/project_RobotEngineering_3/my_robot/install/my_command_pkg/local/lib/python3.10/dist-packages/my_command_pkg-0.0.0-py3.10.egg-info/PKG-INFO
[4.962s] -- Installing: /home/jo/project_RobotEngineering_3/my_robot/install/my_command_pkg/local/lib/python3.10/dist-packages/my_command_pkg-0.0.0-py3.10.egg-info/SOURCES.txt
[4.962s] -- Installing: /home/jo/project_RobotEngineering_3/my_robot/install/my_command_pkg/local/lib/python3.10/dist-packages/my_command_pkg
[4.962s] -- Installing: /home/jo/project_RobotEngineering_3/my_robot/install/my_command_pkg/local/lib/python3.10/dist-packages/my_command_pkg/_my_command_pkg_s.ep.rosidl_typesupport_fastrtps_c.c
[4.962s] -- Installing: /home/jo/project_RobotEngineering_3/my_robot/install/my_command_pkg/local/lib/python3.10/dist-packages/my_command_pkg/_my_command_pkg_s.ep.rosidl_typesupport_introspection_c.c
[4.962s] -- Installing: /home/jo/project_RobotEngineering_3/my_robot/install/my_command_pkg/local/lib/python3.10/dist-packages/my_command_pkg/srv
[4.962s] -- Installing: /home/jo/project_RobotEngineering_3/my_robot/install/my_command_pkg/local/lib/python3.10/dist-packages/my_command_pkg/srv/_send_position_s.c
[4.962s] -- Installing: /home/jo/project_RobotEngineering_3/my_robot/install/my_command_pkg/local/lib/python3.10/dist-packages/my_command_pkg/srv/_command.py
[4.963s] -- Installing: /home/jo/project_RobotEngineering_3/my_robot/install/my_command_pkg/local/lib/python3.10/dist-packages/my_command_pkg/srv/_send_position.py
[4.963s] -- Installing: /home/jo/project_RobotEngineering_3/my_robot/install/my_command_pkg/local/lib/python3.10/dist-packages/my_command_pkg/srv/__init__.py
[4.963s] -- Installing: /home/jo/project_RobotEngineering_3/my_robot/install/my_command_pkg/local/lib/python3.10/dist-packages/my_command_pkg/srv/_command_s.c
[4.963s] -- Installing: /home/jo/project_RobotEngineering_3/my_robot/install/my_command_pkg/local/lib/python3.10/dist-packages/my_command_pkg/my_command_pkg_s__rosidl_typesupport_introspection_c.cpython-310-x86_64-linux-gnu.so
[4.963s] -- Installing: /home/jo/project_RobotEngineering_3/my_robot/install/my_command_pkg/local/lib/python3.10/dist-packages/my_command_pkg/my_command_pkg_s__rosidl_typesupport_fastrtps_c.cpython-310-x86_64-linux-gnu.so
[4.963s] -- Installing: /home/jo/project_RobotEngineering_3/my_robot/install/my_command_pkg/local/lib/python3.10/dist-packages/my_command_pkg/libmy_command_pkg__rosidl_generator_py.so
[4.963s] -- Installing: /home/jo/project_RobotEngineering_3/my_robot/install/my_command_pkg/local/lib/python3.10/dist-packages/my_command_pkg/__init__.py
[4.963s] -- Installing: /home/jo/project_RobotEngineering_3/my_robot/install/my_command_pkg/local/lib/python3.10/dist-packages/my_command_pkg/my_command_pkg_s__rosidl_typesupport_c.cpython-310-x86_64-linux-gnu.so
[4.963s] -- Installing: /home/jo/project_RobotEngineering_3/my_robot/install/my_command_pkg/local/lib/python3.10/dist-packages/my_command_pkg/_my_command_pkg_s.ep.rosidl_typesupport_c.c
[5.012s] Listing '/home/jo/project_RobotEngineering_3/my_robot/install/my_command_pkg/local/lib/python3.10/dist-packages/my_command_pkg'...
[5.012s] Compiling '/home/jo/project_RobotEngineering_3/my_robot/install/my_command_pkg/local/lib/python3.10/dist-packages/my_command_pkg/__init__.py'...
[5.012s] Listing '/home/jo/project_RobotEngineering_3/my_robot/install/my_command_pkg/local/lib/python3.10/dist-packages/my_command_pkg/srv'...
[5.012s] Compiling '/home/jo/project_RobotEngineering_3/my_robot/install/my_command_pkg/local/lib/python3.10/dist-packages/my_command_pkg/srv/__init__.py'...
[5.012s] Compiling '/home/jo/project_RobotEngineering_3/my_robot/install/my_command_pkg/local/lib/python3.10/dist-packages/my_command_pkg/srv/_command.py'...
[5.013s] Compiling '/home/jo/project_RobotEngineering_3/my_robot/install/my_command_pkg/local/lib/python3.10/dist-packages/my_command_pkg/srv/_send_position.py'...
[5.018s] -- Installing: /home/jo/project_RobotEngineering_3/my_robot/install/my_command_pkg/local/lib/python3.10/dist-packages/my_command_pkg/my_command_pkg_s__rosidl_typesupport_fastrtps_c.cpython-310-x86_64-linux-gnu.so
[5.018s] -- Set runtime path of "/home/jo/project_RobotEngineering_3/my_robot/install/my_command_pkg/local/lib/python3.10/dist-packages/my_command_pkg/my_command_pkg_s__rosidl_typesupport_fastrtps_c.cpython-310-x86_64-linux-gnu.so" to ""
[5.019s] -- Installing: /home/jo/project_RobotEngineering_3/my_robot/install/my_command_pkg/local/lib/python3.10/dist-packages/my_command_pkg/my_command_pkg_s__rosidl_typesupport_introspection_c.cpython-310-x86_64-linux-gnu.so
[5.019s] -- Set runtime path of "/home/jo/project_RobotEngineering_3/my_robot/install/my_command_pkg/local/lib/python3.10/dist-packages/my_command_pkg/my_command_pkg_s__rosidl_typesupport_introspection_c.cpython-310-x86_64-linux-gnu.so" to ""
[5.019s] -- Installing: /home/jo/project_RobotEngineering_3/my_robot/install/my_command_pkg/local/lib/python3.10/dist-packages/my_command_pkg/my_command_pkg_s__rosidl_typesupport_c.cpython-310-x86_64-linux-gnu.so
[5.020s] -- Set runtime path of "/home/jo/project_RobotEngineering_3/my_robot/install/my_command_pkg/local/lib/python3.10/dist-packages/my_command_pkg/my_command_pkg_s__rosidl_typesupport_c.cpython-310-x86_64-linux-gnu.so" to ""
[5.020s] -- Installing: /home/jo/project_RobotEngineering_3/my_robot/install/my_command_pkg/lib/libmy_command_pkg__rosidl_generator_py.so
[5.020s] -- Set runtime path of "/home/jo/project_RobotEngineering_3/my_robot/install/my_command_pkg/lib/libmy_command_pkg__rosidl_generator_py.so" to ""
[5.020s] -- Installing: /home/jo/project_RobotEngineering_3/my_robot/install/my_command_pkg/share/my_command_pkg/srv/Command.idl
[5.020s] -- Installing: /home/jo/project_RobotEngineering_3/my_robot/install/my_command_pkg/share/my_command_pkg/srv/SendPosition.idl
[5.020s] -- Installing: /home/jo/project_RobotEngineering_3/my_robot/install/my_command_pkg/share/my_command_pkg/srv/Command.srv
[5.021s] -- Installing: /home/jo/project_RobotEngineering_3/my_robot/install/my_command_pkg/share/my_command_pkg/srv/Command_Request.msg
[5.021s] -- Installing: /home/jo/project_RobotEngineering_3/my_robot/install/my_command_pkg/share/my_command_pkg/srv/Command_Response.msg
[5.021s] -- Installing: /home/jo/project_RobotEngineering_3/my_robot/install/my_command_pkg/share/my_command_pkg/srv/SendPosition.srv
[5.021s] -- Installing: /home/jo/project_RobotEngineering_3/my_robot/install/my_command_pkg/share/my_command_pkg/srv/SendPosition_Request.msg
[5.021s] -- Installing: /home/jo/project_RobotEngineering_3/my_robot/install/my_command_pkg/share/my_command_pkg/srv/SendPosition_Response.msg
[5.021s] -- Installing: /home/jo/project_RobotEngineering_3/my_robot/install/my_command_pkg/share/ament_index/resource_index/package_run_dependencies/my_command_pkg
[5.021s] -- Installing: /home/jo/project_RobotEngineering_3/my_robot/install/my_command_pkg/share/ament_index/resource_index/parent_prefix_path/my_command_pkg
[5.021s] -- Installing: /home/jo/project_RobotEngineering_3/my_robot/install/my_command_pkg/share/my_command_pkg/environment/ament_prefix_path.sh
[5.022s] -- Installing: /home/jo/project_RobotEngineering_3/my_robot/install/my_command_pkg/share/my_command_pkg/environment/ament_prefix_path.dsv
[5.022s] -- Installing: /home/jo/project_RobotEngineering_3/my_robot/install/my_command_pkg/share/my_command_pkg/environment/path.sh
[5.022s] -- Installing: /home/jo/project_RobotEngineering_3/my_robot/install/my_command_pkg/share/my_command_pkg/environment/path.dsv
[5.022s] -- Installing: /home/jo/project_RobotEngineering_3/my_robot/install/my_command_pkg/share/my_command_pkg/local_setup.bash
[5.022s] -- Installing: /home/jo/project_RobotEngineering_3/my_robot/install/my_command_pkg/share/my_command_pkg/local_setup.sh
[5.022s] -- Installing: /home/jo/project_RobotEngineering_3/my_robot/install/my_command_pkg/share/my_command_pkg/local_setup.zsh
[5.023s] -- Installing: /home/jo/project_RobotEngineering_3/my_robot/install/my_command_pkg/share/my_command_pkg/local_setup.dsv
[5.023s] -- Installing: /home/jo/project_RobotEngineering_3/my_robot/install/my_command_pkg/share/my_command_pkg/package.dsv
[5.023s] -- Installing: /home/jo/project_RobotEngineering_3/my_robot/install/my_command_pkg/share/ament_index/resource_index/packages/my_command_pkg
[5.023s] -- Installing: /home/jo/project_RobotEngineering_3/my_robot/install/my_command_pkg/share/my_command_pkg/cmake/export_my_command_pkg__rosidl_generator_cExport.cmake
[5.023s] -- Installing: /home/jo/project_RobotEngineering_3/my_robot/install/my_command_pkg/share/my_command_pkg/cmake/export_my_command_pkg__rosidl_generator_cExport-noconfig.cmake
[5.023s] -- Installing: /home/jo/project_RobotEngineering_3/my_robot/install/my_command_pkg/share/my_command_pkg/cmake/export_my_command_pkg__rosidl_typesupport_fastrtps_cExport.cmake
[5.024s] -- Installing: /home/jo/project_RobotEngineering_3/my_robot/install/my_command_pkg/share/my_command_pkg/cmake/export_my_command_pkg__rosidl_typesupport_fastrtps_cExport-noconfig.cmake
[5.024s] -- Installing: /home/jo/project_RobotEngineering_3/my_robot/install/my_command_pkg/share/my_command_pkg/cmake/export_my_command_pkg__rosidl_generator_cppExport.cmake
[5.024s] -- Installing: /home/jo/project_RobotEngineering_3/my_robot/install/my_command_pkg/share/my_command_pkg/cmake/export_my_command_pkg__rosidl_typesupport_fastrtps_cppExport.cmake
[5.024s] -- Installing: /home/jo/project_RobotEngineering_3/my_robot/install/my_command_pkg/share/my_command_pkg/cmake/export_my_command_pkg__rosidl_typesupport_fastrtps_cppExport-noconfig.cmake
[5.024s] -- Installing: /home/jo/project_RobotEngineering_3/my_robot/install/my_command_pkg/share/my_command_pkg/cmake/my_command_pkg__rosidl_typesupport_introspection_cExport.cmake
[5.024s] -- Installing: /home/jo/project_RobotEngineering_3/my_robot/install/my_command_pkg/share/my_command_pkg/cmake/my_command_pkg__rosidl_typesupport_introspection_cExport-noconfig.cmake
[5.025s] -- Installing: /home/jo/project_RobotEngineering_3/my_robot/install/my_command_pkg/share/my_command_pkg/cmake/my_command_pkg__rosidl_typesupport_cExport.cmake
[5.025s] -- Installing: /home/jo/project_RobotEngineering_3/my_robot/install/my_command_pkg/share/my_command_pkg/cmake/my_command_pkg__rosidl_typesupport_cExport-noconfig.cmake
[5.025s] -- Installing: /home/jo/project_RobotEngineering_3/my_robot/install/my_command_pkg/share/my_command_pkg/cmake/my_command_pkg__rosidl_typesupport_introspection_cppExport.cmake
[5.025s] -- Installing: /home/jo/project_RobotEngineering_3/my_robot/install/my_command_pkg/share/my_command_pkg/cmake/my_command_pkg__rosidl_typesupport_introspection_cppExport-noconfig.cmake
[5.025s] -- Installing: /home/jo/project_RobotEngineering_3/my_robot/install/my_command_pkg/share/my_command_pkg/cmake/my_command_pkg__rosidl_typesupport_cppExport.cmake
[5.025s] -- Installing: /home/jo/project_RobotEngineering_3/my_robot/install/my_command_pkg/share/my_command_pkg/cmake/my_command_pkg__rosidl_typesupport_cppExport-noconfig.cmake
[5.026s] -- Installing: /home/jo/project_RobotEngineering_3/my_robot/install/my_command_pkg/share/my_command_pkg/cmake/export_my_command_pkg__rosidl_generator_pyExport.cmake
[5.026s] -- Installing: /home/jo/project_RobotEngineering_3/my_robot/install/my_command_pkg/share/my_command_pkg/cmake/export_my_command_pkg__rosidl_generator_pyExport-noconfig.cmake
[5.026s] -- Installing: /home/jo/project_RobotEngineering_3/my_robot/install/my_command_pkg/share/my_command_pkg/cmake/rosidl_cmake-extras.cmake
[5.026s] -- Installing: /home/jo/project_RobotEngineering_3/my_robot/install/my_command_pkg/share/my_command_pkg/cmake/ament_cmake_export_dependencies-extras.cmake
[5.026s] -- Installing: /home/jo/project_RobotEngineering_3/my_robot/install/my_command_pkg/share/my_command_pkg/cmake/ament_cmake_export_include_directories-extras.cmake
[5.026s] -- Installing: /home/jo/project_RobotEngineering_3/my_robot/install/my_command_pkg/share/my_command_pkg/cmake/ament_cmake_export_libraries-extras.cmake
[5.027s] -- Installing: /home/jo/project_RobotEngineering_3/my_robot/install/my_command_pkg/share/my_command_pkg/cmake/ament_cmake_export_targets-extras.cmake
[5.027s] -- Installing: /home/jo/project_RobotEngineering_3/my_robot/install/my_command_pkg/share/my_command_pkg/cmake/rosidl_cmake_export_typesupport_targets-extras.cmake
[5.027s] -- Installing: /home/jo/project_RobotEngineering_3/my_robot/install/my_command_pkg/share/my_command_pkg/cmake/rosidl_cmake_export_typesupport_libraries-extras.cmake
[5.027s] -- Installing: /home/jo/project_RobotEngineering_3/my_robot/install/my_command_pkg/share/my_command_pkg/cmake/my_command_pkgConfig.cmake
[5.027s] -- Installing: /home/jo/project_RobotEngineering_3/my_robot/install/my_command_pkg/share/my_command_pkg/cmake/my_command_pkgConfig-version.cmake
[5.027s] -- Installing: /home/jo/project_RobotEngineering_3/my_robot/install/my_command_pkg/share/my_command_pkg/package.xml
[5.030s] Invoked command in '/home/jo/project_RobotEngineering_3/my_robot/build/my_command_pkg' returned '0': CMAKE_PREFIX_PATH=${CMAKE_PREFIX_PATH}:/home/jo/project_RobotEngineering_3/my_robot/install/my_robot_pkg:/opt/ros/humble /usr/bin/cmake --install /home/jo/project_RobotEngineering_3/my_robot/build/my_command_pkg
