[0.013s] Invoking command in '/home/jo/project_RobotEngineering_3/my_robot/build/realsense2_camera_msgs': CMAKE_PREFIX_PATH=${CMAKE_PREFIX_PATH}:/home/jo/project_RobotEngineering_3/my_robot/install/my_robot_pkg:/opt/ros/humble /usr/bin/cmake --build /home/jo/project_RobotEngineering_3/my_robot/build/realsense2_camera_msgs -- -j12 -l12
[0.075s] [  1%] Built target realsense2_camera_msgs__cpp
[0.075s] [ 12%] Built target realsense2_camera_msgs__rosidl_generator_c
[0.085s] [ 12%] Built target ament_cmake_python_copy_realsense2_camera_msgs
[0.105s] [ 23%] Built target realsense2_camera_msgs__rosidl_typesupport_fastrtps_cpp
[0.111s] [ 34%] Built target realsense2_camera_msgs__rosidl_typesupport_introspection_c
[0.111s] [ 45%] Built target realsense2_camera_msgs__rosidl_typesupport_c
[0.114s] [ 56%] Built target realsense2_camera_msgs__rosidl_typesupport_fastrtps_c
[0.115s] [ 67%] Built target realsense2_camera_msgs__rosidl_typesupport_cpp
[0.117s] [ 78%] Built target realsense2_camera_msgs__rosidl_typesupport_introspection_cpp
[0.143s] [ 78%] Built target realsense2_camera_msgs
[0.165s] [ 80%] Built target realsense2_camera_msgs__py
[0.197s] [ 89%] Built target realsense2_camera_msgs__rosidl_generator_py
[0.231s] [ 92%] Built target realsense2_camera_msgs__rosidl_typesupport_introspection_c__pyext
[0.235s] [ 96%] Built target realsense2_camera_msgs__rosidl_typesupport_c__pyext
[0.235s] [100%] Built target realsense2_camera_msgs__rosidl_typesupport_fastrtps_c__pyext
[0.404s] running egg_info
[0.405s] writing realsense2_camera_msgs.egg-info/PKG-INFO
[0.405s] writing dependency_links to realsense2_camera_msgs.egg-info/dependency_links.txt
[0.405s] writing top-level names to realsense2_camera_msgs.egg-info/top_level.txt
[0.407s] reading manifest file 'realsense2_camera_msgs.egg-info/SOURCES.txt'
[0.407s] writing manifest file 'realsense2_camera_msgs.egg-info/SOURCES.txt'
[0.435s] [100%] Built target ament_cmake_python_build_realsense2_camera_msgs_egg
[0.448s] Invoked command in '/home/jo/project_RobotEngineering_3/my_robot/build/realsense2_camera_msgs' returned '0': CMAKE_PREFIX_PATH=${CMAKE_PREFIX_PATH}:/home/jo/project_RobotEngineering_3/my_robot/install/my_robot_pkg:/opt/ros/humble /usr/bin/cmake --build /home/jo/project_RobotEngineering_3/my_robot/build/realsense2_camera_msgs -- -j12 -l12
[0.456s] Invoking command in '/home/jo/project_RobotEngineering_3/my_robot/build/realsense2_camera_msgs': CMAKE_PREFIX_PATH=${CMAKE_PREFIX_PATH}:/home/jo/project_RobotEngineering_3/my_robot/install/my_robot_pkg:/opt/ros/humble /usr/bin/cmake --install /home/jo/project_RobotEngineering_3/my_robot/build/realsense2_camera_msgs
[0.465s] -- Install configuration: ""
[0.465s] -- Up-to-date: /home/jo/project_RobotEngineering_3/my_robot/install/realsense2_camera_msgs/share/ament_index/resource_index/rosidl_interfaces/realsense2_camera_msgs
[0.465s] -- Up-to-date: /home/jo/project_RobotEngineering_3/my_robot/install/realsense2_camera_msgs/include/realsense2_camera_msgs/realsense2_camera_msgs
[0.465s] -- Up-to-date: /home/jo/project_RobotEngineering_3/my_robot/install/realsense2_camera_msgs/include/realsense2_camera_msgs/realsense2_camera_msgs/srv
[0.465s] -- Up-to-date: /home/jo/project_RobotEngineering_3/my_robot/install/realsense2_camera_msgs/include/realsense2_camera_msgs/realsense2_camera_msgs/srv/detail
[0.465s] -- Up-to-date: /home/jo/project_RobotEngineering_3/my_robot/install/realsense2_camera_msgs/include/realsense2_camera_msgs/realsense2_camera_msgs/srv/detail/device_info__struct.h
[0.466s] -- Up-to-date: /home/jo/project_RobotEngineering_3/my_robot/install/realsense2_camera_msgs/include/realsense2_camera_msgs/realsense2_camera_msgs/srv/detail/device_info__functions.c
[0.466s] -- Up-to-date: /home/jo/project_RobotEngineering_3/my_robot/install/realsense2_camera_msgs/include/realsense2_camera_msgs/realsense2_camera_msgs/srv/detail/device_info__type_support.h
[0.466s] -- Up-to-date: /home/jo/project_RobotEngineering_3/my_robot/install/realsense2_camera_msgs/include/realsense2_camera_msgs/realsense2_camera_msgs/srv/detail/device_info__functions.h
[0.466s] -- Up-to-date: /home/jo/project_RobotEngineering_3/my_robot/install/realsense2_camera_msgs/include/realsense2_camera_msgs/realsense2_camera_msgs/srv/device_info.h
[0.466s] -- Up-to-date: /home/jo/project_RobotEngineering_3/my_robot/install/realsense2_camera_msgs/include/realsense2_camera_msgs/realsense2_camera_msgs/msg
[0.467s] -- Up-to-date: /home/jo/project_RobotEngineering_3/my_robot/install/realsense2_camera_msgs/include/realsense2_camera_msgs/realsense2_camera_msgs/msg/metadata.h
[0.467s] -- Up-to-date: /home/jo/project_RobotEngineering_3/my_robot/install/realsense2_camera_msgs/include/realsense2_camera_msgs/realsense2_camera_msgs/msg/detail
[0.467s] -- Up-to-date: /home/jo/project_RobotEngineering_3/my_robot/install/realsense2_camera_msgs/include/realsense2_camera_msgs/realsense2_camera_msgs/msg/detail/imu_info__functions.c
[0.467s] -- Up-to-date: /home/jo/project_RobotEngineering_3/my_robot/install/realsense2_camera_msgs/include/realsense2_camera_msgs/realsense2_camera_msgs/msg/detail/imu_info__functions.h
[0.468s] -- Up-to-date: /home/jo/project_RobotEngineering_3/my_robot/install/realsense2_camera_msgs/include/realsense2_camera_msgs/realsense2_camera_msgs/msg/detail/extrinsics__functions.c
[0.468s] -- Up-to-date: /home/jo/project_RobotEngineering_3/my_robot/install/realsense2_camera_msgs/include/realsense2_camera_msgs/realsense2_camera_msgs/msg/detail/metadata__functions.h
[0.468s] -- Up-to-date: /home/jo/project_RobotEngineering_3/my_robot/install/realsense2_camera_msgs/include/realsense2_camera_msgs/realsense2_camera_msgs/msg/detail/extrinsics__type_support.h
[0.468s] -- Up-to-date: /home/jo/project_RobotEngineering_3/my_robot/install/realsense2_camera_msgs/include/realsense2_camera_msgs/realsense2_camera_msgs/msg/detail/metadata__struct.h
[0.468s] -- Up-to-date: /home/jo/project_RobotEngineering_3/my_robot/install/realsense2_camera_msgs/include/realsense2_camera_msgs/realsense2_camera_msgs/msg/detail/metadata__functions.c
[0.468s] -- Up-to-date: /home/jo/project_RobotEngineering_3/my_robot/install/realsense2_camera_msgs/include/realsense2_camera_msgs/realsense2_camera_msgs/msg/detail/extrinsics__struct.h
[0.468s] -- Up-to-date: /home/jo/project_RobotEngineering_3/my_robot/install/realsense2_camera_msgs/include/realsense2_camera_msgs/realsense2_camera_msgs/msg/detail/extrinsics__functions.h
[0.468s] -- Up-to-date: /home/jo/project_RobotEngineering_3/my_robot/install/realsense2_camera_msgs/include/realsense2_camera_msgs/realsense2_camera_msgs/msg/detail/metadata__type_support.h
[0.469s] -- Up-to-date: /home/jo/project_RobotEngineering_3/my_robot/install/realsense2_camera_msgs/include/realsense2_camera_msgs/realsense2_camera_msgs/msg/detail/imu_info__struct.h
[0.469s] -- Up-to-date: /home/jo/project_RobotEngineering_3/my_robot/install/realsense2_camera_msgs/include/realsense2_camera_msgs/realsense2_camera_msgs/msg/detail/imu_info__type_support.h
[0.469s] -- Up-to-date: /home/jo/project_RobotEngineering_3/my_robot/install/realsense2_camera_msgs/include/realsense2_camera_msgs/realsense2_camera_msgs/msg/extrinsics.h
[0.469s] -- Up-to-date: /home/jo/project_RobotEngineering_3/my_robot/install/realsense2_camera_msgs/include/realsense2_camera_msgs/realsense2_camera_msgs/msg/rosidl_generator_c__visibility_control.h
[0.469s] -- Up-to-date: /home/jo/project_RobotEngineering_3/my_robot/install/realsense2_camera_msgs/include/realsense2_camera_msgs/realsense2_camera_msgs/msg/imu_info.h
[0.469s] -- Up-to-date: /home/jo/project_RobotEngineering_3/my_robot/install/realsense2_camera_msgs/share/realsense2_camera_msgs/environment/library_path.sh
[0.469s] -- Up-to-date: /home/jo/project_RobotEngineering_3/my_robot/install/realsense2_camera_msgs/share/realsense2_camera_msgs/environment/library_path.dsv
[0.469s] -- Up-to-date: /home/jo/project_RobotEngineering_3/my_robot/install/realsense2_camera_msgs/lib/librealsense2_camera_msgs__rosidl_generator_c.so
[0.469s] -- Up-to-date: /home/jo/project_RobotEngineering_3/my_robot/install/realsense2_camera_msgs/include/realsense2_camera_msgs/realsense2_camera_msgs
[0.469s] -- Up-to-date: /home/jo/project_RobotEngineering_3/my_robot/install/realsense2_camera_msgs/include/realsense2_camera_msgs/realsense2_camera_msgs/srv
[0.470s] -- Up-to-date: /home/jo/project_RobotEngineering_3/my_robot/install/realsense2_camera_msgs/include/realsense2_camera_msgs/realsense2_camera_msgs/srv/detail
[0.470s] -- Up-to-date: /home/jo/project_RobotEngineering_3/my_robot/install/realsense2_camera_msgs/include/realsense2_camera_msgs/realsense2_camera_msgs/srv/detail/device_info__rosidl_typesupport_fastrtps_c.h
[0.470s] -- Up-to-date: /home/jo/project_RobotEngineering_3/my_robot/install/realsense2_camera_msgs/include/realsense2_camera_msgs/realsense2_camera_msgs/msg
[0.470s] -- Up-to-date: /home/jo/project_RobotEngineering_3/my_robot/install/realsense2_camera_msgs/include/realsense2_camera_msgs/realsense2_camera_msgs/msg/detail
[0.470s] -- Up-to-date: /home/jo/project_RobotEngineering_3/my_robot/install/realsense2_camera_msgs/include/realsense2_camera_msgs/realsense2_camera_msgs/msg/detail/metadata__rosidl_typesupport_fastrtps_c.h
[0.470s] -- Up-to-date: /home/jo/project_RobotEngineering_3/my_robot/install/realsense2_camera_msgs/include/realsense2_camera_msgs/realsense2_camera_msgs/msg/detail/imu_info__rosidl_typesupport_fastrtps_c.h
[0.470s] -- Up-to-date: /home/jo/project_RobotEngineering_3/my_robot/install/realsense2_camera_msgs/include/realsense2_camera_msgs/realsense2_camera_msgs/msg/detail/extrinsics__rosidl_typesupport_fastrtps_c.h
[0.470s] -- Up-to-date: /home/jo/project_RobotEngineering_3/my_robot/install/realsense2_camera_msgs/include/realsense2_camera_msgs/realsense2_camera_msgs/msg/rosidl_typesupport_fastrtps_c__visibility_control.h
[0.470s] -- Up-to-date: /home/jo/project_RobotEngineering_3/my_robot/install/realsense2_camera_msgs/lib/librealsense2_camera_msgs__rosidl_typesupport_fastrtps_c.so
[0.470s] -- Up-to-date: /home/jo/project_RobotEngineering_3/my_robot/install/realsense2_camera_msgs/include/realsense2_camera_msgs/realsense2_camera_msgs
[0.470s] -- Up-to-date: /home/jo/project_RobotEngineering_3/my_robot/install/realsense2_camera_msgs/include/realsense2_camera_msgs/realsense2_camera_msgs/srv
[0.470s] -- Up-to-date: /home/jo/project_RobotEngineering_3/my_robot/install/realsense2_camera_msgs/include/realsense2_camera_msgs/realsense2_camera_msgs/srv/detail
[0.471s] -- Up-to-date: /home/jo/project_RobotEngineering_3/my_robot/install/realsense2_camera_msgs/include/realsense2_camera_msgs/realsense2_camera_msgs/srv/detail/device_info__rosidl_typesupport_introspection_c.h
[0.471s] -- Up-to-date: /home/jo/project_RobotEngineering_3/my_robot/install/realsense2_camera_msgs/include/realsense2_camera_msgs/realsense2_camera_msgs/srv/detail/device_info__type_support.c
[0.471s] -- Up-to-date: /home/jo/project_RobotEngineering_3/my_robot/install/realsense2_camera_msgs/include/realsense2_camera_msgs/realsense2_camera_msgs/msg
[0.471s] -- Up-to-date: /home/jo/project_RobotEngineering_3/my_robot/install/realsense2_camera_msgs/include/realsense2_camera_msgs/realsense2_camera_msgs/msg/detail
[0.471s] -- Up-to-date: /home/jo/project_RobotEngineering_3/my_robot/install/realsense2_camera_msgs/include/realsense2_camera_msgs/realsense2_camera_msgs/msg/detail/imu_info__type_support.c
[0.471s] -- Up-to-date: /home/jo/project_RobotEngineering_3/my_robot/install/realsense2_camera_msgs/include/realsense2_camera_msgs/realsense2_camera_msgs/msg/detail/metadata__type_support.c
[0.471s] -- Up-to-date: /home/jo/project_RobotEngineering_3/my_robot/install/realsense2_camera_msgs/include/realsense2_camera_msgs/realsense2_camera_msgs/msg/detail/extrinsics__rosidl_typesupport_introspection_c.h
[0.471s] -- Up-to-date: /home/jo/project_RobotEngineering_3/my_robot/install/realsense2_camera_msgs/include/realsense2_camera_msgs/realsense2_camera_msgs/msg/detail/metadata__rosidl_typesupport_introspection_c.h
[0.471s] -- Up-to-date: /home/jo/project_RobotEngineering_3/my_robot/install/realsense2_camera_msgs/include/realsense2_camera_msgs/realsense2_camera_msgs/msg/detail/imu_info__rosidl_typesupport_introspection_c.h
[0.471s] -- Up-to-date: /home/jo/project_RobotEngineering_3/my_robot/install/realsense2_camera_msgs/include/realsense2_camera_msgs/realsense2_camera_msgs/msg/detail/extrinsics__type_support.c
[0.471s] -- Up-to-date: /home/jo/project_RobotEngineering_3/my_robot/install/realsense2_camera_msgs/include/realsense2_camera_msgs/realsense2_camera_msgs/msg/rosidl_typesupport_introspection_c__visibility_control.h
[0.471s] -- Up-to-date: /home/jo/project_RobotEngineering_3/my_robot/install/realsense2_camera_msgs/lib/librealsense2_camera_msgs__rosidl_typesupport_introspection_c.so
[0.472s] -- Up-to-date: /home/jo/project_RobotEngineering_3/my_robot/install/realsense2_camera_msgs/lib/librealsense2_camera_msgs__rosidl_typesupport_c.so
[0.472s] -- Up-to-date: /home/jo/project_RobotEngineering_3/my_robot/install/realsense2_camera_msgs/include/realsense2_camera_msgs/realsense2_camera_msgs
[0.472s] -- Up-to-date: /home/jo/project_RobotEngineering_3/my_robot/install/realsense2_camera_msgs/include/realsense2_camera_msgs/realsense2_camera_msgs/srv
[0.472s] -- Up-to-date: /home/jo/project_RobotEngineering_3/my_robot/install/realsense2_camera_msgs/include/realsense2_camera_msgs/realsense2_camera_msgs/srv/detail
[0.472s] -- Up-to-date: /home/jo/project_RobotEngineering_3/my_robot/install/realsense2_camera_msgs/include/realsense2_camera_msgs/realsense2_camera_msgs/srv/detail/device_info__struct.hpp
[0.472s] -- Up-to-date: /home/jo/project_RobotEngineering_3/my_robot/install/realsense2_camera_msgs/include/realsense2_camera_msgs/realsense2_camera_msgs/srv/detail/device_info__builder.hpp
[0.472s] -- Up-to-date: /home/jo/project_RobotEngineering_3/my_robot/install/realsense2_camera_msgs/include/realsense2_camera_msgs/realsense2_camera_msgs/srv/detail/device_info__type_support.hpp
[0.472s] -- Up-to-date: /home/jo/project_RobotEngineering_3/my_robot/install/realsense2_camera_msgs/include/realsense2_camera_msgs/realsense2_camera_msgs/srv/detail/device_info__traits.hpp
[0.472s] -- Up-to-date: /home/jo/project_RobotEngineering_3/my_robot/install/realsense2_camera_msgs/include/realsense2_camera_msgs/realsense2_camera_msgs/srv/device_info.hpp
[0.472s] -- Up-to-date: /home/jo/project_RobotEngineering_3/my_robot/install/realsense2_camera_msgs/include/realsense2_camera_msgs/realsense2_camera_msgs/msg
[0.472s] -- Up-to-date: /home/jo/project_RobotEngineering_3/my_robot/install/realsense2_camera_msgs/include/realsense2_camera_msgs/realsense2_camera_msgs/msg/detail
[0.472s] -- Up-to-date: /home/jo/project_RobotEngineering_3/my_robot/install/realsense2_camera_msgs/include/realsense2_camera_msgs/realsense2_camera_msgs/msg/detail/metadata__traits.hpp
[0.473s] -- Up-to-date: /home/jo/project_RobotEngineering_3/my_robot/install/realsense2_camera_msgs/include/realsense2_camera_msgs/realsense2_camera_msgs/msg/detail/metadata__type_support.hpp
[0.473s] -- Up-to-date: /home/jo/project_RobotEngineering_3/my_robot/install/realsense2_camera_msgs/include/realsense2_camera_msgs/realsense2_camera_msgs/msg/detail/extrinsics__struct.hpp
[0.473s] -- Up-to-date: /home/jo/project_RobotEngineering_3/my_robot/install/realsense2_camera_msgs/include/realsense2_camera_msgs/realsense2_camera_msgs/msg/detail/metadata__struct.hpp
[0.473s] -- Up-to-date: /home/jo/project_RobotEngineering_3/my_robot/install/realsense2_camera_msgs/include/realsense2_camera_msgs/realsense2_camera_msgs/msg/detail/extrinsics__traits.hpp
[0.473s] -- Up-to-date: /home/jo/project_RobotEngineering_3/my_robot/install/realsense2_camera_msgs/include/realsense2_camera_msgs/realsense2_camera_msgs/msg/detail/imu_info__struct.hpp
[0.473s] -- Up-to-date: /home/jo/project_RobotEngineering_3/my_robot/install/realsense2_camera_msgs/include/realsense2_camera_msgs/realsense2_camera_msgs/msg/detail/extrinsics__type_support.hpp
[0.473s] -- Up-to-date: /home/jo/project_RobotEngineering_3/my_robot/install/realsense2_camera_msgs/include/realsense2_camera_msgs/realsense2_camera_msgs/msg/detail/metadata__builder.hpp
[0.473s] -- Up-to-date: /home/jo/project_RobotEngineering_3/my_robot/install/realsense2_camera_msgs/include/realsense2_camera_msgs/realsense2_camera_msgs/msg/detail/imu_info__type_support.hpp
[0.473s] -- Up-to-date: /home/jo/project_RobotEngineering_3/my_robot/install/realsense2_camera_msgs/include/realsense2_camera_msgs/realsense2_camera_msgs/msg/detail/imu_info__traits.hpp
[0.473s] -- Up-to-date: /home/jo/project_RobotEngineering_3/my_robot/install/realsense2_camera_msgs/include/realsense2_camera_msgs/realsense2_camera_msgs/msg/detail/imu_info__builder.hpp
[0.473s] -- Up-to-date: /home/jo/project_RobotEngineering_3/my_robot/install/realsense2_camera_msgs/include/realsense2_camera_msgs/realsense2_camera_msgs/msg/detail/extrinsics__builder.hpp
[0.473s] -- Up-to-date: /home/jo/project_RobotEngineering_3/my_robot/install/realsense2_camera_msgs/include/realsense2_camera_msgs/realsense2_camera_msgs/msg/metadata.hpp
[0.473s] -- Up-to-date: /home/jo/project_RobotEngineering_3/my_robot/install/realsense2_camera_msgs/include/realsense2_camera_msgs/realsense2_camera_msgs/msg/imu_info.hpp
[0.474s] -- Up-to-date: /home/jo/project_RobotEngineering_3/my_robot/install/realsense2_camera_msgs/include/realsense2_camera_msgs/realsense2_camera_msgs/msg/extrinsics.hpp
[0.474s] -- Up-to-date: /home/jo/project_RobotEngineering_3/my_robot/install/realsense2_camera_msgs/include/realsense2_camera_msgs/realsense2_camera_msgs/msg/rosidl_generator_cpp__visibility_control.hpp
[0.474s] -- Up-to-date: /home/jo/project_RobotEngineering_3/my_robot/install/realsense2_camera_msgs/include/realsense2_camera_msgs/realsense2_camera_msgs
[0.474s] -- Up-to-date: /home/jo/project_RobotEngineering_3/my_robot/install/realsense2_camera_msgs/include/realsense2_camera_msgs/realsense2_camera_msgs/srv
[0.474s] -- Up-to-date: /home/jo/project_RobotEngineering_3/my_robot/install/realsense2_camera_msgs/include/realsense2_camera_msgs/realsense2_camera_msgs/srv/detail
[0.474s] -- Up-to-date: /home/jo/project_RobotEngineering_3/my_robot/install/realsense2_camera_msgs/include/realsense2_camera_msgs/realsense2_camera_msgs/srv/detail/dds_fastrtps
[0.474s] -- Up-to-date: /home/jo/project_RobotEngineering_3/my_robot/install/realsense2_camera_msgs/include/realsense2_camera_msgs/realsense2_camera_msgs/srv/detail/device_info__rosidl_typesupport_fastrtps_cpp.hpp
[0.474s] -- Up-to-date: /home/jo/project_RobotEngineering_3/my_robot/install/realsense2_camera_msgs/include/realsense2_camera_msgs/realsense2_camera_msgs/msg
[0.474s] -- Up-to-date: /home/jo/project_RobotEngineering_3/my_robot/install/realsense2_camera_msgs/include/realsense2_camera_msgs/realsense2_camera_msgs/msg/detail
[0.474s] -- Up-to-date: /home/jo/project_RobotEngineering_3/my_robot/install/realsense2_camera_msgs/include/realsense2_camera_msgs/realsense2_camera_msgs/msg/detail/dds_fastrtps
[0.474s] -- Up-to-date: /home/jo/project_RobotEngineering_3/my_robot/install/realsense2_camera_msgs/include/realsense2_camera_msgs/realsense2_camera_msgs/msg/detail/extrinsics__rosidl_typesupport_fastrtps_cpp.hpp
[0.474s] -- Up-to-date: /home/jo/project_RobotEngineering_3/my_robot/install/realsense2_camera_msgs/include/realsense2_camera_msgs/realsense2_camera_msgs/msg/detail/imu_info__rosidl_typesupport_fastrtps_cpp.hpp
[0.474s] -- Up-to-date: /home/jo/project_RobotEngineering_3/my_robot/install/realsense2_camera_msgs/include/realsense2_camera_msgs/realsense2_camera_msgs/msg/detail/metadata__rosidl_typesupport_fastrtps_cpp.hpp
[0.475s] -- Up-to-date: /home/jo/project_RobotEngineering_3/my_robot/install/realsense2_camera_msgs/include/realsense2_camera_msgs/realsense2_camera_msgs/msg/rosidl_typesupport_fastrtps_cpp__visibility_control.h
[0.475s] -- Up-to-date: /home/jo/project_RobotEngineering_3/my_robot/install/realsense2_camera_msgs/lib/librealsense2_camera_msgs__rosidl_typesupport_fastrtps_cpp.so
[0.475s] -- Up-to-date: /home/jo/project_RobotEngineering_3/my_robot/install/realsense2_camera_msgs/include/realsense2_camera_msgs/realsense2_camera_msgs
[0.475s] -- Up-to-date: /home/jo/project_RobotEngineering_3/my_robot/install/realsense2_camera_msgs/include/realsense2_camera_msgs/realsense2_camera_msgs/srv
[0.475s] -- Up-to-date: /home/jo/project_RobotEngineering_3/my_robot/install/realsense2_camera_msgs/include/realsense2_camera_msgs/realsense2_camera_msgs/srv/detail
[0.475s] -- Up-to-date: /home/jo/project_RobotEngineering_3/my_robot/install/realsense2_camera_msgs/include/realsense2_camera_msgs/realsense2_camera_msgs/srv/detail/device_info__rosidl_typesupport_introspection_cpp.hpp
[0.475s] -- Up-to-date: /home/jo/project_RobotEngineering_3/my_robot/install/realsense2_camera_msgs/include/realsense2_camera_msgs/realsense2_camera_msgs/srv/detail/device_info__type_support.cpp
[0.475s] -- Up-to-date: /home/jo/project_RobotEngineering_3/my_robot/install/realsense2_camera_msgs/include/realsense2_camera_msgs/realsense2_camera_msgs/msg
[0.475s] -- Up-to-date: /home/jo/project_RobotEngineering_3/my_robot/install/realsense2_camera_msgs/include/realsense2_camera_msgs/realsense2_camera_msgs/msg/detail
[0.475s] -- Up-to-date: /home/jo/project_RobotEngineering_3/my_robot/install/realsense2_camera_msgs/include/realsense2_camera_msgs/realsense2_camera_msgs/msg/detail/metadata__rosidl_typesupport_introspection_cpp.hpp
[0.475s] -- Up-to-date: /home/jo/project_RobotEngineering_3/my_robot/install/realsense2_camera_msgs/include/realsense2_camera_msgs/realsense2_camera_msgs/msg/detail/imu_info__rosidl_typesupport_introspection_cpp.hpp
[0.475s] -- Up-to-date: /home/jo/project_RobotEngineering_3/my_robot/install/realsense2_camera_msgs/include/realsense2_camera_msgs/realsense2_camera_msgs/msg/detail/metadata__type_support.cpp
[0.475s] -- Up-to-date: /home/jo/project_RobotEngineering_3/my_robot/install/realsense2_camera_msgs/include/realsense2_camera_msgs/realsense2_camera_msgs/msg/detail/extrinsics__type_support.cpp
[0.476s] -- Up-to-date: /home/jo/project_RobotEngineering_3/my_robot/install/realsense2_camera_msgs/include/realsense2_camera_msgs/realsense2_camera_msgs/msg/detail/imu_info__type_support.cpp
[0.476s] -- Up-to-date: /home/jo/project_RobotEngineering_3/my_robot/install/realsense2_camera_msgs/include/realsense2_camera_msgs/realsense2_camera_msgs/msg/detail/extrinsics__rosidl_typesupport_introspection_cpp.hpp
[0.476s] -- Up-to-date: /home/jo/project_RobotEngineering_3/my_robot/install/realsense2_camera_msgs/lib/librealsense2_camera_msgs__rosidl_typesupport_introspection_cpp.so
[0.476s] -- Up-to-date: /home/jo/project_RobotEngineering_3/my_robot/install/realsense2_camera_msgs/lib/librealsense2_camera_msgs__rosidl_typesupport_cpp.so
[0.476s] -- Up-to-date: /home/jo/project_RobotEngineering_3/my_robot/install/realsense2_camera_msgs/share/realsense2_camera_msgs/environment/pythonpath.sh
[0.476s] -- Up-to-date: /home/jo/project_RobotEngineering_3/my_robot/install/realsense2_camera_msgs/share/realsense2_camera_msgs/environment/pythonpath.dsv
[0.476s] -- Up-to-date: /home/jo/project_RobotEngineering_3/my_robot/install/realsense2_camera_msgs/local/lib/python3.10/dist-packages/realsense2_camera_msgs-3.2.3-py3.10.egg-info
[0.476s] -- Installing: /home/jo/project_RobotEngineering_3/my_robot/install/realsense2_camera_msgs/local/lib/python3.10/dist-packages/realsense2_camera_msgs-3.2.3-py3.10.egg-info/top_level.txt
[0.476s] -- Installing: /home/jo/project_RobotEngineering_3/my_robot/install/realsense2_camera_msgs/local/lib/python3.10/dist-packages/realsense2_camera_msgs-3.2.3-py3.10.egg-info/dependency_links.txt
[0.476s] -- Installing: /home/jo/project_RobotEngineering_3/my_robot/install/realsense2_camera_msgs/local/lib/python3.10/dist-packages/realsense2_camera_msgs-3.2.3-py3.10.egg-info/PKG-INFO
[0.476s] -- Installing: /home/jo/project_RobotEngineering_3/my_robot/install/realsense2_camera_msgs/local/lib/python3.10/dist-packages/realsense2_camera_msgs-3.2.3-py3.10.egg-info/SOURCES.txt
[0.476s] -- Up-to-date: /home/jo/project_RobotEngineering_3/my_robot/install/realsense2_camera_msgs/local/lib/python3.10/dist-packages/realsense2_camera_msgs
[0.476s] -- Up-to-date: /home/jo/project_RobotEngineering_3/my_robot/install/realsense2_camera_msgs/local/lib/python3.10/dist-packages/realsense2_camera_msgs/_realsense2_camera_msgs_s.ep.rosidl_typesupport_c.c
[0.477s] -- Up-to-date: /home/jo/project_RobotEngineering_3/my_robot/install/realsense2_camera_msgs/local/lib/python3.10/dist-packages/realsense2_camera_msgs/librealsense2_camera_msgs__rosidl_generator_py.so
[0.477s] -- Up-to-date: /home/jo/project_RobotEngineering_3/my_robot/install/realsense2_camera_msgs/local/lib/python3.10/dist-packages/realsense2_camera_msgs/realsense2_camera_msgs_s__rosidl_typesupport_c.cpython-310-x86_64-linux-gnu.so
[0.477s] -- Up-to-date: /home/jo/project_RobotEngineering_3/my_robot/install/realsense2_camera_msgs/local/lib/python3.10/dist-packages/realsense2_camera_msgs/srv
[0.477s] -- Up-to-date: /home/jo/project_RobotEngineering_3/my_robot/install/realsense2_camera_msgs/local/lib/python3.10/dist-packages/realsense2_camera_msgs/srv/_device_info.py
[0.477s] -- Up-to-date: /home/jo/project_RobotEngineering_3/my_robot/install/realsense2_camera_msgs/local/lib/python3.10/dist-packages/realsense2_camera_msgs/srv/__init__.py
[0.477s] -- Up-to-date: /home/jo/project_RobotEngineering_3/my_robot/install/realsense2_camera_msgs/local/lib/python3.10/dist-packages/realsense2_camera_msgs/srv/_device_info_s.c
[0.477s] -- Up-to-date: /home/jo/project_RobotEngineering_3/my_robot/install/realsense2_camera_msgs/local/lib/python3.10/dist-packages/realsense2_camera_msgs/_realsense2_camera_msgs_s.ep.rosidl_typesupport_fastrtps_c.c
[0.477s] -- Up-to-date: /home/jo/project_RobotEngineering_3/my_robot/install/realsense2_camera_msgs/local/lib/python3.10/dist-packages/realsense2_camera_msgs/realsense2_camera_msgs_s__rosidl_typesupport_fastrtps_c.cpython-310-x86_64-linux-gnu.so
[0.477s] -- Up-to-date: /home/jo/project_RobotEngineering_3/my_robot/install/realsense2_camera_msgs/local/lib/python3.10/dist-packages/realsense2_camera_msgs/_realsense2_camera_msgs_s.ep.rosidl_typesupport_introspection_c.c
[0.477s] -- Up-to-date: /home/jo/project_RobotEngineering_3/my_robot/install/realsense2_camera_msgs/local/lib/python3.10/dist-packages/realsense2_camera_msgs/realsense2_camera_msgs_s__rosidl_typesupport_introspection_c.cpython-310-x86_64-linux-gnu.so
[0.477s] -- Up-to-date: /home/jo/project_RobotEngineering_3/my_robot/install/realsense2_camera_msgs/local/lib/python3.10/dist-packages/realsense2_camera_msgs/__init__.py
[0.477s] -- Up-to-date: /home/jo/project_RobotEngineering_3/my_robot/install/realsense2_camera_msgs/local/lib/python3.10/dist-packages/realsense2_camera_msgs/msg
[0.477s] -- Up-to-date: /home/jo/project_RobotEngineering_3/my_robot/install/realsense2_camera_msgs/local/lib/python3.10/dist-packages/realsense2_camera_msgs/msg/_imu_info_s.c
[0.478s] -- Up-to-date: /home/jo/project_RobotEngineering_3/my_robot/install/realsense2_camera_msgs/local/lib/python3.10/dist-packages/realsense2_camera_msgs/msg/_imu_info.py
[0.478s] -- Up-to-date: /home/jo/project_RobotEngineering_3/my_robot/install/realsense2_camera_msgs/local/lib/python3.10/dist-packages/realsense2_camera_msgs/msg/_extrinsics_s.c
[0.478s] -- Up-to-date: /home/jo/project_RobotEngineering_3/my_robot/install/realsense2_camera_msgs/local/lib/python3.10/dist-packages/realsense2_camera_msgs/msg/_metadata.py
[0.478s] -- Up-to-date: /home/jo/project_RobotEngineering_3/my_robot/install/realsense2_camera_msgs/local/lib/python3.10/dist-packages/realsense2_camera_msgs/msg/_extrinsics.py
[0.478s] -- Up-to-date: /home/jo/project_RobotEngineering_3/my_robot/install/realsense2_camera_msgs/local/lib/python3.10/dist-packages/realsense2_camera_msgs/msg/__init__.py
[0.478s] -- Up-to-date: /home/jo/project_RobotEngineering_3/my_robot/install/realsense2_camera_msgs/local/lib/python3.10/dist-packages/realsense2_camera_msgs/msg/_metadata_s.c
[0.510s] Listing '/home/jo/project_RobotEngineering_3/my_robot/install/realsense2_camera_msgs/local/lib/python3.10/dist-packages/realsense2_camera_msgs'...
[0.510s] Listing '/home/jo/project_RobotEngineering_3/my_robot/install/realsense2_camera_msgs/local/lib/python3.10/dist-packages/realsense2_camera_msgs/msg'...
[0.510s] Listing '/home/jo/project_RobotEngineering_3/my_robot/install/realsense2_camera_msgs/local/lib/python3.10/dist-packages/realsense2_camera_msgs/srv'...
[0.517s] -- Up-to-date: /home/jo/project_RobotEngineering_3/my_robot/install/realsense2_camera_msgs/local/lib/python3.10/dist-packages/realsense2_camera_msgs/realsense2_camera_msgs_s__rosidl_typesupport_fastrtps_c.cpython-310-x86_64-linux-gnu.so
[0.517s] -- Up-to-date: /home/jo/project_RobotEngineering_3/my_robot/install/realsense2_camera_msgs/local/lib/python3.10/dist-packages/realsense2_camera_msgs/realsense2_camera_msgs_s__rosidl_typesupport_introspection_c.cpython-310-x86_64-linux-gnu.so
[0.517s] -- Up-to-date: /home/jo/project_RobotEngineering_3/my_robot/install/realsense2_camera_msgs/local/lib/python3.10/dist-packages/realsense2_camera_msgs/realsense2_camera_msgs_s__rosidl_typesupport_c.cpython-310-x86_64-linux-gnu.so
[0.517s] -- Up-to-date: /home/jo/project_RobotEngineering_3/my_robot/install/realsense2_camera_msgs/lib/librealsense2_camera_msgs__rosidl_generator_py.so
[0.518s] -- Up-to-date: /home/jo/project_RobotEngineering_3/my_robot/install/realsense2_camera_msgs/share/realsense2_camera_msgs/msg/IMUInfo.idl
[0.518s] -- Up-to-date: /home/jo/project_RobotEngineering_3/my_robot/install/realsense2_camera_msgs/share/realsense2_camera_msgs/msg/Extrinsics.idl
[0.518s] -- Up-to-date: /home/jo/project_RobotEngineering_3/my_robot/install/realsense2_camera_msgs/share/realsense2_camera_msgs/msg/Metadata.idl
[0.518s] -- Up-to-date: /home/jo/project_RobotEngineering_3/my_robot/install/realsense2_camera_msgs/share/realsense2_camera_msgs/srv/DeviceInfo.idl
[0.518s] -- Up-to-date: /home/jo/project_RobotEngineering_3/my_robot/install/realsense2_camera_msgs/share/realsense2_camera_msgs/msg/IMUInfo.msg
[0.518s] -- Up-to-date: /home/jo/project_RobotEngineering_3/my_robot/install/realsense2_camera_msgs/share/realsense2_camera_msgs/msg/Extrinsics.msg
[0.518s] -- Up-to-date: /home/jo/project_RobotEngineering_3/my_robot/install/realsense2_camera_msgs/share/realsense2_camera_msgs/msg/Metadata.msg
[0.519s] -- Up-to-date: /home/jo/project_RobotEngineering_3/my_robot/install/realsense2_camera_msgs/share/realsense2_camera_msgs/srv/DeviceInfo.srv
[0.519s] -- Up-to-date: /home/jo/project_RobotEngineering_3/my_robot/install/realsense2_camera_msgs/share/realsense2_camera_msgs/srv/DeviceInfo_Request.msg
[0.519s] -- Up-to-date: /home/jo/project_RobotEngineering_3/my_robot/install/realsense2_camera_msgs/share/realsense2_camera_msgs/srv/DeviceInfo_Response.msg
[0.519s] -- Up-to-date: /home/jo/project_RobotEngineering_3/my_robot/install/realsense2_camera_msgs/share/ament_index/resource_index/package_run_dependencies/realsense2_camera_msgs
[0.519s] -- Up-to-date: /home/jo/project_RobotEngineering_3/my_robot/install/realsense2_camera_msgs/share/ament_index/resource_index/parent_prefix_path/realsense2_camera_msgs
[0.519s] -- Up-to-date: /home/jo/project_RobotEngineering_3/my_robot/install/realsense2_camera_msgs/share/realsense2_camera_msgs/environment/ament_prefix_path.sh
[0.519s] -- Up-to-date: /home/jo/project_RobotEngineering_3/my_robot/install/realsense2_camera_msgs/share/realsense2_camera_msgs/environment/ament_prefix_path.dsv
[0.519s] -- Up-to-date: /home/jo/project_RobotEngineering_3/my_robot/install/realsense2_camera_msgs/share/realsense2_camera_msgs/environment/path.sh
[0.519s] -- Up-to-date: /home/jo/project_RobotEngineering_3/my_robot/install/realsense2_camera_msgs/share/realsense2_camera_msgs/environment/path.dsv
[0.519s] -- Up-to-date: /home/jo/project_RobotEngineering_3/my_robot/install/realsense2_camera_msgs/share/realsense2_camera_msgs/local_setup.bash
[0.520s] -- Up-to-date: /home/jo/project_RobotEngineering_3/my_robot/install/realsense2_camera_msgs/share/realsense2_camera_msgs/local_setup.sh
[0.520s] -- Up-to-date: /home/jo/project_RobotEngineering_3/my_robot/install/realsense2_camera_msgs/share/realsense2_camera_msgs/local_setup.zsh
[0.520s] -- Up-to-date: /home/jo/project_RobotEngineering_3/my_robot/install/realsense2_camera_msgs/share/realsense2_camera_msgs/local_setup.dsv
[0.520s] -- Installing: /home/jo/project_RobotEngineering_3/my_robot/install/realsense2_camera_msgs/share/realsense2_camera_msgs/package.dsv
[0.520s] -- Up-to-date: /home/jo/project_RobotEngineering_3/my_robot/install/realsense2_camera_msgs/share/ament_index/resource_index/packages/realsense2_camera_msgs
[0.520s] -- Up-to-date: /home/jo/project_RobotEngineering_3/my_robot/install/realsense2_camera_msgs/share/realsense2_camera_msgs/cmake/export_realsense2_camera_msgs__rosidl_generator_cExport.cmake
[0.520s] -- Up-to-date: /home/jo/project_RobotEngineering_3/my_robot/install/realsense2_camera_msgs/share/realsense2_camera_msgs/cmake/export_realsense2_camera_msgs__rosidl_generator_cExport-noconfig.cmake
[0.520s] -- Up-to-date: /home/jo/project_RobotEngineering_3/my_robot/install/realsense2_camera_msgs/share/realsense2_camera_msgs/cmake/export_realsense2_camera_msgs__rosidl_typesupport_fastrtps_cExport.cmake
[0.520s] -- Up-to-date: /home/jo/project_RobotEngineering_3/my_robot/install/realsense2_camera_msgs/share/realsense2_camera_msgs/cmake/export_realsense2_camera_msgs__rosidl_typesupport_fastrtps_cExport-noconfig.cmake
[0.520s] -- Up-to-date: /home/jo/project_RobotEngineering_3/my_robot/install/realsense2_camera_msgs/share/realsense2_camera_msgs/cmake/realsense2_camera_msgs__rosidl_typesupport_introspection_cExport.cmake
[0.521s] -- Up-to-date: /home/jo/project_RobotEngineering_3/my_robot/install/realsense2_camera_msgs/share/realsense2_camera_msgs/cmake/realsense2_camera_msgs__rosidl_typesupport_introspection_cExport-noconfig.cmake
[0.521s] -- Up-to-date: /home/jo/project_RobotEngineering_3/my_robot/install/realsense2_camera_msgs/share/realsense2_camera_msgs/cmake/realsense2_camera_msgs__rosidl_typesupport_cExport.cmake
[0.521s] -- Up-to-date: /home/jo/project_RobotEngineering_3/my_robot/install/realsense2_camera_msgs/share/realsense2_camera_msgs/cmake/realsense2_camera_msgs__rosidl_typesupport_cExport-noconfig.cmake
[0.521s] -- Up-to-date: /home/jo/project_RobotEngineering_3/my_robot/install/realsense2_camera_msgs/share/realsense2_camera_msgs/cmake/export_realsense2_camera_msgs__rosidl_generator_cppExport.cmake
[0.522s] -- Up-to-date: /home/jo/project_RobotEngineering_3/my_robot/install/realsense2_camera_msgs/share/realsense2_camera_msgs/cmake/export_realsense2_camera_msgs__rosidl_typesupport_fastrtps_cppExport.cmake
[0.522s] -- Up-to-date: /home/jo/project_RobotEngineering_3/my_robot/install/realsense2_camera_msgs/share/realsense2_camera_msgs/cmake/export_realsense2_camera_msgs__rosidl_typesupport_fastrtps_cppExport-noconfig.cmake
[0.522s] -- Up-to-date: /home/jo/project_RobotEngineering_3/my_robot/install/realsense2_camera_msgs/share/realsense2_camera_msgs/cmake/realsense2_camera_msgs__rosidl_typesupport_introspection_cppExport.cmake
[0.522s] -- Up-to-date: /home/jo/project_RobotEngineering_3/my_robot/install/realsense2_camera_msgs/share/realsense2_camera_msgs/cmake/realsense2_camera_msgs__rosidl_typesupport_introspection_cppExport-noconfig.cmake
[0.523s] -- Up-to-date: /home/jo/project_RobotEngineering_3/my_robot/install/realsense2_camera_msgs/share/realsense2_camera_msgs/cmake/realsense2_camera_msgs__rosidl_typesupport_cppExport.cmake
[0.523s] -- Up-to-date: /home/jo/project_RobotEngineering_3/my_robot/install/realsense2_camera_msgs/share/realsense2_camera_msgs/cmake/realsense2_camera_msgs__rosidl_typesupport_cppExport-noconfig.cmake
[0.523s] -- Up-to-date: /home/jo/project_RobotEngineering_3/my_robot/install/realsense2_camera_msgs/share/realsense2_camera_msgs/cmake/export_realsense2_camera_msgs__rosidl_generator_pyExport.cmake
[0.523s] -- Up-to-date: /home/jo/project_RobotEngineering_3/my_robot/install/realsense2_camera_msgs/share/realsense2_camera_msgs/cmake/export_realsense2_camera_msgs__rosidl_generator_pyExport-noconfig.cmake
[0.523s] -- Up-to-date: /home/jo/project_RobotEngineering_3/my_robot/install/realsense2_camera_msgs/share/realsense2_camera_msgs/cmake/rosidl_cmake-extras.cmake
[0.524s] -- Up-to-date: /home/jo/project_RobotEngineering_3/my_robot/install/realsense2_camera_msgs/share/realsense2_camera_msgs/cmake/ament_cmake_export_dependencies-extras.cmake
[0.524s] -- Up-to-date: /home/jo/project_RobotEngineering_3/my_robot/install/realsense2_camera_msgs/share/realsense2_camera_msgs/cmake/ament_cmake_export_include_directories-extras.cmake
[0.524s] -- Up-to-date: /home/jo/project_RobotEngineering_3/my_robot/install/realsense2_camera_msgs/share/realsense2_camera_msgs/cmake/ament_cmake_export_libraries-extras.cmake
[0.524s] -- Up-to-date: /home/jo/project_RobotEngineering_3/my_robot/install/realsense2_camera_msgs/share/realsense2_camera_msgs/cmake/ament_cmake_export_targets-extras.cmake
[0.524s] -- Up-to-date: /home/jo/project_RobotEngineering_3/my_robot/install/realsense2_camera_msgs/share/realsense2_camera_msgs/cmake/rosidl_cmake_export_typesupport_targets-extras.cmake
[0.524s] -- Up-to-date: /home/jo/project_RobotEngineering_3/my_robot/install/realsense2_camera_msgs/share/realsense2_camera_msgs/cmake/rosidl_cmake_export_typesupport_libraries-extras.cmake
[0.524s] -- Up-to-date: /home/jo/project_RobotEngineering_3/my_robot/install/realsense2_camera_msgs/share/realsense2_camera_msgs/cmake/realsense2_camera_msgsConfig.cmake
[0.524s] -- Up-to-date: /home/jo/project_RobotEngineering_3/my_robot/install/realsense2_camera_msgs/share/realsense2_camera_msgs/cmake/realsense2_camera_msgsConfig-version.cmake
[0.524s] -- Up-to-date: /home/jo/project_RobotEngineering_3/my_robot/install/realsense2_camera_msgs/share/realsense2_camera_msgs/package.xml
[0.525s] Invoked command in '/home/jo/project_RobotEngineering_3/my_robot/build/realsense2_camera_msgs' returned '0': CMAKE_PREFIX_PATH=${CMAKE_PREFIX_PATH}:/home/jo/project_RobotEngineering_3/my_robot/install/my_robot_pkg:/opt/ros/humble /usr/bin/cmake --install /home/jo/project_RobotEngineering_3/my_robot/build/realsense2_camera_msgs
