[0.011s] Invoking command in '/home/jo/project_RobotEngineering_3/my_robot/build/my_custom_srv_pkg': CMAKE_PREFIX_PATH=${CMAKE_PREFIX_PATH}:/home/jo/project_RobotEngineering_3/my_robot/install/py_custom_srv_pkg:/opt/ros/humble /usr/bin/cmake --build /home/jo/project_RobotEngineering_3/my_robot/build/my_custom_srv_pkg -- -j12 -l12
[0.062s] [  3%] Built target my_custom_srv_pkg__cpp
[0.062s] [ 12%] Built target my_custom_srv_pkg__rosidl_generator_c
[0.064s] [ 12%] Built target ament_cmake_python_symlink_my_custom_srv_pkg
[0.085s] [ 29%] Built target my_custom_srv_pkg__rosidl_typesupport_fastrtps_c
[0.085s] [ 32%] Built target my_custom_srv_pkg__rosidl_typesupport_cpp
[0.087s] [ 41%] Built target my_custom_srv_pkg__rosidl_typesupport_c
[0.090s] [ 51%] Built target my_custom_srv_pkg__rosidl_typesupport_introspection_c
[0.091s] [ 64%] Built target my_custom_srv_pkg__rosidl_typesupport_introspection_cpp
[0.091s] [ 70%] Built target my_custom_srv_pkg__rosidl_typesupport_fastrtps_cpp
[0.114s] [ 70%] Built target my_custom_srv_pkg
[0.138s] [ 74%] Built target my_custom_srv_pkg__py
[0.164s] [ 80%] Built target my_custom_srv_pkg__rosidl_generator_py
[0.189s] [ 87%] Built target my_custom_srv_pkg__rosidl_typesupport_fastrtps_c__pyext
[0.192s] [ 93%] Built target my_custom_srv_pkg__rosidl_typesupport_introspection_c__pyext
[0.192s] [100%] Built target my_custom_srv_pkg__rosidl_typesupport_c__pyext
[0.414s] running egg_info
[0.414s] writing my_custom_srv_pkg.egg-info/PKG-INFO
[0.414s] writing dependency_links to my_custom_srv_pkg.egg-info/dependency_links.txt
[0.414s] writing top-level names to my_custom_srv_pkg.egg-info/top_level.txt
[0.417s] reading manifest file 'my_custom_srv_pkg.egg-info/SOURCES.txt'
[0.417s] writing manifest file 'my_custom_srv_pkg.egg-info/SOURCES.txt'
[0.443s] [100%] Built target ament_cmake_python_build_my_custom_srv_pkg_egg
[0.455s] Invoked command in '/home/jo/project_RobotEngineering_3/my_robot/build/my_custom_srv_pkg' returned '0': CMAKE_PREFIX_PATH=${CMAKE_PREFIX_PATH}:/home/jo/project_RobotEngineering_3/my_robot/install/py_custom_srv_pkg:/opt/ros/humble /usr/bin/cmake --build /home/jo/project_RobotEngineering_3/my_robot/build/my_custom_srv_pkg -- -j12 -l12
[0.457s] Invoking command in '/home/jo/project_RobotEngineering_3/my_robot/build/my_custom_srv_pkg': CMAKE_PREFIX_PATH=${CMAKE_PREFIX_PATH}:/home/jo/project_RobotEngineering_3/my_robot/install/py_custom_srv_pkg:/opt/ros/humble /usr/bin/cmake --install /home/jo/project_RobotEngineering_3/my_robot/build/my_custom_srv_pkg
[0.465s] -- Install configuration: ""
[0.466s] -- Execute custom install script
[0.466s] -- Up-to-date symlink: /home/jo/project_RobotEngineering_3/my_robot/install/my_custom_srv_pkg/share/ament_index/resource_index/rosidl_interfaces/my_custom_srv_pkg
[0.466s] -- Up-to-date symlink: /home/jo/project_RobotEngineering_3/my_robot/install/my_custom_srv_pkg/include/my_custom_srv_pkg/my_custom_srv_pkg/msg/rosidl_generator_c__visibility_control.h
[0.466s] -- Up-to-date symlink: /home/jo/project_RobotEngineering_3/my_robot/install/my_custom_srv_pkg/include/my_custom_srv_pkg/my_custom_srv_pkg/srv/detail/divide_integers__functions.h
[0.467s] -- Up-to-date symlink: /home/jo/project_RobotEngineering_3/my_robot/install/my_custom_srv_pkg/include/my_custom_srv_pkg/my_custom_srv_pkg/srv/detail/divide_integers__struct.h
[0.467s] -- Up-to-date symlink: /home/jo/project_RobotEngineering_3/my_robot/install/my_custom_srv_pkg/include/my_custom_srv_pkg/my_custom_srv_pkg/srv/detail/divide_integers__type_support.h
[0.467s] -- Up-to-date symlink: /home/jo/project_RobotEngineering_3/my_robot/install/my_custom_srv_pkg/include/my_custom_srv_pkg/my_custom_srv_pkg/srv/divide_integers.h
[0.467s] -- Up-to-date symlink: /home/jo/project_RobotEngineering_3/my_robot/install/my_custom_srv_pkg/share/my_custom_srv_pkg/environment/library_path.sh
[0.467s] -- Up-to-date symlink: /home/jo/project_RobotEngineering_3/my_robot/install/my_custom_srv_pkg/share/my_custom_srv_pkg/environment/library_path.dsv
[0.468s] -- Up-to-date symlink: /home/jo/project_RobotEngineering_3/my_robot/install/my_custom_srv_pkg/include/my_custom_srv_pkg/my_custom_srv_pkg/msg/rosidl_typesupport_fastrtps_c__visibility_control.h
[0.468s] -- Up-to-date symlink: /home/jo/project_RobotEngineering_3/my_robot/install/my_custom_srv_pkg/include/my_custom_srv_pkg/my_custom_srv_pkg/srv/detail/divide_integers__rosidl_typesupport_fastrtps_c.h
[0.468s] -- Up-to-date symlink: /home/jo/project_RobotEngineering_3/my_robot/install/my_custom_srv_pkg/include/my_custom_srv_pkg/my_custom_srv_pkg/msg/rosidl_generator_cpp__visibility_control.hpp
[0.468s] -- Up-to-date symlink: /home/jo/project_RobotEngineering_3/my_robot/install/my_custom_srv_pkg/include/my_custom_srv_pkg/my_custom_srv_pkg/srv/detail/divide_integers__builder.hpp
[0.468s] -- Up-to-date symlink: /home/jo/project_RobotEngineering_3/my_robot/install/my_custom_srv_pkg/include/my_custom_srv_pkg/my_custom_srv_pkg/srv/detail/divide_integers__struct.hpp
[0.469s] -- Up-to-date symlink: /home/jo/project_RobotEngineering_3/my_robot/install/my_custom_srv_pkg/include/my_custom_srv_pkg/my_custom_srv_pkg/srv/detail/divide_integers__traits.hpp
[0.469s] -- Up-to-date symlink: /home/jo/project_RobotEngineering_3/my_robot/install/my_custom_srv_pkg/include/my_custom_srv_pkg/my_custom_srv_pkg/srv/detail/divide_integers__type_support.hpp
[0.469s] -- Up-to-date symlink: /home/jo/project_RobotEngineering_3/my_robot/install/my_custom_srv_pkg/include/my_custom_srv_pkg/my_custom_srv_pkg/srv/divide_integers.hpp
[0.469s] -- Up-to-date symlink: /home/jo/project_RobotEngineering_3/my_robot/install/my_custom_srv_pkg/include/my_custom_srv_pkg/my_custom_srv_pkg/msg/rosidl_typesupport_fastrtps_cpp__visibility_control.h
[0.469s] -- Up-to-date symlink: /home/jo/project_RobotEngineering_3/my_robot/install/my_custom_srv_pkg/include/my_custom_srv_pkg/my_custom_srv_pkg/srv/detail/divide_integers__rosidl_typesupport_fastrtps_cpp.hpp
[0.470s] -- Up-to-date symlink: /home/jo/project_RobotEngineering_3/my_robot/install/my_custom_srv_pkg/include/my_custom_srv_pkg/my_custom_srv_pkg/msg/rosidl_typesupport_introspection_c__visibility_control.h
[0.470s] -- Up-to-date symlink: /home/jo/project_RobotEngineering_3/my_robot/install/my_custom_srv_pkg/include/my_custom_srv_pkg/my_custom_srv_pkg/srv/detail/divide_integers__rosidl_typesupport_introspection_c.h
[0.470s] -- Up-to-date symlink: /home/jo/project_RobotEngineering_3/my_robot/install/my_custom_srv_pkg/include/my_custom_srv_pkg/my_custom_srv_pkg/srv/detail/divide_integers__rosidl_typesupport_introspection_cpp.hpp
[0.470s] -- Up-to-date symlink: /home/jo/project_RobotEngineering_3/my_robot/install/my_custom_srv_pkg/share/my_custom_srv_pkg/environment/pythonpath.sh
[0.471s] -- Up-to-date symlink: /home/jo/project_RobotEngineering_3/my_robot/install/my_custom_srv_pkg/share/my_custom_srv_pkg/environment/pythonpath.dsv
[0.471s] -- Up-to-date symlink: /home/jo/project_RobotEngineering_3/my_robot/install/my_custom_srv_pkg/local/lib/python3.10/dist-packages/my_custom_srv_pkg-0.0.0-py3.10.egg-info/PKG-INFO
[0.471s] -- Up-to-date symlink: /home/jo/project_RobotEngineering_3/my_robot/install/my_custom_srv_pkg/local/lib/python3.10/dist-packages/my_custom_srv_pkg-0.0.0-py3.10.egg-info/SOURCES.txt
[0.471s] -- Up-to-date symlink: /home/jo/project_RobotEngineering_3/my_robot/install/my_custom_srv_pkg/local/lib/python3.10/dist-packages/my_custom_srv_pkg-0.0.0-py3.10.egg-info/dependency_links.txt
[0.471s] -- Up-to-date symlink: /home/jo/project_RobotEngineering_3/my_robot/install/my_custom_srv_pkg/local/lib/python3.10/dist-packages/my_custom_srv_pkg-0.0.0-py3.10.egg-info/top_level.txt
[0.472s] -- Up-to-date symlink: /home/jo/project_RobotEngineering_3/my_robot/install/my_custom_srv_pkg/local/lib/python3.10/dist-packages/my_custom_srv_pkg/__init__.py
[0.472s] -- Up-to-date symlink: /home/jo/project_RobotEngineering_3/my_robot/install/my_custom_srv_pkg/local/lib/python3.10/dist-packages/my_custom_srv_pkg/_my_custom_srv_pkg_s.ep.rosidl_typesupport_c.c
[0.472s] -- Up-to-date symlink: /home/jo/project_RobotEngineering_3/my_robot/install/my_custom_srv_pkg/local/lib/python3.10/dist-packages/my_custom_srv_pkg/_my_custom_srv_pkg_s.ep.rosidl_typesupport_fastrtps_c.c
[0.472s] -- Up-to-date symlink: /home/jo/project_RobotEngineering_3/my_robot/install/my_custom_srv_pkg/local/lib/python3.10/dist-packages/my_custom_srv_pkg/_my_custom_srv_pkg_s.ep.rosidl_typesupport_introspection_c.c
[0.472s] -- Up-to-date symlink: /home/jo/project_RobotEngineering_3/my_robot/install/my_custom_srv_pkg/local/lib/python3.10/dist-packages/my_custom_srv_pkg/libmy_custom_srv_pkg__rosidl_generator_py.so
[0.472s] -- Up-to-date symlink: /home/jo/project_RobotEngineering_3/my_robot/install/my_custom_srv_pkg/local/lib/python3.10/dist-packages/my_custom_srv_pkg/my_custom_srv_pkg_s__rosidl_typesupport_c.cpython-310-x86_64-linux-gnu.so
[0.472s] -- Up-to-date symlink: /home/jo/project_RobotEngineering_3/my_robot/install/my_custom_srv_pkg/local/lib/python3.10/dist-packages/my_custom_srv_pkg/my_custom_srv_pkg_s__rosidl_typesupport_fastrtps_c.cpython-310-x86_64-linux-gnu.so
[0.473s] -- Up-to-date symlink: /home/jo/project_RobotEngineering_3/my_robot/install/my_custom_srv_pkg/local/lib/python3.10/dist-packages/my_custom_srv_pkg/my_custom_srv_pkg_s__rosidl_typesupport_introspection_c.cpython-310-x86_64-linux-gnu.so
[0.473s] -- Up-to-date symlink: /home/jo/project_RobotEngineering_3/my_robot/install/my_custom_srv_pkg/local/lib/python3.10/dist-packages/my_custom_srv_pkg/srv/__init__.py
[0.473s] -- Up-to-date symlink: /home/jo/project_RobotEngineering_3/my_robot/install/my_custom_srv_pkg/local/lib/python3.10/dist-packages/my_custom_srv_pkg/srv/_divide_integers.py
[0.473s] -- Up-to-date symlink: /home/jo/project_RobotEngineering_3/my_robot/install/my_custom_srv_pkg/local/lib/python3.10/dist-packages/my_custom_srv_pkg/srv/_divide_integers_s.c
[0.473s] -- Up-to-date symlink: /home/jo/project_RobotEngineering_3/my_robot/install/my_custom_srv_pkg/local/lib/python3.10/dist-packages/my_custom_srv_pkg/my_custom_srv_pkg_s__rosidl_typesupport_fastrtps_c.cpython-310-x86_64-linux-gnu.so
[0.473s] -- Up-to-date symlink: /home/jo/project_RobotEngineering_3/my_robot/install/my_custom_srv_pkg/local/lib/python3.10/dist-packages/my_custom_srv_pkg/my_custom_srv_pkg_s__rosidl_typesupport_introspection_c.cpython-310-x86_64-linux-gnu.so
[0.474s] -- Up-to-date symlink: /home/jo/project_RobotEngineering_3/my_robot/install/my_custom_srv_pkg/local/lib/python3.10/dist-packages/my_custom_srv_pkg/my_custom_srv_pkg_s__rosidl_typesupport_c.cpython-310-x86_64-linux-gnu.so
[0.474s] -- Up-to-date symlink: /home/jo/project_RobotEngineering_3/my_robot/install/my_custom_srv_pkg/share/my_custom_srv_pkg/srv/DivideIntegers.idl
[0.474s] -- Up-to-date symlink: /home/jo/project_RobotEngineering_3/my_robot/install/my_custom_srv_pkg/share/my_custom_srv_pkg/srv/DivideIntegers.srv
[0.474s] -- Up-to-date symlink: /home/jo/project_RobotEngineering_3/my_robot/install/my_custom_srv_pkg/share/my_custom_srv_pkg/srv/DivideIntegers_Request.msg
[0.474s] -- Up-to-date symlink: /home/jo/project_RobotEngineering_3/my_robot/install/my_custom_srv_pkg/share/my_custom_srv_pkg/srv/DivideIntegers_Response.msg
[0.475s] -- Up-to-date symlink: /home/jo/project_RobotEngineering_3/my_robot/install/my_custom_srv_pkg/share/ament_index/resource_index/package_run_dependencies/my_custom_srv_pkg
[0.475s] -- Up-to-date symlink: /home/jo/project_RobotEngineering_3/my_robot/install/my_custom_srv_pkg/share/ament_index/resource_index/parent_prefix_path/my_custom_srv_pkg
[0.475s] -- Up-to-date symlink: /home/jo/project_RobotEngineering_3/my_robot/install/my_custom_srv_pkg/share/my_custom_srv_pkg/environment/ament_prefix_path.sh
[0.475s] -- Up-to-date symlink: /home/jo/project_RobotEngineering_3/my_robot/install/my_custom_srv_pkg/share/my_custom_srv_pkg/environment/ament_prefix_path.dsv
[0.475s] -- Up-to-date symlink: /home/jo/project_RobotEngineering_3/my_robot/install/my_custom_srv_pkg/share/my_custom_srv_pkg/environment/path.sh
[0.476s] -- Up-to-date symlink: /home/jo/project_RobotEngineering_3/my_robot/install/my_custom_srv_pkg/share/my_custom_srv_pkg/environment/path.dsv
[0.476s] -- Up-to-date symlink: /home/jo/project_RobotEngineering_3/my_robot/install/my_custom_srv_pkg/share/my_custom_srv_pkg/local_setup.bash
[0.476s] -- Up-to-date symlink: /home/jo/project_RobotEngineering_3/my_robot/install/my_custom_srv_pkg/share/my_custom_srv_pkg/local_setup.sh
[0.476s] -- Up-to-date symlink: /home/jo/project_RobotEngineering_3/my_robot/install/my_custom_srv_pkg/share/my_custom_srv_pkg/local_setup.zsh
[0.476s] -- Up-to-date symlink: /home/jo/project_RobotEngineering_3/my_robot/install/my_custom_srv_pkg/share/my_custom_srv_pkg/local_setup.dsv
[0.476s] -- Symlinking: /home/jo/project_RobotEngineering_3/my_robot/install/my_custom_srv_pkg/share/my_custom_srv_pkg/package.dsv
[0.483s] -- Up-to-date symlink: /home/jo/project_RobotEngineering_3/my_robot/install/my_custom_srv_pkg/share/ament_index/resource_index/packages/my_custom_srv_pkg
[0.483s] -- Up-to-date symlink: /home/jo/project_RobotEngineering_3/my_robot/install/my_custom_srv_pkg/share/my_custom_srv_pkg/cmake/rosidl_cmake-extras.cmake
[0.483s] -- Up-to-date symlink: /home/jo/project_RobotEngineering_3/my_robot/install/my_custom_srv_pkg/share/my_custom_srv_pkg/cmake/ament_cmake_export_dependencies-extras.cmake
[0.483s] -- Up-to-date symlink: /home/jo/project_RobotEngineering_3/my_robot/install/my_custom_srv_pkg/share/my_custom_srv_pkg/cmake/ament_cmake_export_include_directories-extras.cmake
[0.483s] -- Up-to-date symlink: /home/jo/project_RobotEngineering_3/my_robot/install/my_custom_srv_pkg/share/my_custom_srv_pkg/cmake/ament_cmake_export_libraries-extras.cmake
[0.484s] -- Up-to-date symlink: /home/jo/project_RobotEngineering_3/my_robot/install/my_custom_srv_pkg/share/my_custom_srv_pkg/cmake/ament_cmake_export_targets-extras.cmake
[0.484s] -- Up-to-date symlink: /home/jo/project_RobotEngineering_3/my_robot/install/my_custom_srv_pkg/share/my_custom_srv_pkg/cmake/rosidl_cmake_export_typesupport_targets-extras.cmake
[0.484s] -- Up-to-date symlink: /home/jo/project_RobotEngineering_3/my_robot/install/my_custom_srv_pkg/share/my_custom_srv_pkg/cmake/rosidl_cmake_export_typesupport_libraries-extras.cmake
[0.484s] -- Up-to-date symlink: /home/jo/project_RobotEngineering_3/my_robot/install/my_custom_srv_pkg/share/my_custom_srv_pkg/cmake/my_custom_srv_pkgConfig.cmake
[0.484s] -- Up-to-date symlink: /home/jo/project_RobotEngineering_3/my_robot/install/my_custom_srv_pkg/share/my_custom_srv_pkg/cmake/my_custom_srv_pkgConfig-version.cmake
[0.484s] -- Up-to-date symlink: /home/jo/project_RobotEngineering_3/my_robot/install/my_custom_srv_pkg/share/my_custom_srv_pkg/package.xml
[0.485s] -- Up-to-date: /home/jo/project_RobotEngineering_3/my_robot/install/my_custom_srv_pkg/lib/libmy_custom_srv_pkg__rosidl_generator_c.so
[0.485s] -- Up-to-date: /home/jo/project_RobotEngineering_3/my_robot/install/my_custom_srv_pkg/lib/libmy_custom_srv_pkg__rosidl_typesupport_fastrtps_c.so
[0.485s] -- Up-to-date: /home/jo/project_RobotEngineering_3/my_robot/install/my_custom_srv_pkg/lib/libmy_custom_srv_pkg__rosidl_typesupport_fastrtps_cpp.so
[0.485s] -- Up-to-date: /home/jo/project_RobotEngineering_3/my_robot/install/my_custom_srv_pkg/lib/libmy_custom_srv_pkg__rosidl_typesupport_introspection_c.so
[0.486s] -- Up-to-date: /home/jo/project_RobotEngineering_3/my_robot/install/my_custom_srv_pkg/lib/libmy_custom_srv_pkg__rosidl_typesupport_c.so
[0.486s] -- Up-to-date: /home/jo/project_RobotEngineering_3/my_robot/install/my_custom_srv_pkg/lib/libmy_custom_srv_pkg__rosidl_typesupport_introspection_cpp.so
[0.486s] -- Up-to-date: /home/jo/project_RobotEngineering_3/my_robot/install/my_custom_srv_pkg/lib/libmy_custom_srv_pkg__rosidl_typesupport_cpp.so
[0.514s] Listing '/home/jo/project_RobotEngineering_3/my_robot/install/my_custom_srv_pkg/local/lib/python3.10/dist-packages/my_custom_srv_pkg'...
[0.514s] Listing '/home/jo/project_RobotEngineering_3/my_robot/install/my_custom_srv_pkg/local/lib/python3.10/dist-packages/my_custom_srv_pkg/srv'...
[0.519s] -- Up-to-date: /home/jo/project_RobotEngineering_3/my_robot/install/my_custom_srv_pkg/lib/libmy_custom_srv_pkg__rosidl_generator_py.so
[0.519s] -- Up-to-date: /home/jo/project_RobotEngineering_3/my_robot/install/my_custom_srv_pkg/share/my_custom_srv_pkg/cmake/export_my_custom_srv_pkg__rosidl_generator_cExport.cmake
[0.519s] -- Up-to-date: /home/jo/project_RobotEngineering_3/my_robot/install/my_custom_srv_pkg/share/my_custom_srv_pkg/cmake/export_my_custom_srv_pkg__rosidl_generator_cExport-noconfig.cmake
[0.519s] -- Up-to-date: /home/jo/project_RobotEngineering_3/my_robot/install/my_custom_srv_pkg/share/my_custom_srv_pkg/cmake/export_my_custom_srv_pkg__rosidl_typesupport_fastrtps_cExport.cmake
[0.519s] -- Up-to-date: /home/jo/project_RobotEngineering_3/my_robot/install/my_custom_srv_pkg/share/my_custom_srv_pkg/cmake/export_my_custom_srv_pkg__rosidl_typesupport_fastrtps_cExport-noconfig.cmake
[0.519s] -- Up-to-date: /home/jo/project_RobotEngineering_3/my_robot/install/my_custom_srv_pkg/share/my_custom_srv_pkg/cmake/export_my_custom_srv_pkg__rosidl_generator_cppExport.cmake
[0.519s] -- Up-to-date: /home/jo/project_RobotEngineering_3/my_robot/install/my_custom_srv_pkg/share/my_custom_srv_pkg/cmake/export_my_custom_srv_pkg__rosidl_typesupport_fastrtps_cppExport.cmake
[0.519s] -- Up-to-date: /home/jo/project_RobotEngineering_3/my_robot/install/my_custom_srv_pkg/share/my_custom_srv_pkg/cmake/export_my_custom_srv_pkg__rosidl_typesupport_fastrtps_cppExport-noconfig.cmake
[0.519s] -- Up-to-date: /home/jo/project_RobotEngineering_3/my_robot/install/my_custom_srv_pkg/share/my_custom_srv_pkg/cmake/my_custom_srv_pkg__rosidl_typesupport_introspection_cExport.cmake
[0.519s] -- Up-to-date: /home/jo/project_RobotEngineering_3/my_robot/install/my_custom_srv_pkg/share/my_custom_srv_pkg/cmake/my_custom_srv_pkg__rosidl_typesupport_introspection_cExport-noconfig.cmake
[0.519s] -- Up-to-date: /home/jo/project_RobotEngineering_3/my_robot/install/my_custom_srv_pkg/share/my_custom_srv_pkg/cmake/my_custom_srv_pkg__rosidl_typesupport_cExport.cmake
[0.519s] -- Up-to-date: /home/jo/project_RobotEngineering_3/my_robot/install/my_custom_srv_pkg/share/my_custom_srv_pkg/cmake/my_custom_srv_pkg__rosidl_typesupport_cExport-noconfig.cmake
[0.519s] -- Up-to-date: /home/jo/project_RobotEngineering_3/my_robot/install/my_custom_srv_pkg/share/my_custom_srv_pkg/cmake/my_custom_srv_pkg__rosidl_typesupport_introspection_cppExport.cmake
[0.519s] -- Up-to-date: /home/jo/project_RobotEngineering_3/my_robot/install/my_custom_srv_pkg/share/my_custom_srv_pkg/cmake/my_custom_srv_pkg__rosidl_typesupport_introspection_cppExport-noconfig.cmake
[0.519s] -- Up-to-date: /home/jo/project_RobotEngineering_3/my_robot/install/my_custom_srv_pkg/share/my_custom_srv_pkg/cmake/my_custom_srv_pkg__rosidl_typesupport_cppExport.cmake
[0.520s] -- Up-to-date: /home/jo/project_RobotEngineering_3/my_robot/install/my_custom_srv_pkg/share/my_custom_srv_pkg/cmake/my_custom_srv_pkg__rosidl_typesupport_cppExport-noconfig.cmake
[0.520s] -- Up-to-date: /home/jo/project_RobotEngineering_3/my_robot/install/my_custom_srv_pkg/share/my_custom_srv_pkg/cmake/export_my_custom_srv_pkg__rosidl_generator_pyExport.cmake
[0.520s] -- Up-to-date: /home/jo/project_RobotEngineering_3/my_robot/install/my_custom_srv_pkg/share/my_custom_srv_pkg/cmake/export_my_custom_srv_pkg__rosidl_generator_pyExport-noconfig.cmake
[0.541s] Invoked command in '/home/jo/project_RobotEngineering_3/my_robot/build/my_custom_srv_pkg' returned '0': CMAKE_PREFIX_PATH=${CMAKE_PREFIX_PATH}:/home/jo/project_RobotEngineering_3/my_robot/install/py_custom_srv_pkg:/opt/ros/humble /usr/bin/cmake --install /home/jo/project_RobotEngineering_3/my_robot/build/my_custom_srv_pkg
