running egg_info
creating ../../build/py_custom_srv_pkg/py_custom_srv_pkg.egg-info
writing ../../build/py_custom_srv_pkg/py_custom_srv_pkg.egg-info/PKG-INFO
writing dependency_links to ../../build/py_custom_srv_pkg/py_custom_srv_pkg.egg-info/dependency_links.txt
writing entry points to ../../build/py_custom_srv_pkg/py_custom_srv_pkg.egg-info/entry_points.txt
writing requirements to ../../build/py_custom_srv_pkg/py_custom_srv_pkg.egg-info/requires.txt
writing top-level names to ../../build/py_custom_srv_pkg/py_custom_srv_pkg.egg-info/top_level.txt
writing manifest file '../../build/py_custom_srv_pkg/py_custom_srv_pkg.egg-info/SOURCES.txt'
reading manifest file '../../build/py_custom_srv_pkg/py_custom_srv_pkg.egg-info/SOURCES.txt'
writing manifest file '../../build/py_custom_srv_pkg/py_custom_srv_pkg.egg-info/SOURCES.txt'
running build
running build_py
creating /home/jo/project_RobotEngineering_3/my_robot/build/py_custom_srv_pkg/build
creating /home/jo/project_RobotEngineering_3/my_robot/build/py_custom_srv_pkg/build/lib
creating /home/jo/project_RobotEngineering_3/my_robot/build/py_custom_srv_pkg/build/lib/py_custom_srv_pkg
copying py_custom_srv_pkg/realsense_test.py -> /home/jo/project_RobotEngineering_3/my_robot/build/py_custom_srv_pkg/build/lib/py_custom_srv_pkg
copying py_custom_srv_pkg/py_custom_client.py -> /home/jo/project_RobotEngineering_3/my_robot/build/py_custom_srv_pkg/build/lib/py_custom_srv_pkg
copying py_custom_srv_pkg/py_custom_server.py -> /home/jo/project_RobotEngineering_3/my_robot/build/py_custom_srv_pkg/build/lib/py_custom_srv_pkg
copying py_custom_srv_pkg/__init__.py -> /home/jo/project_RobotEngineering_3/my_robot/build/py_custom_srv_pkg/build/lib/py_custom_srv_pkg
running install
running install_lib
creating /home/jo/project_RobotEngineering_3/my_robot/install/py_custom_srv_pkg/lib/python3.10/site-packages/py_custom_srv_pkg
copying /home/jo/project_RobotEngineering_3/my_robot/build/py_custom_srv_pkg/build/lib/py_custom_srv_pkg/realsense_test.py -> /home/jo/project_RobotEngineering_3/my_robot/install/py_custom_srv_pkg/lib/python3.10/site-packages/py_custom_srv_pkg
copying /home/jo/project_RobotEngineering_3/my_robot/build/py_custom_srv_pkg/build/lib/py_custom_srv_pkg/py_custom_client.py -> /home/jo/project_RobotEngineering_3/my_robot/install/py_custom_srv_pkg/lib/python3.10/site-packages/py_custom_srv_pkg
copying /home/jo/project_RobotEngineering_3/my_robot/build/py_custom_srv_pkg/build/lib/py_custom_srv_pkg/py_custom_server.py -> /home/jo/project_RobotEngineering_3/my_robot/install/py_custom_srv_pkg/lib/python3.10/site-packages/py_custom_srv_pkg
copying /home/jo/project_RobotEngineering_3/my_robot/build/py_custom_srv_pkg/build/lib/py_custom_srv_pkg/__init__.py -> /home/jo/project_RobotEngineering_3/my_robot/install/py_custom_srv_pkg/lib/python3.10/site-packages/py_custom_srv_pkg
byte-compiling /home/jo/project_RobotEngineering_3/my_robot/install/py_custom_srv_pkg/lib/python3.10/site-packages/py_custom_srv_pkg/realsense_test.py to realsense_test.cpython-310.pyc
byte-compiling /home/jo/project_RobotEngineering_3/my_robot/install/py_custom_srv_pkg/lib/python3.10/site-packages/py_custom_srv_pkg/py_custom_client.py to py_custom_client.cpython-310.pyc
byte-compiling /home/jo/project_RobotEngineering_3/my_robot/install/py_custom_srv_pkg/lib/python3.10/site-packages/py_custom_srv_pkg/py_custom_server.py to py_custom_server.cpython-310.pyc
byte-compiling /home/jo/project_RobotEngineering_3/my_robot/install/py_custom_srv_pkg/lib/python3.10/site-packages/py_custom_srv_pkg/__init__.py to __init__.cpython-310.pyc
running install_data
creating /home/jo/project_RobotEngineering_3/my_robot/install/py_custom_srv_pkg/share/ament_index
creating /home/jo/project_RobotEngineering_3/my_robot/install/py_custom_srv_pkg/share/ament_index/resource_index
creating /home/jo/project_RobotEngineering_3/my_robot/install/py_custom_srv_pkg/share/ament_index/resource_index/packages
copying resource/py_custom_srv_pkg -> /home/jo/project_RobotEngineering_3/my_robot/install/py_custom_srv_pkg/share/ament_index/resource_index/packages
copying package.xml -> /home/jo/project_RobotEngineering_3/my_robot/install/py_custom_srv_pkg/share/py_custom_srv_pkg
creating /home/jo/project_RobotEngineering_3/my_robot/install/py_custom_srv_pkg/share/py_custom_srv_pkg/launch
copying launch/rtabmap_realsense.launch.py -> /home/jo/project_RobotEngineering_3/my_robot/install/py_custom_srv_pkg/share/py_custom_srv_pkg/launch
running install_egg_info
Copying ../../build/py_custom_srv_pkg/py_custom_srv_pkg.egg-info to /home/jo/project_RobotEngineering_3/my_robot/install/py_custom_srv_pkg/lib/python3.10/site-packages/py_custom_srv_pkg-0.0.0-py3.10.egg-info
running install_scripts
Installing py_custom_client script to /home/jo/project_RobotEngineering_3/my_robot/install/py_custom_srv_pkg/lib/py_custom_srv_pkg
Installing py_custom_server script to /home/jo/project_RobotEngineering_3/my_robot/install/py_custom_srv_pkg/lib/py_custom_srv_pkg
Installing realsense_test script to /home/jo/project_RobotEngineering_3/my_robot/install/py_custom_srv_pkg/lib/py_custom_srv_pkg
writing list of installed files to '/home/jo/project_RobotEngineering_3/my_robot/build/py_custom_srv_pkg/install.log'
