[0.606s] Invoking command in '/home/jo/project_RobotEngineering_3/my_robot/src/py_custom_srv_pkg': CMAKE_PREFIX_PATH=/home/jo/project_RobotEngineering_3/my_robot/install/my_custom_srv_pkg:/home/jo/project_RobotEngineering_3/my_robot/install/realsense2_description:/home/jo/project_RobotEngineering_3/my_robot/install/realsense2_camera:/home/jo/project_RobotEngineering_3/my_robot/install/realsense2_camera_msgs LD_LIBRARY_PATH=/home/jo/project_RobotEngineering_3/my_robot/install/my_custom_srv_pkg/lib:/home/jo/project_RobotEngineering_3/my_robot/install/realsense2_camera/lib:/home/jo/project_RobotEngineering_3/my_robot/install/realsense2_camera_msgs/lib:/usr/lib/x86_64-linux-gnu/gazebo-11/plugins:/opt/ros/humble/opt/rviz_ogre_vendor/lib:/opt/ros/humble/lib/x86_64-linux-gnu:/opt/ros/humble/lib:/usr/lib/x86_64-linux-gnu/gazebo-11/plugins:/usr/lib/x86_64-linux-gnu/gazebo-11/plugins:/usr/lib/x86_64-linux-gnu/gazebo-11/plugins:/usr/lib/x86_64-linux-gnu/gazebo-11/plugins:/usr/lib/x86_64-linux-gnu/gazebo-11/plugins:/usr/lib/x86_64-linux-gnu/gazebo-11/plugins:/usr/lib/x86_64-linux-gnu/gazebo-11/plugins:/usr/lib/x86_64-linux-gnu/gazebo-11/plugins:/usr/lib/x86_64-linux-gnu/gazebo-11/plugins:/usr/lib/x86_64-linux-gnu/gazebo-11/plugins PYTHONPATH=/home/jo/project_RobotEngineering_3/my_robot/build/py_custom_srv_pkg/prefix_override:/usr/lib/python3/dist-packages/colcon_core/task/python/colcon_distutils_commands:/home/jo/project_RobotEngineering_3/my_robot/install/py_custom_srv_pkg/lib/python3.10/site-packages:${PYTHONPATH} /usr/bin/python3 -W ignore:setup.py install is deprecated -W ignore:easy_install command is deprecated setup.py egg_info --egg-base ../../build/py_custom_srv_pkg build --build-base /home/jo/project_RobotEngineering_3/my_robot/build/py_custom_srv_pkg/build install --record /home/jo/project_RobotEngineering_3/my_robot/build/py_custom_srv_pkg/install.log --single-version-externally-managed install_data
[0.870s] running egg_info
[0.870s] creating ../../build/py_custom_srv_pkg/py_custom_srv_pkg.egg-info
[0.871s] writing ../../build/py_custom_srv_pkg/py_custom_srv_pkg.egg-info/PKG-INFO
[0.871s] writing dependency_links to ../../build/py_custom_srv_pkg/py_custom_srv_pkg.egg-info/dependency_links.txt
[0.871s] writing entry points to ../../build/py_custom_srv_pkg/py_custom_srv_pkg.egg-info/entry_points.txt
[0.871s] writing requirements to ../../build/py_custom_srv_pkg/py_custom_srv_pkg.egg-info/requires.txt
[0.871s] writing top-level names to ../../build/py_custom_srv_pkg/py_custom_srv_pkg.egg-info/top_level.txt
[0.871s] writing manifest file '../../build/py_custom_srv_pkg/py_custom_srv_pkg.egg-info/SOURCES.txt'
[0.873s] reading manifest file '../../build/py_custom_srv_pkg/py_custom_srv_pkg.egg-info/SOURCES.txt'
[0.874s] writing manifest file '../../build/py_custom_srv_pkg/py_custom_srv_pkg.egg-info/SOURCES.txt'
[0.874s] running build
[0.874s] running build_py
[0.874s] creating /home/jo/project_RobotEngineering_3/my_robot/build/py_custom_srv_pkg/build
[0.874s] creating /home/jo/project_RobotEngineering_3/my_robot/build/py_custom_srv_pkg/build/lib
[0.874s] creating /home/jo/project_RobotEngineering_3/my_robot/build/py_custom_srv_pkg/build/lib/py_custom_srv_pkg
[0.874s] copying py_custom_srv_pkg/realsense_test.py -> /home/jo/project_RobotEngineering_3/my_robot/build/py_custom_srv_pkg/build/lib/py_custom_srv_pkg
[0.874s] copying py_custom_srv_pkg/py_custom_client.py -> /home/jo/project_RobotEngineering_3/my_robot/build/py_custom_srv_pkg/build/lib/py_custom_srv_pkg
[0.875s] copying py_custom_srv_pkg/py_custom_server.py -> /home/jo/project_RobotEngineering_3/my_robot/build/py_custom_srv_pkg/build/lib/py_custom_srv_pkg
[0.875s] copying py_custom_srv_pkg/__init__.py -> /home/jo/project_RobotEngineering_3/my_robot/build/py_custom_srv_pkg/build/lib/py_custom_srv_pkg
[0.875s] running install
[0.875s] running install_lib
[0.875s] creating /home/jo/project_RobotEngineering_3/my_robot/install/py_custom_srv_pkg/lib/python3.10/site-packages/py_custom_srv_pkg
[0.875s] copying /home/jo/project_RobotEngineering_3/my_robot/build/py_custom_srv_pkg/build/lib/py_custom_srv_pkg/realsense_test.py -> /home/jo/project_RobotEngineering_3/my_robot/install/py_custom_srv_pkg/lib/python3.10/site-packages/py_custom_srv_pkg
[0.875s] copying /home/jo/project_RobotEngineering_3/my_robot/build/py_custom_srv_pkg/build/lib/py_custom_srv_pkg/py_custom_client.py -> /home/jo/project_RobotEngineering_3/my_robot/install/py_custom_srv_pkg/lib/python3.10/site-packages/py_custom_srv_pkg
[0.875s] copying /home/jo/project_RobotEngineering_3/my_robot/build/py_custom_srv_pkg/build/lib/py_custom_srv_pkg/py_custom_server.py -> /home/jo/project_RobotEngineering_3/my_robot/install/py_custom_srv_pkg/lib/python3.10/site-packages/py_custom_srv_pkg
[0.876s] copying /home/jo/project_RobotEngineering_3/my_robot/build/py_custom_srv_pkg/build/lib/py_custom_srv_pkg/__init__.py -> /home/jo/project_RobotEngineering_3/my_robot/install/py_custom_srv_pkg/lib/python3.10/site-packages/py_custom_srv_pkg
[0.876s] byte-compiling /home/jo/project_RobotEngineering_3/my_robot/install/py_custom_srv_pkg/lib/python3.10/site-packages/py_custom_srv_pkg/realsense_test.py to realsense_test.cpython-310.pyc
[0.876s] byte-compiling /home/jo/project_RobotEngineering_3/my_robot/install/py_custom_srv_pkg/lib/python3.10/site-packages/py_custom_srv_pkg/py_custom_client.py to py_custom_client.cpython-310.pyc
[0.877s] byte-compiling /home/jo/project_RobotEngineering_3/my_robot/install/py_custom_srv_pkg/lib/python3.10/site-packages/py_custom_srv_pkg/py_custom_server.py to py_custom_server.cpython-310.pyc
[0.877s] byte-compiling /home/jo/project_RobotEngineering_3/my_robot/install/py_custom_srv_pkg/lib/python3.10/site-packages/py_custom_srv_pkg/__init__.py to __init__.cpython-310.pyc
[0.877s] running install_data
[0.877s] creating /home/jo/project_RobotEngineering_3/my_robot/install/py_custom_srv_pkg/share/ament_index
[0.877s] creating /home/jo/project_RobotEngineering_3/my_robot/install/py_custom_srv_pkg/share/ament_index/resource_index
[0.878s] creating /home/jo/project_RobotEngineering_3/my_robot/install/py_custom_srv_pkg/share/ament_index/resource_index/packages
[0.878s] copying resource/py_custom_srv_pkg -> /home/jo/project_RobotEngineering_3/my_robot/install/py_custom_srv_pkg/share/ament_index/resource_index/packages
[0.878s] copying package.xml -> /home/jo/project_RobotEngineering_3/my_robot/install/py_custom_srv_pkg/share/py_custom_srv_pkg
[0.878s] creating /home/jo/project_RobotEngineering_3/my_robot/install/py_custom_srv_pkg/share/py_custom_srv_pkg/launch
[0.878s] copying launch/rtabmap_realsense.launch.py -> /home/jo/project_RobotEngineering_3/my_robot/install/py_custom_srv_pkg/share/py_custom_srv_pkg/launch
[0.878s] running install_egg_info
[0.879s] Copying ../../build/py_custom_srv_pkg/py_custom_srv_pkg.egg-info to /home/jo/project_RobotEngineering_3/my_robot/install/py_custom_srv_pkg/lib/python3.10/site-packages/py_custom_srv_pkg-0.0.0-py3.10.egg-info
[0.880s] running install_scripts
[0.898s] Installing py_custom_client script to /home/jo/project_RobotEngineering_3/my_robot/install/py_custom_srv_pkg/lib/py_custom_srv_pkg
[0.898s] Installing py_custom_server script to /home/jo/project_RobotEngineering_3/my_robot/install/py_custom_srv_pkg/lib/py_custom_srv_pkg
[0.898s] Installing realsense_test script to /home/jo/project_RobotEngineering_3/my_robot/install/py_custom_srv_pkg/lib/py_custom_srv_pkg
[0.898s] writing list of installed files to '/home/jo/project_RobotEngineering_3/my_robot/build/py_custom_srv_pkg/install.log'
[0.921s] Invoked command in '/home/jo/project_RobotEngineering_3/my_robot/src/py_custom_srv_pkg' returned '0': CMAKE_PREFIX_PATH=/home/jo/project_RobotEngineering_3/my_robot/install/my_custom_srv_pkg:/home/jo/project_RobotEngineering_3/my_robot/install/realsense2_description:/home/jo/project_RobotEngineering_3/my_robot/install/realsense2_camera:/home/jo/project_RobotEngineering_3/my_robot/install/realsense2_camera_msgs LD_LIBRARY_PATH=/home/jo/project_RobotEngineering_3/my_robot/install/my_custom_srv_pkg/lib:/home/jo/project_RobotEngineering_3/my_robot/install/realsense2_camera/lib:/home/jo/project_RobotEngineering_3/my_robot/install/realsense2_camera_msgs/lib:/usr/lib/x86_64-linux-gnu/gazebo-11/plugins:/opt/ros/humble/opt/rviz_ogre_vendor/lib:/opt/ros/humble/lib/x86_64-linux-gnu:/opt/ros/humble/lib:/usr/lib/x86_64-linux-gnu/gazebo-11/plugins:/usr/lib/x86_64-linux-gnu/gazebo-11/plugins:/usr/lib/x86_64-linux-gnu/gazebo-11/plugins:/usr/lib/x86_64-linux-gnu/gazebo-11/plugins:/usr/lib/x86_64-linux-gnu/gazebo-11/plugins:/usr/lib/x86_64-linux-gnu/gazebo-11/plugins:/usr/lib/x86_64-linux-gnu/gazebo-11/plugins:/usr/lib/x86_64-linux-gnu/gazebo-11/plugins:/usr/lib/x86_64-linux-gnu/gazebo-11/plugins:/usr/lib/x86_64-linux-gnu/gazebo-11/plugins PYTHONPATH=/home/jo/project_RobotEngineering_3/my_robot/build/py_custom_srv_pkg/prefix_override:/usr/lib/python3/dist-packages/colcon_core/task/python/colcon_distutils_commands:/home/jo/project_RobotEngineering_3/my_robot/install/py_custom_srv_pkg/lib/python3.10/site-packages:${PYTHONPATH} /usr/bin/python3 -W ignore:setup.py install is deprecated -W ignore:easy_install command is deprecated setup.py egg_info --egg-base ../../build/py_custom_srv_pkg build --build-base /home/jo/project_RobotEngineering_3/my_robot/build/py_custom_srv_pkg/build install --record /home/jo/project_RobotEngineering_3/my_robot/build/py_custom_srv_pkg/install.log --single-version-externally-managed install_data
