[0.007s] Invoking command in '/home/jo/project_RobotEngineering_3/my_robot/build/my_command_pkg': CMAKE_PREFIX_PATH=${CMAKE_PREFIX_PATH}:/home/jo/project_RobotEngineering_3/my_robot/install/my_robot_pkg:/opt/ros/humble /usr/bin/cmake --build /home/jo/project_RobotEngineering_3/my_robot/build/my_command_pkg -- -j12 -l12
[0.028s] -- Found ament_cmake: 1.3.12 (/opt/ros/humble/share/ament_cmake/cmake)
[0.132s] -- Found std_msgs: 4.9.0 (/opt/ros/humble/share/std_msgs/cmake)
[0.158s] -- Found rosidl_generator_c: 3.1.7 (/opt/ros/humble/share/rosidl_generator_c/cmake)
[0.160s] -- Found rosidl_adapter: 3.1.7 (/opt/ros/humble/share/rosidl_adapter/cmake)
[0.166s] -- Found rosidl_generator_cpp: 3.1.7 (/opt/ros/humble/share/rosidl_generator_cpp/cmake)
[0.173s] -- Using all available rosidl_typesupport_c: rosidl_typesupport_fastrtps_c;rosidl_typesupport_introspection_c
[0.180s] -- Using all available rosidl_typesupport_cpp: rosidl_typesupport_fastrtps_cpp;rosidl_typesupport_introspection_cpp
[0.194s] -- Found rosidl_default_generators: 1.2.0 (/opt/ros/humble/share/rosidl_default_generators/cmake)
[0.425s] -- Found ament_cmake_ros: 0.10.0 (/opt/ros/humble/share/ament_cmake_ros/cmake)
[0.693s] -- Using all available rosidl_typesupport_c: rosidl_typesupport_fastrtps_c;rosidl_typesupport_introspection_c
[0.792s] -- Using all available rosidl_typesupport_cpp: rosidl_typesupport_fastrtps_cpp;rosidl_typesupport_introspection_cpp
[0.812s] -- Found python_cmake_module: 0.10.0 (/opt/ros/humble/share/python_cmake_module/cmake)
[0.830s] -- Using PYTHON_EXECUTABLE: /usr/bin/python3
[0.830s] -- Using PYTHON_INCLUDE_DIRS: /usr/include/python3.10
[0.830s] -- Using PYTHON_LIBRARIES: /usr/lib/x86_64-linux-gnu/libpython3.10.so
[0.848s] -- Configuring done
[0.866s] -- Generating done
[0.878s] -- Build files have been written to: /home/jo/project_RobotEngineering_3/my_robot/build/my_command_pkg
[0.901s] [  2%] [34m[1mGenerating C code for ROS interfaces[0m
[0.911s] [  5%] [34m[1mGenerating C++ code for ROS interfaces[0m
[0.917s] [  5%] Built target ament_cmake_python_copy_my_command_pkg
[1.098s] running egg_info
[1.098s] writing my_command_pkg.egg-info/PKG-INFO
[1.098s] writing dependency_links to my_command_pkg.egg-info/dependency_links.txt
[1.098s] writing top-level names to my_command_pkg.egg-info/top_level.txt
[1.100s] reading manifest file 'my_command_pkg.egg-info/SOURCES.txt'
[1.100s] writing manifest file 'my_command_pkg.egg-info/SOURCES.txt'
[1.125s] [  5%] Built target ament_cmake_python_build_my_command_pkg_egg
[1.132s] [  5%] Built target my_command_pkg__cpp
[1.141s] [  7%] [34m[1mGenerating C++ type support dispatch for ROS interfaces[0m
[1.142s] [ 12%] [34m[1mGenerating C++ introspection for ROS interfaces[0m
[1.143s] [ 12%] [34m[1mGenerating C++ type support for eProsima Fast-RTPS[0m
[1.250s] [35m[1mConsolidate compiler generated dependencies of target my_command_pkg__rosidl_generator_c[0m
[1.262s] [ 17%] [32mBuilding C object CMakeFiles/my_command_pkg__rosidl_generator_c.dir/rosidl_generator_c/my_command_pkg/srv/detail/send_position__functions.c.o[0m
[1.262s] [ 17%] [32mBuilding C object CMakeFiles/my_command_pkg__rosidl_generator_c.dir/rosidl_generator_c/my_command_pkg/srv/detail/command__functions.c.o[0m
[1.325s] [ 20%] [32m[1mLinking C shared library libmy_command_pkg__rosidl_generator_c.so[0m
[1.331s] [35m[1mConsolidate compiler generated dependencies of target my_command_pkg__rosidl_typesupport_cpp[0m
[1.344s] [ 23%] [32mBuilding CXX object CMakeFiles/my_command_pkg__rosidl_typesupport_cpp.dir/rosidl_typesupport_cpp/my_command_pkg/srv/command__type_support.cpp.o[0m
[1.344s] [ 25%] [32mBuilding CXX object CMakeFiles/my_command_pkg__rosidl_typesupport_cpp.dir/rosidl_typesupport_cpp/my_command_pkg/srv/send_position__type_support.cpp.o[0m
[1.355s] [35m[1mConsolidate compiler generated dependencies of target my_command_pkg__rosidl_typesupport_introspection_cpp[0m
[1.363s] [ 25%] Built target my_command_pkg__rosidl_generator_c
[1.367s] [ 28%] [32mBuilding CXX object CMakeFiles/my_command_pkg__rosidl_typesupport_introspection_cpp.dir/rosidl_typesupport_introspection_cpp/my_command_pkg/srv/detail/command__type_support.cpp.o[0m
[1.367s] [ 30%] [32mBuilding CXX object CMakeFiles/my_command_pkg__rosidl_typesupport_introspection_cpp.dir/rosidl_typesupport_introspection_cpp/my_command_pkg/srv/detail/send_position__type_support.cpp.o[0m
[1.370s] [ 33%] [34m[1mGenerating C introspection for ROS interfaces[0m
[1.374s] [ 35%] [34m[1mGenerating C type support dispatch for ROS interfaces[0m
[1.375s] [ 38%] [34m[1mGenerating C type support for eProsima Fast-RTPS[0m
[1.517s] [35m[1mConsolidate compiler generated dependencies of target my_command_pkg__rosidl_typesupport_fastrtps_cpp[0m
[1.541s] [ 41%] [32mBuilding CXX object CMakeFiles/my_command_pkg__rosidl_typesupport_fastrtps_cpp.dir/rosidl_typesupport_fastrtps_cpp/my_command_pkg/srv/detail/dds_fastrtps/command__type_support.cpp.o[0m
[1.541s] [ 43%] [32mBuilding CXX object CMakeFiles/my_command_pkg__rosidl_typesupport_fastrtps_cpp.dir/rosidl_typesupport_fastrtps_cpp/my_command_pkg/srv/detail/dds_fastrtps/send_position__type_support.cpp.o[0m
[1.639s] [35m[1mConsolidate compiler generated dependencies of target my_command_pkg__rosidl_typesupport_introspection_c[0m
[1.650s] [ 46%] [32mBuilding C object CMakeFiles/my_command_pkg__rosidl_typesupport_introspection_c.dir/rosidl_typesupport_introspection_c/my_command_pkg/srv/detail/send_position__type_support.c.o[0m
[1.652s] [ 48%] [32mBuilding C object CMakeFiles/my_command_pkg__rosidl_typesupport_introspection_c.dir/rosidl_typesupport_introspection_c/my_command_pkg/srv/detail/command__type_support.c.o[0m
[1.671s] [35m[1mConsolidate compiler generated dependencies of target my_command_pkg__rosidl_typesupport_c[0m
[1.684s] [ 53%] [32mBuilding CXX object CMakeFiles/my_command_pkg__rosidl_typesupport_c.dir/rosidl_typesupport_c/my_command_pkg/srv/command__type_support.cpp.o[0m
[1.684s] [ 53%] [32mBuilding CXX object CMakeFiles/my_command_pkg__rosidl_typesupport_c.dir/rosidl_typesupport_c/my_command_pkg/srv/send_position__type_support.cpp.o[0m
[1.694s] [ 56%] [32m[1mLinking C shared library libmy_command_pkg__rosidl_typesupport_introspection_c.so[0m
[1.697s] [ 58%] [32m[1mLinking CXX shared library libmy_command_pkg__rosidl_typesupport_cpp.so[0m
[1.721s] [ 58%] Built target my_command_pkg__rosidl_typesupport_introspection_c
[1.725s] [ 61%] [32m[1mLinking CXX shared library libmy_command_pkg__rosidl_typesupport_c.so[0m
[1.736s] [ 61%] Built target my_command_pkg__rosidl_typesupport_cpp
[1.771s] [ 61%] Built target my_command_pkg__rosidl_typesupport_c
[1.787s] [35m[1mConsolidate compiler generated dependencies of target my_command_pkg__rosidl_typesupport_fastrtps_c[0m
[1.802s] [ 66%] [32mBuilding CXX object CMakeFiles/my_command_pkg__rosidl_typesupport_fastrtps_c.dir/rosidl_typesupport_fastrtps_c/my_command_pkg/srv/detail/send_position__type_support_c.cpp.o[0m
[1.802s] [ 66%] [32mBuilding CXX object CMakeFiles/my_command_pkg__rosidl_typesupport_fastrtps_c.dir/rosidl_typesupport_fastrtps_c/my_command_pkg/srv/detail/command__type_support_c.cpp.o[0m
[1.858s] [ 69%] [32m[1mLinking CXX shared library libmy_command_pkg__rosidl_typesupport_introspection_cpp.so[0m
[1.922s] [ 69%] Built target my_command_pkg__rosidl_typesupport_introspection_cpp
[2.022s] [ 71%] [32m[1mLinking CXX shared library libmy_command_pkg__rosidl_typesupport_fastrtps_cpp.so[0m
[2.070s] [ 74%] [32m[1mLinking CXX shared library libmy_command_pkg__rosidl_typesupport_fastrtps_c.so[0m
[2.077s] [ 74%] Built target my_command_pkg__rosidl_typesupport_fastrtps_cpp
[2.122s] [ 74%] Built target my_command_pkg__rosidl_typesupport_fastrtps_c
[2.139s] [ 74%] Built target my_command_pkg
[2.157s] [ 76%] [34m[1mGenerating Python code for ROS interfaces[0m
[2.427s] [ 76%] Built target my_command_pkg__py
[2.436s] [35m[1mConsolidate compiler generated dependencies of target my_command_pkg__rosidl_generator_py[0m
[2.448s] [ 79%] [32mBuilding C object CMakeFiles/my_command_pkg__rosidl_generator_py.dir/rosidl_generator_py/my_command_pkg/srv/_send_position_s.c.o[0m
[2.449s] [ 82%] [32mBuilding C object CMakeFiles/my_command_pkg__rosidl_generator_py.dir/rosidl_generator_py/my_command_pkg/srv/_command_s.c.o[0m
[2.516s] [ 84%] [32m[1mLinking C shared library rosidl_generator_py/my_command_pkg/libmy_command_pkg__rosidl_generator_py.so[0m
[2.546s] [ 84%] Built target my_command_pkg__rosidl_generator_py
[2.555s] [35m[1mConsolidate compiler generated dependencies of target my_command_pkg__rosidl_typesupport_fastrtps_c__pyext[0m
[2.555s] [35m[1mConsolidate compiler generated dependencies of target my_command_pkg__rosidl_typesupport_c__pyext[0m
[2.555s] [35m[1mConsolidate compiler generated dependencies of target my_command_pkg__rosidl_typesupport_introspection_c__pyext[0m
[2.566s] [ 87%] [32mBuilding C object CMakeFiles/my_command_pkg__rosidl_typesupport_c__pyext.dir/rosidl_generator_py/my_command_pkg/_my_command_pkg_s.ep.rosidl_typesupport_c.c.o[0m
[2.567s] [ 92%] [32mBuilding C object CMakeFiles/my_command_pkg__rosidl_typesupport_introspection_c__pyext.dir/rosidl_generator_py/my_command_pkg/_my_command_pkg_s.ep.rosidl_typesupport_introspection_c.c.o[0m
[2.567s] [ 92%] [32mBuilding C object CMakeFiles/my_command_pkg__rosidl_typesupport_fastrtps_c__pyext.dir/rosidl_generator_py/my_command_pkg/_my_command_pkg_s.ep.rosidl_typesupport_fastrtps_c.c.o[0m
[2.644s] [ 94%] [32m[1mLinking C shared library rosidl_generator_py/my_command_pkg/my_command_pkg_s__rosidl_typesupport_introspection_c.cpython-310-x86_64-linux-gnu.so[0m
[2.669s] [ 97%] [32m[1mLinking C shared library rosidl_generator_py/my_command_pkg/my_command_pkg_s__rosidl_typesupport_c.cpython-310-x86_64-linux-gnu.so[0m
[2.669s] [100%] [32m[1mLinking C shared library rosidl_generator_py/my_command_pkg/my_command_pkg_s__rosidl_typesupport_fastrtps_c.cpython-310-x86_64-linux-gnu.so[0m
[2.677s] [100%] Built target my_command_pkg__rosidl_typesupport_introspection_c__pyext
[2.703s] [100%] Built target my_command_pkg__rosidl_typesupport_c__pyext
[2.706s] [100%] Built target my_command_pkg__rosidl_typesupport_fastrtps_c__pyext
[2.716s] Invoked command in '/home/jo/project_RobotEngineering_3/my_robot/build/my_command_pkg' returned '0': CMAKE_PREFIX_PATH=${CMAKE_PREFIX_PATH}:/home/jo/project_RobotEngineering_3/my_robot/install/my_robot_pkg:/opt/ros/humble /usr/bin/cmake --build /home/jo/project_RobotEngineering_3/my_robot/build/my_command_pkg -- -j12 -l12
[2.717s] Invoking command in '/home/jo/project_RobotEngineering_3/my_robot/build/my_command_pkg': CMAKE_PREFIX_PATH=${CMAKE_PREFIX_PATH}:/home/jo/project_RobotEngineering_3/my_robot/install/my_robot_pkg:/opt/ros/humble /usr/bin/cmake --install /home/jo/project_RobotEngineering_3/my_robot/build/my_command_pkg
[2.726s] -- Install configuration: ""
[2.726s] -- Up-to-date: /home/jo/project_RobotEngineering_3/my_robot/install/my_command_pkg/share/ament_index/resource_index/rosidl_interfaces/my_command_pkg
[2.726s] -- Up-to-date: /home/jo/project_RobotEngineering_3/my_robot/install/my_command_pkg/include/my_command_pkg/my_command_pkg
[2.726s] -- Up-to-date: /home/jo/project_RobotEngineering_3/my_robot/install/my_command_pkg/include/my_command_pkg/my_command_pkg/srv
[2.726s] -- Up-to-date: /home/jo/project_RobotEngineering_3/my_robot/install/my_command_pkg/include/my_command_pkg/my_command_pkg/srv/detail
[2.727s] -- Installing: /home/jo/project_RobotEngineering_3/my_robot/install/my_command_pkg/include/my_command_pkg/my_command_pkg/srv/detail/command__functions.h
[2.727s] -- Installing: /home/jo/project_RobotEngineering_3/my_robot/install/my_command_pkg/include/my_command_pkg/my_command_pkg/srv/detail/send_position__struct.h
[2.727s] -- Installing: /home/jo/project_RobotEngineering_3/my_robot/install/my_command_pkg/include/my_command_pkg/my_command_pkg/srv/detail/command__functions.c
[2.727s] -- Installing: /home/jo/project_RobotEngineering_3/my_robot/install/my_command_pkg/include/my_command_pkg/my_command_pkg/srv/detail/send_position__functions.c
[2.727s] -- Installing: /home/jo/project_RobotEngineering_3/my_robot/install/my_command_pkg/include/my_command_pkg/my_command_pkg/srv/detail/command__struct.h
[2.727s] -- Installing: /home/jo/project_RobotEngineering_3/my_robot/install/my_command_pkg/include/my_command_pkg/my_command_pkg/srv/detail/send_position__type_support.h
[2.727s] -- Installing: /home/jo/project_RobotEngineering_3/my_robot/install/my_command_pkg/include/my_command_pkg/my_command_pkg/srv/detail/command__type_support.h
[2.727s] -- Installing: /home/jo/project_RobotEngineering_3/my_robot/install/my_command_pkg/include/my_command_pkg/my_command_pkg/srv/detail/send_position__functions.h
[2.727s] -- Installing: /home/jo/project_RobotEngineering_3/my_robot/install/my_command_pkg/include/my_command_pkg/my_command_pkg/srv/send_position.h
[2.727s] -- Installing: /home/jo/project_RobotEngineering_3/my_robot/install/my_command_pkg/include/my_command_pkg/my_command_pkg/srv/command.h
[2.727s] -- Up-to-date: /home/jo/project_RobotEngineering_3/my_robot/install/my_command_pkg/include/my_command_pkg/my_command_pkg/msg
[2.728s] -- Up-to-date: /home/jo/project_RobotEngineering_3/my_robot/install/my_command_pkg/include/my_command_pkg/my_command_pkg/msg/rosidl_generator_c__visibility_control.h
[2.728s] -- Up-to-date: /home/jo/project_RobotEngineering_3/my_robot/install/my_command_pkg/share/my_command_pkg/environment/library_path.sh
[2.728s] -- Installing: /home/jo/project_RobotEngineering_3/my_robot/install/my_command_pkg/share/my_command_pkg/environment/library_path.dsv
[2.728s] -- Installing: /home/jo/project_RobotEngineering_3/my_robot/install/my_command_pkg/lib/libmy_command_pkg__rosidl_generator_c.so
[2.728s] -- Set runtime path of "/home/jo/project_RobotEngineering_3/my_robot/install/my_command_pkg/lib/libmy_command_pkg__rosidl_generator_c.so" to ""
[2.728s] -- Up-to-date: /home/jo/project_RobotEngineering_3/my_robot/install/my_command_pkg/include/my_command_pkg/my_command_pkg
[2.729s] -- Up-to-date: /home/jo/project_RobotEngineering_3/my_robot/install/my_command_pkg/include/my_command_pkg/my_command_pkg/srv
[2.729s] -- Up-to-date: /home/jo/project_RobotEngineering_3/my_robot/install/my_command_pkg/include/my_command_pkg/my_command_pkg/srv/detail
[2.729s] -- Installing: /home/jo/project_RobotEngineering_3/my_robot/install/my_command_pkg/include/my_command_pkg/my_command_pkg/srv/detail/command__rosidl_typesupport_fastrtps_c.h
[2.729s] -- Installing: /home/jo/project_RobotEngineering_3/my_robot/install/my_command_pkg/include/my_command_pkg/my_command_pkg/srv/detail/send_position__rosidl_typesupport_fastrtps_c.h
[2.729s] -- Up-to-date: /home/jo/project_RobotEngineering_3/my_robot/install/my_command_pkg/include/my_command_pkg/my_command_pkg/msg
[2.729s] -- Up-to-date: /home/jo/project_RobotEngineering_3/my_robot/install/my_command_pkg/include/my_command_pkg/my_command_pkg/msg/rosidl_typesupport_fastrtps_c__visibility_control.h
[2.729s] -- Installing: /home/jo/project_RobotEngineering_3/my_robot/install/my_command_pkg/lib/libmy_command_pkg__rosidl_typesupport_fastrtps_c.so
[2.729s] -- Set runtime path of "/home/jo/project_RobotEngineering_3/my_robot/install/my_command_pkg/lib/libmy_command_pkg__rosidl_typesupport_fastrtps_c.so" to ""
[2.729s] -- Up-to-date: /home/jo/project_RobotEngineering_3/my_robot/install/my_command_pkg/include/my_command_pkg/my_command_pkg
[2.730s] -- Up-to-date: /home/jo/project_RobotEngineering_3/my_robot/install/my_command_pkg/include/my_command_pkg/my_command_pkg/srv
[2.730s] -- Up-to-date: /home/jo/project_RobotEngineering_3/my_robot/install/my_command_pkg/include/my_command_pkg/my_command_pkg/srv/detail
[2.730s] -- Installing: /home/jo/project_RobotEngineering_3/my_robot/install/my_command_pkg/include/my_command_pkg/my_command_pkg/srv/detail/send_position__builder.hpp
[2.730s] -- Installing: /home/jo/project_RobotEngineering_3/my_robot/install/my_command_pkg/include/my_command_pkg/my_command_pkg/srv/detail/send_position__struct.hpp
[2.730s] -- Installing: /home/jo/project_RobotEngineering_3/my_robot/install/my_command_pkg/include/my_command_pkg/my_command_pkg/srv/detail/command__type_support.hpp
[2.730s] -- Installing: /home/jo/project_RobotEngineering_3/my_robot/install/my_command_pkg/include/my_command_pkg/my_command_pkg/srv/detail/command__struct.hpp
[2.730s] -- Installing: /home/jo/project_RobotEngineering_3/my_robot/install/my_command_pkg/include/my_command_pkg/my_command_pkg/srv/detail/send_position__type_support.hpp
[2.730s] -- Installing: /home/jo/project_RobotEngineering_3/my_robot/install/my_command_pkg/include/my_command_pkg/my_command_pkg/srv/detail/send_position__traits.hpp
[2.730s] -- Installing: /home/jo/project_RobotEngineering_3/my_robot/install/my_command_pkg/include/my_command_pkg/my_command_pkg/srv/detail/command__traits.hpp
[2.730s] -- Installing: /home/jo/project_RobotEngineering_3/my_robot/install/my_command_pkg/include/my_command_pkg/my_command_pkg/srv/detail/command__builder.hpp
[2.730s] -- Installing: /home/jo/project_RobotEngineering_3/my_robot/install/my_command_pkg/include/my_command_pkg/my_command_pkg/srv/command.hpp
[2.730s] -- Installing: /home/jo/project_RobotEngineering_3/my_robot/install/my_command_pkg/include/my_command_pkg/my_command_pkg/srv/send_position.hpp
[2.731s] -- Up-to-date: /home/jo/project_RobotEngineering_3/my_robot/install/my_command_pkg/include/my_command_pkg/my_command_pkg/msg
[2.731s] -- Up-to-date: /home/jo/project_RobotEngineering_3/my_robot/install/my_command_pkg/include/my_command_pkg/my_command_pkg/msg/rosidl_generator_cpp__visibility_control.hpp
[2.731s] -- Up-to-date: /home/jo/project_RobotEngineering_3/my_robot/install/my_command_pkg/include/my_command_pkg/my_command_pkg
[2.731s] -- Up-to-date: /home/jo/project_RobotEngineering_3/my_robot/install/my_command_pkg/include/my_command_pkg/my_command_pkg/srv
[2.731s] -- Up-to-date: /home/jo/project_RobotEngineering_3/my_robot/install/my_command_pkg/include/my_command_pkg/my_command_pkg/srv/detail
[2.731s] -- Up-to-date: /home/jo/project_RobotEngineering_3/my_robot/install/my_command_pkg/include/my_command_pkg/my_command_pkg/srv/detail/dds_fastrtps
[2.731s] -- Installing: /home/jo/project_RobotEngineering_3/my_robot/install/my_command_pkg/include/my_command_pkg/my_command_pkg/srv/detail/send_position__rosidl_typesupport_fastrtps_cpp.hpp
[2.731s] -- Installing: /home/jo/project_RobotEngineering_3/my_robot/install/my_command_pkg/include/my_command_pkg/my_command_pkg/srv/detail/command__rosidl_typesupport_fastrtps_cpp.hpp
[2.731s] -- Up-to-date: /home/jo/project_RobotEngineering_3/my_robot/install/my_command_pkg/include/my_command_pkg/my_command_pkg/msg
[2.731s] -- Up-to-date: /home/jo/project_RobotEngineering_3/my_robot/install/my_command_pkg/include/my_command_pkg/my_command_pkg/msg/rosidl_typesupport_fastrtps_cpp__visibility_control.h
[2.731s] -- Installing: /home/jo/project_RobotEngineering_3/my_robot/install/my_command_pkg/lib/libmy_command_pkg__rosidl_typesupport_fastrtps_cpp.so
[2.731s] -- Set runtime path of "/home/jo/project_RobotEngineering_3/my_robot/install/my_command_pkg/lib/libmy_command_pkg__rosidl_typesupport_fastrtps_cpp.so" to ""
[2.732s] -- Up-to-date: /home/jo/project_RobotEngineering_3/my_robot/install/my_command_pkg/include/my_command_pkg/my_command_pkg
[2.732s] -- Up-to-date: /home/jo/project_RobotEngineering_3/my_robot/install/my_command_pkg/include/my_command_pkg/my_command_pkg/srv
[2.732s] -- Up-to-date: /home/jo/project_RobotEngineering_3/my_robot/install/my_command_pkg/include/my_command_pkg/my_command_pkg/srv/detail
[2.732s] -- Installing: /home/jo/project_RobotEngineering_3/my_robot/install/my_command_pkg/include/my_command_pkg/my_command_pkg/srv/detail/send_position__type_support.c
[2.732s] -- Installing: /home/jo/project_RobotEngineering_3/my_robot/install/my_command_pkg/include/my_command_pkg/my_command_pkg/srv/detail/send_position__rosidl_typesupport_introspection_c.h
[2.732s] -- Installing: /home/jo/project_RobotEngineering_3/my_robot/install/my_command_pkg/include/my_command_pkg/my_command_pkg/srv/detail/command__type_support.c
[2.732s] -- Installing: /home/jo/project_RobotEngineering_3/my_robot/install/my_command_pkg/include/my_command_pkg/my_command_pkg/srv/detail/command__rosidl_typesupport_introspection_c.h
[2.732s] -- Up-to-date: /home/jo/project_RobotEngineering_3/my_robot/install/my_command_pkg/include/my_command_pkg/my_command_pkg/msg
[2.732s] -- Up-to-date: /home/jo/project_RobotEngineering_3/my_robot/install/my_command_pkg/include/my_command_pkg/my_command_pkg/msg/rosidl_typesupport_introspection_c__visibility_control.h
[2.732s] -- Installing: /home/jo/project_RobotEngineering_3/my_robot/install/my_command_pkg/lib/libmy_command_pkg__rosidl_typesupport_introspection_c.so
[2.732s] -- Set runtime path of "/home/jo/project_RobotEngineering_3/my_robot/install/my_command_pkg/lib/libmy_command_pkg__rosidl_typesupport_introspection_c.so" to ""
[2.733s] -- Installing: /home/jo/project_RobotEngineering_3/my_robot/install/my_command_pkg/lib/libmy_command_pkg__rosidl_typesupport_c.so
[2.733s] -- Set runtime path of "/home/jo/project_RobotEngineering_3/my_robot/install/my_command_pkg/lib/libmy_command_pkg__rosidl_typesupport_c.so" to ""
[2.733s] -- Up-to-date: /home/jo/project_RobotEngineering_3/my_robot/install/my_command_pkg/include/my_command_pkg/my_command_pkg
[2.733s] -- Up-to-date: /home/jo/project_RobotEngineering_3/my_robot/install/my_command_pkg/include/my_command_pkg/my_command_pkg/srv
[2.733s] -- Up-to-date: /home/jo/project_RobotEngineering_3/my_robot/install/my_command_pkg/include/my_command_pkg/my_command_pkg/srv/detail
[2.733s] -- Installing: /home/jo/project_RobotEngineering_3/my_robot/install/my_command_pkg/include/my_command_pkg/my_command_pkg/srv/detail/send_position__rosidl_typesupport_introspection_cpp.hpp
[2.733s] -- Installing: /home/jo/project_RobotEngineering_3/my_robot/install/my_command_pkg/include/my_command_pkg/my_command_pkg/srv/detail/command__type_support.cpp
[2.733s] -- Installing: /home/jo/project_RobotEngineering_3/my_robot/install/my_command_pkg/include/my_command_pkg/my_command_pkg/srv/detail/command__rosidl_typesupport_introspection_cpp.hpp
[2.733s] -- Installing: /home/jo/project_RobotEngineering_3/my_robot/install/my_command_pkg/include/my_command_pkg/my_command_pkg/srv/detail/send_position__type_support.cpp
[2.734s] -- Installing: /home/jo/project_RobotEngineering_3/my_robot/install/my_command_pkg/lib/libmy_command_pkg__rosidl_typesupport_introspection_cpp.so
[2.734s] -- Set runtime path of "/home/jo/project_RobotEngineering_3/my_robot/install/my_command_pkg/lib/libmy_command_pkg__rosidl_typesupport_introspection_cpp.so" to ""
[2.734s] -- Installing: /home/jo/project_RobotEngineering_3/my_robot/install/my_command_pkg/lib/libmy_command_pkg__rosidl_typesupport_cpp.so
[2.734s] -- Set runtime path of "/home/jo/project_RobotEngineering_3/my_robot/install/my_command_pkg/lib/libmy_command_pkg__rosidl_typesupport_cpp.so" to ""
[2.734s] -- Up-to-date: /home/jo/project_RobotEngineering_3/my_robot/install/my_command_pkg/share/my_command_pkg/environment/pythonpath.sh
[2.734s] -- Installing: /home/jo/project_RobotEngineering_3/my_robot/install/my_command_pkg/share/my_command_pkg/environment/pythonpath.dsv
[2.734s] -- Up-to-date: /home/jo/project_RobotEngineering_3/my_robot/install/my_command_pkg/local/lib/python3.10/dist-packages/my_command_pkg-0.0.0-py3.10.egg-info
[2.735s] -- Installing: /home/jo/project_RobotEngineering_3/my_robot/install/my_command_pkg/local/lib/python3.10/dist-packages/my_command_pkg-0.0.0-py3.10.egg-info/top_level.txt
[2.735s] -- Installing: /home/jo/project_RobotEngineering_3/my_robot/install/my_command_pkg/local/lib/python3.10/dist-packages/my_command_pkg-0.0.0-py3.10.egg-info/dependency_links.txt
[2.735s] -- Installing: /home/jo/project_RobotEngineering_3/my_robot/install/my_command_pkg/local/lib/python3.10/dist-packages/my_command_pkg-0.0.0-py3.10.egg-info/PKG-INFO
[2.735s] -- Installing: /home/jo/project_RobotEngineering_3/my_robot/install/my_command_pkg/local/lib/python3.10/dist-packages/my_command_pkg-0.0.0-py3.10.egg-info/SOURCES.txt
[2.735s] -- Up-to-date: /home/jo/project_RobotEngineering_3/my_robot/install/my_command_pkg/local/lib/python3.10/dist-packages/my_command_pkg
[2.735s] -- Installing: /home/jo/project_RobotEngineering_3/my_robot/install/my_command_pkg/local/lib/python3.10/dist-packages/my_command_pkg/_my_command_pkg_s.ep.rosidl_typesupport_fastrtps_c.c
[2.735s] -- Installing: /home/jo/project_RobotEngineering_3/my_robot/install/my_command_pkg/local/lib/python3.10/dist-packages/my_command_pkg/_my_command_pkg_s.ep.rosidl_typesupport_introspection_c.c
[2.735s] -- Up-to-date: /home/jo/project_RobotEngineering_3/my_robot/install/my_command_pkg/local/lib/python3.10/dist-packages/my_command_pkg/srv
[2.735s] -- Installing: /home/jo/project_RobotEngineering_3/my_robot/install/my_command_pkg/local/lib/python3.10/dist-packages/my_command_pkg/srv/_send_position_s.c
[2.735s] -- Installing: /home/jo/project_RobotEngineering_3/my_robot/install/my_command_pkg/local/lib/python3.10/dist-packages/my_command_pkg/srv/_command.py
[2.735s] -- Installing: /home/jo/project_RobotEngineering_3/my_robot/install/my_command_pkg/local/lib/python3.10/dist-packages/my_command_pkg/srv/_send_position.py
[2.736s] -- Installing: /home/jo/project_RobotEngineering_3/my_robot/install/my_command_pkg/local/lib/python3.10/dist-packages/my_command_pkg/srv/__init__.py
[2.736s] -- Installing: /home/jo/project_RobotEngineering_3/my_robot/install/my_command_pkg/local/lib/python3.10/dist-packages/my_command_pkg/srv/_command_s.c
[2.736s] -- Installing: /home/jo/project_RobotEngineering_3/my_robot/install/my_command_pkg/local/lib/python3.10/dist-packages/my_command_pkg/my_command_pkg_s__rosidl_typesupport_introspection_c.cpython-310-x86_64-linux-gnu.so
[2.736s] -- Installing: /home/jo/project_RobotEngineering_3/my_robot/install/my_command_pkg/local/lib/python3.10/dist-packages/my_command_pkg/my_command_pkg_s__rosidl_typesupport_fastrtps_c.cpython-310-x86_64-linux-gnu.so
[2.736s] -- Installing: /home/jo/project_RobotEngineering_3/my_robot/install/my_command_pkg/local/lib/python3.10/dist-packages/my_command_pkg/libmy_command_pkg__rosidl_generator_py.so
[2.736s] -- Installing: /home/jo/project_RobotEngineering_3/my_robot/install/my_command_pkg/local/lib/python3.10/dist-packages/my_command_pkg/__init__.py
[2.736s] -- Installing: /home/jo/project_RobotEngineering_3/my_robot/install/my_command_pkg/local/lib/python3.10/dist-packages/my_command_pkg/my_command_pkg_s__rosidl_typesupport_c.cpython-310-x86_64-linux-gnu.so
[2.736s] -- Installing: /home/jo/project_RobotEngineering_3/my_robot/install/my_command_pkg/local/lib/python3.10/dist-packages/my_command_pkg/_my_command_pkg_s.ep.rosidl_typesupport_c.c
[2.764s] Listing '/home/jo/project_RobotEngineering_3/my_robot/install/my_command_pkg/local/lib/python3.10/dist-packages/my_command_pkg'...
[2.764s] Compiling '/home/jo/project_RobotEngineering_3/my_robot/install/my_command_pkg/local/lib/python3.10/dist-packages/my_command_pkg/__init__.py'...
[2.764s] Listing '/home/jo/project_RobotEngineering_3/my_robot/install/my_command_pkg/local/lib/python3.10/dist-packages/my_command_pkg/srv'...
[2.764s] Compiling '/home/jo/project_RobotEngineering_3/my_robot/install/my_command_pkg/local/lib/python3.10/dist-packages/my_command_pkg/srv/__init__.py'...
[2.764s] Compiling '/home/jo/project_RobotEngineering_3/my_robot/install/my_command_pkg/local/lib/python3.10/dist-packages/my_command_pkg/srv/_command.py'...
[2.764s] Compiling '/home/jo/project_RobotEngineering_3/my_robot/install/my_command_pkg/local/lib/python3.10/dist-packages/my_command_pkg/srv/_send_position.py'...
[2.767s] -- Installing: /home/jo/project_RobotEngineering_3/my_robot/install/my_command_pkg/local/lib/python3.10/dist-packages/my_command_pkg/my_command_pkg_s__rosidl_typesupport_fastrtps_c.cpython-310-x86_64-linux-gnu.so
[2.767s] -- Set runtime path of "/home/jo/project_RobotEngineering_3/my_robot/install/my_command_pkg/local/lib/python3.10/dist-packages/my_command_pkg/my_command_pkg_s__rosidl_typesupport_fastrtps_c.cpython-310-x86_64-linux-gnu.so" to ""
[2.767s] -- Installing: /home/jo/project_RobotEngineering_3/my_robot/install/my_command_pkg/local/lib/python3.10/dist-packages/my_command_pkg/my_command_pkg_s__rosidl_typesupport_introspection_c.cpython-310-x86_64-linux-gnu.so
[2.767s] -- Set runtime path of "/home/jo/project_RobotEngineering_3/my_robot/install/my_command_pkg/local/lib/python3.10/dist-packages/my_command_pkg/my_command_pkg_s__rosidl_typesupport_introspection_c.cpython-310-x86_64-linux-gnu.so" to ""
[2.767s] -- Installing: /home/jo/project_RobotEngineering_3/my_robot/install/my_command_pkg/local/lib/python3.10/dist-packages/my_command_pkg/my_command_pkg_s__rosidl_typesupport_c.cpython-310-x86_64-linux-gnu.so
[2.768s] -- Set runtime path of "/home/jo/project_RobotEngineering_3/my_robot/install/my_command_pkg/local/lib/python3.10/dist-packages/my_command_pkg/my_command_pkg_s__rosidl_typesupport_c.cpython-310-x86_64-linux-gnu.so" to ""
[2.768s] -- Installing: /home/jo/project_RobotEngineering_3/my_robot/install/my_command_pkg/lib/libmy_command_pkg__rosidl_generator_py.so
[2.768s] -- Set runtime path of "/home/jo/project_RobotEngineering_3/my_robot/install/my_command_pkg/lib/libmy_command_pkg__rosidl_generator_py.so" to ""
[2.768s] -- Up-to-date: /home/jo/project_RobotEngineering_3/my_robot/install/my_command_pkg/share/my_command_pkg/srv/Command.idl
[2.768s] -- Installing: /home/jo/project_RobotEngineering_3/my_robot/install/my_command_pkg/share/my_command_pkg/srv/SendPosition.idl
[2.768s] -- Up-to-date: /home/jo/project_RobotEngineering_3/my_robot/install/my_command_pkg/share/my_command_pkg/srv/Command.srv
[2.768s] -- Up-to-date: /home/jo/project_RobotEngineering_3/my_robot/install/my_command_pkg/share/my_command_pkg/srv/Command_Request.msg
[2.768s] -- Up-to-date: /home/jo/project_RobotEngineering_3/my_robot/install/my_command_pkg/share/my_command_pkg/srv/Command_Response.msg
[2.768s] -- Installing: /home/jo/project_RobotEngineering_3/my_robot/install/my_command_pkg/share/my_command_pkg/srv/SendPosition.srv
[2.768s] -- Up-to-date: /home/jo/project_RobotEngineering_3/my_robot/install/my_command_pkg/share/my_command_pkg/srv/SendPosition_Request.msg
[2.769s] -- Installing: /home/jo/project_RobotEngineering_3/my_robot/install/my_command_pkg/share/my_command_pkg/srv/SendPosition_Response.msg
[2.769s] -- Up-to-date: /home/jo/project_RobotEngineering_3/my_robot/install/my_command_pkg/share/ament_index/resource_index/package_run_dependencies/my_command_pkg
[2.769s] -- Up-to-date: /home/jo/project_RobotEngineering_3/my_robot/install/my_command_pkg/share/ament_index/resource_index/parent_prefix_path/my_command_pkg
[2.769s] -- Up-to-date: /home/jo/project_RobotEngineering_3/my_robot/install/my_command_pkg/share/my_command_pkg/environment/ament_prefix_path.sh
[2.769s] -- Installing: /home/jo/project_RobotEngineering_3/my_robot/install/my_command_pkg/share/my_command_pkg/environment/ament_prefix_path.dsv
[2.769s] -- Up-to-date: /home/jo/project_RobotEngineering_3/my_robot/install/my_command_pkg/share/my_command_pkg/environment/path.sh
[2.769s] -- Installing: /home/jo/project_RobotEngineering_3/my_robot/install/my_command_pkg/share/my_command_pkg/environment/path.dsv
[2.769s] -- Up-to-date: /home/jo/project_RobotEngineering_3/my_robot/install/my_command_pkg/share/my_command_pkg/local_setup.bash
[2.769s] -- Up-to-date: /home/jo/project_RobotEngineering_3/my_robot/install/my_command_pkg/share/my_command_pkg/local_setup.sh
[2.769s] -- Up-to-date: /home/jo/project_RobotEngineering_3/my_robot/install/my_command_pkg/share/my_command_pkg/local_setup.zsh
[2.769s] -- Installing: /home/jo/project_RobotEngineering_3/my_robot/install/my_command_pkg/share/my_command_pkg/local_setup.dsv
[2.769s] -- Installing: /home/jo/project_RobotEngineering_3/my_robot/install/my_command_pkg/share/my_command_pkg/package.dsv
[2.769s] -- Up-to-date: /home/jo/project_RobotEngineering_3/my_robot/install/my_command_pkg/share/ament_index/resource_index/packages/my_command_pkg
[2.770s] -- Up-to-date: /home/jo/project_RobotEngineering_3/my_robot/install/my_command_pkg/share/my_command_pkg/cmake/export_my_command_pkg__rosidl_generator_cExport.cmake
[2.770s] -- Up-to-date: /home/jo/project_RobotEngineering_3/my_robot/install/my_command_pkg/share/my_command_pkg/cmake/export_my_command_pkg__rosidl_generator_cExport-noconfig.cmake
[2.770s] -- Up-to-date: /home/jo/project_RobotEngineering_3/my_robot/install/my_command_pkg/share/my_command_pkg/cmake/export_my_command_pkg__rosidl_typesupport_fastrtps_cExport.cmake
[2.770s] -- Up-to-date: /home/jo/project_RobotEngineering_3/my_robot/install/my_command_pkg/share/my_command_pkg/cmake/export_my_command_pkg__rosidl_typesupport_fastrtps_cExport-noconfig.cmake
[2.770s] -- Up-to-date: /home/jo/project_RobotEngineering_3/my_robot/install/my_command_pkg/share/my_command_pkg/cmake/export_my_command_pkg__rosidl_generator_cppExport.cmake
[2.770s] -- Up-to-date: /home/jo/project_RobotEngineering_3/my_robot/install/my_command_pkg/share/my_command_pkg/cmake/export_my_command_pkg__rosidl_typesupport_fastrtps_cppExport.cmake
[2.770s] -- Up-to-date: /home/jo/project_RobotEngineering_3/my_robot/install/my_command_pkg/share/my_command_pkg/cmake/export_my_command_pkg__rosidl_typesupport_fastrtps_cppExport-noconfig.cmake
[2.770s] -- Up-to-date: /home/jo/project_RobotEngineering_3/my_robot/install/my_command_pkg/share/my_command_pkg/cmake/my_command_pkg__rosidl_typesupport_introspection_cExport.cmake
[2.770s] -- Up-to-date: /home/jo/project_RobotEngineering_3/my_robot/install/my_command_pkg/share/my_command_pkg/cmake/my_command_pkg__rosidl_typesupport_introspection_cExport-noconfig.cmake
[2.770s] -- Up-to-date: /home/jo/project_RobotEngineering_3/my_robot/install/my_command_pkg/share/my_command_pkg/cmake/my_command_pkg__rosidl_typesupport_cExport.cmake
[2.770s] -- Up-to-date: /home/jo/project_RobotEngineering_3/my_robot/install/my_command_pkg/share/my_command_pkg/cmake/my_command_pkg__rosidl_typesupport_cExport-noconfig.cmake
[2.770s] -- Up-to-date: /home/jo/project_RobotEngineering_3/my_robot/install/my_command_pkg/share/my_command_pkg/cmake/my_command_pkg__rosidl_typesupport_introspection_cppExport.cmake
[2.770s] -- Up-to-date: /home/jo/project_RobotEngineering_3/my_robot/install/my_command_pkg/share/my_command_pkg/cmake/my_command_pkg__rosidl_typesupport_introspection_cppExport-noconfig.cmake
[2.770s] -- Up-to-date: /home/jo/project_RobotEngineering_3/my_robot/install/my_command_pkg/share/my_command_pkg/cmake/my_command_pkg__rosidl_typesupport_cppExport.cmake
[2.771s] -- Up-to-date: /home/jo/project_RobotEngineering_3/my_robot/install/my_command_pkg/share/my_command_pkg/cmake/my_command_pkg__rosidl_typesupport_cppExport-noconfig.cmake
[2.771s] -- Up-to-date: /home/jo/project_RobotEngineering_3/my_robot/install/my_command_pkg/share/my_command_pkg/cmake/export_my_command_pkg__rosidl_generator_pyExport.cmake
[2.771s] -- Up-to-date: /home/jo/project_RobotEngineering_3/my_robot/install/my_command_pkg/share/my_command_pkg/cmake/export_my_command_pkg__rosidl_generator_pyExport-noconfig.cmake
[2.771s] -- Up-to-date: /home/jo/project_RobotEngineering_3/my_robot/install/my_command_pkg/share/my_command_pkg/cmake/rosidl_cmake-extras.cmake
[2.771s] -- Up-to-date: /home/jo/project_RobotEngineering_3/my_robot/install/my_command_pkg/share/my_command_pkg/cmake/ament_cmake_export_dependencies-extras.cmake
[2.771s] -- Up-to-date: /home/jo/project_RobotEngineering_3/my_robot/install/my_command_pkg/share/my_command_pkg/cmake/ament_cmake_export_include_directories-extras.cmake
[2.772s] -- Up-to-date: /home/jo/project_RobotEngineering_3/my_robot/install/my_command_pkg/share/my_command_pkg/cmake/ament_cmake_export_libraries-extras.cmake
[2.772s] -- Up-to-date: /home/jo/project_RobotEngineering_3/my_robot/install/my_command_pkg/share/my_command_pkg/cmake/ament_cmake_export_targets-extras.cmake
[2.772s] -- Up-to-date: /home/jo/project_RobotEngineering_3/my_robot/install/my_command_pkg/share/my_command_pkg/cmake/rosidl_cmake_export_typesupport_targets-extras.cmake
[2.772s] -- Up-to-date: /home/jo/project_RobotEngineering_3/my_robot/install/my_command_pkg/share/my_command_pkg/cmake/rosidl_cmake_export_typesupport_libraries-extras.cmake
[2.772s] -- Up-to-date: /home/jo/project_RobotEngineering_3/my_robot/install/my_command_pkg/share/my_command_pkg/cmake/my_command_pkgConfig.cmake
[2.772s] -- Up-to-date: /home/jo/project_RobotEngineering_3/my_robot/install/my_command_pkg/share/my_command_pkg/cmake/my_command_pkgConfig-version.cmake
[2.772s] -- Up-to-date: /home/jo/project_RobotEngineering_3/my_robot/install/my_command_pkg/share/my_command_pkg/package.xml
[2.773s] Invoked command in '/home/jo/project_RobotEngineering_3/my_robot/build/my_command_pkg' returned '0': CMAKE_PREFIX_PATH=${CMAKE_PREFIX_PATH}:/home/jo/project_RobotEngineering_3/my_robot/install/my_robot_pkg:/opt/ros/humble /usr/bin/cmake --install /home/jo/project_RobotEngineering_3/my_robot/build/my_command_pkg
