[0.009s] Invoking command in '/home/jo/project_RobotEngineering_3/my_robot/build/my_command_pkg': CMAKE_PREFIX_PATH=${CMAKE_PREFIX_PATH}:/home/jo/project_RobotEngineering_3/my_robot/install/my_robot_pkg:/opt/ros/humble /usr/bin/cmake --build /home/jo/project_RobotEngineering_3/my_robot/build/my_command_pkg -- -j12 -l12
[0.049s] [35m[1mConsolidate compiler generated dependencies of target my_command_pkg__rosidl_generator_c[0m
[0.059s] [  2%] Built target my_command_pkg__cpp
[0.060s] [ 12%] Built target my_command_pkg__rosidl_generator_c
[0.075s] [ 12%] Built target ament_cmake_python_copy_my_command_pkg
[0.075s] [35m[1mConsolidate compiler generated dependencies of target my_command_pkg__rosidl_typesupport_fastrtps_cpp[0m
[0.076s] [35m[1mConsolidate compiler generated dependencies of target my_command_pkg__rosidl_typesupport_cpp[0m
[0.076s] [35m[1mConsolidate compiler generated dependencies of target my_command_pkg__rosidl_typesupport_introspection_c[0m
[0.077s] [35m[1mConsolidate compiler generated dependencies of target my_command_pkg__rosidl_typesupport_c[0m
[0.081s] [35m[1mConsolidate compiler generated dependencies of target my_command_pkg__rosidl_typesupport_fastrtps_c[0m
[0.082s] [35m[1mConsolidate compiler generated dependencies of target my_command_pkg__rosidl_typesupport_introspection_cpp[0m
[0.097s] [ 23%] Built target my_command_pkg__rosidl_typesupport_cpp
[0.102s] [ 33%] Built target my_command_pkg__rosidl_typesupport_introspection_c
[0.102s] [ 43%] Built target my_command_pkg__rosidl_typesupport_c
[0.109s] [ 53%] Built target my_command_pkg__rosidl_typesupport_fastrtps_c
[0.115s] [ 64%] Built target my_command_pkg__rosidl_typesupport_introspection_cpp
[0.118s] [ 74%] Built target my_command_pkg__rosidl_typesupport_fastrtps_cpp
[0.142s] [ 74%] Built target my_command_pkg
[0.169s] [ 76%] Built target my_command_pkg__py
[0.182s] [35m[1mConsolidate compiler generated dependencies of target my_command_pkg__rosidl_generator_py[0m
[0.198s] [ 84%] Built target my_command_pkg__rosidl_generator_py
[0.211s] [35m[1mConsolidate compiler generated dependencies of target my_command_pkg__rosidl_typesupport_c__pyext[0m
[0.211s] [35m[1mConsolidate compiler generated dependencies of target my_command_pkg__rosidl_typesupport_introspection_c__pyext[0m
[0.211s] [35m[1mConsolidate compiler generated dependencies of target my_command_pkg__rosidl_typesupport_fastrtps_c__pyext[0m
[0.229s] [ 94%] Built target my_command_pkg__rosidl_typesupport_fastrtps_c__pyext
[0.230s] [ 94%] Built target my_command_pkg__rosidl_typesupport_introspection_c__pyext
[0.240s] [100%] Built target my_command_pkg__rosidl_typesupport_c__pyext
[0.478s] running egg_info
[0.479s] writing my_command_pkg.egg-info/PKG-INFO
[0.479s] writing dependency_links to my_command_pkg.egg-info/dependency_links.txt
[0.480s] writing top-level names to my_command_pkg.egg-info/top_level.txt
[0.480s] reading manifest file 'my_command_pkg.egg-info/SOURCES.txt'
[0.481s] writing manifest file 'my_command_pkg.egg-info/SOURCES.txt'
[0.507s] [100%] Built target ament_cmake_python_build_my_command_pkg_egg
[0.520s] Invoked command in '/home/jo/project_RobotEngineering_3/my_robot/build/my_command_pkg' returned '0': CMAKE_PREFIX_PATH=${CMAKE_PREFIX_PATH}:/home/jo/project_RobotEngineering_3/my_robot/install/my_robot_pkg:/opt/ros/humble /usr/bin/cmake --build /home/jo/project_RobotEngineering_3/my_robot/build/my_command_pkg -- -j12 -l12
[0.521s] Invoking command in '/home/jo/project_RobotEngineering_3/my_robot/build/my_command_pkg': CMAKE_PREFIX_PATH=${CMAKE_PREFIX_PATH}:/home/jo/project_RobotEngineering_3/my_robot/install/my_robot_pkg:/opt/ros/humble /usr/bin/cmake --install /home/jo/project_RobotEngineering_3/my_robot/build/my_command_pkg
[0.533s] -- Install configuration: ""
[0.533s] -- Up-to-date: /home/jo/project_RobotEngineering_3/my_robot/install/my_command_pkg/share/ament_index/resource_index/rosidl_interfaces/my_command_pkg
[0.533s] -- Up-to-date: /home/jo/project_RobotEngineering_3/my_robot/install/my_command_pkg/include/my_command_pkg/my_command_pkg
[0.533s] -- Up-to-date: /home/jo/project_RobotEngineering_3/my_robot/install/my_command_pkg/include/my_command_pkg/my_command_pkg/srv
[0.534s] -- Up-to-date: /home/jo/project_RobotEngineering_3/my_robot/install/my_command_pkg/include/my_command_pkg/my_command_pkg/srv/detail
[0.534s] -- Up-to-date: /home/jo/project_RobotEngineering_3/my_robot/install/my_command_pkg/include/my_command_pkg/my_command_pkg/srv/detail/command__functions.h
[0.534s] -- Up-to-date: /home/jo/project_RobotEngineering_3/my_robot/install/my_command_pkg/include/my_command_pkg/my_command_pkg/srv/detail/send_position__struct.h
[0.534s] -- Up-to-date: /home/jo/project_RobotEngineering_3/my_robot/install/my_command_pkg/include/my_command_pkg/my_command_pkg/srv/detail/command__functions.c
[0.535s] -- Up-to-date: /home/jo/project_RobotEngineering_3/my_robot/install/my_command_pkg/include/my_command_pkg/my_command_pkg/srv/detail/send_position__functions.c
[0.535s] -- Up-to-date: /home/jo/project_RobotEngineering_3/my_robot/install/my_command_pkg/include/my_command_pkg/my_command_pkg/srv/detail/command__struct.h
[0.535s] -- Up-to-date: /home/jo/project_RobotEngineering_3/my_robot/install/my_command_pkg/include/my_command_pkg/my_command_pkg/srv/detail/send_position__type_support.h
[0.535s] -- Up-to-date: /home/jo/project_RobotEngineering_3/my_robot/install/my_command_pkg/include/my_command_pkg/my_command_pkg/srv/detail/command__type_support.h
[0.535s] -- Up-to-date: /home/jo/project_RobotEngineering_3/my_robot/install/my_command_pkg/include/my_command_pkg/my_command_pkg/srv/detail/send_position__functions.h
[0.535s] -- Up-to-date: /home/jo/project_RobotEngineering_3/my_robot/install/my_command_pkg/include/my_command_pkg/my_command_pkg/srv/send_position.h
[0.535s] -- Up-to-date: /home/jo/project_RobotEngineering_3/my_robot/install/my_command_pkg/include/my_command_pkg/my_command_pkg/srv/command.h
[0.535s] -- Up-to-date: /home/jo/project_RobotEngineering_3/my_robot/install/my_command_pkg/include/my_command_pkg/my_command_pkg/msg
[0.535s] -- Up-to-date: /home/jo/project_RobotEngineering_3/my_robot/install/my_command_pkg/include/my_command_pkg/my_command_pkg/msg/rosidl_generator_c__visibility_control.h
[0.536s] -- Up-to-date: /home/jo/project_RobotEngineering_3/my_robot/install/my_command_pkg/share/my_command_pkg/environment/library_path.sh
[0.536s] -- Up-to-date: /home/jo/project_RobotEngineering_3/my_robot/install/my_command_pkg/share/my_command_pkg/environment/library_path.dsv
[0.536s] -- Up-to-date: /home/jo/project_RobotEngineering_3/my_robot/install/my_command_pkg/lib/libmy_command_pkg__rosidl_generator_c.so
[0.536s] -- Up-to-date: /home/jo/project_RobotEngineering_3/my_robot/install/my_command_pkg/include/my_command_pkg/my_command_pkg
[0.536s] -- Up-to-date: /home/jo/project_RobotEngineering_3/my_robot/install/my_command_pkg/include/my_command_pkg/my_command_pkg/srv
[0.536s] -- Up-to-date: /home/jo/project_RobotEngineering_3/my_robot/install/my_command_pkg/include/my_command_pkg/my_command_pkg/srv/detail
[0.536s] -- Up-to-date: /home/jo/project_RobotEngineering_3/my_robot/install/my_command_pkg/include/my_command_pkg/my_command_pkg/srv/detail/command__rosidl_typesupport_fastrtps_c.h
[0.536s] -- Up-to-date: /home/jo/project_RobotEngineering_3/my_robot/install/my_command_pkg/include/my_command_pkg/my_command_pkg/srv/detail/send_position__rosidl_typesupport_fastrtps_c.h
[0.536s] -- Up-to-date: /home/jo/project_RobotEngineering_3/my_robot/install/my_command_pkg/include/my_command_pkg/my_command_pkg/msg
[0.537s] -- Up-to-date: /home/jo/project_RobotEngineering_3/my_robot/install/my_command_pkg/include/my_command_pkg/my_command_pkg/msg/rosidl_typesupport_fastrtps_c__visibility_control.h
[0.537s] -- Up-to-date: /home/jo/project_RobotEngineering_3/my_robot/install/my_command_pkg/lib/libmy_command_pkg__rosidl_typesupport_fastrtps_c.so
[0.537s] -- Up-to-date: /home/jo/project_RobotEngineering_3/my_robot/install/my_command_pkg/include/my_command_pkg/my_command_pkg
[0.537s] -- Up-to-date: /home/jo/project_RobotEngineering_3/my_robot/install/my_command_pkg/include/my_command_pkg/my_command_pkg/srv
[0.538s] -- Up-to-date: /home/jo/project_RobotEngineering_3/my_robot/install/my_command_pkg/include/my_command_pkg/my_command_pkg/srv/detail
[0.538s] -- Up-to-date: /home/jo/project_RobotEngineering_3/my_robot/install/my_command_pkg/include/my_command_pkg/my_command_pkg/srv/detail/send_position__builder.hpp
[0.538s] -- Up-to-date: /home/jo/project_RobotEngineering_3/my_robot/install/my_command_pkg/include/my_command_pkg/my_command_pkg/srv/detail/send_position__struct.hpp
[0.539s] -- Up-to-date: /home/jo/project_RobotEngineering_3/my_robot/install/my_command_pkg/include/my_command_pkg/my_command_pkg/srv/detail/command__type_support.hpp
[0.539s] -- Up-to-date: /home/jo/project_RobotEngineering_3/my_robot/install/my_command_pkg/include/my_command_pkg/my_command_pkg/srv/detail/command__struct.hpp
[0.539s] -- Up-to-date: /home/jo/project_RobotEngineering_3/my_robot/install/my_command_pkg/include/my_command_pkg/my_command_pkg/srv/detail/send_position__type_support.hpp
[0.539s] -- Up-to-date: /home/jo/project_RobotEngineering_3/my_robot/install/my_command_pkg/include/my_command_pkg/my_command_pkg/srv/detail/send_position__traits.hpp
[0.539s] -- Up-to-date: /home/jo/project_RobotEngineering_3/my_robot/install/my_command_pkg/include/my_command_pkg/my_command_pkg/srv/detail/command__traits.hpp
[0.539s] -- Up-to-date: /home/jo/project_RobotEngineering_3/my_robot/install/my_command_pkg/include/my_command_pkg/my_command_pkg/srv/detail/command__builder.hpp
[0.539s] -- Up-to-date: /home/jo/project_RobotEngineering_3/my_robot/install/my_command_pkg/include/my_command_pkg/my_command_pkg/srv/command.hpp
[0.539s] -- Up-to-date: /home/jo/project_RobotEngineering_3/my_robot/install/my_command_pkg/include/my_command_pkg/my_command_pkg/srv/send_position.hpp
[0.539s] -- Up-to-date: /home/jo/project_RobotEngineering_3/my_robot/install/my_command_pkg/include/my_command_pkg/my_command_pkg/msg
[0.539s] -- Up-to-date: /home/jo/project_RobotEngineering_3/my_robot/install/my_command_pkg/include/my_command_pkg/my_command_pkg/msg/rosidl_generator_cpp__visibility_control.hpp
[0.540s] -- Up-to-date: /home/jo/project_RobotEngineering_3/my_robot/install/my_command_pkg/include/my_command_pkg/my_command_pkg
[0.540s] -- Up-to-date: /home/jo/project_RobotEngineering_3/my_robot/install/my_command_pkg/include/my_command_pkg/my_command_pkg/srv
[0.540s] -- Up-to-date: /home/jo/project_RobotEngineering_3/my_robot/install/my_command_pkg/include/my_command_pkg/my_command_pkg/srv/detail
[0.540s] -- Up-to-date: /home/jo/project_RobotEngineering_3/my_robot/install/my_command_pkg/include/my_command_pkg/my_command_pkg/srv/detail/dds_fastrtps
[0.540s] -- Up-to-date: /home/jo/project_RobotEngineering_3/my_robot/install/my_command_pkg/include/my_command_pkg/my_command_pkg/srv/detail/send_position__rosidl_typesupport_fastrtps_cpp.hpp
[0.540s] -- Up-to-date: /home/jo/project_RobotEngineering_3/my_robot/install/my_command_pkg/include/my_command_pkg/my_command_pkg/srv/detail/command__rosidl_typesupport_fastrtps_cpp.hpp
[0.540s] -- Up-to-date: /home/jo/project_RobotEngineering_3/my_robot/install/my_command_pkg/include/my_command_pkg/my_command_pkg/msg
[0.540s] -- Up-to-date: /home/jo/project_RobotEngineering_3/my_robot/install/my_command_pkg/include/my_command_pkg/my_command_pkg/msg/rosidl_typesupport_fastrtps_cpp__visibility_control.h
[0.540s] -- Up-to-date: /home/jo/project_RobotEngineering_3/my_robot/install/my_command_pkg/lib/libmy_command_pkg__rosidl_typesupport_fastrtps_cpp.so
[0.540s] -- Up-to-date: /home/jo/project_RobotEngineering_3/my_robot/install/my_command_pkg/include/my_command_pkg/my_command_pkg
[0.540s] -- Up-to-date: /home/jo/project_RobotEngineering_3/my_robot/install/my_command_pkg/include/my_command_pkg/my_command_pkg/srv
[0.541s] -- Up-to-date: /home/jo/project_RobotEngineering_3/my_robot/install/my_command_pkg/include/my_command_pkg/my_command_pkg/srv/detail
[0.541s] -- Up-to-date: /home/jo/project_RobotEngineering_3/my_robot/install/my_command_pkg/include/my_command_pkg/my_command_pkg/srv/detail/send_position__type_support.c
[0.541s] -- Up-to-date: /home/jo/project_RobotEngineering_3/my_robot/install/my_command_pkg/include/my_command_pkg/my_command_pkg/srv/detail/send_position__rosidl_typesupport_introspection_c.h
[0.541s] -- Up-to-date: /home/jo/project_RobotEngineering_3/my_robot/install/my_command_pkg/include/my_command_pkg/my_command_pkg/srv/detail/command__type_support.c
[0.541s] -- Up-to-date: /home/jo/project_RobotEngineering_3/my_robot/install/my_command_pkg/include/my_command_pkg/my_command_pkg/srv/detail/command__rosidl_typesupport_introspection_c.h
[0.541s] -- Up-to-date: /home/jo/project_RobotEngineering_3/my_robot/install/my_command_pkg/include/my_command_pkg/my_command_pkg/msg
[0.541s] -- Up-to-date: /home/jo/project_RobotEngineering_3/my_robot/install/my_command_pkg/include/my_command_pkg/my_command_pkg/msg/rosidl_typesupport_introspection_c__visibility_control.h
[0.541s] -- Up-to-date: /home/jo/project_RobotEngineering_3/my_robot/install/my_command_pkg/lib/libmy_command_pkg__rosidl_typesupport_introspection_c.so
[0.541s] -- Up-to-date: /home/jo/project_RobotEngineering_3/my_robot/install/my_command_pkg/lib/libmy_command_pkg__rosidl_typesupport_c.so
[0.541s] -- Up-to-date: /home/jo/project_RobotEngineering_3/my_robot/install/my_command_pkg/include/my_command_pkg/my_command_pkg
[0.541s] -- Up-to-date: /home/jo/project_RobotEngineering_3/my_robot/install/my_command_pkg/include/my_command_pkg/my_command_pkg/srv
[0.542s] -- Up-to-date: /home/jo/project_RobotEngineering_3/my_robot/install/my_command_pkg/include/my_command_pkg/my_command_pkg/srv/detail
[0.542s] -- Up-to-date: /home/jo/project_RobotEngineering_3/my_robot/install/my_command_pkg/include/my_command_pkg/my_command_pkg/srv/detail/send_position__rosidl_typesupport_introspection_cpp.hpp
[0.542s] -- Up-to-date: /home/jo/project_RobotEngineering_3/my_robot/install/my_command_pkg/include/my_command_pkg/my_command_pkg/srv/detail/command__type_support.cpp
[0.542s] -- Up-to-date: /home/jo/project_RobotEngineering_3/my_robot/install/my_command_pkg/include/my_command_pkg/my_command_pkg/srv/detail/command__rosidl_typesupport_introspection_cpp.hpp
[0.542s] -- Up-to-date: /home/jo/project_RobotEngineering_3/my_robot/install/my_command_pkg/include/my_command_pkg/my_command_pkg/srv/detail/send_position__type_support.cpp
[0.542s] -- Up-to-date: /home/jo/project_RobotEngineering_3/my_robot/install/my_command_pkg/lib/libmy_command_pkg__rosidl_typesupport_introspection_cpp.so
[0.542s] -- Up-to-date: /home/jo/project_RobotEngineering_3/my_robot/install/my_command_pkg/lib/libmy_command_pkg__rosidl_typesupport_cpp.so
[0.542s] -- Up-to-date: /home/jo/project_RobotEngineering_3/my_robot/install/my_command_pkg/share/my_command_pkg/environment/pythonpath.sh
[0.542s] -- Up-to-date: /home/jo/project_RobotEngineering_3/my_robot/install/my_command_pkg/share/my_command_pkg/environment/pythonpath.dsv
[0.542s] -- Up-to-date: /home/jo/project_RobotEngineering_3/my_robot/install/my_command_pkg/local/lib/python3.10/dist-packages/my_command_pkg-0.0.0-py3.10.egg-info
[0.543s] -- Installing: /home/jo/project_RobotEngineering_3/my_robot/install/my_command_pkg/local/lib/python3.10/dist-packages/my_command_pkg-0.0.0-py3.10.egg-info/top_level.txt
[0.543s] -- Installing: /home/jo/project_RobotEngineering_3/my_robot/install/my_command_pkg/local/lib/python3.10/dist-packages/my_command_pkg-0.0.0-py3.10.egg-info/dependency_links.txt
[0.543s] -- Installing: /home/jo/project_RobotEngineering_3/my_robot/install/my_command_pkg/local/lib/python3.10/dist-packages/my_command_pkg-0.0.0-py3.10.egg-info/PKG-INFO
[0.543s] -- Installing: /home/jo/project_RobotEngineering_3/my_robot/install/my_command_pkg/local/lib/python3.10/dist-packages/my_command_pkg-0.0.0-py3.10.egg-info/SOURCES.txt
[0.543s] -- Up-to-date: /home/jo/project_RobotEngineering_3/my_robot/install/my_command_pkg/local/lib/python3.10/dist-packages/my_command_pkg
[0.543s] -- Up-to-date: /home/jo/project_RobotEngineering_3/my_robot/install/my_command_pkg/local/lib/python3.10/dist-packages/my_command_pkg/_my_command_pkg_s.ep.rosidl_typesupport_fastrtps_c.c
[0.543s] -- Up-to-date: /home/jo/project_RobotEngineering_3/my_robot/install/my_command_pkg/local/lib/python3.10/dist-packages/my_command_pkg/_my_command_pkg_s.ep.rosidl_typesupport_introspection_c.c
[0.543s] -- Up-to-date: /home/jo/project_RobotEngineering_3/my_robot/install/my_command_pkg/local/lib/python3.10/dist-packages/my_command_pkg/srv
[0.543s] -- Up-to-date: /home/jo/project_RobotEngineering_3/my_robot/install/my_command_pkg/local/lib/python3.10/dist-packages/my_command_pkg/srv/_send_position_s.c
[0.543s] -- Up-to-date: /home/jo/project_RobotEngineering_3/my_robot/install/my_command_pkg/local/lib/python3.10/dist-packages/my_command_pkg/srv/_command.py
[0.543s] -- Up-to-date: /home/jo/project_RobotEngineering_3/my_robot/install/my_command_pkg/local/lib/python3.10/dist-packages/my_command_pkg/srv/_send_position.py
[0.544s] -- Up-to-date: /home/jo/project_RobotEngineering_3/my_robot/install/my_command_pkg/local/lib/python3.10/dist-packages/my_command_pkg/srv/__init__.py
[0.544s] -- Up-to-date: /home/jo/project_RobotEngineering_3/my_robot/install/my_command_pkg/local/lib/python3.10/dist-packages/my_command_pkg/srv/_command_s.c
[0.544s] -- Up-to-date: /home/jo/project_RobotEngineering_3/my_robot/install/my_command_pkg/local/lib/python3.10/dist-packages/my_command_pkg/my_command_pkg_s__rosidl_typesupport_introspection_c.cpython-310-x86_64-linux-gnu.so
[0.544s] -- Up-to-date: /home/jo/project_RobotEngineering_3/my_robot/install/my_command_pkg/local/lib/python3.10/dist-packages/my_command_pkg/my_command_pkg_s__rosidl_typesupport_fastrtps_c.cpython-310-x86_64-linux-gnu.so
[0.544s] -- Up-to-date: /home/jo/project_RobotEngineering_3/my_robot/install/my_command_pkg/local/lib/python3.10/dist-packages/my_command_pkg/libmy_command_pkg__rosidl_generator_py.so
[0.544s] -- Up-to-date: /home/jo/project_RobotEngineering_3/my_robot/install/my_command_pkg/local/lib/python3.10/dist-packages/my_command_pkg/__init__.py
[0.544s] -- Up-to-date: /home/jo/project_RobotEngineering_3/my_robot/install/my_command_pkg/local/lib/python3.10/dist-packages/my_command_pkg/my_command_pkg_s__rosidl_typesupport_c.cpython-310-x86_64-linux-gnu.so
[0.544s] -- Up-to-date: /home/jo/project_RobotEngineering_3/my_robot/install/my_command_pkg/local/lib/python3.10/dist-packages/my_command_pkg/_my_command_pkg_s.ep.rosidl_typesupport_c.c
[0.588s] Listing '/home/jo/project_RobotEngineering_3/my_robot/install/my_command_pkg/local/lib/python3.10/dist-packages/my_command_pkg'...
[0.588s] Listing '/home/jo/project_RobotEngineering_3/my_robot/install/my_command_pkg/local/lib/python3.10/dist-packages/my_command_pkg/srv'...
[0.595s] -- Up-to-date: /home/jo/project_RobotEngineering_3/my_robot/install/my_command_pkg/local/lib/python3.10/dist-packages/my_command_pkg/my_command_pkg_s__rosidl_typesupport_fastrtps_c.cpython-310-x86_64-linux-gnu.so
[0.595s] -- Up-to-date: /home/jo/project_RobotEngineering_3/my_robot/install/my_command_pkg/local/lib/python3.10/dist-packages/my_command_pkg/my_command_pkg_s__rosidl_typesupport_introspection_c.cpython-310-x86_64-linux-gnu.so
[0.595s] -- Up-to-date: /home/jo/project_RobotEngineering_3/my_robot/install/my_command_pkg/local/lib/python3.10/dist-packages/my_command_pkg/my_command_pkg_s__rosidl_typesupport_c.cpython-310-x86_64-linux-gnu.so
[0.595s] -- Up-to-date: /home/jo/project_RobotEngineering_3/my_robot/install/my_command_pkg/lib/libmy_command_pkg__rosidl_generator_py.so
[0.596s] -- Up-to-date: /home/jo/project_RobotEngineering_3/my_robot/install/my_command_pkg/share/my_command_pkg/srv/Command.idl
[0.596s] -- Up-to-date: /home/jo/project_RobotEngineering_3/my_robot/install/my_command_pkg/share/my_command_pkg/srv/SendPosition.idl
[0.596s] -- Up-to-date: /home/jo/project_RobotEngineering_3/my_robot/install/my_command_pkg/share/my_command_pkg/srv/Command.srv
[0.596s] -- Up-to-date: /home/jo/project_RobotEngineering_3/my_robot/install/my_command_pkg/share/my_command_pkg/srv/Command_Request.msg
[0.596s] -- Up-to-date: /home/jo/project_RobotEngineering_3/my_robot/install/my_command_pkg/share/my_command_pkg/srv/Command_Response.msg
[0.597s] -- Up-to-date: /home/jo/project_RobotEngineering_3/my_robot/install/my_command_pkg/share/my_command_pkg/srv/SendPosition.srv
[0.597s] -- Up-to-date: /home/jo/project_RobotEngineering_3/my_robot/install/my_command_pkg/share/my_command_pkg/srv/SendPosition_Request.msg
[0.598s] -- Up-to-date: /home/jo/project_RobotEngineering_3/my_robot/install/my_command_pkg/share/my_command_pkg/srv/SendPosition_Response.msg
[0.598s] -- Up-to-date: /home/jo/project_RobotEngineering_3/my_robot/install/my_command_pkg/share/ament_index/resource_index/package_run_dependencies/my_command_pkg
[0.598s] -- Up-to-date: /home/jo/project_RobotEngineering_3/my_robot/install/my_command_pkg/share/ament_index/resource_index/parent_prefix_path/my_command_pkg
[0.598s] -- Up-to-date: /home/jo/project_RobotEngineering_3/my_robot/install/my_command_pkg/share/my_command_pkg/environment/ament_prefix_path.sh
[0.598s] -- Up-to-date: /home/jo/project_RobotEngineering_3/my_robot/install/my_command_pkg/share/my_command_pkg/environment/ament_prefix_path.dsv
[0.599s] -- Up-to-date: /home/jo/project_RobotEngineering_3/my_robot/install/my_command_pkg/share/my_command_pkg/environment/path.sh
[0.599s] -- Up-to-date: /home/jo/project_RobotEngineering_3/my_robot/install/my_command_pkg/share/my_command_pkg/environment/path.dsv
[0.599s] -- Up-to-date: /home/jo/project_RobotEngineering_3/my_robot/install/my_command_pkg/share/my_command_pkg/local_setup.bash
[0.599s] -- Up-to-date: /home/jo/project_RobotEngineering_3/my_robot/install/my_command_pkg/share/my_command_pkg/local_setup.sh
[0.599s] -- Up-to-date: /home/jo/project_RobotEngineering_3/my_robot/install/my_command_pkg/share/my_command_pkg/local_setup.zsh
[0.599s] -- Up-to-date: /home/jo/project_RobotEngineering_3/my_robot/install/my_command_pkg/share/my_command_pkg/local_setup.dsv
[0.600s] -- Installing: /home/jo/project_RobotEngineering_3/my_robot/install/my_command_pkg/share/my_command_pkg/package.dsv
[0.600s] -- Up-to-date: /home/jo/project_RobotEngineering_3/my_robot/install/my_command_pkg/share/ament_index/resource_index/packages/my_command_pkg
[0.600s] -- Up-to-date: /home/jo/project_RobotEngineering_3/my_robot/install/my_command_pkg/share/my_command_pkg/cmake/export_my_command_pkg__rosidl_generator_cExport.cmake
[0.600s] -- Up-to-date: /home/jo/project_RobotEngineering_3/my_robot/install/my_command_pkg/share/my_command_pkg/cmake/export_my_command_pkg__rosidl_generator_cExport-noconfig.cmake
[0.600s] -- Up-to-date: /home/jo/project_RobotEngineering_3/my_robot/install/my_command_pkg/share/my_command_pkg/cmake/export_my_command_pkg__rosidl_typesupport_fastrtps_cExport.cmake
[0.600s] -- Up-to-date: /home/jo/project_RobotEngineering_3/my_robot/install/my_command_pkg/share/my_command_pkg/cmake/export_my_command_pkg__rosidl_typesupport_fastrtps_cExport-noconfig.cmake
[0.601s] -- Up-to-date: /home/jo/project_RobotEngineering_3/my_robot/install/my_command_pkg/share/my_command_pkg/cmake/export_my_command_pkg__rosidl_generator_cppExport.cmake
[0.601s] -- Up-to-date: /home/jo/project_RobotEngineering_3/my_robot/install/my_command_pkg/share/my_command_pkg/cmake/export_my_command_pkg__rosidl_typesupport_fastrtps_cppExport.cmake
[0.601s] -- Up-to-date: /home/jo/project_RobotEngineering_3/my_robot/install/my_command_pkg/share/my_command_pkg/cmake/export_my_command_pkg__rosidl_typesupport_fastrtps_cppExport-noconfig.cmake
[0.601s] -- Up-to-date: /home/jo/project_RobotEngineering_3/my_robot/install/my_command_pkg/share/my_command_pkg/cmake/my_command_pkg__rosidl_typesupport_introspection_cExport.cmake
[0.601s] -- Up-to-date: /home/jo/project_RobotEngineering_3/my_robot/install/my_command_pkg/share/my_command_pkg/cmake/my_command_pkg__rosidl_typesupport_introspection_cExport-noconfig.cmake
[0.601s] -- Up-to-date: /home/jo/project_RobotEngineering_3/my_robot/install/my_command_pkg/share/my_command_pkg/cmake/my_command_pkg__rosidl_typesupport_cExport.cmake
[0.601s] -- Up-to-date: /home/jo/project_RobotEngineering_3/my_robot/install/my_command_pkg/share/my_command_pkg/cmake/my_command_pkg__rosidl_typesupport_cExport-noconfig.cmake
[0.601s] -- Up-to-date: /home/jo/project_RobotEngineering_3/my_robot/install/my_command_pkg/share/my_command_pkg/cmake/my_command_pkg__rosidl_typesupport_introspection_cppExport.cmake
[0.602s] -- Up-to-date: /home/jo/project_RobotEngineering_3/my_robot/install/my_command_pkg/share/my_command_pkg/cmake/my_command_pkg__rosidl_typesupport_introspection_cppExport-noconfig.cmake
[0.602s] -- Up-to-date: /home/jo/project_RobotEngineering_3/my_robot/install/my_command_pkg/share/my_command_pkg/cmake/my_command_pkg__rosidl_typesupport_cppExport.cmake
[0.602s] -- Up-to-date: /home/jo/project_RobotEngineering_3/my_robot/install/my_command_pkg/share/my_command_pkg/cmake/my_command_pkg__rosidl_typesupport_cppExport-noconfig.cmake
[0.602s] -- Up-to-date: /home/jo/project_RobotEngineering_3/my_robot/install/my_command_pkg/share/my_command_pkg/cmake/export_my_command_pkg__rosidl_generator_pyExport.cmake
[0.602s] -- Up-to-date: /home/jo/project_RobotEngineering_3/my_robot/install/my_command_pkg/share/my_command_pkg/cmake/export_my_command_pkg__rosidl_generator_pyExport-noconfig.cmake
[0.602s] -- Up-to-date: /home/jo/project_RobotEngineering_3/my_robot/install/my_command_pkg/share/my_command_pkg/cmake/rosidl_cmake-extras.cmake
[0.602s] -- Up-to-date: /home/jo/project_RobotEngineering_3/my_robot/install/my_command_pkg/share/my_command_pkg/cmake/ament_cmake_export_dependencies-extras.cmake
[0.602s] -- Up-to-date: /home/jo/project_RobotEngineering_3/my_robot/install/my_command_pkg/share/my_command_pkg/cmake/ament_cmake_export_include_directories-extras.cmake
[0.602s] -- Up-to-date: /home/jo/project_RobotEngineering_3/my_robot/install/my_command_pkg/share/my_command_pkg/cmake/ament_cmake_export_libraries-extras.cmake
[0.603s] -- Up-to-date: /home/jo/project_RobotEngineering_3/my_robot/install/my_command_pkg/share/my_command_pkg/cmake/ament_cmake_export_targets-extras.cmake
[0.603s] -- Up-to-date: /home/jo/project_RobotEngineering_3/my_robot/install/my_command_pkg/share/my_command_pkg/cmake/rosidl_cmake_export_typesupport_targets-extras.cmake
[0.603s] -- Up-to-date: /home/jo/project_RobotEngineering_3/my_robot/install/my_command_pkg/share/my_command_pkg/cmake/rosidl_cmake_export_typesupport_libraries-extras.cmake
[0.603s] -- Up-to-date: /home/jo/project_RobotEngineering_3/my_robot/install/my_command_pkg/share/my_command_pkg/cmake/my_command_pkgConfig.cmake
[0.603s] -- Up-to-date: /home/jo/project_RobotEngineering_3/my_robot/install/my_command_pkg/share/my_command_pkg/cmake/my_command_pkgConfig-version.cmake
[0.604s] -- Up-to-date: /home/jo/project_RobotEngineering_3/my_robot/install/my_command_pkg/share/my_command_pkg/package.xml
[0.615s] Invoked command in '/home/jo/project_RobotEngineering_3/my_robot/build/my_command_pkg' returned '0': CMAKE_PREFIX_PATH=${CMAKE_PREFIX_PATH}:/home/jo/project_RobotEngineering_3/my_robot/install/my_robot_pkg:/opt/ros/humble /usr/bin/cmake --install /home/jo/project_RobotEngineering_3/my_robot/build/my_command_pkg
