[0.008s] Invoking command in '/home/jo/project_RobotEngineering_3/my_robot/build/realsense2_camera_msgs': CMAKE_PREFIX_PATH=${CMAKE_PREFIX_PATH}:/home/jo/project_RobotEngineering_3/my_robot/install/py_custom_srv_pkg:/opt/ros/humble /usr/bin/cmake --build /home/jo/project_RobotEngineering_3/my_robot/build/realsense2_camera_msgs -- -j12 -l12
[0.068s] [  1%] Built target realsense2_camera_msgs__cpp
[0.073s] [ 12%] Built target realsense2_camera_msgs__rosidl_generator_c
[0.076s] [ 12%] Built target ament_cmake_python_symlink_realsense2_camera_msgs
[0.095s] [ 23%] Built target realsense2_camera_msgs__rosidl_typesupport_introspection_cpp
[0.096s] [ 34%] Built target realsense2_camera_msgs__rosidl_typesupport_fastrtps_cpp
[0.098s] [ 47%] Built target realsense2_camera_msgs__rosidl_typesupport_cpp
[0.098s] [ 56%] Built target realsense2_camera_msgs__rosidl_typesupport_fastrtps_c
[0.099s] [ 67%] Built target realsense2_camera_msgs__rosidl_typesupport_introspection_c
[0.099s] [ 78%] Built target realsense2_camera_msgs__rosidl_typesupport_c
[0.117s] [ 78%] Built target realsense2_camera_msgs
[0.134s] [ 80%] Built target realsense2_camera_msgs__py
[0.154s] [ 89%] Built target realsense2_camera_msgs__rosidl_generator_py
[0.170s] [ 92%] Built target realsense2_camera_msgs__rosidl_typesupport_fastrtps_c__pyext
[0.174s] [ 96%] Built target realsense2_camera_msgs__rosidl_typesupport_introspection_c__pyext
[0.176s] [100%] Built target realsense2_camera_msgs__rosidl_typesupport_c__pyext
[0.290s] running egg_info
[0.292s] writing realsense2_camera_msgs.egg-info/PKG-INFO
[0.292s] writing dependency_links to realsense2_camera_msgs.egg-info/dependency_links.txt
[0.292s] writing top-level names to realsense2_camera_msgs.egg-info/top_level.txt
[0.294s] reading manifest file 'realsense2_camera_msgs.egg-info/SOURCES.txt'
[0.294s] writing manifest file 'realsense2_camera_msgs.egg-info/SOURCES.txt'
[0.315s] [100%] Built target ament_cmake_python_build_realsense2_camera_msgs_egg
[0.325s] Invoked command in '/home/jo/project_RobotEngineering_3/my_robot/build/realsense2_camera_msgs' returned '0': CMAKE_PREFIX_PATH=${CMAKE_PREFIX_PATH}:/home/jo/project_RobotEngineering_3/my_robot/install/py_custom_srv_pkg:/opt/ros/humble /usr/bin/cmake --build /home/jo/project_RobotEngineering_3/my_robot/build/realsense2_camera_msgs -- -j12 -l12
[0.335s] Invoking command in '/home/jo/project_RobotEngineering_3/my_robot/build/realsense2_camera_msgs': CMAKE_PREFIX_PATH=${CMAKE_PREFIX_PATH}:/home/jo/project_RobotEngineering_3/my_robot/install/py_custom_srv_pkg:/opt/ros/humble /usr/bin/cmake --install /home/jo/project_RobotEngineering_3/my_robot/build/realsense2_camera_msgs
[0.341s] -- Install configuration: ""
[0.341s] -- Execute custom install script
[0.341s] -- Up-to-date symlink: /home/jo/project_RobotEngineering_3/my_robot/install/realsense2_camera_msgs/share/ament_index/resource_index/rosidl_interfaces/realsense2_camera_msgs
[0.342s] -- Up-to-date symlink: /home/jo/project_RobotEngineering_3/my_robot/install/realsense2_camera_msgs/include/realsense2_camera_msgs/realsense2_camera_msgs/msg/detail/extrinsics__functions.h
[0.342s] -- Up-to-date symlink: /home/jo/project_RobotEngineering_3/my_robot/install/realsense2_camera_msgs/include/realsense2_camera_msgs/realsense2_camera_msgs/msg/detail/extrinsics__struct.h
[0.342s] -- Up-to-date symlink: /home/jo/project_RobotEngineering_3/my_robot/install/realsense2_camera_msgs/include/realsense2_camera_msgs/realsense2_camera_msgs/msg/detail/extrinsics__type_support.h
[0.342s] -- Up-to-date symlink: /home/jo/project_RobotEngineering_3/my_robot/install/realsense2_camera_msgs/include/realsense2_camera_msgs/realsense2_camera_msgs/msg/detail/imu_info__functions.h
[0.342s] -- Up-to-date symlink: /home/jo/project_RobotEngineering_3/my_robot/install/realsense2_camera_msgs/include/realsense2_camera_msgs/realsense2_camera_msgs/msg/detail/imu_info__struct.h
[0.342s] -- Up-to-date symlink: /home/jo/project_RobotEngineering_3/my_robot/install/realsense2_camera_msgs/include/realsense2_camera_msgs/realsense2_camera_msgs/msg/detail/imu_info__type_support.h
[0.342s] -- Up-to-date symlink: /home/jo/project_RobotEngineering_3/my_robot/install/realsense2_camera_msgs/include/realsense2_camera_msgs/realsense2_camera_msgs/msg/detail/metadata__functions.h
[0.342s] -- Up-to-date symlink: /home/jo/project_RobotEngineering_3/my_robot/install/realsense2_camera_msgs/include/realsense2_camera_msgs/realsense2_camera_msgs/msg/detail/metadata__struct.h
[0.343s] -- Up-to-date symlink: /home/jo/project_RobotEngineering_3/my_robot/install/realsense2_camera_msgs/include/realsense2_camera_msgs/realsense2_camera_msgs/msg/detail/metadata__type_support.h
[0.343s] -- Up-to-date symlink: /home/jo/project_RobotEngineering_3/my_robot/install/realsense2_camera_msgs/include/realsense2_camera_msgs/realsense2_camera_msgs/msg/extrinsics.h
[0.343s] -- Up-to-date symlink: /home/jo/project_RobotEngineering_3/my_robot/install/realsense2_camera_msgs/include/realsense2_camera_msgs/realsense2_camera_msgs/msg/imu_info.h
[0.343s] -- Up-to-date symlink: /home/jo/project_RobotEngineering_3/my_robot/install/realsense2_camera_msgs/include/realsense2_camera_msgs/realsense2_camera_msgs/msg/metadata.h
[0.343s] -- Up-to-date symlink: /home/jo/project_RobotEngineering_3/my_robot/install/realsense2_camera_msgs/include/realsense2_camera_msgs/realsense2_camera_msgs/msg/rosidl_generator_c__visibility_control.h
[0.343s] -- Up-to-date symlink: /home/jo/project_RobotEngineering_3/my_robot/install/realsense2_camera_msgs/include/realsense2_camera_msgs/realsense2_camera_msgs/srv/detail/device_info__functions.h
[0.343s] -- Up-to-date symlink: /home/jo/project_RobotEngineering_3/my_robot/install/realsense2_camera_msgs/include/realsense2_camera_msgs/realsense2_camera_msgs/srv/detail/device_info__struct.h
[0.343s] -- Up-to-date symlink: /home/jo/project_RobotEngineering_3/my_robot/install/realsense2_camera_msgs/include/realsense2_camera_msgs/realsense2_camera_msgs/srv/detail/device_info__type_support.h
[0.343s] -- Up-to-date symlink: /home/jo/project_RobotEngineering_3/my_robot/install/realsense2_camera_msgs/include/realsense2_camera_msgs/realsense2_camera_msgs/srv/device_info.h
[0.343s] -- Up-to-date symlink: /home/jo/project_RobotEngineering_3/my_robot/install/realsense2_camera_msgs/share/realsense2_camera_msgs/environment/library_path.sh
[0.343s] -- Up-to-date symlink: /home/jo/project_RobotEngineering_3/my_robot/install/realsense2_camera_msgs/share/realsense2_camera_msgs/environment/library_path.dsv
[0.343s] -- Up-to-date symlink: /home/jo/project_RobotEngineering_3/my_robot/install/realsense2_camera_msgs/include/realsense2_camera_msgs/realsense2_camera_msgs/msg/detail/extrinsics__rosidl_typesupport_fastrtps_c.h
[0.343s] -- Up-to-date symlink: /home/jo/project_RobotEngineering_3/my_robot/install/realsense2_camera_msgs/include/realsense2_camera_msgs/realsense2_camera_msgs/msg/detail/imu_info__rosidl_typesupport_fastrtps_c.h
[0.344s] -- Up-to-date symlink: /home/jo/project_RobotEngineering_3/my_robot/install/realsense2_camera_msgs/include/realsense2_camera_msgs/realsense2_camera_msgs/msg/detail/metadata__rosidl_typesupport_fastrtps_c.h
[0.344s] -- Up-to-date symlink: /home/jo/project_RobotEngineering_3/my_robot/install/realsense2_camera_msgs/include/realsense2_camera_msgs/realsense2_camera_msgs/msg/rosidl_typesupport_fastrtps_c__visibility_control.h
[0.344s] -- Up-to-date symlink: /home/jo/project_RobotEngineering_3/my_robot/install/realsense2_camera_msgs/include/realsense2_camera_msgs/realsense2_camera_msgs/srv/detail/device_info__rosidl_typesupport_fastrtps_c.h
[0.344s] -- Up-to-date symlink: /home/jo/project_RobotEngineering_3/my_robot/install/realsense2_camera_msgs/include/realsense2_camera_msgs/realsense2_camera_msgs/msg/detail/extrinsics__rosidl_typesupport_introspection_c.h
[0.344s] -- Up-to-date symlink: /home/jo/project_RobotEngineering_3/my_robot/install/realsense2_camera_msgs/include/realsense2_camera_msgs/realsense2_camera_msgs/msg/detail/imu_info__rosidl_typesupport_introspection_c.h
[0.344s] -- Up-to-date symlink: /home/jo/project_RobotEngineering_3/my_robot/install/realsense2_camera_msgs/include/realsense2_camera_msgs/realsense2_camera_msgs/msg/detail/metadata__rosidl_typesupport_introspection_c.h
[0.344s] -- Up-to-date symlink: /home/jo/project_RobotEngineering_3/my_robot/install/realsense2_camera_msgs/include/realsense2_camera_msgs/realsense2_camera_msgs/msg/rosidl_typesupport_introspection_c__visibility_control.h
[0.344s] -- Up-to-date symlink: /home/jo/project_RobotEngineering_3/my_robot/install/realsense2_camera_msgs/include/realsense2_camera_msgs/realsense2_camera_msgs/srv/detail/device_info__rosidl_typesupport_introspection_c.h
[0.344s] -- Up-to-date symlink: /home/jo/project_RobotEngineering_3/my_robot/install/realsense2_camera_msgs/include/realsense2_camera_msgs/realsense2_camera_msgs/msg/detail/extrinsics__builder.hpp
[0.344s] -- Up-to-date symlink: /home/jo/project_RobotEngineering_3/my_robot/install/realsense2_camera_msgs/include/realsense2_camera_msgs/realsense2_camera_msgs/msg/detail/extrinsics__struct.hpp
[0.344s] -- Up-to-date symlink: /home/jo/project_RobotEngineering_3/my_robot/install/realsense2_camera_msgs/include/realsense2_camera_msgs/realsense2_camera_msgs/msg/detail/extrinsics__traits.hpp
[0.344s] -- Up-to-date symlink: /home/jo/project_RobotEngineering_3/my_robot/install/realsense2_camera_msgs/include/realsense2_camera_msgs/realsense2_camera_msgs/msg/detail/extrinsics__type_support.hpp
[0.345s] -- Up-to-date symlink: /home/jo/project_RobotEngineering_3/my_robot/install/realsense2_camera_msgs/include/realsense2_camera_msgs/realsense2_camera_msgs/msg/detail/imu_info__builder.hpp
[0.345s] -- Up-to-date symlink: /home/jo/project_RobotEngineering_3/my_robot/install/realsense2_camera_msgs/include/realsense2_camera_msgs/realsense2_camera_msgs/msg/detail/imu_info__struct.hpp
[0.345s] -- Up-to-date symlink: /home/jo/project_RobotEngineering_3/my_robot/install/realsense2_camera_msgs/include/realsense2_camera_msgs/realsense2_camera_msgs/msg/detail/imu_info__traits.hpp
[0.345s] -- Up-to-date symlink: /home/jo/project_RobotEngineering_3/my_robot/install/realsense2_camera_msgs/include/realsense2_camera_msgs/realsense2_camera_msgs/msg/detail/imu_info__type_support.hpp
[0.345s] -- Up-to-date symlink: /home/jo/project_RobotEngineering_3/my_robot/install/realsense2_camera_msgs/include/realsense2_camera_msgs/realsense2_camera_msgs/msg/detail/metadata__builder.hpp
[0.345s] -- Up-to-date symlink: /home/jo/project_RobotEngineering_3/my_robot/install/realsense2_camera_msgs/include/realsense2_camera_msgs/realsense2_camera_msgs/msg/detail/metadata__struct.hpp
[0.345s] -- Up-to-date symlink: /home/jo/project_RobotEngineering_3/my_robot/install/realsense2_camera_msgs/include/realsense2_camera_msgs/realsense2_camera_msgs/msg/detail/metadata__traits.hpp
[0.345s] -- Up-to-date symlink: /home/jo/project_RobotEngineering_3/my_robot/install/realsense2_camera_msgs/include/realsense2_camera_msgs/realsense2_camera_msgs/msg/detail/metadata__type_support.hpp
[0.345s] -- Up-to-date symlink: /home/jo/project_RobotEngineering_3/my_robot/install/realsense2_camera_msgs/include/realsense2_camera_msgs/realsense2_camera_msgs/msg/extrinsics.hpp
[0.346s] -- Up-to-date symlink: /home/jo/project_RobotEngineering_3/my_robot/install/realsense2_camera_msgs/include/realsense2_camera_msgs/realsense2_camera_msgs/msg/imu_info.hpp
[0.346s] -- Up-to-date symlink: /home/jo/project_RobotEngineering_3/my_robot/install/realsense2_camera_msgs/include/realsense2_camera_msgs/realsense2_camera_msgs/msg/metadata.hpp
[0.346s] -- Up-to-date symlink: /home/jo/project_RobotEngineering_3/my_robot/install/realsense2_camera_msgs/include/realsense2_camera_msgs/realsense2_camera_msgs/msg/rosidl_generator_cpp__visibility_control.hpp
[0.346s] -- Up-to-date symlink: /home/jo/project_RobotEngineering_3/my_robot/install/realsense2_camera_msgs/include/realsense2_camera_msgs/realsense2_camera_msgs/srv/detail/device_info__builder.hpp
[0.346s] -- Up-to-date symlink: /home/jo/project_RobotEngineering_3/my_robot/install/realsense2_camera_msgs/include/realsense2_camera_msgs/realsense2_camera_msgs/srv/detail/device_info__struct.hpp
[0.346s] -- Up-to-date symlink: /home/jo/project_RobotEngineering_3/my_robot/install/realsense2_camera_msgs/include/realsense2_camera_msgs/realsense2_camera_msgs/srv/detail/device_info__traits.hpp
[0.346s] -- Up-to-date symlink: /home/jo/project_RobotEngineering_3/my_robot/install/realsense2_camera_msgs/include/realsense2_camera_msgs/realsense2_camera_msgs/srv/detail/device_info__type_support.hpp
[0.347s] -- Up-to-date symlink: /home/jo/project_RobotEngineering_3/my_robot/install/realsense2_camera_msgs/include/realsense2_camera_msgs/realsense2_camera_msgs/srv/device_info.hpp
[0.347s] -- Up-to-date symlink: /home/jo/project_RobotEngineering_3/my_robot/install/realsense2_camera_msgs/include/realsense2_camera_msgs/realsense2_camera_msgs/msg/detail/extrinsics__rosidl_typesupport_fastrtps_cpp.hpp
[0.347s] -- Up-to-date symlink: /home/jo/project_RobotEngineering_3/my_robot/install/realsense2_camera_msgs/include/realsense2_camera_msgs/realsense2_camera_msgs/msg/detail/imu_info__rosidl_typesupport_fastrtps_cpp.hpp
[0.347s] -- Up-to-date symlink: /home/jo/project_RobotEngineering_3/my_robot/install/realsense2_camera_msgs/include/realsense2_camera_msgs/realsense2_camera_msgs/msg/detail/metadata__rosidl_typesupport_fastrtps_cpp.hpp
[0.347s] -- Up-to-date symlink: /home/jo/project_RobotEngineering_3/my_robot/install/realsense2_camera_msgs/include/realsense2_camera_msgs/realsense2_camera_msgs/msg/rosidl_typesupport_fastrtps_cpp__visibility_control.h
[0.347s] -- Up-to-date symlink: /home/jo/project_RobotEngineering_3/my_robot/install/realsense2_camera_msgs/include/realsense2_camera_msgs/realsense2_camera_msgs/srv/detail/device_info__rosidl_typesupport_fastrtps_cpp.hpp
[0.347s] -- Up-to-date symlink: /home/jo/project_RobotEngineering_3/my_robot/install/realsense2_camera_msgs/include/realsense2_camera_msgs/realsense2_camera_msgs/msg/detail/extrinsics__rosidl_typesupport_introspection_cpp.hpp
[0.347s] -- Up-to-date symlink: /home/jo/project_RobotEngineering_3/my_robot/install/realsense2_camera_msgs/include/realsense2_camera_msgs/realsense2_camera_msgs/msg/detail/imu_info__rosidl_typesupport_introspection_cpp.hpp
[0.347s] -- Up-to-date symlink: /home/jo/project_RobotEngineering_3/my_robot/install/realsense2_camera_msgs/include/realsense2_camera_msgs/realsense2_camera_msgs/msg/detail/metadata__rosidl_typesupport_introspection_cpp.hpp
[0.348s] -- Up-to-date symlink: /home/jo/project_RobotEngineering_3/my_robot/install/realsense2_camera_msgs/include/realsense2_camera_msgs/realsense2_camera_msgs/srv/detail/device_info__rosidl_typesupport_introspection_cpp.hpp
[0.348s] -- Up-to-date symlink: /home/jo/project_RobotEngineering_3/my_robot/install/realsense2_camera_msgs/share/realsense2_camera_msgs/environment/pythonpath.sh
[0.348s] -- Up-to-date symlink: /home/jo/project_RobotEngineering_3/my_robot/install/realsense2_camera_msgs/share/realsense2_camera_msgs/environment/pythonpath.dsv
[0.348s] -- Up-to-date symlink: /home/jo/project_RobotEngineering_3/my_robot/install/realsense2_camera_msgs/local/lib/python3.10/dist-packages/realsense2_camera_msgs-3.2.3-py3.10.egg-info/PKG-INFO
[0.348s] -- Up-to-date symlink: /home/jo/project_RobotEngineering_3/my_robot/install/realsense2_camera_msgs/local/lib/python3.10/dist-packages/realsense2_camera_msgs-3.2.3-py3.10.egg-info/SOURCES.txt
[0.348s] -- Up-to-date symlink: /home/jo/project_RobotEngineering_3/my_robot/install/realsense2_camera_msgs/local/lib/python3.10/dist-packages/realsense2_camera_msgs-3.2.3-py3.10.egg-info/dependency_links.txt
[0.348s] -- Up-to-date symlink: /home/jo/project_RobotEngineering_3/my_robot/install/realsense2_camera_msgs/local/lib/python3.10/dist-packages/realsense2_camera_msgs-3.2.3-py3.10.egg-info/top_level.txt
[0.349s] -- Up-to-date symlink: /home/jo/project_RobotEngineering_3/my_robot/install/realsense2_camera_msgs/local/lib/python3.10/dist-packages/realsense2_camera_msgs/__init__.py
[0.349s] -- Up-to-date symlink: /home/jo/project_RobotEngineering_3/my_robot/install/realsense2_camera_msgs/local/lib/python3.10/dist-packages/realsense2_camera_msgs/_realsense2_camera_msgs_s.ep.rosidl_typesupport_c.c
[0.349s] -- Up-to-date symlink: /home/jo/project_RobotEngineering_3/my_robot/install/realsense2_camera_msgs/local/lib/python3.10/dist-packages/realsense2_camera_msgs/_realsense2_camera_msgs_s.ep.rosidl_typesupport_fastrtps_c.c
[0.349s] -- Up-to-date symlink: /home/jo/project_RobotEngineering_3/my_robot/install/realsense2_camera_msgs/local/lib/python3.10/dist-packages/realsense2_camera_msgs/_realsense2_camera_msgs_s.ep.rosidl_typesupport_introspection_c.c
[0.349s] -- Up-to-date symlink: /home/jo/project_RobotEngineering_3/my_robot/install/realsense2_camera_msgs/local/lib/python3.10/dist-packages/realsense2_camera_msgs/librealsense2_camera_msgs__rosidl_generator_py.so
[0.349s] -- Up-to-date symlink: /home/jo/project_RobotEngineering_3/my_robot/install/realsense2_camera_msgs/local/lib/python3.10/dist-packages/realsense2_camera_msgs/msg/__init__.py
[0.349s] -- Up-to-date symlink: /home/jo/project_RobotEngineering_3/my_robot/install/realsense2_camera_msgs/local/lib/python3.10/dist-packages/realsense2_camera_msgs/msg/_extrinsics.py
[0.349s] -- Up-to-date symlink: /home/jo/project_RobotEngineering_3/my_robot/install/realsense2_camera_msgs/local/lib/python3.10/dist-packages/realsense2_camera_msgs/msg/_extrinsics_s.c
[0.350s] -- Up-to-date symlink: /home/jo/project_RobotEngineering_3/my_robot/install/realsense2_camera_msgs/local/lib/python3.10/dist-packages/realsense2_camera_msgs/msg/_imu_info.py
[0.350s] -- Up-to-date symlink: /home/jo/project_RobotEngineering_3/my_robot/install/realsense2_camera_msgs/local/lib/python3.10/dist-packages/realsense2_camera_msgs/msg/_imu_info_s.c
[0.350s] -- Up-to-date symlink: /home/jo/project_RobotEngineering_3/my_robot/install/realsense2_camera_msgs/local/lib/python3.10/dist-packages/realsense2_camera_msgs/msg/_metadata.py
[0.350s] -- Up-to-date symlink: /home/jo/project_RobotEngineering_3/my_robot/install/realsense2_camera_msgs/local/lib/python3.10/dist-packages/realsense2_camera_msgs/msg/_metadata_s.c
[0.350s] -- Up-to-date symlink: /home/jo/project_RobotEngineering_3/my_robot/install/realsense2_camera_msgs/local/lib/python3.10/dist-packages/realsense2_camera_msgs/realsense2_camera_msgs_s__rosidl_typesupport_c.cpython-310-x86_64-linux-gnu.so
[0.350s] -- Up-to-date symlink: /home/jo/project_RobotEngineering_3/my_robot/install/realsense2_camera_msgs/local/lib/python3.10/dist-packages/realsense2_camera_msgs/realsense2_camera_msgs_s__rosidl_typesupport_fastrtps_c.cpython-310-x86_64-linux-gnu.so
[0.350s] -- Up-to-date symlink: /home/jo/project_RobotEngineering_3/my_robot/install/realsense2_camera_msgs/local/lib/python3.10/dist-packages/realsense2_camera_msgs/realsense2_camera_msgs_s__rosidl_typesupport_introspection_c.cpython-310-x86_64-linux-gnu.so
[0.350s] -- Up-to-date symlink: /home/jo/project_RobotEngineering_3/my_robot/install/realsense2_camera_msgs/local/lib/python3.10/dist-packages/realsense2_camera_msgs/srv/__init__.py
[0.350s] -- Up-to-date symlink: /home/jo/project_RobotEngineering_3/my_robot/install/realsense2_camera_msgs/local/lib/python3.10/dist-packages/realsense2_camera_msgs/srv/_device_info.py
[0.351s] -- Up-to-date symlink: /home/jo/project_RobotEngineering_3/my_robot/install/realsense2_camera_msgs/local/lib/python3.10/dist-packages/realsense2_camera_msgs/srv/_device_info_s.c
[0.351s] -- Up-to-date symlink: /home/jo/project_RobotEngineering_3/my_robot/install/realsense2_camera_msgs/local/lib/python3.10/dist-packages/realsense2_camera_msgs/realsense2_camera_msgs_s__rosidl_typesupport_fastrtps_c.cpython-310-x86_64-linux-gnu.so
[0.351s] -- Up-to-date symlink: /home/jo/project_RobotEngineering_3/my_robot/install/realsense2_camera_msgs/local/lib/python3.10/dist-packages/realsense2_camera_msgs/realsense2_camera_msgs_s__rosidl_typesupport_introspection_c.cpython-310-x86_64-linux-gnu.so
[0.351s] -- Up-to-date symlink: /home/jo/project_RobotEngineering_3/my_robot/install/realsense2_camera_msgs/local/lib/python3.10/dist-packages/realsense2_camera_msgs/realsense2_camera_msgs_s__rosidl_typesupport_c.cpython-310-x86_64-linux-gnu.so
[0.351s] -- Up-to-date symlink: /home/jo/project_RobotEngineering_3/my_robot/install/realsense2_camera_msgs/share/realsense2_camera_msgs/msg/IMUInfo.idl
[0.351s] -- Up-to-date symlink: /home/jo/project_RobotEngineering_3/my_robot/install/realsense2_camera_msgs/share/realsense2_camera_msgs/msg/Extrinsics.idl
[0.352s] -- Up-to-date symlink: /home/jo/project_RobotEngineering_3/my_robot/install/realsense2_camera_msgs/share/realsense2_camera_msgs/msg/Metadata.idl
[0.352s] -- Up-to-date symlink: /home/jo/project_RobotEngineering_3/my_robot/install/realsense2_camera_msgs/share/realsense2_camera_msgs/srv/DeviceInfo.idl
[0.352s] -- Up-to-date symlink: /home/jo/project_RobotEngineering_3/my_robot/install/realsense2_camera_msgs/share/realsense2_camera_msgs/msg/IMUInfo.msg
[0.352s] -- Up-to-date symlink: /home/jo/project_RobotEngineering_3/my_robot/install/realsense2_camera_msgs/share/realsense2_camera_msgs/msg/Extrinsics.msg
[0.352s] -- Up-to-date symlink: /home/jo/project_RobotEngineering_3/my_robot/install/realsense2_camera_msgs/share/realsense2_camera_msgs/msg/Metadata.msg
[0.352s] -- Up-to-date symlink: /home/jo/project_RobotEngineering_3/my_robot/install/realsense2_camera_msgs/share/realsense2_camera_msgs/srv/DeviceInfo.srv
[0.352s] -- Up-to-date symlink: /home/jo/project_RobotEngineering_3/my_robot/install/realsense2_camera_msgs/share/realsense2_camera_msgs/srv/DeviceInfo_Request.msg
[0.352s] -- Up-to-date symlink: /home/jo/project_RobotEngineering_3/my_robot/install/realsense2_camera_msgs/share/realsense2_camera_msgs/srv/DeviceInfo_Response.msg
[0.352s] -- Up-to-date symlink: /home/jo/project_RobotEngineering_3/my_robot/install/realsense2_camera_msgs/share/ament_index/resource_index/package_run_dependencies/realsense2_camera_msgs
[0.352s] -- Up-to-date symlink: /home/jo/project_RobotEngineering_3/my_robot/install/realsense2_camera_msgs/share/ament_index/resource_index/parent_prefix_path/realsense2_camera_msgs
[0.353s] -- Up-to-date symlink: /home/jo/project_RobotEngineering_3/my_robot/install/realsense2_camera_msgs/share/realsense2_camera_msgs/environment/ament_prefix_path.sh
[0.353s] -- Up-to-date symlink: /home/jo/project_RobotEngineering_3/my_robot/install/realsense2_camera_msgs/share/realsense2_camera_msgs/environment/ament_prefix_path.dsv
[0.353s] -- Up-to-date symlink: /home/jo/project_RobotEngineering_3/my_robot/install/realsense2_camera_msgs/share/realsense2_camera_msgs/environment/path.sh
[0.353s] -- Up-to-date symlink: /home/jo/project_RobotEngineering_3/my_robot/install/realsense2_camera_msgs/share/realsense2_camera_msgs/environment/path.dsv
[0.353s] -- Up-to-date symlink: /home/jo/project_RobotEngineering_3/my_robot/install/realsense2_camera_msgs/share/realsense2_camera_msgs/local_setup.bash
[0.353s] -- Up-to-date symlink: /home/jo/project_RobotEngineering_3/my_robot/install/realsense2_camera_msgs/share/realsense2_camera_msgs/local_setup.sh
[0.353s] -- Up-to-date symlink: /home/jo/project_RobotEngineering_3/my_robot/install/realsense2_camera_msgs/share/realsense2_camera_msgs/local_setup.zsh
[0.354s] -- Up-to-date symlink: /home/jo/project_RobotEngineering_3/my_robot/install/realsense2_camera_msgs/share/realsense2_camera_msgs/local_setup.dsv
[0.354s] -- Symlinking: /home/jo/project_RobotEngineering_3/my_robot/install/realsense2_camera_msgs/share/realsense2_camera_msgs/package.dsv
[0.356s] -- Up-to-date symlink: /home/jo/project_RobotEngineering_3/my_robot/install/realsense2_camera_msgs/share/ament_index/resource_index/packages/realsense2_camera_msgs
[0.356s] -- Up-to-date symlink: /home/jo/project_RobotEngineering_3/my_robot/install/realsense2_camera_msgs/share/realsense2_camera_msgs/cmake/rosidl_cmake-extras.cmake
[0.356s] -- Up-to-date symlink: /home/jo/project_RobotEngineering_3/my_robot/install/realsense2_camera_msgs/share/realsense2_camera_msgs/cmake/ament_cmake_export_dependencies-extras.cmake
[0.357s] -- Up-to-date symlink: /home/jo/project_RobotEngineering_3/my_robot/install/realsense2_camera_msgs/share/realsense2_camera_msgs/cmake/ament_cmake_export_include_directories-extras.cmake
[0.357s] -- Up-to-date symlink: /home/jo/project_RobotEngineering_3/my_robot/install/realsense2_camera_msgs/share/realsense2_camera_msgs/cmake/ament_cmake_export_libraries-extras.cmake
[0.357s] -- Up-to-date symlink: /home/jo/project_RobotEngineering_3/my_robot/install/realsense2_camera_msgs/share/realsense2_camera_msgs/cmake/ament_cmake_export_targets-extras.cmake
[0.357s] -- Up-to-date symlink: /home/jo/project_RobotEngineering_3/my_robot/install/realsense2_camera_msgs/share/realsense2_camera_msgs/cmake/rosidl_cmake_export_typesupport_targets-extras.cmake
[0.357s] -- Up-to-date symlink: /home/jo/project_RobotEngineering_3/my_robot/install/realsense2_camera_msgs/share/realsense2_camera_msgs/cmake/rosidl_cmake_export_typesupport_libraries-extras.cmake
[0.357s] -- Up-to-date symlink: /home/jo/project_RobotEngineering_3/my_robot/install/realsense2_camera_msgs/share/realsense2_camera_msgs/cmake/realsense2_camera_msgsConfig.cmake
[0.357s] -- Up-to-date symlink: /home/jo/project_RobotEngineering_3/my_robot/install/realsense2_camera_msgs/share/realsense2_camera_msgs/cmake/realsense2_camera_msgsConfig-version.cmake
[0.357s] -- Up-to-date symlink: /home/jo/project_RobotEngineering_3/my_robot/install/realsense2_camera_msgs/share/realsense2_camera_msgs/package.xml
[0.357s] -- Up-to-date: /home/jo/project_RobotEngineering_3/my_robot/install/realsense2_camera_msgs/lib/librealsense2_camera_msgs__rosidl_generator_c.so
[0.357s] -- Up-to-date: /home/jo/project_RobotEngineering_3/my_robot/install/realsense2_camera_msgs/lib/librealsense2_camera_msgs__rosidl_typesupport_fastrtps_c.so
[0.357s] -- Up-to-date: /home/jo/project_RobotEngineering_3/my_robot/install/realsense2_camera_msgs/lib/librealsense2_camera_msgs__rosidl_typesupport_introspection_c.so
[0.357s] -- Up-to-date: /home/jo/project_RobotEngineering_3/my_robot/install/realsense2_camera_msgs/lib/librealsense2_camera_msgs__rosidl_typesupport_c.so
[0.358s] -- Up-to-date: /home/jo/project_RobotEngineering_3/my_robot/install/realsense2_camera_msgs/lib/librealsense2_camera_msgs__rosidl_typesupport_fastrtps_cpp.so
[0.358s] -- Up-to-date: /home/jo/project_RobotEngineering_3/my_robot/install/realsense2_camera_msgs/lib/librealsense2_camera_msgs__rosidl_typesupport_introspection_cpp.so
[0.358s] -- Up-to-date: /home/jo/project_RobotEngineering_3/my_robot/install/realsense2_camera_msgs/lib/librealsense2_camera_msgs__rosidl_typesupport_cpp.so
[0.381s] Listing '/home/jo/project_RobotEngineering_3/my_robot/install/realsense2_camera_msgs/local/lib/python3.10/dist-packages/realsense2_camera_msgs'...
[0.381s] Listing '/home/jo/project_RobotEngineering_3/my_robot/install/realsense2_camera_msgs/local/lib/python3.10/dist-packages/realsense2_camera_msgs/msg'...
[0.381s] Listing '/home/jo/project_RobotEngineering_3/my_robot/install/realsense2_camera_msgs/local/lib/python3.10/dist-packages/realsense2_camera_msgs/srv'...
[0.384s] -- Up-to-date: /home/jo/project_RobotEngineering_3/my_robot/install/realsense2_camera_msgs/lib/librealsense2_camera_msgs__rosidl_generator_py.so
[0.384s] -- Up-to-date: /home/jo/project_RobotEngineering_3/my_robot/install/realsense2_camera_msgs/share/realsense2_camera_msgs/cmake/export_realsense2_camera_msgs__rosidl_generator_cExport.cmake
[0.384s] -- Up-to-date: /home/jo/project_RobotEngineering_3/my_robot/install/realsense2_camera_msgs/share/realsense2_camera_msgs/cmake/export_realsense2_camera_msgs__rosidl_generator_cExport-noconfig.cmake
[0.384s] -- Up-to-date: /home/jo/project_RobotEngineering_3/my_robot/install/realsense2_camera_msgs/share/realsense2_camera_msgs/cmake/export_realsense2_camera_msgs__rosidl_typesupport_fastrtps_cExport.cmake
[0.384s] -- Up-to-date: /home/jo/project_RobotEngineering_3/my_robot/install/realsense2_camera_msgs/share/realsense2_camera_msgs/cmake/export_realsense2_camera_msgs__rosidl_typesupport_fastrtps_cExport-noconfig.cmake
[0.385s] -- Up-to-date: /home/jo/project_RobotEngineering_3/my_robot/install/realsense2_camera_msgs/share/realsense2_camera_msgs/cmake/realsense2_camera_msgs__rosidl_typesupport_introspection_cExport.cmake
[0.385s] -- Up-to-date: /home/jo/project_RobotEngineering_3/my_robot/install/realsense2_camera_msgs/share/realsense2_camera_msgs/cmake/realsense2_camera_msgs__rosidl_typesupport_introspection_cExport-noconfig.cmake
[0.385s] -- Up-to-date: /home/jo/project_RobotEngineering_3/my_robot/install/realsense2_camera_msgs/share/realsense2_camera_msgs/cmake/realsense2_camera_msgs__rosidl_typesupport_cExport.cmake
[0.385s] -- Up-to-date: /home/jo/project_RobotEngineering_3/my_robot/install/realsense2_camera_msgs/share/realsense2_camera_msgs/cmake/realsense2_camera_msgs__rosidl_typesupport_cExport-noconfig.cmake
[0.385s] -- Up-to-date: /home/jo/project_RobotEngineering_3/my_robot/install/realsense2_camera_msgs/share/realsense2_camera_msgs/cmake/export_realsense2_camera_msgs__rosidl_generator_cppExport.cmake
[0.385s] -- Up-to-date: /home/jo/project_RobotEngineering_3/my_robot/install/realsense2_camera_msgs/share/realsense2_camera_msgs/cmake/export_realsense2_camera_msgs__rosidl_typesupport_fastrtps_cppExport.cmake
[0.385s] -- Up-to-date: /home/jo/project_RobotEngineering_3/my_robot/install/realsense2_camera_msgs/share/realsense2_camera_msgs/cmake/export_realsense2_camera_msgs__rosidl_typesupport_fastrtps_cppExport-noconfig.cmake
[0.385s] -- Up-to-date: /home/jo/project_RobotEngineering_3/my_robot/install/realsense2_camera_msgs/share/realsense2_camera_msgs/cmake/realsense2_camera_msgs__rosidl_typesupport_introspection_cppExport.cmake
[0.385s] -- Up-to-date: /home/jo/project_RobotEngineering_3/my_robot/install/realsense2_camera_msgs/share/realsense2_camera_msgs/cmake/realsense2_camera_msgs__rosidl_typesupport_introspection_cppExport-noconfig.cmake
[0.385s] -- Up-to-date: /home/jo/project_RobotEngineering_3/my_robot/install/realsense2_camera_msgs/share/realsense2_camera_msgs/cmake/realsense2_camera_msgs__rosidl_typesupport_cppExport.cmake
[0.385s] -- Up-to-date: /home/jo/project_RobotEngineering_3/my_robot/install/realsense2_camera_msgs/share/realsense2_camera_msgs/cmake/realsense2_camera_msgs__rosidl_typesupport_cppExport-noconfig.cmake
[0.385s] -- Up-to-date: /home/jo/project_RobotEngineering_3/my_robot/install/realsense2_camera_msgs/share/realsense2_camera_msgs/cmake/export_realsense2_camera_msgs__rosidl_generator_pyExport.cmake
[0.385s] -- Up-to-date: /home/jo/project_RobotEngineering_3/my_robot/install/realsense2_camera_msgs/share/realsense2_camera_msgs/cmake/export_realsense2_camera_msgs__rosidl_generator_pyExport-noconfig.cmake
[0.386s] Invoked command in '/home/jo/project_RobotEngineering_3/my_robot/build/realsense2_camera_msgs' returned '0': CMAKE_PREFIX_PATH=${CMAKE_PREFIX_PATH}:/home/jo/project_RobotEngineering_3/my_robot/install/py_custom_srv_pkg:/opt/ros/humble /usr/bin/cmake --install /home/jo/project_RobotEngineering_3/my_robot/build/realsense2_camera_msgs
