/home/jo/project_RobotEngineering_3/my_robot/install/my_robot_pkg/lib/python3.10/site-packages/my_robot_pkg/robot_client.py
/home/jo/project_RobotEngineering_3/my_robot/install/my_robot_pkg/lib/python3.10/site-packages/my_robot_pkg/voice_speech.py
/home/jo/project_RobotEngineering_3/my_robot/install/my_robot_pkg/lib/python3.10/site-packages/my_robot_pkg/__init__.py
/home/jo/project_RobotEngineering_3/my_robot/install/my_robot_pkg/lib/python3.10/site-packages/my_robot_pkg/nevigetion.py
/home/jo/project_RobotEngineering_3/my_robot/install/my_robot_pkg/lib/python3.10/site-packages/my_robot_pkg/__pycache__/robot_client.cpython-310.pyc
/home/jo/project_RobotEngineering_3/my_robot/install/my_robot_pkg/lib/python3.10/site-packages/my_robot_pkg/__pycache__/voice_speech.cpython-310.pyc
/home/jo/project_RobotEngineering_3/my_robot/install/my_robot_pkg/lib/python3.10/site-packages/my_robot_pkg/__pycache__/__init__.cpython-310.pyc
/home/jo/project_RobotEngineering_3/my_robot/install/my_robot_pkg/lib/python3.10/site-packages/my_robot_pkg/__pycache__/nevigetion.cpython-310.pyc
/home/jo/project_RobotEngineering_3/my_robot/install/my_robot_pkg/share/ament_index/resource_index/packages/my_robot_pkg
/home/jo/project_RobotEngineering_3/my_robot/install/my_robot_pkg/share/my_robot_pkg/package.xml
/home/jo/project_RobotEngineering_3/my_robot/install/my_robot_pkg/share/my_robot_pkg/launch/rtabmap_realsense.launch.py
/home/jo/project_RobotEngineering_3/my_robot/install/my_robot_pkg/lib/python3.10/site-packages/my_robot_pkg-0.0.0-py3.10.egg-info/requires.txt
/home/jo/project_RobotEngineering_3/my_robot/install/my_robot_pkg/lib/python3.10/site-packages/my_robot_pkg-0.0.0-py3.10.egg-info/top_level.txt
/home/jo/project_RobotEngineering_3/my_robot/install/my_robot_pkg/lib/python3.10/site-packages/my_robot_pkg-0.0.0-py3.10.egg-info/dependency_links.txt
/home/jo/project_RobotEngineering_3/my_robot/install/my_robot_pkg/lib/python3.10/site-packages/my_robot_pkg-0.0.0-py3.10.egg-info/PKG-INFO
/home/jo/project_RobotEngineering_3/my_robot/install/my_robot_pkg/lib/python3.10/site-packages/my_robot_pkg-0.0.0-py3.10.egg-info/zip-safe
/home/jo/project_RobotEngineering_3/my_robot/install/my_robot_pkg/lib/python3.10/site-packages/my_robot_pkg-0.0.0-py3.10.egg-info/SOURCES.txt
/home/jo/project_RobotEngineering_3/my_robot/install/my_robot_pkg/lib/python3.10/site-packages/my_robot_pkg-0.0.0-py3.10.egg-info/entry_points.txt
/home/jo/project_RobotEngineering_3/my_robot/install/my_robot_pkg/lib/my_robot_pkg/nevigetion
/home/jo/project_RobotEngineering_3/my_robot/install/my_robot_pkg/lib/my_robot_pkg/robot_client
/home/jo/project_RobotEngineering_3/my_robot/install/my_robot_pkg/lib/my_robot_pkg/voice_speech
