running develop
running egg_info
creating py_custom_srv_pkg.egg-info
writing py_custom_srv_pkg.egg-info/PKG-INFO
writing dependency_links to py_custom_srv_pkg.egg-info/dependency_links.txt
writing entry points to py_custom_srv_pkg.egg-info/entry_points.txt
writing requirements to py_custom_srv_pkg.egg-info/requires.txt
writing top-level names to py_custom_srv_pkg.egg-info/top_level.txt
writing manifest file 'py_custom_srv_pkg.egg-info/SOURCES.txt'
reading manifest file 'py_custom_srv_pkg.egg-info/SOURCES.txt'
writing manifest file 'py_custom_srv_pkg.egg-info/SOURCES.txt'
running build_ext
Creating /home/jo/project_RobotEngineering_3/my_robot/install/py_custom_srv_pkg/lib/python3.10/site-packages/py-custom-srv-pkg.egg-link (link to .)
Installing py_custom_client script to /home/jo/project_RobotEngineering_3/my_robot/install/py_custom_srv_pkg/lib/py_custom_srv_pkg
Installing py_custom_server script to /home/jo/project_RobotEngineering_3/my_robot/install/py_custom_srv_pkg/lib/py_custom_srv_pkg
Installing realsense_test script to /home/jo/project_RobotEngineering_3/my_robot/install/py_custom_srv_pkg/lib/py_custom_srv_pkg

Installed /home/jo/project_RobotEngineering_3/my_robot/build/py_custom_srv_pkg
running symlink_data
creating /home/jo/project_RobotEngineering_3/my_robot/install/py_custom_srv_pkg/share/ament_index
creating /home/jo/project_RobotEngineering_3/my_robot/install/py_custom_srv_pkg/share/ament_index/resource_index
creating /home/jo/project_RobotEngineering_3/my_robot/install/py_custom_srv_pkg/share/ament_index/resource_index/packages
symbolically linking /home/jo/project_RobotEngineering_3/my_robot/build/py_custom_srv_pkg/resource/py_custom_srv_pkg -> /home/jo/project_RobotEngineering_3/my_robot/install/py_custom_srv_pkg/share/ament_index/resource_index/packages
symbolically linking /home/jo/project_RobotEngineering_3/my_robot/build/py_custom_srv_pkg/package.xml -> /home/jo/project_RobotEngineering_3/my_robot/install/py_custom_srv_pkg/share/py_custom_srv_pkg
creating /home/jo/project_RobotEngineering_3/my_robot/install/py_custom_srv_pkg/share/py_custom_srv_pkg/launch
symbolically linking /home/jo/project_RobotEngineering_3/my_robot/build/py_custom_srv_pkg/launch/rtabmap_realsense.launch.py -> /home/jo/project_RobotEngineering_3/my_robot/install/py_custom_srv_pkg/share/py_custom_srv_pkg/launch
