[0.501s] Invoking command in '/home/jo/project_RobotEngineering_3/my_robot/build/py_custom_srv_pkg': CMAKE_PREFIX_PATH=/home/jo/project_RobotEngineering_3/my_robot/install/my_custom_srv_pkg:/home/jo/project_RobotEngineering_3/my_robot/install/realsense2_description:/home/jo/project_RobotEngineering_3/my_robot/install/realsense2_camera:/home/jo/project_RobotEngineering_3/my_robot/install/realsense2_camera_msgs LD_LIBRARY_PATH=/home/jo/project_RobotEngineering_3/my_robot/install/my_custom_srv_pkg/lib:/home/jo/project_RobotEngineering_3/my_robot/install/realsense2_camera/lib:/home/jo/project_RobotEngineering_3/my_robot/install/realsense2_camera_msgs/lib:/usr/lib/x86_64-linux-gnu/gazebo-11/plugins:/opt/ros/humble/opt/rviz_ogre_vendor/lib:/opt/ros/humble/lib/x86_64-linux-gnu:/opt/ros/humble/lib:/usr/lib/x86_64-linux-gnu/gazebo-11/plugins:/usr/lib/x86_64-linux-gnu/gazebo-11/plugins:/usr/lib/x86_64-linux-gnu/gazebo-11/plugins:/usr/lib/x86_64-linux-gnu/gazebo-11/plugins:/usr/lib/x86_64-linux-gnu/gazebo-11/plugins:/usr/lib/x86_64-linux-gnu/gazebo-11/plugins PYTHONPATH=/home/jo/project_RobotEngineering_3/my_robot/build/py_custom_srv_pkg/prefix_override:/usr/lib/python3/dist-packages/colcon_core/task/python/colcon_distutils_commands:/home/jo/project_RobotEngineering_3/my_robot/install/py_custom_srv_pkg/lib/python3.10/site-packages:${PYTHONPATH} /usr/bin/python3 -W ignore:setup.py install is deprecated -W ignore:easy_install command is deprecated setup.py develop --editable --build-directory /home/jo/project_RobotEngineering_3/my_robot/build/py_custom_srv_pkg/build --no-deps symlink_data
[0.675s] running develop
[0.797s] running egg_info
[0.797s] creating py_custom_srv_pkg.egg-info
[0.797s] writing py_custom_srv_pkg.egg-info/PKG-INFO
[0.797s] writing dependency_links to py_custom_srv_pkg.egg-info/dependency_links.txt
[0.798s] writing entry points to py_custom_srv_pkg.egg-info/entry_points.txt
[0.798s] writing requirements to py_custom_srv_pkg.egg-info/requires.txt
[0.798s] writing top-level names to py_custom_srv_pkg.egg-info/top_level.txt
[0.798s] writing manifest file 'py_custom_srv_pkg.egg-info/SOURCES.txt'
[0.799s] reading manifest file 'py_custom_srv_pkg.egg-info/SOURCES.txt'
[0.799s] writing manifest file 'py_custom_srv_pkg.egg-info/SOURCES.txt'
[0.800s] running build_ext
[0.800s] Creating /home/jo/project_RobotEngineering_3/my_robot/install/py_custom_srv_pkg/lib/python3.10/site-packages/py-custom-srv-pkg.egg-link (link to .)
[0.800s] Installing py_custom_client script to /home/jo/project_RobotEngineering_3/my_robot/install/py_custom_srv_pkg/lib/py_custom_srv_pkg
[0.800s] Installing py_custom_server script to /home/jo/project_RobotEngineering_3/my_robot/install/py_custom_srv_pkg/lib/py_custom_srv_pkg
[0.800s] Installing realsense_test script to /home/jo/project_RobotEngineering_3/my_robot/install/py_custom_srv_pkg/lib/py_custom_srv_pkg
[0.800s] 
[0.801s] Installed /home/jo/project_RobotEngineering_3/my_robot/build/py_custom_srv_pkg
[0.801s] running symlink_data
[0.801s] creating /home/jo/project_RobotEngineering_3/my_robot/install/py_custom_srv_pkg/share/ament_index
[0.801s] creating /home/jo/project_RobotEngineering_3/my_robot/install/py_custom_srv_pkg/share/ament_index/resource_index
[0.801s] creating /home/jo/project_RobotEngineering_3/my_robot/install/py_custom_srv_pkg/share/ament_index/resource_index/packages
[0.801s] symbolically linking /home/jo/project_RobotEngineering_3/my_robot/build/py_custom_srv_pkg/resource/py_custom_srv_pkg -> /home/jo/project_RobotEngineering_3/my_robot/install/py_custom_srv_pkg/share/ament_index/resource_index/packages
[0.801s] symbolically linking /home/jo/project_RobotEngineering_3/my_robot/build/py_custom_srv_pkg/package.xml -> /home/jo/project_RobotEngineering_3/my_robot/install/py_custom_srv_pkg/share/py_custom_srv_pkg
[0.801s] creating /home/jo/project_RobotEngineering_3/my_robot/install/py_custom_srv_pkg/share/py_custom_srv_pkg/launch
[0.801s] symbolically linking /home/jo/project_RobotEngineering_3/my_robot/build/py_custom_srv_pkg/launch/rtabmap_realsense.launch.py -> /home/jo/project_RobotEngineering_3/my_robot/install/py_custom_srv_pkg/share/py_custom_srv_pkg/launch
[0.823s] Invoked command in '/home/jo/project_RobotEngineering_3/my_robot/build/py_custom_srv_pkg' returned '0': CMAKE_PREFIX_PATH=/home/jo/project_RobotEngineering_3/my_robot/install/my_custom_srv_pkg:/home/jo/project_RobotEngineering_3/my_robot/install/realsense2_description:/home/jo/project_RobotEngineering_3/my_robot/install/realsense2_camera:/home/jo/project_RobotEngineering_3/my_robot/install/realsense2_camera_msgs LD_LIBRARY_PATH=/home/jo/project_RobotEngineering_3/my_robot/install/my_custom_srv_pkg/lib:/home/jo/project_RobotEngineering_3/my_robot/install/realsense2_camera/lib:/home/jo/project_RobotEngineering_3/my_robot/install/realsense2_camera_msgs/lib:/usr/lib/x86_64-linux-gnu/gazebo-11/plugins:/opt/ros/humble/opt/rviz_ogre_vendor/lib:/opt/ros/humble/lib/x86_64-linux-gnu:/opt/ros/humble/lib:/usr/lib/x86_64-linux-gnu/gazebo-11/plugins:/usr/lib/x86_64-linux-gnu/gazebo-11/plugins:/usr/lib/x86_64-linux-gnu/gazebo-11/plugins:/usr/lib/x86_64-linux-gnu/gazebo-11/plugins:/usr/lib/x86_64-linux-gnu/gazebo-11/plugins:/usr/lib/x86_64-linux-gnu/gazebo-11/plugins PYTHONPATH=/home/jo/project_RobotEngineering_3/my_robot/build/py_custom_srv_pkg/prefix_override:/usr/lib/python3/dist-packages/colcon_core/task/python/colcon_distutils_commands:/home/jo/project_RobotEngineering_3/my_robot/install/py_custom_srv_pkg/lib/python3.10/site-packages:${PYTHONPATH} /usr/bin/python3 -W ignore:setup.py install is deprecated -W ignore:easy_install command is deprecated setup.py develop --editable --build-directory /home/jo/project_RobotEngineering_3/my_robot/build/py_custom_srv_pkg/build --no-deps symlink_data
