[0.012s] Invoking command in '/home/jo/project_RobotEngineering_3/my_robot/build/realsense2_camera': CMAKE_PREFIX_PATH=/home/jo/project_RobotEngineering_3/my_robot/install/realsense2_camera_msgs:/home/jo/project_RobotEngineering_3/my_robot/install/realsense2_description:/home/jo/project_RobotEngineering_3/my_robot/install/realsense2_camera:/home/jo/project_RobotEngineering_3/my_robot/install/my_command_pkg:/home/jo/project_RobotEngineering_3/my_robot/install/my_robot_pkg:/opt/ros/humble LD_LIBRARY_PATH=/home/jo/project_RobotEngineering_3/my_robot/install/realsense2_camera_msgs/lib:/home/jo/project_RobotEngineering_3/my_robot/install/realsense2_camera/lib:/home/jo/project_RobotEngineering_3/my_robot/install/my_command_pkg/lib:/usr/lib/x86_64-linux-gnu/gazebo-11/plugins:/opt/ros/humble/opt/rviz_ogre_vendor/lib:/opt/ros/humble/lib/x86_64-linux-gnu:/opt/ros/humble/lib:/usr/lib/x86_64-linux-gnu/gazebo-11/plugins /usr/bin/cmake --build /home/jo/project_RobotEngineering_3/my_robot/build/realsense2_camera -- -j12 -l12
[0.045s] [35m[1mConsolidate compiler generated dependencies of target realsense2_camera_node[0m
[0.052s] [35m[1mConsolidate compiler generated dependencies of target realsense2_camera[0m
[0.064s] [ 25%] Built target realsense2_camera_node
[0.094s] [100%] Built target realsense2_camera
[0.141s] Invoked command in '/home/jo/project_RobotEngineering_3/my_robot/build/realsense2_camera' returned '0': CMAKE_PREFIX_PATH=/home/jo/project_RobotEngineering_3/my_robot/install/realsense2_camera_msgs:/home/jo/project_RobotEngineering_3/my_robot/install/realsense2_description:/home/jo/project_RobotEngineering_3/my_robot/install/realsense2_camera:/home/jo/project_RobotEngineering_3/my_robot/install/my_command_pkg:/home/jo/project_RobotEngineering_3/my_robot/install/my_robot_pkg:/opt/ros/humble LD_LIBRARY_PATH=/home/jo/project_RobotEngineering_3/my_robot/install/realsense2_camera_msgs/lib:/home/jo/project_RobotEngineering_3/my_robot/install/realsense2_camera/lib:/home/jo/project_RobotEngineering_3/my_robot/install/my_command_pkg/lib:/usr/lib/x86_64-linux-gnu/gazebo-11/plugins:/opt/ros/humble/opt/rviz_ogre_vendor/lib:/opt/ros/humble/lib/x86_64-linux-gnu:/opt/ros/humble/lib:/usr/lib/x86_64-linux-gnu/gazebo-11/plugins /usr/bin/cmake --build /home/jo/project_RobotEngineering_3/my_robot/build/realsense2_camera -- -j12 -l12
[0.142s] Invoking command in '/home/jo/project_RobotEngineering_3/my_robot/build/realsense2_camera': CMAKE_PREFIX_PATH=/home/jo/project_RobotEngineering_3/my_robot/install/realsense2_camera_msgs:/home/jo/project_RobotEngineering_3/my_robot/install/realsense2_description:/home/jo/project_RobotEngineering_3/my_robot/install/realsense2_camera:/home/jo/project_RobotEngineering_3/my_robot/install/my_command_pkg:/home/jo/project_RobotEngineering_3/my_robot/install/my_robot_pkg:/opt/ros/humble LD_LIBRARY_PATH=/home/jo/project_RobotEngineering_3/my_robot/install/realsense2_camera_msgs/lib:/home/jo/project_RobotEngineering_3/my_robot/install/realsense2_camera/lib:/home/jo/project_RobotEngineering_3/my_robot/install/my_command_pkg/lib:/usr/lib/x86_64-linux-gnu/gazebo-11/plugins:/opt/ros/humble/opt/rviz_ogre_vendor/lib:/opt/ros/humble/lib/x86_64-linux-gnu:/opt/ros/humble/lib:/usr/lib/x86_64-linux-gnu/gazebo-11/plugins /usr/bin/cmake --install /home/jo/project_RobotEngineering_3/my_robot/build/realsense2_camera
[0.150s] -- Install configuration: "Release"
[0.150s] -- Up-to-date: /home/jo/project_RobotEngineering_3/my_robot/install/realsense2_camera/lib/realsense2_camera/realsense2_camera_node
[0.151s] -- Up-to-date: /home/jo/project_RobotEngineering_3/my_robot/install/realsense2_camera/lib/librealsense2_camera.so
[0.151s] -- Up-to-date: /home/jo/project_RobotEngineering_3/my_robot/install/realsense2_camera/include
[0.151s] -- Up-to-date: /home/jo/project_RobotEngineering_3/my_robot/install/realsense2_camera/include/t265_realsense_node.h
[0.151s] -- Up-to-date: /home/jo/project_RobotEngineering_3/my_robot/install/realsense2_camera/include/ros_param_backend.h
[0.151s] -- Up-to-date: /home/jo/project_RobotEngineering_3/my_robot/install/realsense2_camera/include/constants.h
[0.151s] -- Up-to-date: /home/jo/project_RobotEngineering_3/my_robot/install/realsense2_camera/include/realsense_node_factory.h
[0.151s] -- Up-to-date: /home/jo/project_RobotEngineering_3/my_robot/install/realsense2_camera/include/dynamic_params.h
[0.151s] -- Up-to-date: /home/jo/project_RobotEngineering_3/my_robot/install/realsense2_camera/include/base_realsense_node.h
[0.151s] -- Up-to-date: /home/jo/project_RobotEngineering_3/my_robot/install/realsense2_camera/share/realsense2_camera/launch
[0.151s] -- Up-to-date: /home/jo/project_RobotEngineering_3/my_robot/install/realsense2_camera/share/realsense2_camera/launch/rs_multi_camera_launch.py
[0.152s] -- Up-to-date: /home/jo/project_RobotEngineering_3/my_robot/install/realsense2_camera/share/realsense2_camera/launch/demo_pointcloud_launch.py
[0.152s] -- Up-to-date: /home/jo/project_RobotEngineering_3/my_robot/install/realsense2_camera/share/realsense2_camera/launch/rs_launch.py
[0.153s] -- Up-to-date: /home/jo/project_RobotEngineering_3/my_robot/install/realsense2_camera/share/realsense2_camera/launch/rs_d400_and_t265_launch.py
[0.153s] -- Up-to-date: /home/jo/project_RobotEngineering_3/my_robot/install/realsense2_camera/share/realsense2_camera/launch/default.rviz
[0.154s] -- Up-to-date: /home/jo/project_RobotEngineering_3/my_robot/install/realsense2_camera/share/realsense2_camera/launch/demo_t265_launch.py
[0.155s] -- Up-to-date: /home/jo/project_RobotEngineering_3/my_robot/install/realsense2_camera/share/realsense2_camera/launch/rs_t265_launch.py
[0.155s] -- Up-to-date: /home/jo/project_RobotEngineering_3/my_robot/install/realsense2_camera/share/realsense2_camera/config
[0.155s] -- Up-to-date: /home/jo/project_RobotEngineering_3/my_robot/install/realsense2_camera/share/realsense2_camera/config/d435i.yaml
[0.155s] -- Up-to-date: /home/jo/project_RobotEngineering_3/my_robot/install/realsense2_camera/share/realsense2_camera/rviz
[0.155s] -- Up-to-date: /home/jo/project_RobotEngineering_3/my_robot/install/realsense2_camera/share/realsense2_camera/rviz/pointcloud.rviz
[0.155s] -- Up-to-date: /home/jo/project_RobotEngineering_3/my_robot/install/realsense2_camera/share/realsense2_camera/rviz/t265.rviz
[0.155s] -- Up-to-date: /home/jo/project_RobotEngineering_3/my_robot/install/realsense2_camera/share/realsense2_camera/environment/library_path.sh
[0.155s] -- Up-to-date: /home/jo/project_RobotEngineering_3/my_robot/install/realsense2_camera/share/realsense2_camera/environment/library_path.dsv
[0.155s] -- Up-to-date: /home/jo/project_RobotEngineering_3/my_robot/install/realsense2_camera/share/ament_index/resource_index/package_run_dependencies/realsense2_camera
[0.156s] -- Up-to-date: /home/jo/project_RobotEngineering_3/my_robot/install/realsense2_camera/share/ament_index/resource_index/parent_prefix_path/realsense2_camera
[0.156s] -- Up-to-date: /home/jo/project_RobotEngineering_3/my_robot/install/realsense2_camera/share/realsense2_camera/environment/ament_prefix_path.sh
[0.156s] -- Up-to-date: /home/jo/project_RobotEngineering_3/my_robot/install/realsense2_camera/share/realsense2_camera/environment/ament_prefix_path.dsv
[0.156s] -- Up-to-date: /home/jo/project_RobotEngineering_3/my_robot/install/realsense2_camera/share/realsense2_camera/environment/path.sh
[0.156s] -- Up-to-date: /home/jo/project_RobotEngineering_3/my_robot/install/realsense2_camera/share/realsense2_camera/environment/path.dsv
[0.156s] -- Up-to-date: /home/jo/project_RobotEngineering_3/my_robot/install/realsense2_camera/share/realsense2_camera/local_setup.bash
[0.156s] -- Up-to-date: /home/jo/project_RobotEngineering_3/my_robot/install/realsense2_camera/share/realsense2_camera/local_setup.sh
[0.156s] -- Up-to-date: /home/jo/project_RobotEngineering_3/my_robot/install/realsense2_camera/share/realsense2_camera/local_setup.zsh
[0.156s] -- Up-to-date: /home/jo/project_RobotEngineering_3/my_robot/install/realsense2_camera/share/realsense2_camera/local_setup.dsv
[0.156s] -- Installing: /home/jo/project_RobotEngineering_3/my_robot/install/realsense2_camera/share/realsense2_camera/package.dsv
[0.156s] -- Up-to-date: /home/jo/project_RobotEngineering_3/my_robot/install/realsense2_camera/share/ament_index/resource_index/packages/realsense2_camera
[0.156s] -- Up-to-date: /home/jo/project_RobotEngineering_3/my_robot/install/realsense2_camera/share/ament_index/resource_index/rclcpp_components/realsense2_camera
[0.156s] -- Up-to-date: /home/jo/project_RobotEngineering_3/my_robot/install/realsense2_camera/share/realsense2_camera/cmake/ament_cmake_export_include_directories-extras.cmake
[0.157s] -- Up-to-date: /home/jo/project_RobotEngineering_3/my_robot/install/realsense2_camera/share/realsense2_camera/cmake/ament_cmake_export_libraries-extras.cmake
[0.157s] -- Up-to-date: /home/jo/project_RobotEngineering_3/my_robot/install/realsense2_camera/share/realsense2_camera/cmake/ament_cmake_export_dependencies-extras.cmake
[0.157s] -- Up-to-date: /home/jo/project_RobotEngineering_3/my_robot/install/realsense2_camera/share/realsense2_camera/cmake/realsense2_cameraConfig.cmake
[0.157s] -- Up-to-date: /home/jo/project_RobotEngineering_3/my_robot/install/realsense2_camera/share/realsense2_camera/cmake/realsense2_cameraConfig-version.cmake
[0.157s] -- Up-to-date: /home/jo/project_RobotEngineering_3/my_robot/install/realsense2_camera/share/realsense2_camera/package.xml
[0.157s] Invoked command in '/home/jo/project_RobotEngineering_3/my_robot/build/realsense2_camera' returned '0': CMAKE_PREFIX_PATH=/home/jo/project_RobotEngineering_3/my_robot/install/realsense2_camera_msgs:/home/jo/project_RobotEngineering_3/my_robot/install/realsense2_description:/home/jo/project_RobotEngineering_3/my_robot/install/realsense2_camera:/home/jo/project_RobotEngineering_3/my_robot/install/my_command_pkg:/home/jo/project_RobotEngineering_3/my_robot/install/my_robot_pkg:/opt/ros/humble LD_LIBRARY_PATH=/home/jo/project_RobotEngineering_3/my_robot/install/realsense2_camera_msgs/lib:/home/jo/project_RobotEngineering_3/my_robot/install/realsense2_camera/lib:/home/jo/project_RobotEngineering_3/my_robot/install/my_command_pkg/lib:/usr/lib/x86_64-linux-gnu/gazebo-11/plugins:/opt/ros/humble/opt/rviz_ogre_vendor/lib:/opt/ros/humble/lib/x86_64-linux-gnu:/opt/ros/humble/lib:/usr/lib/x86_64-linux-gnu/gazebo-11/plugins /usr/bin/cmake --install /home/jo/project_RobotEngineering_3/my_robot/build/realsense2_camera
