[0.008s] Invoking command in '/home/jo/project_RobotEngineering_3/my_robot/build/my_custom_srv_pkg': CMAKE_PREFIX_PATH=${CMAKE_PREFIX_PATH}:/home/jo/project_RobotEngineering_3/my_robot/install/py_custom_srv_pkg:/opt/ros/humble /usr/bin/cmake /home/jo/project_RobotEngineering_3/my_robot/src/my_custom_srv_pkg -DCMAKE_INSTALL_PREFIX=/home/jo/project_RobotEngineering_3/my_robot/install/my_custom_srv_pkg
[0.058s] -- The C compiler identification is GNU 11.4.0
[0.105s] -- The CXX compiler identification is GNU 11.4.0
[0.113s] -- Detecting C compiler ABI info
[0.178s] -- Detecting C compiler ABI info - done
[0.186s] -- Check for working C compiler: /usr/bin/cc - skipped
[0.186s] -- Detecting C compile features
[0.187s] -- Detecting C compile features - done
[0.190s] -- Detecting CXX compiler ABI info
[0.269s] -- Detecting CXX compiler ABI info - done
[0.279s] -- Check for working CXX compiler: /usr/bin/c++ - skipped
[0.279s] -- Detecting CXX compile features
[0.279s] -- Detecting CXX compile features - done
[0.282s] -- Found ament_cmake: 1.3.12 (/opt/ros/humble/share/ament_cmake/cmake)
[0.418s] -- Found Python3: /usr/bin/python3 (found version "3.10.12") found components: Interpreter 
[0.495s] -- Found std_msgs: 4.9.0 (/opt/ros/humble/share/std_msgs/cmake)
[0.519s] -- Found rosidl_generator_c: 3.1.7 (/opt/ros/humble/share/rosidl_generator_c/cmake)
[0.522s] -- Found rosidl_adapter: 3.1.7 (/opt/ros/humble/share/rosidl_adapter/cmake)
[0.528s] -- Found rosidl_generator_cpp: 3.1.7 (/opt/ros/humble/share/rosidl_generator_cpp/cmake)
[0.535s] -- Using all available rosidl_typesupport_c: rosidl_typesupport_fastrtps_c;rosidl_typesupport_introspection_c
[0.546s] -- Using all available rosidl_typesupport_cpp: rosidl_typesupport_fastrtps_cpp;rosidl_typesupport_introspection_cpp
[0.562s] -- Found rosidl_default_generators: 1.2.0 (/opt/ros/humble/share/rosidl_default_generators/cmake)
[0.770s] -- Found ament_cmake_ros: 0.10.0 (/opt/ros/humble/share/ament_cmake_ros/cmake)
[1.046s] -- Using all available rosidl_typesupport_c: rosidl_typesupport_fastrtps_c;rosidl_typesupport_introspection_c
[1.154s] -- Using all available rosidl_typesupport_cpp: rosidl_typesupport_fastrtps_cpp;rosidl_typesupport_introspection_cpp
[1.172s] -- Found PythonInterp: /usr/bin/python3 (found suitable version "3.10.12", minimum required is "3.6") 
[1.173s] -- Found python_cmake_module: 0.10.0 (/opt/ros/humble/share/python_cmake_module/cmake)
[1.197s] -- Found PythonLibs: /usr/lib/x86_64-linux-gnu/libpython3.10.so (found suitable version "3.10.12", minimum required is "3.5") 
[1.197s] -- Using PYTHON_EXECUTABLE: /usr/bin/python3
[1.197s] -- Using PYTHON_INCLUDE_DIRS: /usr/include/python3.10
[1.197s] -- Using PYTHON_LIBRARIES: /usr/lib/x86_64-linux-gnu/libpython3.10.so
[1.212s] -- Found PythonExtra: .so  
[1.260s] -- Configuring done
[1.278s] -- Generating done
[1.285s] -- Build files have been written to: /home/jo/project_RobotEngineering_3/my_robot/build/my_custom_srv_pkg
[1.289s] Invoked command in '/home/jo/project_RobotEngineering_3/my_robot/build/my_custom_srv_pkg' returned '0': CMAKE_PREFIX_PATH=${CMAKE_PREFIX_PATH}:/home/jo/project_RobotEngineering_3/my_robot/install/py_custom_srv_pkg:/opt/ros/humble /usr/bin/cmake /home/jo/project_RobotEngineering_3/my_robot/src/my_custom_srv_pkg -DCMAKE_INSTALL_PREFIX=/home/jo/project_RobotEngineering_3/my_robot/install/my_custom_srv_pkg
[1.291s] Invoking command in '/home/jo/project_RobotEngineering_3/my_robot/build/my_custom_srv_pkg': CMAKE_PREFIX_PATH=${CMAKE_PREFIX_PATH}:/home/jo/project_RobotEngineering_3/my_robot/install/py_custom_srv_pkg:/opt/ros/humble /usr/bin/cmake --build /home/jo/project_RobotEngineering_3/my_robot/build/my_custom_srv_pkg -- -j12 -l12
[1.325s] [  3%] [34m[1mGenerating C code for ROS interfaces[0m
[1.335s] [  6%] [34m[1mGenerating C++ code for ROS interfaces[0m
[1.340s] [  6%] Built target ament_cmake_python_copy_my_custom_srv_pkg
[1.557s] [  9%] [32mBuilding C object CMakeFiles/my_custom_srv_pkg__rosidl_generator_c.dir/rosidl_generator_c/my_custom_srv_pkg/srv/detail/divide_integers__functions.c.o[0m
[1.569s] running egg_info
[1.570s] creating my_custom_srv_pkg.egg-info
[1.570s] writing my_custom_srv_pkg.egg-info/PKG-INFO
[1.570s] writing dependency_links to my_custom_srv_pkg.egg-info/dependency_links.txt
[1.570s] writing top-level names to my_custom_srv_pkg.egg-info/top_level.txt
[1.570s] writing manifest file 'my_custom_srv_pkg.egg-info/SOURCES.txt'
[1.572s] reading manifest file 'my_custom_srv_pkg.egg-info/SOURCES.txt'
[1.572s] writing manifest file 'my_custom_srv_pkg.egg-info/SOURCES.txt'
[1.599s] [  9%] Built target ament_cmake_python_build_my_custom_srv_pkg_egg
[1.620s] [ 12%] [32m[1mLinking C shared library libmy_custom_srv_pkg__rosidl_generator_c.so[0m
[1.660s] [ 12%] Built target my_custom_srv_pkg__rosidl_generator_c
[1.667s] [ 12%] Built target my_custom_srv_pkg__cpp
[1.667s] [ 16%] [34m[1mGenerating C type support dispatch for ROS interfaces[0m
[1.669s] [ 19%] [34m[1mGenerating C type support for eProsima Fast-RTPS[0m
[1.670s] [ 22%] [34m[1mGenerating C introspection for ROS interfaces[0m
[1.675s] [ 25%] [34m[1mGenerating C++ introspection for ROS interfaces[0m
[1.676s] [ 32%] [34m[1mGenerating C++ type support dispatch for ROS interfaces[0m
[1.676s] [ 32%] [34m[1mGenerating C++ type support for eProsima Fast-RTPS[0m
[1.984s] [ 35%] [32mBuilding CXX object CMakeFiles/my_custom_srv_pkg__rosidl_typesupport_c.dir/rosidl_typesupport_c/my_custom_srv_pkg/srv/divide_integers__type_support.cpp.o[0m
[2.015s] [ 38%] [32mBuilding CXX object CMakeFiles/my_custom_srv_pkg__rosidl_typesupport_fastrtps_c.dir/rosidl_typesupport_fastrtps_c/my_custom_srv_pkg/srv/detail/divide_integers__type_support_c.cpp.o[0m
[2.021s] [ 41%] [32m[1mLinking CXX shared library libmy_custom_srv_pkg__rosidl_typesupport_c.so[0m
[2.026s] [ 45%] [32mBuilding CXX object CMakeFiles/my_custom_srv_pkg__rosidl_typesupport_cpp.dir/rosidl_typesupport_cpp/my_custom_srv_pkg/srv/divide_integers__type_support.cpp.o[0m
[2.059s] [ 48%] [32mBuilding C object CMakeFiles/my_custom_srv_pkg__rosidl_typesupport_introspection_c.dir/rosidl_typesupport_introspection_c/my_custom_srv_pkg/srv/detail/divide_integers__type_support.c.o[0m
[2.070s] [ 51%] [32mBuilding CXX object CMakeFiles/my_custom_srv_pkg__rosidl_typesupport_introspection_cpp.dir/rosidl_typesupport_introspection_cpp/my_custom_srv_pkg/srv/detail/divide_integers__type_support.cpp.o[0m
[2.080s] [ 51%] Built target my_custom_srv_pkg__rosidl_typesupport_c
[2.081s] [ 54%] [32mBuilding CXX object CMakeFiles/my_custom_srv_pkg__rosidl_typesupport_fastrtps_cpp.dir/rosidl_typesupport_fastrtps_cpp/my_custom_srv_pkg/srv/detail/dds_fastrtps/divide_integers__type_support.cpp.o[0m
[2.110s] [ 58%] [32m[1mLinking C shared library libmy_custom_srv_pkg__rosidl_typesupport_introspection_c.so[0m
[2.153s] [ 58%] Built target my_custom_srv_pkg__rosidl_typesupport_introspection_c
[2.453s] [ 61%] [32m[1mLinking CXX shared library libmy_custom_srv_pkg__rosidl_typesupport_cpp.so[0m
[2.512s] [ 61%] Built target my_custom_srv_pkg__rosidl_typesupport_cpp
[2.676s] [ 64%] [32m[1mLinking CXX shared library libmy_custom_srv_pkg__rosidl_typesupport_fastrtps_c.so[0m
[2.725s] [ 67%] [32m[1mLinking CXX shared library libmy_custom_srv_pkg__rosidl_typesupport_fastrtps_cpp.so[0m
[2.749s] [ 70%] [32m[1mLinking CXX shared library libmy_custom_srv_pkg__rosidl_typesupport_introspection_cpp.so[0m
[2.852s] [ 70%] Built target my_custom_srv_pkg__rosidl_typesupport_fastrtps_c
[2.925s] [ 70%] Built target my_custom_srv_pkg__rosidl_typesupport_fastrtps_cpp
[2.951s] [ 70%] Built target my_custom_srv_pkg__rosidl_typesupport_introspection_cpp
[2.983s] [ 70%] Built target my_custom_srv_pkg
[3.015s] [ 74%] [34m[1mGenerating Python code for ROS interfaces[0m
[3.613s] [ 74%] Built target my_custom_srv_pkg__py
[3.637s] [ 77%] [32mBuilding C object CMakeFiles/my_custom_srv_pkg__rosidl_generator_py.dir/rosidl_generator_py/my_custom_srv_pkg/srv/_divide_integers_s.c.o[0m
[3.716s] [ 80%] [32m[1mLinking C shared library rosidl_generator_py/my_custom_srv_pkg/libmy_custom_srv_pkg__rosidl_generator_py.so[0m
[3.750s] [ 80%] Built target my_custom_srv_pkg__rosidl_generator_py
[3.765s] [ 83%] [32mBuilding C object CMakeFiles/my_custom_srv_pkg__rosidl_typesupport_fastrtps_c__pyext.dir/rosidl_generator_py/my_custom_srv_pkg/_my_custom_srv_pkg_s.ep.rosidl_typesupport_fastrtps_c.c.o[0m
[3.767s] [ 87%] [32mBuilding C object CMakeFiles/my_custom_srv_pkg__rosidl_typesupport_c__pyext.dir/rosidl_generator_py/my_custom_srv_pkg/_my_custom_srv_pkg_s.ep.rosidl_typesupport_c.c.o[0m
[3.768s] [ 90%] [32mBuilding C object CMakeFiles/my_custom_srv_pkg__rosidl_typesupport_introspection_c__pyext.dir/rosidl_generator_py/my_custom_srv_pkg/_my_custom_srv_pkg_s.ep.rosidl_typesupport_introspection_c.c.o[0m
[3.833s] [ 93%] [32m[1mLinking C shared library rosidl_generator_py/my_custom_srv_pkg/my_custom_srv_pkg_s__rosidl_typesupport_fastrtps_c.cpython-310-x86_64-linux-gnu.so[0m
[3.835s] [ 96%] [32m[1mLinking C shared library rosidl_generator_py/my_custom_srv_pkg/my_custom_srv_pkg_s__rosidl_typesupport_c.cpython-310-x86_64-linux-gnu.so[0m
[3.868s] [ 96%] Built target my_custom_srv_pkg__rosidl_typesupport_c__pyext
[3.870s] [ 96%] Built target my_custom_srv_pkg__rosidl_typesupport_fastrtps_c__pyext
[3.872s] [100%] [32m[1mLinking C shared library rosidl_generator_py/my_custom_srv_pkg/my_custom_srv_pkg_s__rosidl_typesupport_introspection_c.cpython-310-x86_64-linux-gnu.so[0m
[3.900s] [100%] Built target my_custom_srv_pkg__rosidl_typesupport_introspection_c__pyext
[3.910s] Invoked command in '/home/jo/project_RobotEngineering_3/my_robot/build/my_custom_srv_pkg' returned '0': CMAKE_PREFIX_PATH=${CMAKE_PREFIX_PATH}:/home/jo/project_RobotEngineering_3/my_robot/install/py_custom_srv_pkg:/opt/ros/humble /usr/bin/cmake --build /home/jo/project_RobotEngineering_3/my_robot/build/my_custom_srv_pkg -- -j12 -l12
[3.920s] Invoking command in '/home/jo/project_RobotEngineering_3/my_robot/build/my_custom_srv_pkg': CMAKE_PREFIX_PATH=${CMAKE_PREFIX_PATH}:/home/jo/project_RobotEngineering_3/my_robot/install/py_custom_srv_pkg:/opt/ros/humble /usr/bin/cmake --install /home/jo/project_RobotEngineering_3/my_robot/build/my_custom_srv_pkg
[3.931s] -- Install configuration: ""
[3.932s] -- Installing: /home/jo/project_RobotEngineering_3/my_robot/install/my_custom_srv_pkg/share/ament_index/resource_index/rosidl_interfaces/my_custom_srv_pkg
[3.932s] -- Installing: /home/jo/project_RobotEngineering_3/my_robot/install/my_custom_srv_pkg/include/my_custom_srv_pkg/my_custom_srv_pkg
[3.932s] -- Installing: /home/jo/project_RobotEngineering_3/my_robot/install/my_custom_srv_pkg/include/my_custom_srv_pkg/my_custom_srv_pkg/srv
[3.932s] -- Installing: /home/jo/project_RobotEngineering_3/my_robot/install/my_custom_srv_pkg/include/my_custom_srv_pkg/my_custom_srv_pkg/srv/detail
[3.932s] -- Installing: /home/jo/project_RobotEngineering_3/my_robot/install/my_custom_srv_pkg/include/my_custom_srv_pkg/my_custom_srv_pkg/srv/detail/divide_integers__struct.h
[3.932s] -- Installing: /home/jo/project_RobotEngineering_3/my_robot/install/my_custom_srv_pkg/include/my_custom_srv_pkg/my_custom_srv_pkg/srv/detail/divide_integers__functions.h
[3.932s] -- Installing: /home/jo/project_RobotEngineering_3/my_robot/install/my_custom_srv_pkg/include/my_custom_srv_pkg/my_custom_srv_pkg/srv/detail/divide_integers__type_support.h
[3.932s] -- Installing: /home/jo/project_RobotEngineering_3/my_robot/install/my_custom_srv_pkg/include/my_custom_srv_pkg/my_custom_srv_pkg/srv/detail/divide_integers__functions.c
[3.933s] -- Installing: /home/jo/project_RobotEngineering_3/my_robot/install/my_custom_srv_pkg/include/my_custom_srv_pkg/my_custom_srv_pkg/srv/divide_integers.h
[3.933s] -- Installing: /home/jo/project_RobotEngineering_3/my_robot/install/my_custom_srv_pkg/include/my_custom_srv_pkg/my_custom_srv_pkg/msg
[3.933s] -- Installing: /home/jo/project_RobotEngineering_3/my_robot/install/my_custom_srv_pkg/include/my_custom_srv_pkg/my_custom_srv_pkg/msg/rosidl_generator_c__visibility_control.h
[3.933s] -- Installing: /home/jo/project_RobotEngineering_3/my_robot/install/my_custom_srv_pkg/share/my_custom_srv_pkg/environment/library_path.sh
[3.933s] -- Installing: /home/jo/project_RobotEngineering_3/my_robot/install/my_custom_srv_pkg/share/my_custom_srv_pkg/environment/library_path.dsv
[3.933s] -- Installing: /home/jo/project_RobotEngineering_3/my_robot/install/my_custom_srv_pkg/lib/libmy_custom_srv_pkg__rosidl_generator_c.so
[3.933s] -- Set runtime path of "/home/jo/project_RobotEngineering_3/my_robot/install/my_custom_srv_pkg/lib/libmy_custom_srv_pkg__rosidl_generator_c.so" to ""
[3.933s] -- Up-to-date: /home/jo/project_RobotEngineering_3/my_robot/install/my_custom_srv_pkg/include/my_custom_srv_pkg/my_custom_srv_pkg
[3.933s] -- Up-to-date: /home/jo/project_RobotEngineering_3/my_robot/install/my_custom_srv_pkg/include/my_custom_srv_pkg/my_custom_srv_pkg/srv
[3.933s] -- Up-to-date: /home/jo/project_RobotEngineering_3/my_robot/install/my_custom_srv_pkg/include/my_custom_srv_pkg/my_custom_srv_pkg/srv/detail
[3.933s] -- Installing: /home/jo/project_RobotEngineering_3/my_robot/install/my_custom_srv_pkg/include/my_custom_srv_pkg/my_custom_srv_pkg/srv/detail/divide_integers__rosidl_typesupport_fastrtps_c.h
[3.933s] -- Up-to-date: /home/jo/project_RobotEngineering_3/my_robot/install/my_custom_srv_pkg/include/my_custom_srv_pkg/my_custom_srv_pkg/msg
[3.934s] -- Installing: /home/jo/project_RobotEngineering_3/my_robot/install/my_custom_srv_pkg/include/my_custom_srv_pkg/my_custom_srv_pkg/msg/rosidl_typesupport_fastrtps_c__visibility_control.h
[3.934s] -- Installing: /home/jo/project_RobotEngineering_3/my_robot/install/my_custom_srv_pkg/lib/libmy_custom_srv_pkg__rosidl_typesupport_fastrtps_c.so
[3.934s] -- Set runtime path of "/home/jo/project_RobotEngineering_3/my_robot/install/my_custom_srv_pkg/lib/libmy_custom_srv_pkg__rosidl_typesupport_fastrtps_c.so" to ""
[3.934s] -- Up-to-date: /home/jo/project_RobotEngineering_3/my_robot/install/my_custom_srv_pkg/include/my_custom_srv_pkg/my_custom_srv_pkg
[3.934s] -- Up-to-date: /home/jo/project_RobotEngineering_3/my_robot/install/my_custom_srv_pkg/include/my_custom_srv_pkg/my_custom_srv_pkg/srv
[3.934s] -- Up-to-date: /home/jo/project_RobotEngineering_3/my_robot/install/my_custom_srv_pkg/include/my_custom_srv_pkg/my_custom_srv_pkg/srv/detail
[3.934s] -- Installing: /home/jo/project_RobotEngineering_3/my_robot/install/my_custom_srv_pkg/include/my_custom_srv_pkg/my_custom_srv_pkg/srv/detail/divide_integers__traits.hpp
[3.934s] -- Installing: /home/jo/project_RobotEngineering_3/my_robot/install/my_custom_srv_pkg/include/my_custom_srv_pkg/my_custom_srv_pkg/srv/detail/divide_integers__struct.hpp
[3.934s] -- Installing: /home/jo/project_RobotEngineering_3/my_robot/install/my_custom_srv_pkg/include/my_custom_srv_pkg/my_custom_srv_pkg/srv/detail/divide_integers__type_support.hpp
[3.934s] -- Installing: /home/jo/project_RobotEngineering_3/my_robot/install/my_custom_srv_pkg/include/my_custom_srv_pkg/my_custom_srv_pkg/srv/detail/divide_integers__builder.hpp
[3.934s] -- Installing: /home/jo/project_RobotEngineering_3/my_robot/install/my_custom_srv_pkg/include/my_custom_srv_pkg/my_custom_srv_pkg/srv/divide_integers.hpp
[3.934s] -- Up-to-date: /home/jo/project_RobotEngineering_3/my_robot/install/my_custom_srv_pkg/include/my_custom_srv_pkg/my_custom_srv_pkg/msg
[3.934s] -- Installing: /home/jo/project_RobotEngineering_3/my_robot/install/my_custom_srv_pkg/include/my_custom_srv_pkg/my_custom_srv_pkg/msg/rosidl_generator_cpp__visibility_control.hpp
[3.934s] -- Up-to-date: /home/jo/project_RobotEngineering_3/my_robot/install/my_custom_srv_pkg/include/my_custom_srv_pkg/my_custom_srv_pkg
[3.935s] -- Up-to-date: /home/jo/project_RobotEngineering_3/my_robot/install/my_custom_srv_pkg/include/my_custom_srv_pkg/my_custom_srv_pkg/srv
[3.935s] -- Up-to-date: /home/jo/project_RobotEngineering_3/my_robot/install/my_custom_srv_pkg/include/my_custom_srv_pkg/my_custom_srv_pkg/srv/detail
[3.935s] -- Installing: /home/jo/project_RobotEngineering_3/my_robot/install/my_custom_srv_pkg/include/my_custom_srv_pkg/my_custom_srv_pkg/srv/detail/dds_fastrtps
[3.935s] -- Installing: /home/jo/project_RobotEngineering_3/my_robot/install/my_custom_srv_pkg/include/my_custom_srv_pkg/my_custom_srv_pkg/srv/detail/divide_integers__rosidl_typesupport_fastrtps_cpp.hpp
[3.935s] -- Up-to-date: /home/jo/project_RobotEngineering_3/my_robot/install/my_custom_srv_pkg/include/my_custom_srv_pkg/my_custom_srv_pkg/msg
[3.935s] -- Installing: /home/jo/project_RobotEngineering_3/my_robot/install/my_custom_srv_pkg/include/my_custom_srv_pkg/my_custom_srv_pkg/msg/rosidl_typesupport_fastrtps_cpp__visibility_control.h
[3.935s] -- Installing: /home/jo/project_RobotEngineering_3/my_robot/install/my_custom_srv_pkg/lib/libmy_custom_srv_pkg__rosidl_typesupport_fastrtps_cpp.so
[3.935s] -- Set runtime path of "/home/jo/project_RobotEngineering_3/my_robot/install/my_custom_srv_pkg/lib/libmy_custom_srv_pkg__rosidl_typesupport_fastrtps_cpp.so" to ""
[3.935s] -- Up-to-date: /home/jo/project_RobotEngineering_3/my_robot/install/my_custom_srv_pkg/include/my_custom_srv_pkg/my_custom_srv_pkg
[3.935s] -- Up-to-date: /home/jo/project_RobotEngineering_3/my_robot/install/my_custom_srv_pkg/include/my_custom_srv_pkg/my_custom_srv_pkg/srv
[3.935s] -- Up-to-date: /home/jo/project_RobotEngineering_3/my_robot/install/my_custom_srv_pkg/include/my_custom_srv_pkg/my_custom_srv_pkg/srv/detail
[3.935s] -- Installing: /home/jo/project_RobotEngineering_3/my_robot/install/my_custom_srv_pkg/include/my_custom_srv_pkg/my_custom_srv_pkg/srv/detail/divide_integers__type_support.c
[3.935s] -- Installing: /home/jo/project_RobotEngineering_3/my_robot/install/my_custom_srv_pkg/include/my_custom_srv_pkg/my_custom_srv_pkg/srv/detail/divide_integers__rosidl_typesupport_introspection_c.h
[3.935s] -- Up-to-date: /home/jo/project_RobotEngineering_3/my_robot/install/my_custom_srv_pkg/include/my_custom_srv_pkg/my_custom_srv_pkg/msg
[3.935s] -- Installing: /home/jo/project_RobotEngineering_3/my_robot/install/my_custom_srv_pkg/include/my_custom_srv_pkg/my_custom_srv_pkg/msg/rosidl_typesupport_introspection_c__visibility_control.h
[3.936s] -- Installing: /home/jo/project_RobotEngineering_3/my_robot/install/my_custom_srv_pkg/lib/libmy_custom_srv_pkg__rosidl_typesupport_introspection_c.so
[3.936s] -- Set runtime path of "/home/jo/project_RobotEngineering_3/my_robot/install/my_custom_srv_pkg/lib/libmy_custom_srv_pkg__rosidl_typesupport_introspection_c.so" to ""
[3.936s] -- Installing: /home/jo/project_RobotEngineering_3/my_robot/install/my_custom_srv_pkg/lib/libmy_custom_srv_pkg__rosidl_typesupport_c.so
[3.936s] -- Set runtime path of "/home/jo/project_RobotEngineering_3/my_robot/install/my_custom_srv_pkg/lib/libmy_custom_srv_pkg__rosidl_typesupport_c.so" to ""
[3.936s] -- Up-to-date: /home/jo/project_RobotEngineering_3/my_robot/install/my_custom_srv_pkg/include/my_custom_srv_pkg/my_custom_srv_pkg
[3.936s] -- Up-to-date: /home/jo/project_RobotEngineering_3/my_robot/install/my_custom_srv_pkg/include/my_custom_srv_pkg/my_custom_srv_pkg/srv
[3.936s] -- Up-to-date: /home/jo/project_RobotEngineering_3/my_robot/install/my_custom_srv_pkg/include/my_custom_srv_pkg/my_custom_srv_pkg/srv/detail
[3.936s] -- Installing: /home/jo/project_RobotEngineering_3/my_robot/install/my_custom_srv_pkg/include/my_custom_srv_pkg/my_custom_srv_pkg/srv/detail/divide_integers__rosidl_typesupport_introspection_cpp.hpp
[3.936s] -- Installing: /home/jo/project_RobotEngineering_3/my_robot/install/my_custom_srv_pkg/include/my_custom_srv_pkg/my_custom_srv_pkg/srv/detail/divide_integers__type_support.cpp
[3.936s] -- Installing: /home/jo/project_RobotEngineering_3/my_robot/install/my_custom_srv_pkg/lib/libmy_custom_srv_pkg__rosidl_typesupport_introspection_cpp.so
[3.936s] -- Set runtime path of "/home/jo/project_RobotEngineering_3/my_robot/install/my_custom_srv_pkg/lib/libmy_custom_srv_pkg__rosidl_typesupport_introspection_cpp.so" to ""
[3.936s] -- Installing: /home/jo/project_RobotEngineering_3/my_robot/install/my_custom_srv_pkg/lib/libmy_custom_srv_pkg__rosidl_typesupport_cpp.so
[3.936s] -- Set runtime path of "/home/jo/project_RobotEngineering_3/my_robot/install/my_custom_srv_pkg/lib/libmy_custom_srv_pkg__rosidl_typesupport_cpp.so" to ""
[3.936s] -- Installing: /home/jo/project_RobotEngineering_3/my_robot/install/my_custom_srv_pkg/share/my_custom_srv_pkg/environment/pythonpath.sh
[3.936s] -- Installing: /home/jo/project_RobotEngineering_3/my_robot/install/my_custom_srv_pkg/share/my_custom_srv_pkg/environment/pythonpath.dsv
[3.936s] -- Installing: /home/jo/project_RobotEngineering_3/my_robot/install/my_custom_srv_pkg/local/lib/python3.10/dist-packages/my_custom_srv_pkg-0.0.0-py3.10.egg-info
[3.937s] -- Installing: /home/jo/project_RobotEngineering_3/my_robot/install/my_custom_srv_pkg/local/lib/python3.10/dist-packages/my_custom_srv_pkg-0.0.0-py3.10.egg-info/top_level.txt
[3.937s] -- Installing: /home/jo/project_RobotEngineering_3/my_robot/install/my_custom_srv_pkg/local/lib/python3.10/dist-packages/my_custom_srv_pkg-0.0.0-py3.10.egg-info/dependency_links.txt
[3.937s] -- Installing: /home/jo/project_RobotEngineering_3/my_robot/install/my_custom_srv_pkg/local/lib/python3.10/dist-packages/my_custom_srv_pkg-0.0.0-py3.10.egg-info/PKG-INFO
[3.937s] -- Installing: /home/jo/project_RobotEngineering_3/my_robot/install/my_custom_srv_pkg/local/lib/python3.10/dist-packages/my_custom_srv_pkg-0.0.0-py3.10.egg-info/SOURCES.txt
[3.937s] -- Installing: /home/jo/project_RobotEngineering_3/my_robot/install/my_custom_srv_pkg/local/lib/python3.10/dist-packages/my_custom_srv_pkg
[3.937s] -- Installing: /home/jo/project_RobotEngineering_3/my_robot/install/my_custom_srv_pkg/local/lib/python3.10/dist-packages/my_custom_srv_pkg/_my_custom_srv_pkg_s.ep.rosidl_typesupport_introspection_c.c
[3.937s] -- Installing: /home/jo/project_RobotEngineering_3/my_robot/install/my_custom_srv_pkg/local/lib/python3.10/dist-packages/my_custom_srv_pkg/srv
[3.937s] -- Installing: /home/jo/project_RobotEngineering_3/my_robot/install/my_custom_srv_pkg/local/lib/python3.10/dist-packages/my_custom_srv_pkg/srv/_divide_integers.py
[3.937s] -- Installing: /home/jo/project_RobotEngineering_3/my_robot/install/my_custom_srv_pkg/local/lib/python3.10/dist-packages/my_custom_srv_pkg/srv/_divide_integers_s.c
[3.937s] -- Installing: /home/jo/project_RobotEngineering_3/my_robot/install/my_custom_srv_pkg/local/lib/python3.10/dist-packages/my_custom_srv_pkg/srv/__init__.py
[3.937s] -- Installing: /home/jo/project_RobotEngineering_3/my_robot/install/my_custom_srv_pkg/local/lib/python3.10/dist-packages/my_custom_srv_pkg/_my_custom_srv_pkg_s.ep.rosidl_typesupport_c.c
[3.937s] -- Installing: /home/jo/project_RobotEngineering_3/my_robot/install/my_custom_srv_pkg/local/lib/python3.10/dist-packages/my_custom_srv_pkg/my_custom_srv_pkg_s__rosidl_typesupport_fastrtps_c.cpython-310-x86_64-linux-gnu.so
[3.937s] -- Installing: /home/jo/project_RobotEngineering_3/my_robot/install/my_custom_srv_pkg/local/lib/python3.10/dist-packages/my_custom_srv_pkg/__init__.py
[3.937s] -- Installing: /home/jo/project_RobotEngineering_3/my_robot/install/my_custom_srv_pkg/local/lib/python3.10/dist-packages/my_custom_srv_pkg/libmy_custom_srv_pkg__rosidl_generator_py.so
[3.937s] -- Installing: /home/jo/project_RobotEngineering_3/my_robot/install/my_custom_srv_pkg/local/lib/python3.10/dist-packages/my_custom_srv_pkg/my_custom_srv_pkg_s__rosidl_typesupport_introspection_c.cpython-310-x86_64-linux-gnu.so
[3.937s] -- Installing: /home/jo/project_RobotEngineering_3/my_robot/install/my_custom_srv_pkg/local/lib/python3.10/dist-packages/my_custom_srv_pkg/my_custom_srv_pkg_s__rosidl_typesupport_c.cpython-310-x86_64-linux-gnu.so
[3.937s] -- Installing: /home/jo/project_RobotEngineering_3/my_robot/install/my_custom_srv_pkg/local/lib/python3.10/dist-packages/my_custom_srv_pkg/_my_custom_srv_pkg_s.ep.rosidl_typesupport_fastrtps_c.c
[3.964s] Listing '/home/jo/project_RobotEngineering_3/my_robot/install/my_custom_srv_pkg/local/lib/python3.10/dist-packages/my_custom_srv_pkg'...
[3.964s] Compiling '/home/jo/project_RobotEngineering_3/my_robot/install/my_custom_srv_pkg/local/lib/python3.10/dist-packages/my_custom_srv_pkg/__init__.py'...
[3.964s] Listing '/home/jo/project_RobotEngineering_3/my_robot/install/my_custom_srv_pkg/local/lib/python3.10/dist-packages/my_custom_srv_pkg/srv'...
[3.964s] Compiling '/home/jo/project_RobotEngineering_3/my_robot/install/my_custom_srv_pkg/local/lib/python3.10/dist-packages/my_custom_srv_pkg/srv/__init__.py'...
[3.964s] Compiling '/home/jo/project_RobotEngineering_3/my_robot/install/my_custom_srv_pkg/local/lib/python3.10/dist-packages/my_custom_srv_pkg/srv/_divide_integers.py'...
[3.967s] -- Installing: /home/jo/project_RobotEngineering_3/my_robot/install/my_custom_srv_pkg/local/lib/python3.10/dist-packages/my_custom_srv_pkg/my_custom_srv_pkg_s__rosidl_typesupport_fastrtps_c.cpython-310-x86_64-linux-gnu.so
[3.968s] -- Set runtime path of "/home/jo/project_RobotEngineering_3/my_robot/install/my_custom_srv_pkg/local/lib/python3.10/dist-packages/my_custom_srv_pkg/my_custom_srv_pkg_s__rosidl_typesupport_fastrtps_c.cpython-310-x86_64-linux-gnu.so" to ""
[3.968s] -- Installing: /home/jo/project_RobotEngineering_3/my_robot/install/my_custom_srv_pkg/local/lib/python3.10/dist-packages/my_custom_srv_pkg/my_custom_srv_pkg_s__rosidl_typesupport_introspection_c.cpython-310-x86_64-linux-gnu.so
[3.968s] -- Set runtime path of "/home/jo/project_RobotEngineering_3/my_robot/install/my_custom_srv_pkg/local/lib/python3.10/dist-packages/my_custom_srv_pkg/my_custom_srv_pkg_s__rosidl_typesupport_introspection_c.cpython-310-x86_64-linux-gnu.so" to ""
[3.968s] -- Installing: /home/jo/project_RobotEngineering_3/my_robot/install/my_custom_srv_pkg/local/lib/python3.10/dist-packages/my_custom_srv_pkg/my_custom_srv_pkg_s__rosidl_typesupport_c.cpython-310-x86_64-linux-gnu.so
[3.968s] -- Set runtime path of "/home/jo/project_RobotEngineering_3/my_robot/install/my_custom_srv_pkg/local/lib/python3.10/dist-packages/my_custom_srv_pkg/my_custom_srv_pkg_s__rosidl_typesupport_c.cpython-310-x86_64-linux-gnu.so" to ""
[3.968s] -- Installing: /home/jo/project_RobotEngineering_3/my_robot/install/my_custom_srv_pkg/lib/libmy_custom_srv_pkg__rosidl_generator_py.so
[3.968s] -- Set runtime path of "/home/jo/project_RobotEngineering_3/my_robot/install/my_custom_srv_pkg/lib/libmy_custom_srv_pkg__rosidl_generator_py.so" to ""
[3.969s] -- Installing: /home/jo/project_RobotEngineering_3/my_robot/install/my_custom_srv_pkg/share/my_custom_srv_pkg/srv/DivideIntegers.idl
[3.969s] -- Installing: /home/jo/project_RobotEngineering_3/my_robot/install/my_custom_srv_pkg/share/my_custom_srv_pkg/srv/DivideIntegers.srv
[3.969s] -- Installing: /home/jo/project_RobotEngineering_3/my_robot/install/my_custom_srv_pkg/share/my_custom_srv_pkg/srv/DivideIntegers_Request.msg
[3.969s] -- Installing: /home/jo/project_RobotEngineering_3/my_robot/install/my_custom_srv_pkg/share/my_custom_srv_pkg/srv/DivideIntegers_Response.msg
[3.969s] -- Installing: /home/jo/project_RobotEngineering_3/my_robot/install/my_custom_srv_pkg/share/ament_index/resource_index/package_run_dependencies/my_custom_srv_pkg
[3.969s] -- Installing: /home/jo/project_RobotEngineering_3/my_robot/install/my_custom_srv_pkg/share/ament_index/resource_index/parent_prefix_path/my_custom_srv_pkg
[3.969s] -- Installing: /home/jo/project_RobotEngineering_3/my_robot/install/my_custom_srv_pkg/share/my_custom_srv_pkg/environment/ament_prefix_path.sh
[3.969s] -- Installing: /home/jo/project_RobotEngineering_3/my_robot/install/my_custom_srv_pkg/share/my_custom_srv_pkg/environment/ament_prefix_path.dsv
[3.969s] -- Installing: /home/jo/project_RobotEngineering_3/my_robot/install/my_custom_srv_pkg/share/my_custom_srv_pkg/environment/path.sh
[3.969s] -- Installing: /home/jo/project_RobotEngineering_3/my_robot/install/my_custom_srv_pkg/share/my_custom_srv_pkg/environment/path.dsv
[3.969s] -- Installing: /home/jo/project_RobotEngineering_3/my_robot/install/my_custom_srv_pkg/share/my_custom_srv_pkg/local_setup.bash
[3.969s] -- Installing: /home/jo/project_RobotEngineering_3/my_robot/install/my_custom_srv_pkg/share/my_custom_srv_pkg/local_setup.sh
[3.970s] -- Installing: /home/jo/project_RobotEngineering_3/my_robot/install/my_custom_srv_pkg/share/my_custom_srv_pkg/local_setup.zsh
[3.970s] -- Installing: /home/jo/project_RobotEngineering_3/my_robot/install/my_custom_srv_pkg/share/my_custom_srv_pkg/local_setup.dsv
[3.970s] -- Installing: /home/jo/project_RobotEngineering_3/my_robot/install/my_custom_srv_pkg/share/my_custom_srv_pkg/package.dsv
[3.970s] -- Installing: /home/jo/project_RobotEngineering_3/my_robot/install/my_custom_srv_pkg/share/ament_index/resource_index/packages/my_custom_srv_pkg
[3.970s] -- Installing: /home/jo/project_RobotEngineering_3/my_robot/install/my_custom_srv_pkg/share/my_custom_srv_pkg/cmake/export_my_custom_srv_pkg__rosidl_generator_cExport.cmake
[3.970s] -- Installing: /home/jo/project_RobotEngineering_3/my_robot/install/my_custom_srv_pkg/share/my_custom_srv_pkg/cmake/export_my_custom_srv_pkg__rosidl_generator_cExport-noconfig.cmake
[3.970s] -- Installing: /home/jo/project_RobotEngineering_3/my_robot/install/my_custom_srv_pkg/share/my_custom_srv_pkg/cmake/export_my_custom_srv_pkg__rosidl_typesupport_fastrtps_cExport.cmake
[3.970s] -- Installing: /home/jo/project_RobotEngineering_3/my_robot/install/my_custom_srv_pkg/share/my_custom_srv_pkg/cmake/export_my_custom_srv_pkg__rosidl_typesupport_fastrtps_cExport-noconfig.cmake
[3.970s] -- Installing: /home/jo/project_RobotEngineering_3/my_robot/install/my_custom_srv_pkg/share/my_custom_srv_pkg/cmake/export_my_custom_srv_pkg__rosidl_generator_cppExport.cmake
[3.970s] -- Installing: /home/jo/project_RobotEngineering_3/my_robot/install/my_custom_srv_pkg/share/my_custom_srv_pkg/cmake/export_my_custom_srv_pkg__rosidl_typesupport_fastrtps_cppExport.cmake
[3.970s] -- Installing: /home/jo/project_RobotEngineering_3/my_robot/install/my_custom_srv_pkg/share/my_custom_srv_pkg/cmake/export_my_custom_srv_pkg__rosidl_typesupport_fastrtps_cppExport-noconfig.cmake
[3.970s] -- Installing: /home/jo/project_RobotEngineering_3/my_robot/install/my_custom_srv_pkg/share/my_custom_srv_pkg/cmake/my_custom_srv_pkg__rosidl_typesupport_introspection_cExport.cmake
[3.970s] -- Installing: /home/jo/project_RobotEngineering_3/my_robot/install/my_custom_srv_pkg/share/my_custom_srv_pkg/cmake/my_custom_srv_pkg__rosidl_typesupport_introspection_cExport-noconfig.cmake
[3.970s] -- Installing: /home/jo/project_RobotEngineering_3/my_robot/install/my_custom_srv_pkg/share/my_custom_srv_pkg/cmake/my_custom_srv_pkg__rosidl_typesupport_cExport.cmake
[3.971s] -- Installing: /home/jo/project_RobotEngineering_3/my_robot/install/my_custom_srv_pkg/share/my_custom_srv_pkg/cmake/my_custom_srv_pkg__rosidl_typesupport_cExport-noconfig.cmake
[3.971s] -- Installing: /home/jo/project_RobotEngineering_3/my_robot/install/my_custom_srv_pkg/share/my_custom_srv_pkg/cmake/my_custom_srv_pkg__rosidl_typesupport_introspection_cppExport.cmake
[3.971s] -- Installing: /home/jo/project_RobotEngineering_3/my_robot/install/my_custom_srv_pkg/share/my_custom_srv_pkg/cmake/my_custom_srv_pkg__rosidl_typesupport_introspection_cppExport-noconfig.cmake
[3.971s] -- Installing: /home/jo/project_RobotEngineering_3/my_robot/install/my_custom_srv_pkg/share/my_custom_srv_pkg/cmake/my_custom_srv_pkg__rosidl_typesupport_cppExport.cmake
[3.971s] -- Installing: /home/jo/project_RobotEngineering_3/my_robot/install/my_custom_srv_pkg/share/my_custom_srv_pkg/cmake/my_custom_srv_pkg__rosidl_typesupport_cppExport-noconfig.cmake
[3.971s] -- Installing: /home/jo/project_RobotEngineering_3/my_robot/install/my_custom_srv_pkg/share/my_custom_srv_pkg/cmake/export_my_custom_srv_pkg__rosidl_generator_pyExport.cmake
[3.971s] -- Installing: /home/jo/project_RobotEngineering_3/my_robot/install/my_custom_srv_pkg/share/my_custom_srv_pkg/cmake/export_my_custom_srv_pkg__rosidl_generator_pyExport-noconfig.cmake
[3.971s] -- Installing: /home/jo/project_RobotEngineering_3/my_robot/install/my_custom_srv_pkg/share/my_custom_srv_pkg/cmake/rosidl_cmake-extras.cmake
[3.971s] -- Installing: /home/jo/project_RobotEngineering_3/my_robot/install/my_custom_srv_pkg/share/my_custom_srv_pkg/cmake/ament_cmake_export_dependencies-extras.cmake
[3.971s] -- Installing: /home/jo/project_RobotEngineering_3/my_robot/install/my_custom_srv_pkg/share/my_custom_srv_pkg/cmake/ament_cmake_export_include_directories-extras.cmake
[3.971s] -- Installing: /home/jo/project_RobotEngineering_3/my_robot/install/my_custom_srv_pkg/share/my_custom_srv_pkg/cmake/ament_cmake_export_libraries-extras.cmake
[3.971s] -- Installing: /home/jo/project_RobotEngineering_3/my_robot/install/my_custom_srv_pkg/share/my_custom_srv_pkg/cmake/ament_cmake_export_targets-extras.cmake
[3.971s] -- Installing: /home/jo/project_RobotEngineering_3/my_robot/install/my_custom_srv_pkg/share/my_custom_srv_pkg/cmake/rosidl_cmake_export_typesupport_targets-extras.cmake
[3.971s] -- Installing: /home/jo/project_RobotEngineering_3/my_robot/install/my_custom_srv_pkg/share/my_custom_srv_pkg/cmake/rosidl_cmake_export_typesupport_libraries-extras.cmake
[3.972s] -- Installing: /home/jo/project_RobotEngineering_3/my_robot/install/my_custom_srv_pkg/share/my_custom_srv_pkg/cmake/my_custom_srv_pkgConfig.cmake
[3.972s] -- Installing: /home/jo/project_RobotEngineering_3/my_robot/install/my_custom_srv_pkg/share/my_custom_srv_pkg/cmake/my_custom_srv_pkgConfig-version.cmake
[3.972s] -- Installing: /home/jo/project_RobotEngineering_3/my_robot/install/my_custom_srv_pkg/share/my_custom_srv_pkg/package.xml
[3.973s] Invoked command in '/home/jo/project_RobotEngineering_3/my_robot/build/my_custom_srv_pkg' returned '0': CMAKE_PREFIX_PATH=${CMAKE_PREFIX_PATH}:/home/jo/project_RobotEngineering_3/my_robot/install/py_custom_srv_pkg:/opt/ros/humble /usr/bin/cmake --install /home/jo/project_RobotEngineering_3/my_robot/build/my_custom_srv_pkg
