[0.007s] Invoking command in '/home/jo/project_RobotEngineering_3/my_robot/build/my_custom_srv_pkg': CMAKE_PREFIX_PATH=${CMAKE_PREFIX_PATH}:/home/jo/project_RobotEngineering_3/my_robot/install/py_custom_srv_pkg:/opt/ros/humble /usr/bin/cmake --build /home/jo/project_RobotEngineering_3/my_robot/build/my_custom_srv_pkg -- -j12 -l12
[0.050s] [  3%] Built target my_custom_srv_pkg__cpp
[0.055s] [ 12%] Built target my_custom_srv_pkg__rosidl_generator_c
[0.061s] [ 12%] Built target ament_cmake_python_symlink_my_custom_srv_pkg
[0.072s] [ 22%] Built target my_custom_srv_pkg__rosidl_typesupport_cpp
[0.073s] [ 32%] Built target my_custom_srv_pkg__rosidl_typesupport_introspection_cpp
[0.076s] [ 45%] Built target my_custom_srv_pkg__rosidl_typesupport_fastrtps_c
[0.077s] [ 51%] Built target my_custom_srv_pkg__rosidl_typesupport_introspection_c
[0.078s] [ 61%] Built target my_custom_srv_pkg__rosidl_typesupport_fastrtps_cpp
[0.079s] [ 70%] Built target my_custom_srv_pkg__rosidl_typesupport_c
[0.096s] [ 70%] Built target my_custom_srv_pkg
[0.115s] [ 74%] Built target my_custom_srv_pkg__py
[0.136s] [ 80%] Built target my_custom_srv_pkg__rosidl_generator_py
[0.155s] [ 87%] Built target my_custom_srv_pkg__rosidl_typesupport_c__pyext
[0.157s] [100%] Built target my_custom_srv_pkg__rosidl_typesupport_introspection_c__pyext
[0.157s] [100%] Built target my_custom_srv_pkg__rosidl_typesupport_fastrtps_c__pyext
[0.258s] running egg_info
[0.258s] writing my_custom_srv_pkg.egg-info/PKG-INFO
[0.258s] writing dependency_links to my_custom_srv_pkg.egg-info/dependency_links.txt
[0.259s] writing top-level names to my_custom_srv_pkg.egg-info/top_level.txt
[0.260s] reading manifest file 'my_custom_srv_pkg.egg-info/SOURCES.txt'
[0.260s] writing manifest file 'my_custom_srv_pkg.egg-info/SOURCES.txt'
[0.281s] [100%] Built target ament_cmake_python_build_my_custom_srv_pkg_egg
[0.290s] Invoked command in '/home/jo/project_RobotEngineering_3/my_robot/build/my_custom_srv_pkg' returned '0': CMAKE_PREFIX_PATH=${CMAKE_PREFIX_PATH}:/home/jo/project_RobotEngineering_3/my_robot/install/py_custom_srv_pkg:/opt/ros/humble /usr/bin/cmake --build /home/jo/project_RobotEngineering_3/my_robot/build/my_custom_srv_pkg -- -j12 -l12
[0.300s] Invoking command in '/home/jo/project_RobotEngineering_3/my_robot/build/my_custom_srv_pkg': CMAKE_PREFIX_PATH=${CMAKE_PREFIX_PATH}:/home/jo/project_RobotEngineering_3/my_robot/install/py_custom_srv_pkg:/opt/ros/humble /usr/bin/cmake --install /home/jo/project_RobotEngineering_3/my_robot/build/my_custom_srv_pkg
[0.307s] -- Install configuration: ""
[0.307s] -- Execute custom install script
[0.308s] -- Up-to-date symlink: /home/jo/project_RobotEngineering_3/my_robot/install/my_custom_srv_pkg/share/ament_index/resource_index/rosidl_interfaces/my_custom_srv_pkg
[0.308s] -- Up-to-date symlink: /home/jo/project_RobotEngineering_3/my_robot/install/my_custom_srv_pkg/include/my_custom_srv_pkg/my_custom_srv_pkg/msg/rosidl_generator_c__visibility_control.h
[0.308s] -- Up-to-date symlink: /home/jo/project_RobotEngineering_3/my_robot/install/my_custom_srv_pkg/include/my_custom_srv_pkg/my_custom_srv_pkg/srv/detail/divide_integers__functions.h
[0.308s] -- Up-to-date symlink: /home/jo/project_RobotEngineering_3/my_robot/install/my_custom_srv_pkg/include/my_custom_srv_pkg/my_custom_srv_pkg/srv/detail/divide_integers__struct.h
[0.308s] -- Up-to-date symlink: /home/jo/project_RobotEngineering_3/my_robot/install/my_custom_srv_pkg/include/my_custom_srv_pkg/my_custom_srv_pkg/srv/detail/divide_integers__type_support.h
[0.308s] -- Up-to-date symlink: /home/jo/project_RobotEngineering_3/my_robot/install/my_custom_srv_pkg/include/my_custom_srv_pkg/my_custom_srv_pkg/srv/divide_integers.h
[0.309s] -- Up-to-date symlink: /home/jo/project_RobotEngineering_3/my_robot/install/my_custom_srv_pkg/share/my_custom_srv_pkg/environment/library_path.sh
[0.309s] -- Up-to-date symlink: /home/jo/project_RobotEngineering_3/my_robot/install/my_custom_srv_pkg/share/my_custom_srv_pkg/environment/library_path.dsv
[0.309s] -- Up-to-date symlink: /home/jo/project_RobotEngineering_3/my_robot/install/my_custom_srv_pkg/include/my_custom_srv_pkg/my_custom_srv_pkg/msg/rosidl_typesupport_fastrtps_c__visibility_control.h
[0.309s] -- Up-to-date symlink: /home/jo/project_RobotEngineering_3/my_robot/install/my_custom_srv_pkg/include/my_custom_srv_pkg/my_custom_srv_pkg/srv/detail/divide_integers__rosidl_typesupport_fastrtps_c.h
[0.309s] -- Up-to-date symlink: /home/jo/project_RobotEngineering_3/my_robot/install/my_custom_srv_pkg/include/my_custom_srv_pkg/my_custom_srv_pkg/msg/rosidl_generator_cpp__visibility_control.hpp
[0.310s] -- Up-to-date symlink: /home/jo/project_RobotEngineering_3/my_robot/install/my_custom_srv_pkg/include/my_custom_srv_pkg/my_custom_srv_pkg/srv/detail/divide_integers__builder.hpp
[0.310s] -- Up-to-date symlink: /home/jo/project_RobotEngineering_3/my_robot/install/my_custom_srv_pkg/include/my_custom_srv_pkg/my_custom_srv_pkg/srv/detail/divide_integers__struct.hpp
[0.310s] -- Up-to-date symlink: /home/jo/project_RobotEngineering_3/my_robot/install/my_custom_srv_pkg/include/my_custom_srv_pkg/my_custom_srv_pkg/srv/detail/divide_integers__traits.hpp
[0.310s] -- Up-to-date symlink: /home/jo/project_RobotEngineering_3/my_robot/install/my_custom_srv_pkg/include/my_custom_srv_pkg/my_custom_srv_pkg/srv/detail/divide_integers__type_support.hpp
[0.310s] -- Up-to-date symlink: /home/jo/project_RobotEngineering_3/my_robot/install/my_custom_srv_pkg/include/my_custom_srv_pkg/my_custom_srv_pkg/srv/divide_integers.hpp
[0.310s] -- Up-to-date symlink: /home/jo/project_RobotEngineering_3/my_robot/install/my_custom_srv_pkg/include/my_custom_srv_pkg/my_custom_srv_pkg/msg/rosidl_typesupport_fastrtps_cpp__visibility_control.h
[0.310s] -- Up-to-date symlink: /home/jo/project_RobotEngineering_3/my_robot/install/my_custom_srv_pkg/include/my_custom_srv_pkg/my_custom_srv_pkg/srv/detail/divide_integers__rosidl_typesupport_fastrtps_cpp.hpp
[0.311s] -- Up-to-date symlink: /home/jo/project_RobotEngineering_3/my_robot/install/my_custom_srv_pkg/include/my_custom_srv_pkg/my_custom_srv_pkg/msg/rosidl_typesupport_introspection_c__visibility_control.h
[0.311s] -- Up-to-date symlink: /home/jo/project_RobotEngineering_3/my_robot/install/my_custom_srv_pkg/include/my_custom_srv_pkg/my_custom_srv_pkg/srv/detail/divide_integers__rosidl_typesupport_introspection_c.h
[0.311s] -- Up-to-date symlink: /home/jo/project_RobotEngineering_3/my_robot/install/my_custom_srv_pkg/include/my_custom_srv_pkg/my_custom_srv_pkg/srv/detail/divide_integers__rosidl_typesupport_introspection_cpp.hpp
[0.311s] -- Up-to-date symlink: /home/jo/project_RobotEngineering_3/my_robot/install/my_custom_srv_pkg/share/my_custom_srv_pkg/environment/pythonpath.sh
[0.312s] -- Up-to-date symlink: /home/jo/project_RobotEngineering_3/my_robot/install/my_custom_srv_pkg/share/my_custom_srv_pkg/environment/pythonpath.dsv
[0.312s] -- Up-to-date symlink: /home/jo/project_RobotEngineering_3/my_robot/install/my_custom_srv_pkg/local/lib/python3.10/dist-packages/my_custom_srv_pkg-0.0.0-py3.10.egg-info/PKG-INFO
[0.312s] -- Up-to-date symlink: /home/jo/project_RobotEngineering_3/my_robot/install/my_custom_srv_pkg/local/lib/python3.10/dist-packages/my_custom_srv_pkg-0.0.0-py3.10.egg-info/SOURCES.txt
[0.312s] -- Up-to-date symlink: /home/jo/project_RobotEngineering_3/my_robot/install/my_custom_srv_pkg/local/lib/python3.10/dist-packages/my_custom_srv_pkg-0.0.0-py3.10.egg-info/dependency_links.txt
[0.312s] -- Up-to-date symlink: /home/jo/project_RobotEngineering_3/my_robot/install/my_custom_srv_pkg/local/lib/python3.10/dist-packages/my_custom_srv_pkg-0.0.0-py3.10.egg-info/top_level.txt
[0.313s] -- Up-to-date symlink: /home/jo/project_RobotEngineering_3/my_robot/install/my_custom_srv_pkg/local/lib/python3.10/dist-packages/my_custom_srv_pkg/__init__.py
[0.313s] -- Up-to-date symlink: /home/jo/project_RobotEngineering_3/my_robot/install/my_custom_srv_pkg/local/lib/python3.10/dist-packages/my_custom_srv_pkg/_my_custom_srv_pkg_s.ep.rosidl_typesupport_c.c
[0.313s] -- Up-to-date symlink: /home/jo/project_RobotEngineering_3/my_robot/install/my_custom_srv_pkg/local/lib/python3.10/dist-packages/my_custom_srv_pkg/_my_custom_srv_pkg_s.ep.rosidl_typesupport_fastrtps_c.c
[0.313s] -- Up-to-date symlink: /home/jo/project_RobotEngineering_3/my_robot/install/my_custom_srv_pkg/local/lib/python3.10/dist-packages/my_custom_srv_pkg/_my_custom_srv_pkg_s.ep.rosidl_typesupport_introspection_c.c
[0.313s] -- Up-to-date symlink: /home/jo/project_RobotEngineering_3/my_robot/install/my_custom_srv_pkg/local/lib/python3.10/dist-packages/my_custom_srv_pkg/libmy_custom_srv_pkg__rosidl_generator_py.so
[0.313s] -- Up-to-date symlink: /home/jo/project_RobotEngineering_3/my_robot/install/my_custom_srv_pkg/local/lib/python3.10/dist-packages/my_custom_srv_pkg/my_custom_srv_pkg_s__rosidl_typesupport_c.cpython-310-x86_64-linux-gnu.so
[0.313s] -- Up-to-date symlink: /home/jo/project_RobotEngineering_3/my_robot/install/my_custom_srv_pkg/local/lib/python3.10/dist-packages/my_custom_srv_pkg/my_custom_srv_pkg_s__rosidl_typesupport_fastrtps_c.cpython-310-x86_64-linux-gnu.so
[0.314s] -- Up-to-date symlink: /home/jo/project_RobotEngineering_3/my_robot/install/my_custom_srv_pkg/local/lib/python3.10/dist-packages/my_custom_srv_pkg/my_custom_srv_pkg_s__rosidl_typesupport_introspection_c.cpython-310-x86_64-linux-gnu.so
[0.314s] -- Up-to-date symlink: /home/jo/project_RobotEngineering_3/my_robot/install/my_custom_srv_pkg/local/lib/python3.10/dist-packages/my_custom_srv_pkg/srv/__init__.py
[0.314s] -- Up-to-date symlink: /home/jo/project_RobotEngineering_3/my_robot/install/my_custom_srv_pkg/local/lib/python3.10/dist-packages/my_custom_srv_pkg/srv/_divide_integers.py
[0.314s] -- Up-to-date symlink: /home/jo/project_RobotEngineering_3/my_robot/install/my_custom_srv_pkg/local/lib/python3.10/dist-packages/my_custom_srv_pkg/srv/_divide_integers_s.c
[0.315s] -- Up-to-date symlink: /home/jo/project_RobotEngineering_3/my_robot/install/my_custom_srv_pkg/local/lib/python3.10/dist-packages/my_custom_srv_pkg/my_custom_srv_pkg_s__rosidl_typesupport_fastrtps_c.cpython-310-x86_64-linux-gnu.so
[0.315s] -- Up-to-date symlink: /home/jo/project_RobotEngineering_3/my_robot/install/my_custom_srv_pkg/local/lib/python3.10/dist-packages/my_custom_srv_pkg/my_custom_srv_pkg_s__rosidl_typesupport_introspection_c.cpython-310-x86_64-linux-gnu.so
[0.315s] -- Up-to-date symlink: /home/jo/project_RobotEngineering_3/my_robot/install/my_custom_srv_pkg/local/lib/python3.10/dist-packages/my_custom_srv_pkg/my_custom_srv_pkg_s__rosidl_typesupport_c.cpython-310-x86_64-linux-gnu.so
[0.315s] -- Up-to-date symlink: /home/jo/project_RobotEngineering_3/my_robot/install/my_custom_srv_pkg/share/my_custom_srv_pkg/srv/DivideIntegers.idl
[0.315s] -- Up-to-date symlink: /home/jo/project_RobotEngineering_3/my_robot/install/my_custom_srv_pkg/share/my_custom_srv_pkg/srv/DivideIntegers.srv
[0.315s] -- Up-to-date symlink: /home/jo/project_RobotEngineering_3/my_robot/install/my_custom_srv_pkg/share/my_custom_srv_pkg/srv/DivideIntegers_Request.msg
[0.315s] -- Up-to-date symlink: /home/jo/project_RobotEngineering_3/my_robot/install/my_custom_srv_pkg/share/my_custom_srv_pkg/srv/DivideIntegers_Response.msg
[0.316s] -- Up-to-date symlink: /home/jo/project_RobotEngineering_3/my_robot/install/my_custom_srv_pkg/share/ament_index/resource_index/package_run_dependencies/my_custom_srv_pkg
[0.316s] -- Up-to-date symlink: /home/jo/project_RobotEngineering_3/my_robot/install/my_custom_srv_pkg/share/ament_index/resource_index/parent_prefix_path/my_custom_srv_pkg
[0.316s] -- Up-to-date symlink: /home/jo/project_RobotEngineering_3/my_robot/install/my_custom_srv_pkg/share/my_custom_srv_pkg/environment/ament_prefix_path.sh
[0.317s] -- Up-to-date symlink: /home/jo/project_RobotEngineering_3/my_robot/install/my_custom_srv_pkg/share/my_custom_srv_pkg/environment/ament_prefix_path.dsv
[0.317s] -- Up-to-date symlink: /home/jo/project_RobotEngineering_3/my_robot/install/my_custom_srv_pkg/share/my_custom_srv_pkg/environment/path.sh
[0.317s] -- Up-to-date symlink: /home/jo/project_RobotEngineering_3/my_robot/install/my_custom_srv_pkg/share/my_custom_srv_pkg/environment/path.dsv
[0.317s] -- Up-to-date symlink: /home/jo/project_RobotEngineering_3/my_robot/install/my_custom_srv_pkg/share/my_custom_srv_pkg/local_setup.bash
[0.318s] -- Up-to-date symlink: /home/jo/project_RobotEngineering_3/my_robot/install/my_custom_srv_pkg/share/my_custom_srv_pkg/local_setup.sh
[0.318s] -- Up-to-date symlink: /home/jo/project_RobotEngineering_3/my_robot/install/my_custom_srv_pkg/share/my_custom_srv_pkg/local_setup.zsh
[0.318s] -- Up-to-date symlink: /home/jo/project_RobotEngineering_3/my_robot/install/my_custom_srv_pkg/share/my_custom_srv_pkg/local_setup.dsv
[0.318s] -- Symlinking: /home/jo/project_RobotEngineering_3/my_robot/install/my_custom_srv_pkg/share/my_custom_srv_pkg/package.dsv
[0.325s] -- Up-to-date symlink: /home/jo/project_RobotEngineering_3/my_robot/install/my_custom_srv_pkg/share/ament_index/resource_index/packages/my_custom_srv_pkg
[0.326s] -- Up-to-date symlink: /home/jo/project_RobotEngineering_3/my_robot/install/my_custom_srv_pkg/share/my_custom_srv_pkg/cmake/rosidl_cmake-extras.cmake
[0.326s] -- Up-to-date symlink: /home/jo/project_RobotEngineering_3/my_robot/install/my_custom_srv_pkg/share/my_custom_srv_pkg/cmake/ament_cmake_export_dependencies-extras.cmake
[0.326s] -- Up-to-date symlink: /home/jo/project_RobotEngineering_3/my_robot/install/my_custom_srv_pkg/share/my_custom_srv_pkg/cmake/ament_cmake_export_include_directories-extras.cmake
[0.327s] -- Up-to-date symlink: /home/jo/project_RobotEngineering_3/my_robot/install/my_custom_srv_pkg/share/my_custom_srv_pkg/cmake/ament_cmake_export_libraries-extras.cmake
[0.327s] -- Up-to-date symlink: /home/jo/project_RobotEngineering_3/my_robot/install/my_custom_srv_pkg/share/my_custom_srv_pkg/cmake/ament_cmake_export_targets-extras.cmake
[0.327s] -- Up-to-date symlink: /home/jo/project_RobotEngineering_3/my_robot/install/my_custom_srv_pkg/share/my_custom_srv_pkg/cmake/rosidl_cmake_export_typesupport_targets-extras.cmake
[0.327s] -- Up-to-date symlink: /home/jo/project_RobotEngineering_3/my_robot/install/my_custom_srv_pkg/share/my_custom_srv_pkg/cmake/rosidl_cmake_export_typesupport_libraries-extras.cmake
[0.328s] -- Up-to-date symlink: /home/jo/project_RobotEngineering_3/my_robot/install/my_custom_srv_pkg/share/my_custom_srv_pkg/cmake/my_custom_srv_pkgConfig.cmake
[0.328s] -- Up-to-date symlink: /home/jo/project_RobotEngineering_3/my_robot/install/my_custom_srv_pkg/share/my_custom_srv_pkg/cmake/my_custom_srv_pkgConfig-version.cmake
[0.328s] -- Up-to-date symlink: /home/jo/project_RobotEngineering_3/my_robot/install/my_custom_srv_pkg/share/my_custom_srv_pkg/package.xml
[0.328s] -- Up-to-date: /home/jo/project_RobotEngineering_3/my_robot/install/my_custom_srv_pkg/lib/libmy_custom_srv_pkg__rosidl_generator_c.so
[0.328s] -- Up-to-date: /home/jo/project_RobotEngineering_3/my_robot/install/my_custom_srv_pkg/lib/libmy_custom_srv_pkg__rosidl_typesupport_fastrtps_c.so
[0.329s] -- Up-to-date: /home/jo/project_RobotEngineering_3/my_robot/install/my_custom_srv_pkg/lib/libmy_custom_srv_pkg__rosidl_typesupport_fastrtps_cpp.so
[0.329s] -- Up-to-date: /home/jo/project_RobotEngineering_3/my_robot/install/my_custom_srv_pkg/lib/libmy_custom_srv_pkg__rosidl_typesupport_introspection_c.so
[0.329s] -- Up-to-date: /home/jo/project_RobotEngineering_3/my_robot/install/my_custom_srv_pkg/lib/libmy_custom_srv_pkg__rosidl_typesupport_c.so
[0.330s] -- Up-to-date: /home/jo/project_RobotEngineering_3/my_robot/install/my_custom_srv_pkg/lib/libmy_custom_srv_pkg__rosidl_typesupport_introspection_cpp.so
[0.330s] -- Up-to-date: /home/jo/project_RobotEngineering_3/my_robot/install/my_custom_srv_pkg/lib/libmy_custom_srv_pkg__rosidl_typesupport_cpp.so
[0.355s] Listing '/home/jo/project_RobotEngineering_3/my_robot/install/my_custom_srv_pkg/local/lib/python3.10/dist-packages/my_custom_srv_pkg'...
[0.356s] Listing '/home/jo/project_RobotEngineering_3/my_robot/install/my_custom_srv_pkg/local/lib/python3.10/dist-packages/my_custom_srv_pkg/srv'...
[0.359s] -- Up-to-date: /home/jo/project_RobotEngineering_3/my_robot/install/my_custom_srv_pkg/lib/libmy_custom_srv_pkg__rosidl_generator_py.so
[0.359s] -- Up-to-date: /home/jo/project_RobotEngineering_3/my_robot/install/my_custom_srv_pkg/share/my_custom_srv_pkg/cmake/export_my_custom_srv_pkg__rosidl_generator_cExport.cmake
[0.359s] -- Up-to-date: /home/jo/project_RobotEngineering_3/my_robot/install/my_custom_srv_pkg/share/my_custom_srv_pkg/cmake/export_my_custom_srv_pkg__rosidl_generator_cExport-noconfig.cmake
[0.359s] -- Up-to-date: /home/jo/project_RobotEngineering_3/my_robot/install/my_custom_srv_pkg/share/my_custom_srv_pkg/cmake/export_my_custom_srv_pkg__rosidl_typesupport_fastrtps_cExport.cmake
[0.359s] -- Up-to-date: /home/jo/project_RobotEngineering_3/my_robot/install/my_custom_srv_pkg/share/my_custom_srv_pkg/cmake/export_my_custom_srv_pkg__rosidl_typesupport_fastrtps_cExport-noconfig.cmake
[0.359s] -- Up-to-date: /home/jo/project_RobotEngineering_3/my_robot/install/my_custom_srv_pkg/share/my_custom_srv_pkg/cmake/export_my_custom_srv_pkg__rosidl_generator_cppExport.cmake
[0.359s] -- Up-to-date: /home/jo/project_RobotEngineering_3/my_robot/install/my_custom_srv_pkg/share/my_custom_srv_pkg/cmake/export_my_custom_srv_pkg__rosidl_typesupport_fastrtps_cppExport.cmake
[0.359s] -- Up-to-date: /home/jo/project_RobotEngineering_3/my_robot/install/my_custom_srv_pkg/share/my_custom_srv_pkg/cmake/export_my_custom_srv_pkg__rosidl_typesupport_fastrtps_cppExport-noconfig.cmake
[0.360s] -- Up-to-date: /home/jo/project_RobotEngineering_3/my_robot/install/my_custom_srv_pkg/share/my_custom_srv_pkg/cmake/my_custom_srv_pkg__rosidl_typesupport_introspection_cExport.cmake
[0.360s] -- Up-to-date: /home/jo/project_RobotEngineering_3/my_robot/install/my_custom_srv_pkg/share/my_custom_srv_pkg/cmake/my_custom_srv_pkg__rosidl_typesupport_introspection_cExport-noconfig.cmake
[0.360s] -- Up-to-date: /home/jo/project_RobotEngineering_3/my_robot/install/my_custom_srv_pkg/share/my_custom_srv_pkg/cmake/my_custom_srv_pkg__rosidl_typesupport_cExport.cmake
[0.360s] -- Up-to-date: /home/jo/project_RobotEngineering_3/my_robot/install/my_custom_srv_pkg/share/my_custom_srv_pkg/cmake/my_custom_srv_pkg__rosidl_typesupport_cExport-noconfig.cmake
[0.360s] -- Up-to-date: /home/jo/project_RobotEngineering_3/my_robot/install/my_custom_srv_pkg/share/my_custom_srv_pkg/cmake/my_custom_srv_pkg__rosidl_typesupport_introspection_cppExport.cmake
[0.360s] -- Up-to-date: /home/jo/project_RobotEngineering_3/my_robot/install/my_custom_srv_pkg/share/my_custom_srv_pkg/cmake/my_custom_srv_pkg__rosidl_typesupport_introspection_cppExport-noconfig.cmake
[0.360s] -- Up-to-date: /home/jo/project_RobotEngineering_3/my_robot/install/my_custom_srv_pkg/share/my_custom_srv_pkg/cmake/my_custom_srv_pkg__rosidl_typesupport_cppExport.cmake
[0.360s] -- Up-to-date: /home/jo/project_RobotEngineering_3/my_robot/install/my_custom_srv_pkg/share/my_custom_srv_pkg/cmake/my_custom_srv_pkg__rosidl_typesupport_cppExport-noconfig.cmake
[0.360s] -- Up-to-date: /home/jo/project_RobotEngineering_3/my_robot/install/my_custom_srv_pkg/share/my_custom_srv_pkg/cmake/export_my_custom_srv_pkg__rosidl_generator_pyExport.cmake
[0.360s] -- Up-to-date: /home/jo/project_RobotEngineering_3/my_robot/install/my_custom_srv_pkg/share/my_custom_srv_pkg/cmake/export_my_custom_srv_pkg__rosidl_generator_pyExport-noconfig.cmake
[0.362s] Invoked command in '/home/jo/project_RobotEngineering_3/my_robot/build/my_custom_srv_pkg' returned '0': CMAKE_PREFIX_PATH=${CMAKE_PREFIX_PATH}:/home/jo/project_RobotEngineering_3/my_robot/install/py_custom_srv_pkg:/opt/ros/humble /usr/bin/cmake --install /home/jo/project_RobotEngineering_3/my_robot/build/my_custom_srv_pkg
