[0.084s] [34mcolcon[0m [1;30mDEBUG[0m [32mCommand line arguments: ['/usr/bin/colcon', 'build'][0m
[0.084s] [34mcolcon[0m [1;30mDEBUG[0m [32mParsed command line arguments: Namespace(log_base=None, log_level=None, verb_name='build', build_base='build', install_base='install', merge_install=False, symlink_install=False, test_result_base=None, continue_on_error=False, executor='parallel', parallel_workers=12, event_handlers=None, ignore_user_meta=False, metas=['./colcon.meta'], base_paths=['.'], packages_ignore=None, packages_ignore_regex=None, paths=None, packages_up_to=None, packages_up_to_regex=None, packages_above=None, packages_above_and_dependencies=None, packages_above_depth=None, packages_select_by_dep=None, packages_skip_by_dep=None, packages_skip_up_to=None, packages_select_build_failed=False, packages_skip_build_finished=False, packages_select_test_failures=False, packages_skip_test_passed=False, packages_select=None, packages_skip=None, packages_select_regex=None, packages_skip_regex=None, packages_start=None, packages_end=None, allow_overriding=[], cmake_args=None, cmake_target=None, cmake_target_skip_unavailable=False, cmake_clean_cache=False, cmake_clean_first=False, cmake_force_configure=False, ament_cmake_args=None, catkin_cmake_args=None, catkin_skip_building_tests=False, mixin_files=None, mixin=None, verb_parser=<colcon_mixin.mixin.mixin_argument.MixinArgumentDecorator object at 0x7a62d5d42200>, verb_extension=<colcon_core.verb.build.BuildVerb object at 0x7a62d5d41b70>, main=<bound method BuildVerb.main of <colcon_core.verb.build.BuildVerb object at 0x7a62d5d41b70>>, mixin_verb=('build',))[0m
[0.216s] [34mcolcon.colcon_core.package_discovery[0m [1;30mLevel 1[0m discover_packages(colcon_meta) check parameters
[0.216s] [34mcolcon.colcon_core.package_discovery[0m [1;30mLevel 1[0m discover_packages(recursive) check parameters
[0.216s] [34mcolcon.colcon_core.package_discovery[0m [1;30mLevel 1[0m discover_packages(ignore) check parameters
[0.216s] [34mcolcon.colcon_core.package_discovery[0m [1;30mLevel 1[0m discover_packages(path) check parameters
[0.216s] [34mcolcon.colcon_core.package_discovery[0m [1;30mLevel 1[0m discover_packages(colcon_meta) discover
[0.216s] [34mcolcon.colcon_core.package_discovery[0m [1;30mLevel 1[0m discover_packages(recursive) discover
[0.216s] [34mcolcon.colcon_core.package_discovery[0m [1;30mINFO[0m Crawling recursively for packages in '/home/jo/project_RobotEngineering_3/my_robot'
[0.216s] [34mcolcon.colcon_core.package_identification[0m [1;30mLevel 1[0m _identify(.) by extensions ['ignore', 'ignore_ament_install']
[0.216s] [34mcolcon.colcon_core.package_identification[0m [1;30mLevel 1[0m _identify(.) by extension 'ignore'
[0.216s] [34mcolcon.colcon_core.package_identification[0m [1;30mLevel 1[0m _identify(.) by extension 'ignore_ament_install'
[0.216s] [34mcolcon.colcon_core.package_identification[0m [1;30mLevel 1[0m _identify(.) by extensions ['colcon_pkg']
[0.216s] [34mcolcon.colcon_core.package_identification[0m [1;30mLevel 1[0m _identify(.) by extension 'colcon_pkg'
[0.216s] [34mcolcon.colcon_core.package_identification[0m [1;30mLevel 1[0m _identify(.) by extensions ['colcon_meta']
[0.216s] [34mcolcon.colcon_core.package_identification[0m [1;30mLevel 1[0m _identify(.) by extension 'colcon_meta'
[0.216s] [34mcolcon.colcon_core.package_identification[0m [1;30mLevel 1[0m _identify(.) by extensions ['ros']
[0.216s] [34mcolcon.colcon_core.package_identification[0m [1;30mLevel 1[0m _identify(.) by extension 'ros'
[0.223s] [34mcolcon.colcon_core.package_identification[0m [1;30mLevel 1[0m _identify(.) by extensions ['cmake', 'python']
[0.223s] [34mcolcon.colcon_core.package_identification[0m [1;30mLevel 1[0m _identify(.) by extension 'cmake'
[0.223s] [34mcolcon.colcon_core.package_identification[0m [1;30mLevel 1[0m _identify(.) by extension 'python'
[0.223s] [34mcolcon.colcon_core.package_identification[0m [1;30mLevel 1[0m _identify(.) by extensions ['python_setup_py']
[0.223s] [34mcolcon.colcon_core.package_identification[0m [1;30mLevel 1[0m _identify(.) by extension 'python_setup_py'
[0.224s] [34mcolcon.colcon_core.package_identification[0m [1;30mLevel 1[0m _identify(build) by extensions ['ignore', 'ignore_ament_install']
[0.224s] [34mcolcon.colcon_core.package_identification[0m [1;30mLevel 1[0m _identify(build) by extension 'ignore'
[0.224s] [34mcolcon.colcon_core.package_identification[0m [1;30mLevel 1[0m _identify(build) ignored
[0.224s] [34mcolcon.colcon_core.package_identification[0m [1;30mLevel 1[0m _identify(install) by extensions ['ignore', 'ignore_ament_install']
[0.224s] [34mcolcon.colcon_core.package_identification[0m [1;30mLevel 1[0m _identify(install) by extension 'ignore'
[0.224s] [34mcolcon.colcon_core.package_identification[0m [1;30mLevel 1[0m _identify(install) ignored
[0.224s] [34mcolcon.colcon_core.package_identification[0m [1;30mLevel 1[0m _identify(log) by extensions ['ignore', 'ignore_ament_install']
[0.224s] [34mcolcon.colcon_core.package_identification[0m [1;30mLevel 1[0m _identify(log) by extension 'ignore'
[0.224s] [34mcolcon.colcon_core.package_identification[0m [1;30mLevel 1[0m _identify(log) ignored
[0.224s] [34mcolcon.colcon_core.package_identification[0m [1;30mLevel 1[0m _identify(src) by extensions ['ignore', 'ignore_ament_install']
[0.224s] [34mcolcon.colcon_core.package_identification[0m [1;30mLevel 1[0m _identify(src) by extension 'ignore'
[0.224s] [34mcolcon.colcon_core.package_identification[0m [1;30mLevel 1[0m _identify(src) by extension 'ignore_ament_install'
[0.224s] [34mcolcon.colcon_core.package_identification[0m [1;30mLevel 1[0m _identify(src) by extensions ['colcon_pkg']
[0.224s] [34mcolcon.colcon_core.package_identification[0m [1;30mLevel 1[0m _identify(src) by extension 'colcon_pkg'
[0.224s] [34mcolcon.colcon_core.package_identification[0m [1;30mLevel 1[0m _identify(src) by extensions ['colcon_meta']
[0.224s] [34mcolcon.colcon_core.package_identification[0m [1;30mLevel 1[0m _identify(src) by extension 'colcon_meta'
[0.224s] [34mcolcon.colcon_core.package_identification[0m [1;30mLevel 1[0m _identify(src) by extensions ['ros']
[0.224s] [34mcolcon.colcon_core.package_identification[0m [1;30mLevel 1[0m _identify(src) by extension 'ros'
[0.224s] [34mcolcon.colcon_core.package_identification[0m [1;30mLevel 1[0m _identify(src) by extensions ['cmake', 'python']
[0.224s] [34mcolcon.colcon_core.package_identification[0m [1;30mLevel 1[0m _identify(src) by extension 'cmake'
[0.224s] [34mcolcon.colcon_core.package_identification[0m [1;30mLevel 1[0m _identify(src) by extension 'python'
[0.224s] [34mcolcon.colcon_core.package_identification[0m [1;30mLevel 1[0m _identify(src) by extensions ['python_setup_py']
[0.224s] [34mcolcon.colcon_core.package_identification[0m [1;30mLevel 1[0m _identify(src) by extension 'python_setup_py'
[0.224s] [34mcolcon.colcon_core.package_identification[0m [1;30mLevel 1[0m _identify(src/my_command_pkg) by extensions ['ignore', 'ignore_ament_install']
[0.224s] [34mcolcon.colcon_core.package_identification[0m [1;30mLevel 1[0m _identify(src/my_command_pkg) by extension 'ignore'
[0.224s] [34mcolcon.colcon_core.package_identification[0m [1;30mLevel 1[0m _identify(src/my_command_pkg) by extension 'ignore_ament_install'
[0.224s] [34mcolcon.colcon_core.package_identification[0m [1;30mLevel 1[0m _identify(src/my_command_pkg) by extensions ['colcon_pkg']
[0.224s] [34mcolcon.colcon_core.package_identification[0m [1;30mLevel 1[0m _identify(src/my_command_pkg) by extension 'colcon_pkg'
[0.224s] [34mcolcon.colcon_core.package_identification[0m [1;30mLevel 1[0m _identify(src/my_command_pkg) by extensions ['colcon_meta']
[0.224s] [34mcolcon.colcon_core.package_identification[0m [1;30mLevel 1[0m _identify(src/my_command_pkg) by extension 'colcon_meta'
[0.224s] [34mcolcon.colcon_core.package_identification[0m [1;30mLevel 1[0m _identify(src/my_command_pkg) by extensions ['ros']
[0.224s] [34mcolcon.colcon_core.package_identification[0m [1;30mLevel 1[0m _identify(src/my_command_pkg) by extension 'ros'
[0.226s] [34mcolcon.colcon_core.package_identification[0m [1;30mDEBUG[0m [32mPackage 'src/my_command_pkg' with type 'ros.ament_cmake' and name 'my_command_pkg'[0m
[0.226s] [34mcolcon.colcon_core.package_identification[0m [1;30mLevel 1[0m _identify(src/my_robot_pkg) by extensions ['ignore', 'ignore_ament_install']
[0.226s] [34mcolcon.colcon_core.package_identification[0m [1;30mLevel 1[0m _identify(src/my_robot_pkg) by extension 'ignore'
[0.226s] [34mcolcon.colcon_core.package_identification[0m [1;30mLevel 1[0m _identify(src/my_robot_pkg) by extension 'ignore_ament_install'
[0.226s] [34mcolcon.colcon_core.package_identification[0m [1;30mLevel 1[0m _identify(src/my_robot_pkg) by extensions ['colcon_pkg']
[0.226s] [34mcolcon.colcon_core.package_identification[0m [1;30mLevel 1[0m _identify(src/my_robot_pkg) by extension 'colcon_pkg'
[0.226s] [34mcolcon.colcon_core.package_identification[0m [1;30mLevel 1[0m _identify(src/my_robot_pkg) by extensions ['colcon_meta']
[0.226s] [34mcolcon.colcon_core.package_identification[0m [1;30mLevel 1[0m _identify(src/my_robot_pkg) by extension 'colcon_meta'
[0.226s] [34mcolcon.colcon_core.package_identification[0m [1;30mLevel 1[0m _identify(src/my_robot_pkg) by extensions ['ros']
[0.226s] [34mcolcon.colcon_core.package_identification[0m [1;30mLevel 1[0m _identify(src/my_robot_pkg) by extension 'ros'
[0.227s] [34mcolcon.colcon_core.package_identification[0m [1;30mDEBUG[0m [32mPackage 'src/my_robot_pkg' with type 'ros.ament_python' and name 'my_robot_pkg'[0m
[0.227s] [34mcolcon.colcon_core.package_identification[0m [1;30mLevel 1[0m _identify(src/realsense-ros) by extensions ['ignore', 'ignore_ament_install']
[0.227s] [34mcolcon.colcon_core.package_identification[0m [1;30mLevel 1[0m _identify(src/realsense-ros) by extension 'ignore'
[0.227s] [34mcolcon.colcon_core.package_identification[0m [1;30mLevel 1[0m _identify(src/realsense-ros) by extension 'ignore_ament_install'
[0.227s] [34mcolcon.colcon_core.package_identification[0m [1;30mLevel 1[0m _identify(src/realsense-ros) by extensions ['colcon_pkg']
[0.227s] [34mcolcon.colcon_core.package_identification[0m [1;30mLevel 1[0m _identify(src/realsense-ros) by extension 'colcon_pkg'
[0.227s] [34mcolcon.colcon_core.package_identification[0m [1;30mLevel 1[0m _identify(src/realsense-ros) by extensions ['colcon_meta']
[0.227s] [34mcolcon.colcon_core.package_identification[0m [1;30mLevel 1[0m _identify(src/realsense-ros) by extension 'colcon_meta'
[0.227s] [34mcolcon.colcon_core.package_identification[0m [1;30mLevel 1[0m _identify(src/realsense-ros) by extensions ['ros']
[0.227s] [34mcolcon.colcon_core.package_identification[0m [1;30mLevel 1[0m _identify(src/realsense-ros) by extension 'ros'
[0.227s] [34mcolcon.colcon_core.package_identification[0m [1;30mLevel 1[0m _identify(src/realsense-ros) by extensions ['cmake', 'python']
[0.227s] [34mcolcon.colcon_core.package_identification[0m [1;30mLevel 1[0m _identify(src/realsense-ros) by extension 'cmake'
[0.227s] [34mcolcon.colcon_core.package_identification[0m [1;30mLevel 1[0m _identify(src/realsense-ros) by extension 'python'
[0.227s] [34mcolcon.colcon_core.package_identification[0m [1;30mLevel 1[0m _identify(src/realsense-ros) by extensions ['python_setup_py']
[0.227s] [34mcolcon.colcon_core.package_identification[0m [1;30mLevel 1[0m _identify(src/realsense-ros) by extension 'python_setup_py'
[0.227s] [34mcolcon.colcon_core.package_identification[0m [1;30mLevel 1[0m _identify(src/realsense-ros/realsense2_camera) by extensions ['ignore', 'ignore_ament_install']
[0.227s] [34mcolcon.colcon_core.package_identification[0m [1;30mLevel 1[0m _identify(src/realsense-ros/realsense2_camera) by extension 'ignore'
[0.227s] [34mcolcon.colcon_core.package_identification[0m [1;30mLevel 1[0m _identify(src/realsense-ros/realsense2_camera) by extension 'ignore_ament_install'
[0.227s] [34mcolcon.colcon_core.package_identification[0m [1;30mLevel 1[0m _identify(src/realsense-ros/realsense2_camera) by extensions ['colcon_pkg']
[0.227s] [34mcolcon.colcon_core.package_identification[0m [1;30mLevel 1[0m _identify(src/realsense-ros/realsense2_camera) by extension 'colcon_pkg'
[0.227s] [34mcolcon.colcon_core.package_identification[0m [1;30mLevel 1[0m _identify(src/realsense-ros/realsense2_camera) by extensions ['colcon_meta']
[0.227s] [34mcolcon.colcon_core.package_identification[0m [1;30mLevel 1[0m _identify(src/realsense-ros/realsense2_camera) by extension 'colcon_meta'
[0.227s] [34mcolcon.colcon_core.package_identification[0m [1;30mLevel 1[0m _identify(src/realsense-ros/realsense2_camera) by extensions ['ros']
[0.227s] [34mcolcon.colcon_core.package_identification[0m [1;30mLevel 1[0m _identify(src/realsense-ros/realsense2_camera) by extension 'ros'
[0.228s] [34mcolcon.colcon_core.package_identification[0m [1;30mDEBUG[0m [32mPackage 'src/realsense-ros/realsense2_camera' with type 'ros.ament_cmake' and name 'realsense2_camera'[0m
[0.229s] [34mcolcon.colcon_core.package_identification[0m [1;30mLevel 1[0m _identify(src/realsense-ros/realsense2_camera_msgs) by extensions ['ignore', 'ignore_ament_install']
[0.229s] [34mcolcon.colcon_core.package_identification[0m [1;30mLevel 1[0m _identify(src/realsense-ros/realsense2_camera_msgs) by extension 'ignore'
[0.229s] [34mcolcon.colcon_core.package_identification[0m [1;30mLevel 1[0m _identify(src/realsense-ros/realsense2_camera_msgs) by extension 'ignore_ament_install'
[0.229s] [34mcolcon.colcon_core.package_identification[0m [1;30mLevel 1[0m _identify(src/realsense-ros/realsense2_camera_msgs) by extensions ['colcon_pkg']
[0.229s] [34mcolcon.colcon_core.package_identification[0m [1;30mLevel 1[0m _identify(src/realsense-ros/realsense2_camera_msgs) by extension 'colcon_pkg'
[0.229s] [34mcolcon.colcon_core.package_identification[0m [1;30mLevel 1[0m _identify(src/realsense-ros/realsense2_camera_msgs) by extensions ['colcon_meta']
[0.229s] [34mcolcon.colcon_core.package_identification[0m [1;30mLevel 1[0m _identify(src/realsense-ros/realsense2_camera_msgs) by extension 'colcon_meta'
[0.229s] [34mcolcon.colcon_core.package_identification[0m [1;30mLevel 1[0m _identify(src/realsense-ros/realsense2_camera_msgs) by extensions ['ros']
[0.229s] [34mcolcon.colcon_core.package_identification[0m [1;30mLevel 1[0m _identify(src/realsense-ros/realsense2_camera_msgs) by extension 'ros'
[0.229s] [34mcolcon.colcon_core.package_identification[0m [1;30mDEBUG[0m [32mPackage 'src/realsense-ros/realsense2_camera_msgs' with type 'ros.ament_cmake' and name 'realsense2_camera_msgs'[0m
[0.229s] [34mcolcon.colcon_core.package_identification[0m [1;30mLevel 1[0m _identify(src/realsense-ros/realsense2_description) by extensions ['ignore', 'ignore_ament_install']
[0.229s] [34mcolcon.colcon_core.package_identification[0m [1;30mLevel 1[0m _identify(src/realsense-ros/realsense2_description) by extension 'ignore'
[0.229s] [34mcolcon.colcon_core.package_identification[0m [1;30mLevel 1[0m _identify(src/realsense-ros/realsense2_description) by extension 'ignore_ament_install'
[0.229s] [34mcolcon.colcon_core.package_identification[0m [1;30mLevel 1[0m _identify(src/realsense-ros/realsense2_description) by extensions ['colcon_pkg']
[0.229s] [34mcolcon.colcon_core.package_identification[0m [1;30mLevel 1[0m _identify(src/realsense-ros/realsense2_description) by extension 'colcon_pkg'
[0.229s] [34mcolcon.colcon_core.package_identification[0m [1;30mLevel 1[0m _identify(src/realsense-ros/realsense2_description) by extensions ['colcon_meta']
[0.229s] [34mcolcon.colcon_core.package_identification[0m [1;30mLevel 1[0m _identify(src/realsense-ros/realsense2_description) by extension 'colcon_meta'
[0.229s] [34mcolcon.colcon_core.package_identification[0m [1;30mLevel 1[0m _identify(src/realsense-ros/realsense2_description) by extensions ['ros']
[0.229s] [34mcolcon.colcon_core.package_identification[0m [1;30mLevel 1[0m _identify(src/realsense-ros/realsense2_description) by extension 'ros'
[0.230s] [34mcolcon.colcon_core.package_identification[0m [1;30mDEBUG[0m [32mPackage 'src/realsense-ros/realsense2_description' with type 'ros.ament_cmake' and name 'realsense2_description'[0m
[0.230s] [34mcolcon.colcon_core.package_discovery[0m [1;30mLevel 1[0m discover_packages(recursive) using defaults
[0.230s] [34mcolcon.colcon_core.package_discovery[0m [1;30mLevel 1[0m discover_packages(ignore) discover
[0.230s] [34mcolcon.colcon_core.package_discovery[0m [1;30mLevel 1[0m discover_packages(ignore) using defaults
[0.230s] [34mcolcon.colcon_core.package_discovery[0m [1;30mLevel 1[0m discover_packages(path) discover
[0.230s] [34mcolcon.colcon_core.package_discovery[0m [1;30mLevel 1[0m discover_packages(path) using defaults
[0.241s] [34mcolcon.colcon_core.package_discovery[0m [1;30mLevel 1[0m discover_packages(prefix_path) check parameters
[0.241s] [34mcolcon.colcon_core.package_discovery[0m [1;30mLevel 1[0m discover_packages(prefix_path) discover
[0.242s] [34mcolcon.colcon_ros.prefix_path.ament[0m [1;30mWARNING[0m [33mThe path '/home/jo/project_RobotEngineering_3/my_robot/install/realsense2_description' in the environment variable AMENT_PREFIX_PATH doesn't exist[0m
[0.242s] [34mcolcon.colcon_ros.prefix_path.ament[0m [1;30mWARNING[0m [33mThe path '/home/jo/project_RobotEngineering_3/my_robot/install/realsense2_camera' in the environment variable AMENT_PREFIX_PATH doesn't exist[0m
[0.242s] [34mcolcon.colcon_ros.prefix_path.ament[0m [1;30mWARNING[0m [33mThe path '/home/jo/project_RobotEngineering_3/my_robot/install/realsense2_camera_msgs' in the environment variable AMENT_PREFIX_PATH doesn't exist[0m
[0.242s] [34mcolcon.colcon_ros.prefix_path.ament[0m [1;30mWARNING[0m [33mThe path '/home/jo/project_RobotEngineering_3/my_robot/install/my_robot_pkg' in the environment variable AMENT_PREFIX_PATH doesn't exist[0m
[0.242s] [34mcolcon.colcon_ros.prefix_path.ament[0m [1;30mWARNING[0m [33mThe path '/home/jo/project_RobotEngineering_3/my_robot/install/my_command_pkg' in the environment variable AMENT_PREFIX_PATH doesn't exist[0m
[0.242s] [34mcolcon.colcon_ros.prefix_path.catkin[0m [1;30mWARNING[0m [33mThe path '/home/jo/project_RobotEngineering_3/my_robot/install/realsense2_description' in the environment variable CMAKE_PREFIX_PATH doesn't exist[0m
[0.242s] [34mcolcon.colcon_ros.prefix_path.catkin[0m [1;30mWARNING[0m [33mThe path '/home/jo/project_RobotEngineering_3/my_robot/install/realsense2_camera' in the environment variable CMAKE_PREFIX_PATH doesn't exist[0m
[0.242s] [34mcolcon.colcon_ros.prefix_path.catkin[0m [1;30mWARNING[0m [33mThe path '/home/jo/project_RobotEngineering_3/my_robot/install/realsense2_camera_msgs' in the environment variable CMAKE_PREFIX_PATH doesn't exist[0m
[0.242s] [34mcolcon.colcon_ros.prefix_path.catkin[0m [1;30mWARNING[0m [33mThe path '/home/jo/project_RobotEngineering_3/my_robot/install/my_command_pkg' in the environment variable CMAKE_PREFIX_PATH doesn't exist[0m
[0.242s] [34mcolcon.colcon_installed_package_information.package_discovery[0m [1;30mDEBUG[0m [32mFound 0 installed packages in /home/jo/project_RobotEngineering_3/my_robot/install[0m
[0.243s] [34mcolcon.colcon_installed_package_information.package_discovery[0m [1;30mDEBUG[0m [32mFound 419 installed packages in /opt/ros/humble[0m
[0.244s] [34mcolcon.colcon_core.package_discovery[0m [1;30mLevel 1[0m discover_packages(prefix_path) using defaults
[0.271s] [34mcolcon.colcon_core.verb[0m [1;30mLevel 5[0m set package 'my_command_pkg' build argument 'cmake_args' from command line to 'None'
[0.271s] [34mcolcon.colcon_core.verb[0m [1;30mLevel 5[0m set package 'my_command_pkg' build argument 'cmake_target' from command line to 'None'
[0.271s] [34mcolcon.colcon_core.verb[0m [1;30mLevel 5[0m set package 'my_command_pkg' build argument 'cmake_target_skip_unavailable' from command line to 'False'
[0.271s] [34mcolcon.colcon_core.verb[0m [1;30mLevel 5[0m set package 'my_command_pkg' build argument 'cmake_clean_cache' from command line to 'False'
[0.271s] [34mcolcon.colcon_core.verb[0m [1;30mLevel 5[0m set package 'my_command_pkg' build argument 'cmake_clean_first' from command line to 'False'
[0.271s] [34mcolcon.colcon_core.verb[0m [1;30mLevel 5[0m set package 'my_command_pkg' build argument 'cmake_force_configure' from command line to 'False'
[0.271s] [34mcolcon.colcon_core.verb[0m [1;30mLevel 5[0m set package 'my_command_pkg' build argument 'ament_cmake_args' from command line to 'None'
[0.271s] [34mcolcon.colcon_core.verb[0m [1;30mLevel 5[0m set package 'my_command_pkg' build argument 'catkin_cmake_args' from command line to 'None'
[0.271s] [34mcolcon.colcon_core.verb[0m [1;30mLevel 5[0m set package 'my_command_pkg' build argument 'catkin_skip_building_tests' from command line to 'False'
[0.271s] [34mcolcon.colcon_core.verb[0m [1;30mDEBUG[0m [32mBuilding package 'my_command_pkg' with the following arguments: {'ament_cmake_args': None, 'build_base': '/home/jo/project_RobotEngineering_3/my_robot/build/my_command_pkg', 'catkin_cmake_args': None, 'catkin_skip_building_tests': False, 'cmake_args': None, 'cmake_clean_cache': False, 'cmake_clean_first': False, 'cmake_force_configure': False, 'cmake_target': None, 'cmake_target_skip_unavailable': False, 'install_base': '/home/jo/project_RobotEngineering_3/my_robot/install/my_command_pkg', 'merge_install': False, 'path': '/home/jo/project_RobotEngineering_3/my_robot/src/my_command_pkg', 'symlink_install': False, 'test_result_base': None}[0m
[0.272s] [34mcolcon.colcon_core.verb[0m [1;30mLevel 5[0m set package 'realsense2_camera_msgs' build argument 'cmake_args' from command line to 'None'
[0.272s] [34mcolcon.colcon_core.verb[0m [1;30mLevel 5[0m set package 'realsense2_camera_msgs' build argument 'cmake_target' from command line to 'None'
[0.272s] [34mcolcon.colcon_core.verb[0m [1;30mLevel 5[0m set package 'realsense2_camera_msgs' build argument 'cmake_target_skip_unavailable' from command line to 'False'
[0.272s] [34mcolcon.colcon_core.verb[0m [1;30mLevel 5[0m set package 'realsense2_camera_msgs' build argument 'cmake_clean_cache' from command line to 'False'
[0.272s] [34mcolcon.colcon_core.verb[0m [1;30mLevel 5[0m set package 'realsense2_camera_msgs' build argument 'cmake_clean_first' from command line to 'False'
[0.272s] [34mcolcon.colcon_core.verb[0m [1;30mLevel 5[0m set package 'realsense2_camera_msgs' build argument 'cmake_force_configure' from command line to 'False'
[0.272s] [34mcolcon.colcon_core.verb[0m [1;30mLevel 5[0m set package 'realsense2_camera_msgs' build argument 'ament_cmake_args' from command line to 'None'
[0.272s] [34mcolcon.colcon_core.verb[0m [1;30mLevel 5[0m set package 'realsense2_camera_msgs' build argument 'catkin_cmake_args' from command line to 'None'
[0.272s] [34mcolcon.colcon_core.verb[0m [1;30mLevel 5[0m set package 'realsense2_camera_msgs' build argument 'catkin_skip_building_tests' from command line to 'False'
[0.272s] [34mcolcon.colcon_core.verb[0m [1;30mDEBUG[0m [32mBuilding package 'realsense2_camera_msgs' with the following arguments: {'ament_cmake_args': None, 'build_base': '/home/jo/project_RobotEngineering_3/my_robot/build/realsense2_camera_msgs', 'catkin_cmake_args': None, 'catkin_skip_building_tests': False, 'cmake_args': None, 'cmake_clean_cache': False, 'cmake_clean_first': False, 'cmake_force_configure': False, 'cmake_target': None, 'cmake_target_skip_unavailable': False, 'install_base': '/home/jo/project_RobotEngineering_3/my_robot/install/realsense2_camera_msgs', 'merge_install': False, 'path': '/home/jo/project_RobotEngineering_3/my_robot/src/realsense-ros/realsense2_camera_msgs', 'symlink_install': False, 'test_result_base': None}[0m
[0.272s] [34mcolcon.colcon_core.verb[0m [1;30mLevel 5[0m set package 'my_robot_pkg' build argument 'cmake_args' from command line to 'None'
[0.272s] [34mcolcon.colcon_core.verb[0m [1;30mLevel 5[0m set package 'my_robot_pkg' build argument 'cmake_target' from command line to 'None'
[0.272s] [34mcolcon.colcon_core.verb[0m [1;30mLevel 5[0m set package 'my_robot_pkg' build argument 'cmake_target_skip_unavailable' from command line to 'False'
[0.272s] [34mcolcon.colcon_core.verb[0m [1;30mLevel 5[0m set package 'my_robot_pkg' build argument 'cmake_clean_cache' from command line to 'False'
[0.272s] [34mcolcon.colcon_core.verb[0m [1;30mLevel 5[0m set package 'my_robot_pkg' build argument 'cmake_clean_first' from command line to 'False'
[0.272s] [34mcolcon.colcon_core.verb[0m [1;30mLevel 5[0m set package 'my_robot_pkg' build argument 'cmake_force_configure' from command line to 'False'
[0.272s] [34mcolcon.colcon_core.verb[0m [1;30mLevel 5[0m set package 'my_robot_pkg' build argument 'ament_cmake_args' from command line to 'None'
[0.272s] [34mcolcon.colcon_core.verb[0m [1;30mLevel 5[0m set package 'my_robot_pkg' build argument 'catkin_cmake_args' from command line to 'None'
[0.272s] [34mcolcon.colcon_core.verb[0m [1;30mLevel 5[0m set package 'my_robot_pkg' build argument 'catkin_skip_building_tests' from command line to 'False'
[0.272s] [34mcolcon.colcon_core.verb[0m [1;30mDEBUG[0m [32mBuilding package 'my_robot_pkg' with the following arguments: {'ament_cmake_args': None, 'build_base': '/home/jo/project_RobotEngineering_3/my_robot/build/my_robot_pkg', 'catkin_cmake_args': None, 'catkin_skip_building_tests': False, 'cmake_args': None, 'cmake_clean_cache': False, 'cmake_clean_first': False, 'cmake_force_configure': False, 'cmake_target': None, 'cmake_target_skip_unavailable': False, 'install_base': '/home/jo/project_RobotEngineering_3/my_robot/install/my_robot_pkg', 'merge_install': False, 'path': '/home/jo/project_RobotEngineering_3/my_robot/src/my_robot_pkg', 'symlink_install': False, 'test_result_base': None}[0m
[0.272s] [34mcolcon.colcon_core.verb[0m [1;30mLevel 5[0m set package 'realsense2_camera' build argument 'cmake_args' from command line to 'None'
[0.272s] [34mcolcon.colcon_core.verb[0m [1;30mLevel 5[0m set package 'realsense2_camera' build argument 'cmake_target' from command line to 'None'
[0.272s] [34mcolcon.colcon_core.verb[0m [1;30mLevel 5[0m set package 'realsense2_camera' build argument 'cmake_target_skip_unavailable' from command line to 'False'
[0.272s] [34mcolcon.colcon_core.verb[0m [1;30mLevel 5[0m set package 'realsense2_camera' build argument 'cmake_clean_cache' from command line to 'False'
[0.272s] [34mcolcon.colcon_core.verb[0m [1;30mLevel 5[0m set package 'realsense2_camera' build argument 'cmake_clean_first' from command line to 'False'
[0.272s] [34mcolcon.colcon_core.verb[0m [1;30mLevel 5[0m set package 'realsense2_camera' build argument 'cmake_force_configure' from command line to 'False'
[0.272s] [34mcolcon.colcon_core.verb[0m [1;30mLevel 5[0m set package 'realsense2_camera' build argument 'ament_cmake_args' from command line to 'None'
[0.272s] [34mcolcon.colcon_core.verb[0m [1;30mLevel 5[0m set package 'realsense2_camera' build argument 'catkin_cmake_args' from command line to 'None'
[0.272s] [34mcolcon.colcon_core.verb[0m [1;30mLevel 5[0m set package 'realsense2_camera' build argument 'catkin_skip_building_tests' from command line to 'False'
[0.272s] [34mcolcon.colcon_core.verb[0m [1;30mDEBUG[0m [32mBuilding package 'realsense2_camera' with the following arguments: {'ament_cmake_args': None, 'build_base': '/home/jo/project_RobotEngineering_3/my_robot/build/realsense2_camera', 'catkin_cmake_args': None, 'catkin_skip_building_tests': False, 'cmake_args': None, 'cmake_clean_cache': False, 'cmake_clean_first': False, 'cmake_force_configure': False, 'cmake_target': None, 'cmake_target_skip_unavailable': False, 'install_base': '/home/jo/project_RobotEngineering_3/my_robot/install/realsense2_camera', 'merge_install': False, 'path': '/home/jo/project_RobotEngineering_3/my_robot/src/realsense-ros/realsense2_camera', 'symlink_install': False, 'test_result_base': None}[0m
[0.273s] [34mcolcon.colcon_core.verb[0m [1;30mLevel 5[0m set package 'realsense2_description' build argument 'cmake_args' from command line to 'None'
[0.273s] [34mcolcon.colcon_core.verb[0m [1;30mLevel 5[0m set package 'realsense2_description' build argument 'cmake_target' from command line to 'None'
[0.273s] [34mcolcon.colcon_core.verb[0m [1;30mLevel 5[0m set package 'realsense2_description' build argument 'cmake_target_skip_unavailable' from command line to 'False'
[0.273s] [34mcolcon.colcon_core.verb[0m [1;30mLevel 5[0m set package 'realsense2_description' build argument 'cmake_clean_cache' from command line to 'False'
[0.273s] [34mcolcon.colcon_core.verb[0m [1;30mLevel 5[0m set package 'realsense2_description' build argument 'cmake_clean_first' from command line to 'False'
[0.273s] [34mcolcon.colcon_core.verb[0m [1;30mLevel 5[0m set package 'realsense2_description' build argument 'cmake_force_configure' from command line to 'False'
[0.273s] [34mcolcon.colcon_core.verb[0m [1;30mLevel 5[0m set package 'realsense2_description' build argument 'ament_cmake_args' from command line to 'None'
[0.273s] [34mcolcon.colcon_core.verb[0m [1;30mLevel 5[0m set package 'realsense2_description' build argument 'catkin_cmake_args' from command line to 'None'
[0.273s] [34mcolcon.colcon_core.verb[0m [1;30mLevel 5[0m set package 'realsense2_description' build argument 'catkin_skip_building_tests' from command line to 'False'
[0.273s] [34mcolcon.colcon_core.verb[0m [1;30mDEBUG[0m [32mBuilding package 'realsense2_description' with the following arguments: {'ament_cmake_args': None, 'build_base': '/home/jo/project_RobotEngineering_3/my_robot/build/realsense2_description', 'catkin_cmake_args': None, 'catkin_skip_building_tests': False, 'cmake_args': None, 'cmake_clean_cache': False, 'cmake_clean_first': False, 'cmake_force_configure': False, 'cmake_target': None, 'cmake_target_skip_unavailable': False, 'install_base': '/home/jo/project_RobotEngineering_3/my_robot/install/realsense2_description', 'merge_install': False, 'path': '/home/jo/project_RobotEngineering_3/my_robot/src/realsense-ros/realsense2_description', 'symlink_install': False, 'test_result_base': None}[0m
[0.273s] [34mcolcon.colcon_core.executor[0m [1;30mINFO[0m Executing jobs using 'parallel' executor
[0.274s] [34mcolcon.colcon_parallel_executor.executor.parallel[0m [1;30mDEBUG[0m [32mrun_until_complete[0m
[0.274s] [34mcolcon.colcon_ros.task.ament_cmake.build[0m [1;30mINFO[0m Building ROS package in '/home/jo/project_RobotEngineering_3/my_robot/src/realsense-ros/realsense2_camera_msgs' with build type 'ament_cmake'
[0.274s] [34mcolcon.colcon_cmake.task.cmake.build[0m [1;30mINFO[0m Building CMake package in '/home/jo/project_RobotEngineering_3/my_robot/src/realsense-ros/realsense2_camera_msgs'
[0.275s] [34mcolcon.colcon_core.plugin_system[0m [1;30mINFO[0m Skipping extension 'colcon_core.shell.bat': Not used on non-Windows systems
[0.275s] [34mcolcon.colcon_core.shell[0m [1;30mINFO[0m Skip shell extension 'powershell' for command environment: Not usable outside of PowerShell
[0.275s] [34mcolcon.colcon_core.shell[0m [1;30mDEBUG[0m [32mSkip shell extension 'dsv' for command environment[0m
[0.280s] [34mcolcon.colcon_ros.task.ament_cmake.build[0m [1;30mINFO[0m Building ROS package in '/home/jo/project_RobotEngineering_3/my_robot/src/my_command_pkg' with build type 'ament_cmake'
[0.280s] [34mcolcon.colcon_cmake.task.cmake.build[0m [1;30mINFO[0m Building CMake package in '/home/jo/project_RobotEngineering_3/my_robot/src/my_command_pkg'
[0.280s] [34mcolcon.colcon_core.shell[0m [1;30mINFO[0m Skip shell extension 'powershell' for command environment: Not usable outside of PowerShell
[0.281s] [34mcolcon.colcon_core.shell[0m [1;30mDEBUG[0m [32mSkip shell extension 'dsv' for command environment[0m
[0.287s] [34mcolcon.colcon_core.event_handler.log_command[0m [1;30mDEBUG[0m [32mInvoking command in '/home/jo/project_RobotEngineering_3/my_robot/build/realsense2_camera_msgs': CMAKE_PREFIX_PATH=${CMAKE_PREFIX_PATH}:/home/jo/project_RobotEngineering_3/my_robot/install/my_robot_pkg:/opt/ros/humble /usr/bin/cmake /home/jo/project_RobotEngineering_3/my_robot/src/realsense-ros/realsense2_camera_msgs -DCMAKE_INSTALL_PREFIX=/home/jo/project_RobotEngineering_3/my_robot/install/realsense2_camera_msgs[0m
[0.290s] [34mcolcon.colcon_core.event_handler.log_command[0m [1;30mDEBUG[0m [32mInvoking command in '/home/jo/project_RobotEngineering_3/my_robot/build/my_command_pkg': CMAKE_PREFIX_PATH=${CMAKE_PREFIX_PATH}:/home/jo/project_RobotEngineering_3/my_robot/install/my_robot_pkg:/opt/ros/humble /usr/bin/cmake /home/jo/project_RobotEngineering_3/my_robot/src/my_command_pkg -DCMAKE_INSTALL_PREFIX=/home/jo/project_RobotEngineering_3/my_robot/install/my_command_pkg[0m
[1.889s] [34mcolcon.colcon_core.event_handler.log_command[0m [1;30mDEBUG[0m [32mInvoked command in '/home/jo/project_RobotEngineering_3/my_robot/build/my_command_pkg' returned '0': CMAKE_PREFIX_PATH=${CMAKE_PREFIX_PATH}:/home/jo/project_RobotEngineering_3/my_robot/install/my_robot_pkg:/opt/ros/humble /usr/bin/cmake /home/jo/project_RobotEngineering_3/my_robot/src/my_command_pkg -DCMAKE_INSTALL_PREFIX=/home/jo/project_RobotEngineering_3/my_robot/install/my_command_pkg[0m
[1.891s] [34mcolcon.colcon_core.event_handler.log_command[0m [1;30mDEBUG[0m [32mInvoking command in '/home/jo/project_RobotEngineering_3/my_robot/build/my_command_pkg': CMAKE_PREFIX_PATH=${CMAKE_PREFIX_PATH}:/home/jo/project_RobotEngineering_3/my_robot/install/my_robot_pkg:/opt/ros/humble /usr/bin/cmake --build /home/jo/project_RobotEngineering_3/my_robot/build/my_command_pkg -- -j12 -l12[0m
[1.898s] [34mcolcon.colcon_core.event_handler.log_command[0m [1;30mDEBUG[0m [32mInvoked command in '/home/jo/project_RobotEngineering_3/my_robot/build/realsense2_camera_msgs' returned '0': CMAKE_PREFIX_PATH=${CMAKE_PREFIX_PATH}:/home/jo/project_RobotEngineering_3/my_robot/install/my_robot_pkg:/opt/ros/humble /usr/bin/cmake /home/jo/project_RobotEngineering_3/my_robot/src/realsense-ros/realsense2_camera_msgs -DCMAKE_INSTALL_PREFIX=/home/jo/project_RobotEngineering_3/my_robot/install/realsense2_camera_msgs[0m
[1.900s] [34mcolcon.colcon_core.event_handler.log_command[0m [1;30mDEBUG[0m [32mInvoking command in '/home/jo/project_RobotEngineering_3/my_robot/build/realsense2_camera_msgs': CMAKE_PREFIX_PATH=${CMAKE_PREFIX_PATH}:/home/jo/project_RobotEngineering_3/my_robot/install/my_robot_pkg:/opt/ros/humble /usr/bin/cmake --build /home/jo/project_RobotEngineering_3/my_robot/build/realsense2_camera_msgs -- -j12 -l12[0m
[5.211s] [34mcolcon.colcon_core.event_handler.log_command[0m [1;30mDEBUG[0m [32mInvoked command in '/home/jo/project_RobotEngineering_3/my_robot/build/my_command_pkg' returned '0': CMAKE_PREFIX_PATH=${CMAKE_PREFIX_PATH}:/home/jo/project_RobotEngineering_3/my_robot/install/my_robot_pkg:/opt/ros/humble /usr/bin/cmake --build /home/jo/project_RobotEngineering_3/my_robot/build/my_command_pkg -- -j12 -l12[0m
[5.223s] [34mcolcon.colcon_core.event_handler.log_command[0m [1;30mDEBUG[0m [32mInvoking command in '/home/jo/project_RobotEngineering_3/my_robot/build/my_command_pkg': CMAKE_PREFIX_PATH=${CMAKE_PREFIX_PATH}:/home/jo/project_RobotEngineering_3/my_robot/install/my_robot_pkg:/opt/ros/humble /usr/bin/cmake --install /home/jo/project_RobotEngineering_3/my_robot/build/my_command_pkg[0m
[5.310s] [34mcolcon.colcon_core.environment[0m [1;30mLevel 1[0m create_environment_scripts_only(my_command_pkg)
[5.311s] [34mcolcon.colcon_core.event_handler.log_command[0m [1;30mDEBUG[0m [32mInvoked command in '/home/jo/project_RobotEngineering_3/my_robot/build/my_command_pkg' returned '0': CMAKE_PREFIX_PATH=${CMAKE_PREFIX_PATH}:/home/jo/project_RobotEngineering_3/my_robot/install/my_robot_pkg:/opt/ros/humble /usr/bin/cmake --install /home/jo/project_RobotEngineering_3/my_robot/build/my_command_pkg[0m
[5.314s] [34mcolcon.colcon_core.environment[0m [1;30mLevel 1[0m checking '/home/jo/project_RobotEngineering_3/my_robot/install/my_command_pkg' for CMake module files
[5.314s] [34mcolcon.colcon_core.environment[0m [1;30mLevel 1[0m checking '/home/jo/project_RobotEngineering_3/my_robot/install/my_command_pkg' for CMake config files
[5.315s] [34mcolcon.colcon_core.shell[0m [1;30mLevel 1[0m create_environment_hook('my_command_pkg', 'cmake_prefix_path')
[5.315s] [34mcolcon.colcon_core.shell[0m [1;30mINFO[0m Creating environment hook '/home/jo/project_RobotEngineering_3/my_robot/install/my_command_pkg/share/my_command_pkg/hook/cmake_prefix_path.ps1'
[5.316s] [34mcolcon.colcon_core.shell[0m [1;30mINFO[0m Creating environment descriptor '/home/jo/project_RobotEngineering_3/my_robot/install/my_command_pkg/share/my_command_pkg/hook/cmake_prefix_path.dsv'
[5.317s] [34mcolcon.colcon_core.shell[0m [1;30mINFO[0m Creating environment hook '/home/jo/project_RobotEngineering_3/my_robot/install/my_command_pkg/share/my_command_pkg/hook/cmake_prefix_path.sh'
[5.318s] [34mcolcon.colcon_core.environment[0m [1;30mLevel 1[0m checking '/home/jo/project_RobotEngineering_3/my_robot/install/my_command_pkg/lib'
[5.318s] [34mcolcon.colcon_core.shell[0m [1;30mLevel 1[0m create_environment_hook('my_command_pkg', 'ld_library_path_lib')
[5.318s] [34mcolcon.colcon_core.shell[0m [1;30mINFO[0m Creating environment hook '/home/jo/project_RobotEngineering_3/my_robot/install/my_command_pkg/share/my_command_pkg/hook/ld_library_path_lib.ps1'
[5.319s] [34mcolcon.colcon_core.shell[0m [1;30mINFO[0m Creating environment descriptor '/home/jo/project_RobotEngineering_3/my_robot/install/my_command_pkg/share/my_command_pkg/hook/ld_library_path_lib.dsv'
[5.319s] [34mcolcon.colcon_core.shell[0m [1;30mINFO[0m Creating environment hook '/home/jo/project_RobotEngineering_3/my_robot/install/my_command_pkg/share/my_command_pkg/hook/ld_library_path_lib.sh'
[5.320s] [34mcolcon.colcon_core.environment[0m [1;30mLevel 1[0m checking '/home/jo/project_RobotEngineering_3/my_robot/install/my_command_pkg/bin'
[5.320s] [34mcolcon.colcon_core.environment[0m [1;30mLevel 1[0m checking '/home/jo/project_RobotEngineering_3/my_robot/install/my_command_pkg/lib/pkgconfig/my_command_pkg.pc'
[5.320s] [34mcolcon.colcon_core.environment[0m [1;30mLevel 1[0m checking '/home/jo/project_RobotEngineering_3/my_robot/install/my_command_pkg/lib/python3.10/site-packages'
[5.320s] [34mcolcon.colcon_core.environment[0m [1;30mLevel 1[0m checking '/home/jo/project_RobotEngineering_3/my_robot/install/my_command_pkg/bin'
[5.321s] [34mcolcon.colcon_core.shell[0m [1;30mINFO[0m Creating package script '/home/jo/project_RobotEngineering_3/my_robot/install/my_command_pkg/share/my_command_pkg/package.ps1'
[5.322s] [34mcolcon.colcon_core.shell[0m [1;30mINFO[0m Creating package descriptor '/home/jo/project_RobotEngineering_3/my_robot/install/my_command_pkg/share/my_command_pkg/package.dsv'
[5.323s] [34mcolcon.colcon_core.shell[0m [1;30mINFO[0m Creating package script '/home/jo/project_RobotEngineering_3/my_robot/install/my_command_pkg/share/my_command_pkg/package.sh'
[5.324s] [34mcolcon.colcon_core.shell[0m [1;30mINFO[0m Creating package script '/home/jo/project_RobotEngineering_3/my_robot/install/my_command_pkg/share/my_command_pkg/package.bash'
[5.325s] [34mcolcon.colcon_core.shell[0m [1;30mINFO[0m Creating package script '/home/jo/project_RobotEngineering_3/my_robot/install/my_command_pkg/share/my_command_pkg/package.zsh'
[5.326s] [34mcolcon.colcon_core.environment[0m [1;30mLevel 1[0m create_file_with_runtime_dependencies(/home/jo/project_RobotEngineering_3/my_robot/install/my_command_pkg/share/colcon-core/packages/my_command_pkg)
[5.327s] [34mcolcon.colcon_core.environment[0m [1;30mLevel 1[0m create_environment_scripts_only(my_command_pkg)
[5.327s] [34mcolcon.colcon_core.environment[0m [1;30mLevel 1[0m checking '/home/jo/project_RobotEngineering_3/my_robot/install/my_command_pkg' for CMake module files
[5.328s] [34mcolcon.colcon_core.environment[0m [1;30mLevel 1[0m checking '/home/jo/project_RobotEngineering_3/my_robot/install/my_command_pkg' for CMake config files
[5.329s] [34mcolcon.colcon_core.shell[0m [1;30mLevel 1[0m create_environment_hook('my_command_pkg', 'cmake_prefix_path')
[5.329s] [34mcolcon.colcon_core.shell[0m [1;30mINFO[0m Creating environment hook '/home/jo/project_RobotEngineering_3/my_robot/install/my_command_pkg/share/my_command_pkg/hook/cmake_prefix_path.ps1'
[5.330s] [34mcolcon.colcon_core.shell[0m [1;30mINFO[0m Creating environment descriptor '/home/jo/project_RobotEngineering_3/my_robot/install/my_command_pkg/share/my_command_pkg/hook/cmake_prefix_path.dsv'
[5.330s] [34mcolcon.colcon_core.shell[0m [1;30mINFO[0m Creating environment hook '/home/jo/project_RobotEngineering_3/my_robot/install/my_command_pkg/share/my_command_pkg/hook/cmake_prefix_path.sh'
[5.331s] [34mcolcon.colcon_core.environment[0m [1;30mLevel 1[0m checking '/home/jo/project_RobotEngineering_3/my_robot/install/my_command_pkg/lib'
[5.331s] [34mcolcon.colcon_core.shell[0m [1;30mLevel 1[0m create_environment_hook('my_command_pkg', 'ld_library_path_lib')
[5.331s] [34mcolcon.colcon_core.shell[0m [1;30mINFO[0m Creating environment hook '/home/jo/project_RobotEngineering_3/my_robot/install/my_command_pkg/share/my_command_pkg/hook/ld_library_path_lib.ps1'
[5.332s] [34mcolcon.colcon_core.shell[0m [1;30mINFO[0m Creating environment descriptor '/home/jo/project_RobotEngineering_3/my_robot/install/my_command_pkg/share/my_command_pkg/hook/ld_library_path_lib.dsv'
[5.332s] [34mcolcon.colcon_core.shell[0m [1;30mINFO[0m Creating environment hook '/home/jo/project_RobotEngineering_3/my_robot/install/my_command_pkg/share/my_command_pkg/hook/ld_library_path_lib.sh'
[5.332s] [34mcolcon.colcon_core.environment[0m [1;30mLevel 1[0m checking '/home/jo/project_RobotEngineering_3/my_robot/install/my_command_pkg/bin'
[5.332s] [34mcolcon.colcon_core.environment[0m [1;30mLevel 1[0m checking '/home/jo/project_RobotEngineering_3/my_robot/install/my_command_pkg/lib/pkgconfig/my_command_pkg.pc'
[5.333s] [34mcolcon.colcon_core.environment[0m [1;30mLevel 1[0m checking '/home/jo/project_RobotEngineering_3/my_robot/install/my_command_pkg/lib/python3.10/site-packages'
[5.333s] [34mcolcon.colcon_core.environment[0m [1;30mLevel 1[0m checking '/home/jo/project_RobotEngineering_3/my_robot/install/my_command_pkg/bin'
[5.333s] [34mcolcon.colcon_core.shell[0m [1;30mINFO[0m Creating package script '/home/jo/project_RobotEngineering_3/my_robot/install/my_command_pkg/share/my_command_pkg/package.ps1'
[5.334s] [34mcolcon.colcon_core.shell[0m [1;30mINFO[0m Creating package descriptor '/home/jo/project_RobotEngineering_3/my_robot/install/my_command_pkg/share/my_command_pkg/package.dsv'
[5.334s] [34mcolcon.colcon_core.shell[0m [1;30mINFO[0m Creating package script '/home/jo/project_RobotEngineering_3/my_robot/install/my_command_pkg/share/my_command_pkg/package.sh'
[5.335s] [34mcolcon.colcon_core.shell[0m [1;30mINFO[0m Creating package script '/home/jo/project_RobotEngineering_3/my_robot/install/my_command_pkg/share/my_command_pkg/package.bash'
[5.335s] [34mcolcon.colcon_core.shell[0m [1;30mINFO[0m Creating package script '/home/jo/project_RobotEngineering_3/my_robot/install/my_command_pkg/share/my_command_pkg/package.zsh'
[5.335s] [34mcolcon.colcon_core.environment[0m [1;30mLevel 1[0m create_file_with_runtime_dependencies(/home/jo/project_RobotEngineering_3/my_robot/install/my_command_pkg/share/colcon-core/packages/my_command_pkg)
[5.336s] [34mcolcon.colcon_ros.task.ament_python.build[0m [1;30mINFO[0m Building ROS package in '/home/jo/project_RobotEngineering_3/my_robot/src/my_robot_pkg' with build type 'ament_python'
[5.336s] [34mcolcon.colcon_core.shell[0m [1;30mLevel 1[0m create_environment_hook('my_robot_pkg', 'ament_prefix_path')
[5.336s] [34mcolcon.colcon_core.shell[0m [1;30mINFO[0m Creating environment hook '/home/jo/project_RobotEngineering_3/my_robot/install/my_robot_pkg/share/my_robot_pkg/hook/ament_prefix_path.ps1'
[5.337s] [34mcolcon.colcon_core.shell[0m [1;30mINFO[0m Creating environment descriptor '/home/jo/project_RobotEngineering_3/my_robot/install/my_robot_pkg/share/my_robot_pkg/hook/ament_prefix_path.dsv'
[5.337s] [34mcolcon.colcon_core.shell[0m [1;30mINFO[0m Creating environment hook '/home/jo/project_RobotEngineering_3/my_robot/install/my_robot_pkg/share/my_robot_pkg/hook/ament_prefix_path.sh'
[5.338s] [34mcolcon.colcon_core.shell[0m [1;30mINFO[0m Skip shell extension 'powershell' for command environment: Not usable outside of PowerShell
[5.338s] [34mcolcon.colcon_core.shell[0m [1;30mDEBUG[0m [32mSkip shell extension 'dsv' for command environment[0m
[5.644s] [34mcolcon.colcon_core.task.python.build[0m [1;30mINFO[0m Building Python package in '/home/jo/project_RobotEngineering_3/my_robot/src/my_robot_pkg'
[5.645s] [34mcolcon.colcon_core.shell[0m [1;30mINFO[0m Skip shell extension 'powershell' for command environment: Not usable outside of PowerShell
[5.645s] [34mcolcon.colcon_core.shell[0m [1;30mDEBUG[0m [32mSkip shell extension 'dsv' for command environment[0m
[5.801s] [34mcolcon.colcon_core.event_handler.log_command[0m [1;30mDEBUG[0m [32mInvoked command in '/home/jo/project_RobotEngineering_3/my_robot/build/realsense2_camera_msgs' returned '0': CMAKE_PREFIX_PATH=${CMAKE_PREFIX_PATH}:/home/jo/project_RobotEngineering_3/my_robot/install/my_robot_pkg:/opt/ros/humble /usr/bin/cmake --build /home/jo/project_RobotEngineering_3/my_robot/build/realsense2_camera_msgs -- -j12 -l12[0m
[5.805s] [34mcolcon.colcon_core.event_handler.log_command[0m [1;30mDEBUG[0m [32mInvoking command in '/home/jo/project_RobotEngineering_3/my_robot/build/realsense2_camera_msgs': CMAKE_PREFIX_PATH=${CMAKE_PREFIX_PATH}:/home/jo/project_RobotEngineering_3/my_robot/install/my_robot_pkg:/opt/ros/humble /usr/bin/cmake --install /home/jo/project_RobotEngineering_3/my_robot/build/realsense2_camera_msgs[0m
[5.914s] [34mcolcon.colcon_core.environment[0m [1;30mLevel 1[0m create_environment_scripts_only(realsense2_camera_msgs)
[5.915s] [34mcolcon.colcon_core.environment[0m [1;30mLevel 1[0m checking '/home/jo/project_RobotEngineering_3/my_robot/install/realsense2_camera_msgs' for CMake module files
[5.916s] [34mcolcon.colcon_core.event_handler.log_command[0m [1;30mDEBUG[0m [32mInvoked command in '/home/jo/project_RobotEngineering_3/my_robot/build/realsense2_camera_msgs' returned '0': CMAKE_PREFIX_PATH=${CMAKE_PREFIX_PATH}:/home/jo/project_RobotEngineering_3/my_robot/install/my_robot_pkg:/opt/ros/humble /usr/bin/cmake --install /home/jo/project_RobotEngineering_3/my_robot/build/realsense2_camera_msgs[0m
[5.916s] [34mcolcon.colcon_core.environment[0m [1;30mLevel 1[0m checking '/home/jo/project_RobotEngineering_3/my_robot/install/realsense2_camera_msgs' for CMake config files
[5.917s] [34mcolcon.colcon_core.shell[0m [1;30mLevel 1[0m create_environment_hook('realsense2_camera_msgs', 'cmake_prefix_path')
[5.918s] [34mcolcon.colcon_core.shell[0m [1;30mINFO[0m Creating environment hook '/home/jo/project_RobotEngineering_3/my_robot/install/realsense2_camera_msgs/share/realsense2_camera_msgs/hook/cmake_prefix_path.ps1'
[5.918s] [34mcolcon.colcon_core.shell[0m [1;30mINFO[0m Creating environment descriptor '/home/jo/project_RobotEngineering_3/my_robot/install/realsense2_camera_msgs/share/realsense2_camera_msgs/hook/cmake_prefix_path.dsv'
[5.919s] [34mcolcon.colcon_core.shell[0m [1;30mINFO[0m Creating environment hook '/home/jo/project_RobotEngineering_3/my_robot/install/realsense2_camera_msgs/share/realsense2_camera_msgs/hook/cmake_prefix_path.sh'
[5.919s] [34mcolcon.colcon_core.environment[0m [1;30mLevel 1[0m checking '/home/jo/project_RobotEngineering_3/my_robot/install/realsense2_camera_msgs/lib'
[5.919s] [34mcolcon.colcon_core.shell[0m [1;30mLevel 1[0m create_environment_hook('realsense2_camera_msgs', 'ld_library_path_lib')
[5.919s] [34mcolcon.colcon_core.shell[0m [1;30mINFO[0m Creating environment hook '/home/jo/project_RobotEngineering_3/my_robot/install/realsense2_camera_msgs/share/realsense2_camera_msgs/hook/ld_library_path_lib.ps1'
[5.920s] [34mcolcon.colcon_core.shell[0m [1;30mINFO[0m Creating environment descriptor '/home/jo/project_RobotEngineering_3/my_robot/install/realsense2_camera_msgs/share/realsense2_camera_msgs/hook/ld_library_path_lib.dsv'
[5.920s] [34mcolcon.colcon_core.shell[0m [1;30mINFO[0m Creating environment hook '/home/jo/project_RobotEngineering_3/my_robot/install/realsense2_camera_msgs/share/realsense2_camera_msgs/hook/ld_library_path_lib.sh'
[5.920s] [34mcolcon.colcon_core.environment[0m [1;30mLevel 1[0m checking '/home/jo/project_RobotEngineering_3/my_robot/install/realsense2_camera_msgs/bin'
[5.920s] [34mcolcon.colcon_core.environment[0m [1;30mLevel 1[0m checking '/home/jo/project_RobotEngineering_3/my_robot/install/realsense2_camera_msgs/lib/pkgconfig/realsense2_camera_msgs.pc'
[5.921s] [34mcolcon.colcon_core.environment[0m [1;30mLevel 1[0m checking '/home/jo/project_RobotEngineering_3/my_robot/install/realsense2_camera_msgs/lib/python3.10/site-packages'
[5.921s] [34mcolcon.colcon_core.environment[0m [1;30mLevel 1[0m checking '/home/jo/project_RobotEngineering_3/my_robot/install/realsense2_camera_msgs/bin'
[5.921s] [34mcolcon.colcon_core.shell[0m [1;30mINFO[0m Creating package script '/home/jo/project_RobotEngineering_3/my_robot/install/realsense2_camera_msgs/share/realsense2_camera_msgs/package.ps1'
[5.922s] [34mcolcon.colcon_core.shell[0m [1;30mINFO[0m Creating package descriptor '/home/jo/project_RobotEngineering_3/my_robot/install/realsense2_camera_msgs/share/realsense2_camera_msgs/package.dsv'
[5.922s] [34mcolcon.colcon_core.shell[0m [1;30mINFO[0m Creating package script '/home/jo/project_RobotEngineering_3/my_robot/install/realsense2_camera_msgs/share/realsense2_camera_msgs/package.sh'
[5.922s] [34mcolcon.colcon_core.shell[0m [1;30mINFO[0m Creating package script '/home/jo/project_RobotEngineering_3/my_robot/install/realsense2_camera_msgs/share/realsense2_camera_msgs/package.bash'
[5.923s] [34mcolcon.colcon_core.shell[0m [1;30mINFO[0m Creating package script '/home/jo/project_RobotEngineering_3/my_robot/install/realsense2_camera_msgs/share/realsense2_camera_msgs/package.zsh'
[5.923s] [34mcolcon.colcon_core.environment[0m [1;30mLevel 1[0m create_file_with_runtime_dependencies(/home/jo/project_RobotEngineering_3/my_robot/install/realsense2_camera_msgs/share/colcon-core/packages/realsense2_camera_msgs)
[5.924s] [34mcolcon.colcon_core.environment[0m [1;30mLevel 1[0m create_environment_scripts_only(realsense2_camera_msgs)
[5.924s] [34mcolcon.colcon_core.environment[0m [1;30mLevel 1[0m checking '/home/jo/project_RobotEngineering_3/my_robot/install/realsense2_camera_msgs' for CMake module files
[5.924s] [34mcolcon.colcon_core.environment[0m [1;30mLevel 1[0m checking '/home/jo/project_RobotEngineering_3/my_robot/install/realsense2_camera_msgs' for CMake config files
[5.925s] [34mcolcon.colcon_core.shell[0m [1;30mLevel 1[0m create_environment_hook('realsense2_camera_msgs', 'cmake_prefix_path')
[5.925s] [34mcolcon.colcon_core.shell[0m [1;30mINFO[0m Creating environment hook '/home/jo/project_RobotEngineering_3/my_robot/install/realsense2_camera_msgs/share/realsense2_camera_msgs/hook/cmake_prefix_path.ps1'
[5.925s] [34mcolcon.colcon_core.shell[0m [1;30mINFO[0m Creating environment descriptor '/home/jo/project_RobotEngineering_3/my_robot/install/realsense2_camera_msgs/share/realsense2_camera_msgs/hook/cmake_prefix_path.dsv'
[5.926s] [34mcolcon.colcon_core.shell[0m [1;30mINFO[0m Creating environment hook '/home/jo/project_RobotEngineering_3/my_robot/install/realsense2_camera_msgs/share/realsense2_camera_msgs/hook/cmake_prefix_path.sh'
[5.926s] [34mcolcon.colcon_core.environment[0m [1;30mLevel 1[0m checking '/home/jo/project_RobotEngineering_3/my_robot/install/realsense2_camera_msgs/lib'
[5.926s] [34mcolcon.colcon_core.shell[0m [1;30mLevel 1[0m create_environment_hook('realsense2_camera_msgs', 'ld_library_path_lib')
[5.927s] [34mcolcon.colcon_core.shell[0m [1;30mINFO[0m Creating environment hook '/home/jo/project_RobotEngineering_3/my_robot/install/realsense2_camera_msgs/share/realsense2_camera_msgs/hook/ld_library_path_lib.ps1'
[5.927s] [34mcolcon.colcon_core.shell[0m [1;30mINFO[0m Creating environment descriptor '/home/jo/project_RobotEngineering_3/my_robot/install/realsense2_camera_msgs/share/realsense2_camera_msgs/hook/ld_library_path_lib.dsv'
[5.927s] [34mcolcon.colcon_core.shell[0m [1;30mINFO[0m Creating environment hook '/home/jo/project_RobotEngineering_3/my_robot/install/realsense2_camera_msgs/share/realsense2_camera_msgs/hook/ld_library_path_lib.sh'
[5.928s] [34mcolcon.colcon_core.environment[0m [1;30mLevel 1[0m checking '/home/jo/project_RobotEngineering_3/my_robot/install/realsense2_camera_msgs/bin'
[5.928s] [34mcolcon.colcon_core.environment[0m [1;30mLevel 1[0m checking '/home/jo/project_RobotEngineering_3/my_robot/install/realsense2_camera_msgs/lib/pkgconfig/realsense2_camera_msgs.pc'
[5.928s] [34mcolcon.colcon_core.environment[0m [1;30mLevel 1[0m checking '/home/jo/project_RobotEngineering_3/my_robot/install/realsense2_camera_msgs/lib/python3.10/site-packages'
[5.928s] [34mcolcon.colcon_core.environment[0m [1;30mLevel 1[0m checking '/home/jo/project_RobotEngineering_3/my_robot/install/realsense2_camera_msgs/bin'
[5.928s] [34mcolcon.colcon_core.shell[0m [1;30mINFO[0m Creating package script '/home/jo/project_RobotEngineering_3/my_robot/install/realsense2_camera_msgs/share/realsense2_camera_msgs/package.ps1'
[5.929s] [34mcolcon.colcon_core.shell[0m [1;30mINFO[0m Creating package descriptor '/home/jo/project_RobotEngineering_3/my_robot/install/realsense2_camera_msgs/share/realsense2_camera_msgs/package.dsv'
[5.929s] [34mcolcon.colcon_core.shell[0m [1;30mINFO[0m Creating package script '/home/jo/project_RobotEngineering_3/my_robot/install/realsense2_camera_msgs/share/realsense2_camera_msgs/package.sh'
[5.930s] [34mcolcon.colcon_core.shell[0m [1;30mINFO[0m Creating package script '/home/jo/project_RobotEngineering_3/my_robot/install/realsense2_camera_msgs/share/realsense2_camera_msgs/package.bash'
[5.930s] [34mcolcon.colcon_core.shell[0m [1;30mINFO[0m Creating package script '/home/jo/project_RobotEngineering_3/my_robot/install/realsense2_camera_msgs/share/realsense2_camera_msgs/package.zsh'
[5.930s] [34mcolcon.colcon_core.environment[0m [1;30mLevel 1[0m create_file_with_runtime_dependencies(/home/jo/project_RobotEngineering_3/my_robot/install/realsense2_camera_msgs/share/colcon-core/packages/realsense2_camera_msgs)
[5.931s] [34mcolcon.colcon_ros.task.ament_cmake.build[0m [1;30mINFO[0m Building ROS package in '/home/jo/project_RobotEngineering_3/my_robot/src/realsense-ros/realsense2_camera' with build type 'ament_cmake'
[5.931s] [34mcolcon.colcon_cmake.task.cmake.build[0m [1;30mINFO[0m Building CMake package in '/home/jo/project_RobotEngineering_3/my_robot/src/realsense-ros/realsense2_camera'
[5.931s] [34mcolcon.colcon_core.shell[0m [1;30mINFO[0m Skip shell extension 'powershell' for command environment: Not usable outside of PowerShell
[5.931s] [34mcolcon.colcon_core.shell[0m [1;30mDEBUG[0m [32mSkip shell extension 'dsv' for command environment[0m
[5.937s] [34mcolcon.colcon_ros.task.ament_cmake.build[0m [1;30mINFO[0m Building ROS package in '/home/jo/project_RobotEngineering_3/my_robot/src/realsense-ros/realsense2_description' with build type 'ament_cmake'
[5.938s] [34mcolcon.colcon_cmake.task.cmake.build[0m [1;30mINFO[0m Building CMake package in '/home/jo/project_RobotEngineering_3/my_robot/src/realsense-ros/realsense2_description'
[5.938s] [34mcolcon.colcon_core.shell[0m [1;30mINFO[0m Skip shell extension 'powershell' for command environment: Not usable outside of PowerShell
[5.938s] [34mcolcon.colcon_core.shell[0m [1;30mDEBUG[0m [32mSkip shell extension 'dsv' for command environment[0m
[5.945s] [34mcolcon.colcon_core.event_handler.log_command[0m [1;30mDEBUG[0m [32mInvoking command in '/home/jo/project_RobotEngineering_3/my_robot/build/realsense2_camera': CMAKE_PREFIX_PATH=/home/jo/project_RobotEngineering_3/my_robot/install/realsense2_camera_msgs:/home/jo/project_RobotEngineering_3/my_robot/install/realsense2_description:/home/jo/project_RobotEngineering_3/my_robot/install/realsense2_camera:/home/jo/project_RobotEngineering_3/my_robot/install/my_command_pkg:/home/jo/project_RobotEngineering_3/my_robot/install/my_robot_pkg:/opt/ros/humble LD_LIBRARY_PATH=/home/jo/project_RobotEngineering_3/my_robot/install/realsense2_camera_msgs/lib:/home/jo/project_RobotEngineering_3/my_robot/install/realsense2_camera/lib:/home/jo/project_RobotEngineering_3/my_robot/install/my_command_pkg/lib:/usr/lib/x86_64-linux-gnu/gazebo-11/plugins:/opt/ros/humble/opt/rviz_ogre_vendor/lib:/opt/ros/humble/lib/x86_64-linux-gnu:/opt/ros/humble/lib:/usr/lib/x86_64-linux-gnu/gazebo-11/plugins /usr/bin/cmake /home/jo/project_RobotEngineering_3/my_robot/src/realsense-ros/realsense2_camera -DCMAKE_INSTALL_PREFIX=/home/jo/project_RobotEngineering_3/my_robot/install/realsense2_camera[0m
[5.949s] [34mcolcon.colcon_core.event_handler.log_command[0m [1;30mDEBUG[0m [32mInvoking command in '/home/jo/project_RobotEngineering_3/my_robot/build/realsense2_description': CMAKE_PREFIX_PATH=/home/jo/project_RobotEngineering_3/my_robot/install/realsense2_camera_msgs:/home/jo/project_RobotEngineering_3/my_robot/install/realsense2_description:/home/jo/project_RobotEngineering_3/my_robot/install/realsense2_camera:/home/jo/project_RobotEngineering_3/my_robot/install/my_command_pkg:/home/jo/project_RobotEngineering_3/my_robot/install/my_robot_pkg:/opt/ros/humble LD_LIBRARY_PATH=/home/jo/project_RobotEngineering_3/my_robot/install/realsense2_camera_msgs/lib:/home/jo/project_RobotEngineering_3/my_robot/install/realsense2_camera/lib:/home/jo/project_RobotEngineering_3/my_robot/install/my_command_pkg/lib:/usr/lib/x86_64-linux-gnu/gazebo-11/plugins:/opt/ros/humble/opt/rviz_ogre_vendor/lib:/opt/ros/humble/lib/x86_64-linux-gnu:/opt/ros/humble/lib:/usr/lib/x86_64-linux-gnu/gazebo-11/plugins /usr/bin/cmake /home/jo/project_RobotEngineering_3/my_robot/src/realsense-ros/realsense2_description -DCMAKE_INSTALL_PREFIX=/home/jo/project_RobotEngineering_3/my_robot/install/realsense2_description[0m
[6.126s] [34mcolcon.colcon_core.event_handler.log_command[0m [1;30mDEBUG[0m [32mInvoking command in '/home/jo/project_RobotEngineering_3/my_robot/src/my_robot_pkg': CMAKE_PREFIX_PATH=/home/jo/project_RobotEngineering_3/my_robot/install/my_command_pkg:/home/jo/project_RobotEngineering_3/my_robot/install/realsense2_description:/home/jo/project_RobotEngineering_3/my_robot/install/realsense2_camera:/home/jo/project_RobotEngineering_3/my_robot/install/realsense2_camera_msgs LD_LIBRARY_PATH=/home/jo/project_RobotEngineering_3/my_robot/install/my_command_pkg/lib:/home/jo/project_RobotEngineering_3/my_robot/install/realsense2_camera/lib:/home/jo/project_RobotEngineering_3/my_robot/install/realsense2_camera_msgs/lib:/usr/lib/x86_64-linux-gnu/gazebo-11/plugins:/opt/ros/humble/opt/rviz_ogre_vendor/lib:/opt/ros/humble/lib/x86_64-linux-gnu:/opt/ros/humble/lib:/usr/lib/x86_64-linux-gnu/gazebo-11/plugins PYTHONPATH=/home/jo/project_RobotEngineering_3/my_robot/build/my_robot_pkg/prefix_override:/usr/lib/python3/dist-packages/colcon_core/task/python/colcon_distutils_commands:/home/jo/project_RobotEngineering_3/my_robot/install/my_robot_pkg/lib/python3.10/site-packages:${PYTHONPATH} /usr/bin/python3 -W ignore:setup.py install is deprecated -W ignore:easy_install command is deprecated setup.py egg_info --egg-base ../../build/my_robot_pkg build --build-base /home/jo/project_RobotEngineering_3/my_robot/build/my_robot_pkg/build install --record /home/jo/project_RobotEngineering_3/my_robot/build/my_robot_pkg/install.log --single-version-externally-managed install_data[0m
[6.555s] [34mcolcon.colcon_core.environment[0m [1;30mLevel 1[0m checking '/home/jo/project_RobotEngineering_3/my_robot/install/my_robot_pkg' for CMake module files
[6.556s] [34mcolcon.colcon_core.event_handler.log_command[0m [1;30mDEBUG[0m [32mInvoked command in '/home/jo/project_RobotEngineering_3/my_robot/src/my_robot_pkg' returned '0': CMAKE_PREFIX_PATH=/home/jo/project_RobotEngineering_3/my_robot/install/my_command_pkg:/home/jo/project_RobotEngineering_3/my_robot/install/realsense2_description:/home/jo/project_RobotEngineering_3/my_robot/install/realsense2_camera:/home/jo/project_RobotEngineering_3/my_robot/install/realsense2_camera_msgs LD_LIBRARY_PATH=/home/jo/project_RobotEngineering_3/my_robot/install/my_command_pkg/lib:/home/jo/project_RobotEngineering_3/my_robot/install/realsense2_camera/lib:/home/jo/project_RobotEngineering_3/my_robot/install/realsense2_camera_msgs/lib:/usr/lib/x86_64-linux-gnu/gazebo-11/plugins:/opt/ros/humble/opt/rviz_ogre_vendor/lib:/opt/ros/humble/lib/x86_64-linux-gnu:/opt/ros/humble/lib:/usr/lib/x86_64-linux-gnu/gazebo-11/plugins PYTHONPATH=/home/jo/project_RobotEngineering_3/my_robot/build/my_robot_pkg/prefix_override:/usr/lib/python3/dist-packages/colcon_core/task/python/colcon_distutils_commands:/home/jo/project_RobotEngineering_3/my_robot/install/my_robot_pkg/lib/python3.10/site-packages:${PYTHONPATH} /usr/bin/python3 -W ignore:setup.py install is deprecated -W ignore:easy_install command is deprecated setup.py egg_info --egg-base ../../build/my_robot_pkg build --build-base /home/jo/project_RobotEngineering_3/my_robot/build/my_robot_pkg/build install --record /home/jo/project_RobotEngineering_3/my_robot/build/my_robot_pkg/install.log --single-version-externally-managed install_data[0m
[6.556s] [34mcolcon.colcon_core.environment[0m [1;30mLevel 1[0m checking '/home/jo/project_RobotEngineering_3/my_robot/install/my_robot_pkg' for CMake config files
[6.557s] [34mcolcon.colcon_core.environment[0m [1;30mLevel 1[0m checking '/home/jo/project_RobotEngineering_3/my_robot/install/my_robot_pkg/lib'
[6.557s] [34mcolcon.colcon_core.environment[0m [1;30mLevel 1[0m checking '/home/jo/project_RobotEngineering_3/my_robot/install/my_robot_pkg/bin'
[6.557s] [34mcolcon.colcon_core.environment[0m [1;30mLevel 1[0m checking '/home/jo/project_RobotEngineering_3/my_robot/install/my_robot_pkg/lib/pkgconfig/my_robot_pkg.pc'
[6.558s] [34mcolcon.colcon_core.environment[0m [1;30mLevel 1[0m checking '/home/jo/project_RobotEngineering_3/my_robot/install/my_robot_pkg/lib/python3.10/site-packages'
[6.558s] [34mcolcon.colcon_core.shell[0m [1;30mLevel 1[0m create_environment_hook('my_robot_pkg', 'pythonpath')
[6.558s] [34mcolcon.colcon_core.shell[0m [1;30mINFO[0m Creating environment hook '/home/jo/project_RobotEngineering_3/my_robot/install/my_robot_pkg/share/my_robot_pkg/hook/pythonpath.ps1'
[6.559s] [34mcolcon.colcon_core.shell[0m [1;30mINFO[0m Creating environment descriptor '/home/jo/project_RobotEngineering_3/my_robot/install/my_robot_pkg/share/my_robot_pkg/hook/pythonpath.dsv'
[6.559s] [34mcolcon.colcon_core.shell[0m [1;30mINFO[0m Creating environment hook '/home/jo/project_RobotEngineering_3/my_robot/install/my_robot_pkg/share/my_robot_pkg/hook/pythonpath.sh'
[6.560s] [34mcolcon.colcon_core.environment[0m [1;30mLevel 1[0m checking '/home/jo/project_RobotEngineering_3/my_robot/install/my_robot_pkg/bin'
[6.560s] [34mcolcon.colcon_core.environment[0m [1;30mLevel 1[0m create_environment_scripts_only(my_robot_pkg)
[6.561s] [34mcolcon.colcon_core.shell[0m [1;30mINFO[0m Creating package script '/home/jo/project_RobotEngineering_3/my_robot/install/my_robot_pkg/share/my_robot_pkg/package.ps1'
[6.562s] [34mcolcon.colcon_core.shell[0m [1;30mINFO[0m Creating package descriptor '/home/jo/project_RobotEngineering_3/my_robot/install/my_robot_pkg/share/my_robot_pkg/package.dsv'
[6.562s] [34mcolcon.colcon_core.shell[0m [1;30mINFO[0m Creating package script '/home/jo/project_RobotEngineering_3/my_robot/install/my_robot_pkg/share/my_robot_pkg/package.sh'
[6.563s] [34mcolcon.colcon_core.shell[0m [1;30mINFO[0m Creating package script '/home/jo/project_RobotEngineering_3/my_robot/install/my_robot_pkg/share/my_robot_pkg/package.bash'
[6.563s] [34mcolcon.colcon_core.shell[0m [1;30mINFO[0m Creating package script '/home/jo/project_RobotEngineering_3/my_robot/install/my_robot_pkg/share/my_robot_pkg/package.zsh'
[6.564s] [34mcolcon.colcon_core.environment[0m [1;30mLevel 1[0m create_file_with_runtime_dependencies(/home/jo/project_RobotEngineering_3/my_robot/install/my_robot_pkg/share/colcon-core/packages/my_robot_pkg)
[6.768s] [34mcolcon.colcon_core.event_handler.log_command[0m [1;30mDEBUG[0m [32mInvoked command in '/home/jo/project_RobotEngineering_3/my_robot/build/realsense2_description' returned '0': CMAKE_PREFIX_PATH=/home/jo/project_RobotEngineering_3/my_robot/install/realsense2_camera_msgs:/home/jo/project_RobotEngineering_3/my_robot/install/realsense2_description:/home/jo/project_RobotEngineering_3/my_robot/install/realsense2_camera:/home/jo/project_RobotEngineering_3/my_robot/install/my_command_pkg:/home/jo/project_RobotEngineering_3/my_robot/install/my_robot_pkg:/opt/ros/humble LD_LIBRARY_PATH=/home/jo/project_RobotEngineering_3/my_robot/install/realsense2_camera_msgs/lib:/home/jo/project_RobotEngineering_3/my_robot/install/realsense2_camera/lib:/home/jo/project_RobotEngineering_3/my_robot/install/my_command_pkg/lib:/usr/lib/x86_64-linux-gnu/gazebo-11/plugins:/opt/ros/humble/opt/rviz_ogre_vendor/lib:/opt/ros/humble/lib/x86_64-linux-gnu:/opt/ros/humble/lib:/usr/lib/x86_64-linux-gnu/gazebo-11/plugins /usr/bin/cmake /home/jo/project_RobotEngineering_3/my_robot/src/realsense-ros/realsense2_description -DCMAKE_INSTALL_PREFIX=/home/jo/project_RobotEngineering_3/my_robot/install/realsense2_description[0m
[6.771s] [34mcolcon.colcon_core.event_handler.log_command[0m [1;30mDEBUG[0m [32mInvoking command in '/home/jo/project_RobotEngineering_3/my_robot/build/realsense2_description': CMAKE_PREFIX_PATH=/home/jo/project_RobotEngineering_3/my_robot/install/realsense2_camera_msgs:/home/jo/project_RobotEngineering_3/my_robot/install/realsense2_description:/home/jo/project_RobotEngineering_3/my_robot/install/realsense2_camera:/home/jo/project_RobotEngineering_3/my_robot/install/my_command_pkg:/home/jo/project_RobotEngineering_3/my_robot/install/my_robot_pkg:/opt/ros/humble LD_LIBRARY_PATH=/home/jo/project_RobotEngineering_3/my_robot/install/realsense2_camera_msgs/lib:/home/jo/project_RobotEngineering_3/my_robot/install/realsense2_camera/lib:/home/jo/project_RobotEngineering_3/my_robot/install/my_command_pkg/lib:/usr/lib/x86_64-linux-gnu/gazebo-11/plugins:/opt/ros/humble/opt/rviz_ogre_vendor/lib:/opt/ros/humble/lib/x86_64-linux-gnu:/opt/ros/humble/lib:/usr/lib/x86_64-linux-gnu/gazebo-11/plugins /usr/bin/cmake --build /home/jo/project_RobotEngineering_3/my_robot/build/realsense2_description -- -j12 -l12[0m
[6.815s] [34mcolcon.colcon_core.event_handler.log_command[0m [1;30mDEBUG[0m [32mInvoked command in '/home/jo/project_RobotEngineering_3/my_robot/build/realsense2_description' returned '0': CMAKE_PREFIX_PATH=/home/jo/project_RobotEngineering_3/my_robot/install/realsense2_camera_msgs:/home/jo/project_RobotEngineering_3/my_robot/install/realsense2_description:/home/jo/project_RobotEngineering_3/my_robot/install/realsense2_camera:/home/jo/project_RobotEngineering_3/my_robot/install/my_command_pkg:/home/jo/project_RobotEngineering_3/my_robot/install/my_robot_pkg:/opt/ros/humble LD_LIBRARY_PATH=/home/jo/project_RobotEngineering_3/my_robot/install/realsense2_camera_msgs/lib:/home/jo/project_RobotEngineering_3/my_robot/install/realsense2_camera/lib:/home/jo/project_RobotEngineering_3/my_robot/install/my_command_pkg/lib:/usr/lib/x86_64-linux-gnu/gazebo-11/plugins:/opt/ros/humble/opt/rviz_ogre_vendor/lib:/opt/ros/humble/lib/x86_64-linux-gnu:/opt/ros/humble/lib:/usr/lib/x86_64-linux-gnu/gazebo-11/plugins /usr/bin/cmake --build /home/jo/project_RobotEngineering_3/my_robot/build/realsense2_description -- -j12 -l12[0m
[6.817s] [34mcolcon.colcon_core.event_handler.log_command[0m [1;30mDEBUG[0m [32mInvoking command in '/home/jo/project_RobotEngineering_3/my_robot/build/realsense2_description': CMAKE_PREFIX_PATH=/home/jo/project_RobotEngineering_3/my_robot/install/realsense2_camera_msgs:/home/jo/project_RobotEngineering_3/my_robot/install/realsense2_description:/home/jo/project_RobotEngineering_3/my_robot/install/realsense2_camera:/home/jo/project_RobotEngineering_3/my_robot/install/my_command_pkg:/home/jo/project_RobotEngineering_3/my_robot/install/my_robot_pkg:/opt/ros/humble LD_LIBRARY_PATH=/home/jo/project_RobotEngineering_3/my_robot/install/realsense2_camera_msgs/lib:/home/jo/project_RobotEngineering_3/my_robot/install/realsense2_camera/lib:/home/jo/project_RobotEngineering_3/my_robot/install/my_command_pkg/lib:/usr/lib/x86_64-linux-gnu/gazebo-11/plugins:/opt/ros/humble/opt/rviz_ogre_vendor/lib:/opt/ros/humble/lib/x86_64-linux-gnu:/opt/ros/humble/lib:/usr/lib/x86_64-linux-gnu/gazebo-11/plugins /usr/bin/cmake --install /home/jo/project_RobotEngineering_3/my_robot/build/realsense2_description[0m
[6.926s] [34mcolcon.colcon_core.environment[0m [1;30mLevel 1[0m create_environment_scripts_only(realsense2_description)
[6.926s] [34mcolcon.colcon_core.event_handler.log_command[0m [1;30mDEBUG[0m [32mInvoked command in '/home/jo/project_RobotEngineering_3/my_robot/build/realsense2_description' returned '0': CMAKE_PREFIX_PATH=/home/jo/project_RobotEngineering_3/my_robot/install/realsense2_camera_msgs:/home/jo/project_RobotEngineering_3/my_robot/install/realsense2_description:/home/jo/project_RobotEngineering_3/my_robot/install/realsense2_camera:/home/jo/project_RobotEngineering_3/my_robot/install/my_command_pkg:/home/jo/project_RobotEngineering_3/my_robot/install/my_robot_pkg:/opt/ros/humble LD_LIBRARY_PATH=/home/jo/project_RobotEngineering_3/my_robot/install/realsense2_camera_msgs/lib:/home/jo/project_RobotEngineering_3/my_robot/install/realsense2_camera/lib:/home/jo/project_RobotEngineering_3/my_robot/install/my_command_pkg/lib:/usr/lib/x86_64-linux-gnu/gazebo-11/plugins:/opt/ros/humble/opt/rviz_ogre_vendor/lib:/opt/ros/humble/lib/x86_64-linux-gnu:/opt/ros/humble/lib:/usr/lib/x86_64-linux-gnu/gazebo-11/plugins /usr/bin/cmake --install /home/jo/project_RobotEngineering_3/my_robot/build/realsense2_description[0m
[6.927s] [34mcolcon.colcon_core.environment[0m [1;30mLevel 1[0m checking '/home/jo/project_RobotEngineering_3/my_robot/install/realsense2_description' for CMake module files
[6.928s] [34mcolcon.colcon_core.environment[0m [1;30mLevel 1[0m checking '/home/jo/project_RobotEngineering_3/my_robot/install/realsense2_description' for CMake config files
[6.928s] [34mcolcon.colcon_core.shell[0m [1;30mLevel 1[0m create_environment_hook('realsense2_description', 'cmake_prefix_path')
[6.928s] [34mcolcon.colcon_core.shell[0m [1;30mINFO[0m Creating environment hook '/home/jo/project_RobotEngineering_3/my_robot/install/realsense2_description/share/realsense2_description/hook/cmake_prefix_path.ps1'
[6.929s] [34mcolcon.colcon_core.shell[0m [1;30mINFO[0m Creating environment descriptor '/home/jo/project_RobotEngineering_3/my_robot/install/realsense2_description/share/realsense2_description/hook/cmake_prefix_path.dsv'
[6.929s] [34mcolcon.colcon_core.shell[0m [1;30mINFO[0m Creating environment hook '/home/jo/project_RobotEngineering_3/my_robot/install/realsense2_description/share/realsense2_description/hook/cmake_prefix_path.sh'
[6.930s] [34mcolcon.colcon_core.environment[0m [1;30mLevel 1[0m checking '/home/jo/project_RobotEngineering_3/my_robot/install/realsense2_description/bin'
[6.930s] [34mcolcon.colcon_core.environment[0m [1;30mLevel 1[0m checking '/home/jo/project_RobotEngineering_3/my_robot/install/realsense2_description/lib/pkgconfig/realsense2_description.pc'
[6.931s] [34mcolcon.colcon_core.environment[0m [1;30mLevel 1[0m checking '/home/jo/project_RobotEngineering_3/my_robot/install/realsense2_description/lib/python3.10/site-packages'
[6.931s] [34mcolcon.colcon_core.environment[0m [1;30mLevel 1[0m checking '/home/jo/project_RobotEngineering_3/my_robot/install/realsense2_description/bin'
[6.931s] [34mcolcon.colcon_core.shell[0m [1;30mINFO[0m Creating package script '/home/jo/project_RobotEngineering_3/my_robot/install/realsense2_description/share/realsense2_description/package.ps1'
[6.932s] [34mcolcon.colcon_core.shell[0m [1;30mINFO[0m Creating package descriptor '/home/jo/project_RobotEngineering_3/my_robot/install/realsense2_description/share/realsense2_description/package.dsv'
[6.932s] [34mcolcon.colcon_core.shell[0m [1;30mINFO[0m Creating package script '/home/jo/project_RobotEngineering_3/my_robot/install/realsense2_description/share/realsense2_description/package.sh'
[6.933s] [34mcolcon.colcon_core.shell[0m [1;30mINFO[0m Creating package script '/home/jo/project_RobotEngineering_3/my_robot/install/realsense2_description/share/realsense2_description/package.bash'
[6.933s] [34mcolcon.colcon_core.shell[0m [1;30mINFO[0m Creating package script '/home/jo/project_RobotEngineering_3/my_robot/install/realsense2_description/share/realsense2_description/package.zsh'
[6.934s] [34mcolcon.colcon_core.environment[0m [1;30mLevel 1[0m create_file_with_runtime_dependencies(/home/jo/project_RobotEngineering_3/my_robot/install/realsense2_description/share/colcon-core/packages/realsense2_description)
[6.935s] [34mcolcon.colcon_core.environment[0m [1;30mLevel 1[0m create_environment_scripts_only(realsense2_description)
[6.935s] [34mcolcon.colcon_core.environment[0m [1;30mLevel 1[0m checking '/home/jo/project_RobotEngineering_3/my_robot/install/realsense2_description' for CMake module files
[6.936s] [34mcolcon.colcon_core.environment[0m [1;30mLevel 1[0m checking '/home/jo/project_RobotEngineering_3/my_robot/install/realsense2_description' for CMake config files
[6.936s] [34mcolcon.colcon_core.shell[0m [1;30mLevel 1[0m create_environment_hook('realsense2_description', 'cmake_prefix_path')
[6.936s] [34mcolcon.colcon_core.shell[0m [1;30mINFO[0m Creating environment hook '/home/jo/project_RobotEngineering_3/my_robot/install/realsense2_description/share/realsense2_description/hook/cmake_prefix_path.ps1'
[6.937s] [34mcolcon.colcon_core.shell[0m [1;30mINFO[0m Creating environment descriptor '/home/jo/project_RobotEngineering_3/my_robot/install/realsense2_description/share/realsense2_description/hook/cmake_prefix_path.dsv'
[6.937s] [34mcolcon.colcon_core.shell[0m [1;30mINFO[0m Creating environment hook '/home/jo/project_RobotEngineering_3/my_robot/install/realsense2_description/share/realsense2_description/hook/cmake_prefix_path.sh'
[6.938s] [34mcolcon.colcon_core.environment[0m [1;30mLevel 1[0m checking '/home/jo/project_RobotEngineering_3/my_robot/install/realsense2_description/bin'
[6.938s] [34mcolcon.colcon_core.environment[0m [1;30mLevel 1[0m checking '/home/jo/project_RobotEngineering_3/my_robot/install/realsense2_description/lib/pkgconfig/realsense2_description.pc'
[6.939s] [34mcolcon.colcon_core.environment[0m [1;30mLevel 1[0m checking '/home/jo/project_RobotEngineering_3/my_robot/install/realsense2_description/lib/python3.10/site-packages'
[6.939s] [34mcolcon.colcon_core.environment[0m [1;30mLevel 1[0m checking '/home/jo/project_RobotEngineering_3/my_robot/install/realsense2_description/bin'
[6.939s] [34mcolcon.colcon_core.shell[0m [1;30mINFO[0m Creating package script '/home/jo/project_RobotEngineering_3/my_robot/install/realsense2_description/share/realsense2_description/package.ps1'
[6.940s] [34mcolcon.colcon_core.shell[0m [1;30mINFO[0m Creating package descriptor '/home/jo/project_RobotEngineering_3/my_robot/install/realsense2_description/share/realsense2_description/package.dsv'
[6.941s] [34mcolcon.colcon_core.shell[0m [1;30mINFO[0m Creating package script '/home/jo/project_RobotEngineering_3/my_robot/install/realsense2_description/share/realsense2_description/package.sh'
[6.941s] [34mcolcon.colcon_core.shell[0m [1;30mINFO[0m Creating package script '/home/jo/project_RobotEngineering_3/my_robot/install/realsense2_description/share/realsense2_description/package.bash'
[6.942s] [34mcolcon.colcon_core.shell[0m [1;30mINFO[0m Creating package script '/home/jo/project_RobotEngineering_3/my_robot/install/realsense2_description/share/realsense2_description/package.zsh'
[6.942s] [34mcolcon.colcon_core.environment[0m [1;30mLevel 1[0m create_file_with_runtime_dependencies(/home/jo/project_RobotEngineering_3/my_robot/install/realsense2_description/share/colcon-core/packages/realsense2_description)
[7.752s] [34mcolcon.colcon_core.event_handler.log_command[0m [1;30mDEBUG[0m [32mInvoked command in '/home/jo/project_RobotEngineering_3/my_robot/build/realsense2_camera' returned '0': CMAKE_PREFIX_PATH=/home/jo/project_RobotEngineering_3/my_robot/install/realsense2_camera_msgs:/home/jo/project_RobotEngineering_3/my_robot/install/realsense2_description:/home/jo/project_RobotEngineering_3/my_robot/install/realsense2_camera:/home/jo/project_RobotEngineering_3/my_robot/install/my_command_pkg:/home/jo/project_RobotEngineering_3/my_robot/install/my_robot_pkg:/opt/ros/humble LD_LIBRARY_PATH=/home/jo/project_RobotEngineering_3/my_robot/install/realsense2_camera_msgs/lib:/home/jo/project_RobotEngineering_3/my_robot/install/realsense2_camera/lib:/home/jo/project_RobotEngineering_3/my_robot/install/my_command_pkg/lib:/usr/lib/x86_64-linux-gnu/gazebo-11/plugins:/opt/ros/humble/opt/rviz_ogre_vendor/lib:/opt/ros/humble/lib/x86_64-linux-gnu:/opt/ros/humble/lib:/usr/lib/x86_64-linux-gnu/gazebo-11/plugins /usr/bin/cmake /home/jo/project_RobotEngineering_3/my_robot/src/realsense-ros/realsense2_camera -DCMAKE_INSTALL_PREFIX=/home/jo/project_RobotEngineering_3/my_robot/install/realsense2_camera[0m
[7.754s] [34mcolcon.colcon_core.event_handler.log_command[0m [1;30mDEBUG[0m [32mInvoking command in '/home/jo/project_RobotEngineering_3/my_robot/build/realsense2_camera': CMAKE_PREFIX_PATH=/home/jo/project_RobotEngineering_3/my_robot/install/realsense2_camera_msgs:/home/jo/project_RobotEngineering_3/my_robot/install/realsense2_description:/home/jo/project_RobotEngineering_3/my_robot/install/realsense2_camera:/home/jo/project_RobotEngineering_3/my_robot/install/my_command_pkg:/home/jo/project_RobotEngineering_3/my_robot/install/my_robot_pkg:/opt/ros/humble LD_LIBRARY_PATH=/home/jo/project_RobotEngineering_3/my_robot/install/realsense2_camera_msgs/lib:/home/jo/project_RobotEngineering_3/my_robot/install/realsense2_camera/lib:/home/jo/project_RobotEngineering_3/my_robot/install/my_command_pkg/lib:/usr/lib/x86_64-linux-gnu/gazebo-11/plugins:/opt/ros/humble/opt/rviz_ogre_vendor/lib:/opt/ros/humble/lib/x86_64-linux-gnu:/opt/ros/humble/lib:/usr/lib/x86_64-linux-gnu/gazebo-11/plugins /usr/bin/cmake --build /home/jo/project_RobotEngineering_3/my_robot/build/realsense2_camera -- -j12 -l12[0m
[30.243s] [34mcolcon.colcon_core.event_handler.log_command[0m [1;30mDEBUG[0m [32mInvoked command in '/home/jo/project_RobotEngineering_3/my_robot/build/realsense2_camera' returned '0': CMAKE_PREFIX_PATH=/home/jo/project_RobotEngineering_3/my_robot/install/realsense2_camera_msgs:/home/jo/project_RobotEngineering_3/my_robot/install/realsense2_description:/home/jo/project_RobotEngineering_3/my_robot/install/realsense2_camera:/home/jo/project_RobotEngineering_3/my_robot/install/my_command_pkg:/home/jo/project_RobotEngineering_3/my_robot/install/my_robot_pkg:/opt/ros/humble LD_LIBRARY_PATH=/home/jo/project_RobotEngineering_3/my_robot/install/realsense2_camera_msgs/lib:/home/jo/project_RobotEngineering_3/my_robot/install/realsense2_camera/lib:/home/jo/project_RobotEngineering_3/my_robot/install/my_command_pkg/lib:/usr/lib/x86_64-linux-gnu/gazebo-11/plugins:/opt/ros/humble/opt/rviz_ogre_vendor/lib:/opt/ros/humble/lib/x86_64-linux-gnu:/opt/ros/humble/lib:/usr/lib/x86_64-linux-gnu/gazebo-11/plugins /usr/bin/cmake --build /home/jo/project_RobotEngineering_3/my_robot/build/realsense2_camera -- -j12 -l12[0m
[30.244s] [34mcolcon.colcon_core.event_handler.log_command[0m [1;30mDEBUG[0m [32mInvoking command in '/home/jo/project_RobotEngineering_3/my_robot/build/realsense2_camera': CMAKE_PREFIX_PATH=/home/jo/project_RobotEngineering_3/my_robot/install/realsense2_camera_msgs:/home/jo/project_RobotEngineering_3/my_robot/install/realsense2_description:/home/jo/project_RobotEngineering_3/my_robot/install/realsense2_camera:/home/jo/project_RobotEngineering_3/my_robot/install/my_command_pkg:/home/jo/project_RobotEngineering_3/my_robot/install/my_robot_pkg:/opt/ros/humble LD_LIBRARY_PATH=/home/jo/project_RobotEngineering_3/my_robot/install/realsense2_camera_msgs/lib:/home/jo/project_RobotEngineering_3/my_robot/install/realsense2_camera/lib:/home/jo/project_RobotEngineering_3/my_robot/install/my_command_pkg/lib:/usr/lib/x86_64-linux-gnu/gazebo-11/plugins:/opt/ros/humble/opt/rviz_ogre_vendor/lib:/opt/ros/humble/lib/x86_64-linux-gnu:/opt/ros/humble/lib:/usr/lib/x86_64-linux-gnu/gazebo-11/plugins /usr/bin/cmake --install /home/jo/project_RobotEngineering_3/my_robot/build/realsense2_camera[0m
[30.256s] [34mcolcon.colcon_core.environment[0m [1;30mLevel 1[0m create_environment_scripts_only(realsense2_camera)
[30.257s] [34mcolcon.colcon_core.event_handler.log_command[0m [1;30mDEBUG[0m [32mInvoked command in '/home/jo/project_RobotEngineering_3/my_robot/build/realsense2_camera' returned '0': CMAKE_PREFIX_PATH=/home/jo/project_RobotEngineering_3/my_robot/install/realsense2_camera_msgs:/home/jo/project_RobotEngineering_3/my_robot/install/realsense2_description:/home/jo/project_RobotEngineering_3/my_robot/install/realsense2_camera:/home/jo/project_RobotEngineering_3/my_robot/install/my_command_pkg:/home/jo/project_RobotEngineering_3/my_robot/install/my_robot_pkg:/opt/ros/humble LD_LIBRARY_PATH=/home/jo/project_RobotEngineering_3/my_robot/install/realsense2_camera_msgs/lib:/home/jo/project_RobotEngineering_3/my_robot/install/realsense2_camera/lib:/home/jo/project_RobotEngineering_3/my_robot/install/my_command_pkg/lib:/usr/lib/x86_64-linux-gnu/gazebo-11/plugins:/opt/ros/humble/opt/rviz_ogre_vendor/lib:/opt/ros/humble/lib/x86_64-linux-gnu:/opt/ros/humble/lib:/usr/lib/x86_64-linux-gnu/gazebo-11/plugins /usr/bin/cmake --install /home/jo/project_RobotEngineering_3/my_robot/build/realsense2_camera[0m
[30.257s] [34mcolcon.colcon_core.environment[0m [1;30mLevel 1[0m checking '/home/jo/project_RobotEngineering_3/my_robot/install/realsense2_camera' for CMake module files
[30.258s] [34mcolcon.colcon_core.environment[0m [1;30mLevel 1[0m checking '/home/jo/project_RobotEngineering_3/my_robot/install/realsense2_camera' for CMake config files
[30.258s] [34mcolcon.colcon_core.shell[0m [1;30mLevel 1[0m create_environment_hook('realsense2_camera', 'cmake_prefix_path')
[30.258s] [34mcolcon.colcon_core.shell[0m [1;30mINFO[0m Creating environment hook '/home/jo/project_RobotEngineering_3/my_robot/install/realsense2_camera/share/realsense2_camera/hook/cmake_prefix_path.ps1'
[30.259s] [34mcolcon.colcon_core.shell[0m [1;30mINFO[0m Creating environment descriptor '/home/jo/project_RobotEngineering_3/my_robot/install/realsense2_camera/share/realsense2_camera/hook/cmake_prefix_path.dsv'
[30.259s] [34mcolcon.colcon_core.shell[0m [1;30mINFO[0m Creating environment hook '/home/jo/project_RobotEngineering_3/my_robot/install/realsense2_camera/share/realsense2_camera/hook/cmake_prefix_path.sh'
[30.260s] [34mcolcon.colcon_core.environment[0m [1;30mLevel 1[0m checking '/home/jo/project_RobotEngineering_3/my_robot/install/realsense2_camera/lib'
[30.260s] [34mcolcon.colcon_core.shell[0m [1;30mLevel 1[0m create_environment_hook('realsense2_camera', 'ld_library_path_lib')
[30.260s] [34mcolcon.colcon_core.shell[0m [1;30mINFO[0m Creating environment hook '/home/jo/project_RobotEngineering_3/my_robot/install/realsense2_camera/share/realsense2_camera/hook/ld_library_path_lib.ps1'
[30.260s] [34mcolcon.colcon_core.shell[0m [1;30mINFO[0m Creating environment descriptor '/home/jo/project_RobotEngineering_3/my_robot/install/realsense2_camera/share/realsense2_camera/hook/ld_library_path_lib.dsv'
[30.261s] [34mcolcon.colcon_core.shell[0m [1;30mINFO[0m Creating environment hook '/home/jo/project_RobotEngineering_3/my_robot/install/realsense2_camera/share/realsense2_camera/hook/ld_library_path_lib.sh'
[30.261s] [34mcolcon.colcon_core.environment[0m [1;30mLevel 1[0m checking '/home/jo/project_RobotEngineering_3/my_robot/install/realsense2_camera/bin'
[30.261s] [34mcolcon.colcon_core.environment[0m [1;30mLevel 1[0m checking '/home/jo/project_RobotEngineering_3/my_robot/install/realsense2_camera/lib/pkgconfig/realsense2_camera.pc'
[30.261s] [34mcolcon.colcon_core.environment[0m [1;30mLevel 1[0m checking '/home/jo/project_RobotEngineering_3/my_robot/install/realsense2_camera/lib/python3.10/site-packages'
[30.262s] [34mcolcon.colcon_core.environment[0m [1;30mLevel 1[0m checking '/home/jo/project_RobotEngineering_3/my_robot/install/realsense2_camera/bin'
[30.262s] [34mcolcon.colcon_core.shell[0m [1;30mINFO[0m Creating package script '/home/jo/project_RobotEngineering_3/my_robot/install/realsense2_camera/share/realsense2_camera/package.ps1'
[30.263s] [34mcolcon.colcon_core.shell[0m [1;30mINFO[0m Creating package descriptor '/home/jo/project_RobotEngineering_3/my_robot/install/realsense2_camera/share/realsense2_camera/package.dsv'
[30.263s] [34mcolcon.colcon_core.shell[0m [1;30mINFO[0m Creating package script '/home/jo/project_RobotEngineering_3/my_robot/install/realsense2_camera/share/realsense2_camera/package.sh'
[30.264s] [34mcolcon.colcon_core.shell[0m [1;30mINFO[0m Creating package script '/home/jo/project_RobotEngineering_3/my_robot/install/realsense2_camera/share/realsense2_camera/package.bash'
[30.264s] [34mcolcon.colcon_core.shell[0m [1;30mINFO[0m Creating package script '/home/jo/project_RobotEngineering_3/my_robot/install/realsense2_camera/share/realsense2_camera/package.zsh'
[30.264s] [34mcolcon.colcon_core.environment[0m [1;30mLevel 1[0m create_file_with_runtime_dependencies(/home/jo/project_RobotEngineering_3/my_robot/install/realsense2_camera/share/colcon-core/packages/realsense2_camera)
[30.265s] [34mcolcon.colcon_core.environment[0m [1;30mLevel 1[0m create_environment_scripts_only(realsense2_camera)
[30.265s] [34mcolcon.colcon_core.environment[0m [1;30mLevel 1[0m checking '/home/jo/project_RobotEngineering_3/my_robot/install/realsense2_camera' for CMake module files
[30.266s] [34mcolcon.colcon_core.environment[0m [1;30mLevel 1[0m checking '/home/jo/project_RobotEngineering_3/my_robot/install/realsense2_camera' for CMake config files
[30.266s] [34mcolcon.colcon_core.shell[0m [1;30mLevel 1[0m create_environment_hook('realsense2_camera', 'cmake_prefix_path')
[30.266s] [34mcolcon.colcon_core.shell[0m [1;30mINFO[0m Creating environment hook '/home/jo/project_RobotEngineering_3/my_robot/install/realsense2_camera/share/realsense2_camera/hook/cmake_prefix_path.ps1'
[30.267s] [34mcolcon.colcon_core.shell[0m [1;30mINFO[0m Creating environment descriptor '/home/jo/project_RobotEngineering_3/my_robot/install/realsense2_camera/share/realsense2_camera/hook/cmake_prefix_path.dsv'
[30.267s] [34mcolcon.colcon_core.shell[0m [1;30mINFO[0m Creating environment hook '/home/jo/project_RobotEngineering_3/my_robot/install/realsense2_camera/share/realsense2_camera/hook/cmake_prefix_path.sh'
[30.268s] [34mcolcon.colcon_core.environment[0m [1;30mLevel 1[0m checking '/home/jo/project_RobotEngineering_3/my_robot/install/realsense2_camera/lib'
[30.268s] [34mcolcon.colcon_core.shell[0m [1;30mLevel 1[0m create_environment_hook('realsense2_camera', 'ld_library_path_lib')
[30.268s] [34mcolcon.colcon_core.shell[0m [1;30mINFO[0m Creating environment hook '/home/jo/project_RobotEngineering_3/my_robot/install/realsense2_camera/share/realsense2_camera/hook/ld_library_path_lib.ps1'
[30.268s] [34mcolcon.colcon_core.shell[0m [1;30mINFO[0m Creating environment descriptor '/home/jo/project_RobotEngineering_3/my_robot/install/realsense2_camera/share/realsense2_camera/hook/ld_library_path_lib.dsv'
[30.269s] [34mcolcon.colcon_core.shell[0m [1;30mINFO[0m Creating environment hook '/home/jo/project_RobotEngineering_3/my_robot/install/realsense2_camera/share/realsense2_camera/hook/ld_library_path_lib.sh'
[30.269s] [34mcolcon.colcon_core.environment[0m [1;30mLevel 1[0m checking '/home/jo/project_RobotEngineering_3/my_robot/install/realsense2_camera/bin'
[30.269s] [34mcolcon.colcon_core.environment[0m [1;30mLevel 1[0m checking '/home/jo/project_RobotEngineering_3/my_robot/install/realsense2_camera/lib/pkgconfig/realsense2_camera.pc'
[30.270s] [34mcolcon.colcon_core.environment[0m [1;30mLevel 1[0m checking '/home/jo/project_RobotEngineering_3/my_robot/install/realsense2_camera/lib/python3.10/site-packages'
[30.270s] [34mcolcon.colcon_core.environment[0m [1;30mLevel 1[0m checking '/home/jo/project_RobotEngineering_3/my_robot/install/realsense2_camera/bin'
[30.270s] [34mcolcon.colcon_core.shell[0m [1;30mINFO[0m Creating package script '/home/jo/project_RobotEngineering_3/my_robot/install/realsense2_camera/share/realsense2_camera/package.ps1'
[30.271s] [34mcolcon.colcon_core.shell[0m [1;30mINFO[0m Creating package descriptor '/home/jo/project_RobotEngineering_3/my_robot/install/realsense2_camera/share/realsense2_camera/package.dsv'
[30.271s] [34mcolcon.colcon_core.shell[0m [1;30mINFO[0m Creating package script '/home/jo/project_RobotEngineering_3/my_robot/install/realsense2_camera/share/realsense2_camera/package.sh'
[30.272s] [34mcolcon.colcon_core.shell[0m [1;30mINFO[0m Creating package script '/home/jo/project_RobotEngineering_3/my_robot/install/realsense2_camera/share/realsense2_camera/package.bash'
[30.272s] [34mcolcon.colcon_core.shell[0m [1;30mINFO[0m Creating package script '/home/jo/project_RobotEngineering_3/my_robot/install/realsense2_camera/share/realsense2_camera/package.zsh'
[30.272s] [34mcolcon.colcon_core.environment[0m [1;30mLevel 1[0m create_file_with_runtime_dependencies(/home/jo/project_RobotEngineering_3/my_robot/install/realsense2_camera/share/colcon-core/packages/realsense2_camera)
[30.273s] [34mcolcon.colcon_parallel_executor.executor.parallel[0m [1;30mDEBUG[0m [32mclosing loop[0m
[30.273s] [34mcolcon.colcon_parallel_executor.executor.parallel[0m [1;30mDEBUG[0m [32mloop closed[0m
[30.273s] [34mcolcon.colcon_parallel_executor.executor.parallel[0m [1;30mDEBUG[0m [32mrun_until_complete finished with '0'[0m
[30.273s] [34mcolcon.colcon_core.event_reactor[0m [1;30mDEBUG[0m [32mjoining thread[0m
[30.277s] [34mcolcon.colcon_core.plugin_system[0m [1;30mINFO[0m Skipping extension 'colcon_notification.desktop_notification.terminal_notifier': Not used on non-Darwin systems
[30.277s] [34mcolcon.colcon_core.plugin_system[0m [1;30mINFO[0m Skipping extension 'colcon_notification.desktop_notification.win32': Not used on non-Windows systems
[30.277s] [34mcolcon.colcon_notification.desktop_notification[0m [1;30mINFO[0m Sending desktop notification using 'notify2'
[30.291s] [34mcolcon.colcon_core.event_reactor[0m [1;30mDEBUG[0m [32mjoined thread[0m
[30.292s] [34mcolcon.colcon_core.shell[0m [1;30mINFO[0m Creating prefix script '/home/jo/project_RobotEngineering_3/my_robot/install/local_setup.ps1'
[30.293s] [34mcolcon.colcon_core.shell[0m [1;30mINFO[0m Creating prefix util module '/home/jo/project_RobotEngineering_3/my_robot/install/_local_setup_util_ps1.py'
[30.294s] [34mcolcon.colcon_core.shell[0m [1;30mINFO[0m Creating prefix chain script '/home/jo/project_RobotEngineering_3/my_robot/install/setup.ps1'
[30.295s] [34mcolcon.colcon_core.shell[0m [1;30mINFO[0m Creating prefix script '/home/jo/project_RobotEngineering_3/my_robot/install/local_setup.sh'
[30.296s] [34mcolcon.colcon_core.shell[0m [1;30mINFO[0m Creating prefix util module '/home/jo/project_RobotEngineering_3/my_robot/install/_local_setup_util_sh.py'
[30.296s] [34mcolcon.colcon_core.shell[0m [1;30mINFO[0m Creating prefix chain script '/home/jo/project_RobotEngineering_3/my_robot/install/setup.sh'
[30.297s] [34mcolcon.colcon_core.shell[0m [1;30mINFO[0m Creating prefix script '/home/jo/project_RobotEngineering_3/my_robot/install/local_setup.bash'
[30.298s] [34mcolcon.colcon_core.shell[0m [1;30mINFO[0m Creating prefix chain script '/home/jo/project_RobotEngineering_3/my_robot/install/setup.bash'
[30.299s] [34mcolcon.colcon_core.shell[0m [1;30mINFO[0m Creating prefix script '/home/jo/project_RobotEngineering_3/my_robot/install/local_setup.zsh'
[30.299s] [34mcolcon.colcon_core.shell[0m [1;30mINFO[0m Creating prefix chain script '/home/jo/project_RobotEngineering_3/my_robot/install/setup.zsh'
