[0.070s] [34mcolcon[0m [1;30mDEBUG[0m [32mCommand line arguments: ['/usr/bin/colcon', 'build'][0m
[0.070s] [34mcolcon[0m [1;30mDEBUG[0m [32mParsed command line arguments: Namespace(log_base=None, log_level=None, verb_name='build', build_base='build', install_base='install', merge_install=False, symlink_install=False, test_result_base=None, continue_on_error=False, executor='parallel', parallel_workers=12, event_handlers=None, ignore_user_meta=False, metas=['./colcon.meta'], base_paths=['.'], packages_ignore=None, packages_ignore_regex=None, paths=None, packages_up_to=None, packages_up_to_regex=None, packages_above=None, packages_above_and_dependencies=None, packages_above_depth=None, packages_select_by_dep=None, packages_skip_by_dep=None, packages_skip_up_to=None, packages_select_build_failed=False, packages_skip_build_finished=False, packages_select_test_failures=False, packages_skip_test_passed=False, packages_select=None, packages_skip=None, packages_select_regex=None, packages_skip_regex=None, packages_start=None, packages_end=None, allow_overriding=[], cmake_args=None, cmake_target=None, cmake_target_skip_unavailable=False, cmake_clean_cache=False, cmake_clean_first=False, cmake_force_configure=False, ament_cmake_args=None, catkin_cmake_args=None, catkin_skip_building_tests=False, mixin_files=None, mixin=None, verb_parser=<colcon_mixin.mixin.mixin_argument.MixinArgumentDecorator object at 0x7c1c26942200>, verb_extension=<colcon_core.verb.build.BuildVerb object at 0x7c1c26941b70>, main=<bound method BuildVerb.main of <colcon_core.verb.build.BuildVerb object at 0x7c1c26941b70>>, mixin_verb=('build',))[0m
[0.194s] [34mcolcon.colcon_core.package_discovery[0m [1;30mLevel 1[0m discover_packages(colcon_meta) check parameters
[0.194s] [34mcolcon.colcon_core.package_discovery[0m [1;30mLevel 1[0m discover_packages(recursive) check parameters
[0.194s] [34mcolcon.colcon_core.package_discovery[0m [1;30mLevel 1[0m discover_packages(ignore) check parameters
[0.194s] [34mcolcon.colcon_core.package_discovery[0m [1;30mLevel 1[0m discover_packages(path) check parameters
[0.194s] [34mcolcon.colcon_core.package_discovery[0m [1;30mLevel 1[0m discover_packages(colcon_meta) discover
[0.194s] [34mcolcon.colcon_core.package_discovery[0m [1;30mLevel 1[0m discover_packages(recursive) discover
[0.194s] [34mcolcon.colcon_core.package_discovery[0m [1;30mINFO[0m Crawling recursively for packages in '/home/jo/project_RobotEngineering_3/my_robot'
[0.194s] [34mcolcon.colcon_core.package_identification[0m [1;30mLevel 1[0m _identify(.) by extensions ['ignore', 'ignore_ament_install']
[0.194s] [34mcolcon.colcon_core.package_identification[0m [1;30mLevel 1[0m _identify(.) by extension 'ignore'
[0.194s] [34mcolcon.colcon_core.package_identification[0m [1;30mLevel 1[0m _identify(.) by extension 'ignore_ament_install'
[0.194s] [34mcolcon.colcon_core.package_identification[0m [1;30mLevel 1[0m _identify(.) by extensions ['colcon_pkg']
[0.194s] [34mcolcon.colcon_core.package_identification[0m [1;30mLevel 1[0m _identify(.) by extension 'colcon_pkg'
[0.194s] [34mcolcon.colcon_core.package_identification[0m [1;30mLevel 1[0m _identify(.) by extensions ['colcon_meta']
[0.194s] [34mcolcon.colcon_core.package_identification[0m [1;30mLevel 1[0m _identify(.) by extension 'colcon_meta'
[0.194s] [34mcolcon.colcon_core.package_identification[0m [1;30mLevel 1[0m _identify(.) by extensions ['ros']
[0.194s] [34mcolcon.colcon_core.package_identification[0m [1;30mLevel 1[0m _identify(.) by extension 'ros'
[0.201s] [34mcolcon.colcon_core.package_identification[0m [1;30mLevel 1[0m _identify(.) by extensions ['cmake', 'python']
[0.201s] [34mcolcon.colcon_core.package_identification[0m [1;30mLevel 1[0m _identify(.) by extension 'cmake'
[0.201s] [34mcolcon.colcon_core.package_identification[0m [1;30mLevel 1[0m _identify(.) by extension 'python'
[0.202s] [34mcolcon.colcon_core.package_identification[0m [1;30mLevel 1[0m _identify(.) by extensions ['python_setup_py']
[0.202s] [34mcolcon.colcon_core.package_identification[0m [1;30mLevel 1[0m _identify(.) by extension 'python_setup_py'
[0.202s] [34mcolcon.colcon_core.package_identification[0m [1;30mLevel 1[0m _identify(build) by extensions ['ignore', 'ignore_ament_install']
[0.202s] [34mcolcon.colcon_core.package_identification[0m [1;30mLevel 1[0m _identify(build) by extension 'ignore'
[0.202s] [34mcolcon.colcon_core.package_identification[0m [1;30mLevel 1[0m _identify(build) ignored
[0.202s] [34mcolcon.colcon_core.package_identification[0m [1;30mLevel 1[0m _identify(install) by extensions ['ignore', 'ignore_ament_install']
[0.202s] [34mcolcon.colcon_core.package_identification[0m [1;30mLevel 1[0m _identify(install) by extension 'ignore'
[0.202s] [34mcolcon.colcon_core.package_identification[0m [1;30mLevel 1[0m _identify(install) ignored
[0.202s] [34mcolcon.colcon_core.package_identification[0m [1;30mLevel 1[0m _identify(log) by extensions ['ignore', 'ignore_ament_install']
[0.202s] [34mcolcon.colcon_core.package_identification[0m [1;30mLevel 1[0m _identify(log) by extension 'ignore'
[0.202s] [34mcolcon.colcon_core.package_identification[0m [1;30mLevel 1[0m _identify(log) ignored
[0.202s] [34mcolcon.colcon_core.package_identification[0m [1;30mLevel 1[0m _identify(src) by extensions ['ignore', 'ignore_ament_install']
[0.202s] [34mcolcon.colcon_core.package_identification[0m [1;30mLevel 1[0m _identify(src) by extension 'ignore'
[0.202s] [34mcolcon.colcon_core.package_identification[0m [1;30mLevel 1[0m _identify(src) by extension 'ignore_ament_install'
[0.202s] [34mcolcon.colcon_core.package_identification[0m [1;30mLevel 1[0m _identify(src) by extensions ['colcon_pkg']
[0.202s] [34mcolcon.colcon_core.package_identification[0m [1;30mLevel 1[0m _identify(src) by extension 'colcon_pkg'
[0.202s] [34mcolcon.colcon_core.package_identification[0m [1;30mLevel 1[0m _identify(src) by extensions ['colcon_meta']
[0.202s] [34mcolcon.colcon_core.package_identification[0m [1;30mLevel 1[0m _identify(src) by extension 'colcon_meta'
[0.202s] [34mcolcon.colcon_core.package_identification[0m [1;30mLevel 1[0m _identify(src) by extensions ['ros']
[0.202s] [34mcolcon.colcon_core.package_identification[0m [1;30mLevel 1[0m _identify(src) by extension 'ros'
[0.202s] [34mcolcon.colcon_core.package_identification[0m [1;30mLevel 1[0m _identify(src) by extensions ['cmake', 'python']
[0.202s] [34mcolcon.colcon_core.package_identification[0m [1;30mLevel 1[0m _identify(src) by extension 'cmake'
[0.202s] [34mcolcon.colcon_core.package_identification[0m [1;30mLevel 1[0m _identify(src) by extension 'python'
[0.202s] [34mcolcon.colcon_core.package_identification[0m [1;30mLevel 1[0m _identify(src) by extensions ['python_setup_py']
[0.202s] [34mcolcon.colcon_core.package_identification[0m [1;30mLevel 1[0m _identify(src) by extension 'python_setup_py'
[0.202s] [34mcolcon.colcon_core.package_identification[0m [1;30mLevel 1[0m _identify(src/my_custom_srv_pkg) by extensions ['ignore', 'ignore_ament_install']
[0.202s] [34mcolcon.colcon_core.package_identification[0m [1;30mLevel 1[0m _identify(src/my_custom_srv_pkg) by extension 'ignore'
[0.202s] [34mcolcon.colcon_core.package_identification[0m [1;30mLevel 1[0m _identify(src/my_custom_srv_pkg) by extension 'ignore_ament_install'
[0.202s] [34mcolcon.colcon_core.package_identification[0m [1;30mLevel 1[0m _identify(src/my_custom_srv_pkg) by extensions ['colcon_pkg']
[0.202s] [34mcolcon.colcon_core.package_identification[0m [1;30mLevel 1[0m _identify(src/my_custom_srv_pkg) by extension 'colcon_pkg'
[0.202s] [34mcolcon.colcon_core.package_identification[0m [1;30mLevel 1[0m _identify(src/my_custom_srv_pkg) by extensions ['colcon_meta']
[0.202s] [34mcolcon.colcon_core.package_identification[0m [1;30mLevel 1[0m _identify(src/my_custom_srv_pkg) by extension 'colcon_meta'
[0.203s] [34mcolcon.colcon_core.package_identification[0m [1;30mLevel 1[0m _identify(src/my_custom_srv_pkg) by extensions ['ros']
[0.203s] [34mcolcon.colcon_core.package_identification[0m [1;30mLevel 1[0m _identify(src/my_custom_srv_pkg) by extension 'ros'
[0.204s] [34mcolcon.colcon_core.package_identification[0m [1;30mDEBUG[0m [32mPackage 'src/my_custom_srv_pkg' with type 'ros.ament_cmake' and name 'my_custom_srv_pkg'[0m
[0.205s] [34mcolcon.colcon_core.package_identification[0m [1;30mLevel 1[0m _identify(src/py_custom_srv_pkg) by extensions ['ignore', 'ignore_ament_install']
[0.205s] [34mcolcon.colcon_core.package_identification[0m [1;30mLevel 1[0m _identify(src/py_custom_srv_pkg) by extension 'ignore'
[0.205s] [34mcolcon.colcon_core.package_identification[0m [1;30mLevel 1[0m _identify(src/py_custom_srv_pkg) by extension 'ignore_ament_install'
[0.205s] [34mcolcon.colcon_core.package_identification[0m [1;30mLevel 1[0m _identify(src/py_custom_srv_pkg) by extensions ['colcon_pkg']
[0.205s] [34mcolcon.colcon_core.package_identification[0m [1;30mLevel 1[0m _identify(src/py_custom_srv_pkg) by extension 'colcon_pkg'
[0.205s] [34mcolcon.colcon_core.package_identification[0m [1;30mLevel 1[0m _identify(src/py_custom_srv_pkg) by extensions ['colcon_meta']
[0.205s] [34mcolcon.colcon_core.package_identification[0m [1;30mLevel 1[0m _identify(src/py_custom_srv_pkg) by extension 'colcon_meta'
[0.205s] [34mcolcon.colcon_core.package_identification[0m [1;30mLevel 1[0m _identify(src/py_custom_srv_pkg) by extensions ['ros']
[0.205s] [34mcolcon.colcon_core.package_identification[0m [1;30mLevel 1[0m _identify(src/py_custom_srv_pkg) by extension 'ros'
[0.205s] [34mcolcon.colcon_core.package_identification[0m [1;30mDEBUG[0m [32mPackage 'src/py_custom_srv_pkg' with type 'ros.ament_python' and name 'py_custom_srv_pkg'[0m
[0.206s] [34mcolcon.colcon_core.package_identification[0m [1;30mLevel 1[0m _identify(src/realsense-ros) by extensions ['ignore', 'ignore_ament_install']
[0.206s] [34mcolcon.colcon_core.package_identification[0m [1;30mLevel 1[0m _identify(src/realsense-ros) by extension 'ignore'
[0.206s] [34mcolcon.colcon_core.package_identification[0m [1;30mLevel 1[0m _identify(src/realsense-ros) by extension 'ignore_ament_install'
[0.206s] [34mcolcon.colcon_core.package_identification[0m [1;30mLevel 1[0m _identify(src/realsense-ros) by extensions ['colcon_pkg']
[0.206s] [34mcolcon.colcon_core.package_identification[0m [1;30mLevel 1[0m _identify(src/realsense-ros) by extension 'colcon_pkg'
[0.206s] [34mcolcon.colcon_core.package_identification[0m [1;30mLevel 1[0m _identify(src/realsense-ros) by extensions ['colcon_meta']
[0.206s] [34mcolcon.colcon_core.package_identification[0m [1;30mLevel 1[0m _identify(src/realsense-ros) by extension 'colcon_meta'
[0.206s] [34mcolcon.colcon_core.package_identification[0m [1;30mLevel 1[0m _identify(src/realsense-ros) by extensions ['ros']
[0.206s] [34mcolcon.colcon_core.package_identification[0m [1;30mLevel 1[0m _identify(src/realsense-ros) by extension 'ros'
[0.206s] [34mcolcon.colcon_core.package_identification[0m [1;30mLevel 1[0m _identify(src/realsense-ros) by extensions ['cmake', 'python']
[0.206s] [34mcolcon.colcon_core.package_identification[0m [1;30mLevel 1[0m _identify(src/realsense-ros) by extension 'cmake'
[0.206s] [34mcolcon.colcon_core.package_identification[0m [1;30mLevel 1[0m _identify(src/realsense-ros) by extension 'python'
[0.206s] [34mcolcon.colcon_core.package_identification[0m [1;30mLevel 1[0m _identify(src/realsense-ros) by extensions ['python_setup_py']
[0.206s] [34mcolcon.colcon_core.package_identification[0m [1;30mLevel 1[0m _identify(src/realsense-ros) by extension 'python_setup_py'
[0.207s] [34mcolcon.colcon_core.package_identification[0m [1;30mLevel 1[0m _identify(src/realsense-ros/realsense2_camera) by extensions ['ignore', 'ignore_ament_install']
[0.207s] [34mcolcon.colcon_core.package_identification[0m [1;30mLevel 1[0m _identify(src/realsense-ros/realsense2_camera) by extension 'ignore'
[0.207s] [34mcolcon.colcon_core.package_identification[0m [1;30mLevel 1[0m _identify(src/realsense-ros/realsense2_camera) by extension 'ignore_ament_install'
[0.207s] [34mcolcon.colcon_core.package_identification[0m [1;30mLevel 1[0m _identify(src/realsense-ros/realsense2_camera) by extensions ['colcon_pkg']
[0.207s] [34mcolcon.colcon_core.package_identification[0m [1;30mLevel 1[0m _identify(src/realsense-ros/realsense2_camera) by extension 'colcon_pkg'
[0.207s] [34mcolcon.colcon_core.package_identification[0m [1;30mLevel 1[0m _identify(src/realsense-ros/realsense2_camera) by extensions ['colcon_meta']
[0.207s] [34mcolcon.colcon_core.package_identification[0m [1;30mLevel 1[0m _identify(src/realsense-ros/realsense2_camera) by extension 'colcon_meta'
[0.207s] [34mcolcon.colcon_core.package_identification[0m [1;30mLevel 1[0m _identify(src/realsense-ros/realsense2_camera) by extensions ['ros']
[0.207s] [34mcolcon.colcon_core.package_identification[0m [1;30mLevel 1[0m _identify(src/realsense-ros/realsense2_camera) by extension 'ros'
[0.209s] [34mcolcon.colcon_core.package_identification[0m [1;30mDEBUG[0m [32mPackage 'src/realsense-ros/realsense2_camera' with type 'ros.ament_cmake' and name 'realsense2_camera'[0m
[0.209s] [34mcolcon.colcon_core.package_identification[0m [1;30mLevel 1[0m _identify(src/realsense-ros/realsense2_camera_msgs) by extensions ['ignore', 'ignore_ament_install']
[0.209s] [34mcolcon.colcon_core.package_identification[0m [1;30mLevel 1[0m _identify(src/realsense-ros/realsense2_camera_msgs) by extension 'ignore'
[0.210s] [34mcolcon.colcon_core.package_identification[0m [1;30mLevel 1[0m _identify(src/realsense-ros/realsense2_camera_msgs) by extension 'ignore_ament_install'
[0.210s] [34mcolcon.colcon_core.package_identification[0m [1;30mLevel 1[0m _identify(src/realsense-ros/realsense2_camera_msgs) by extensions ['colcon_pkg']
[0.210s] [34mcolcon.colcon_core.package_identification[0m [1;30mLevel 1[0m _identify(src/realsense-ros/realsense2_camera_msgs) by extension 'colcon_pkg'
[0.210s] [34mcolcon.colcon_core.package_identification[0m [1;30mLevel 1[0m _identify(src/realsense-ros/realsense2_camera_msgs) by extensions ['colcon_meta']
[0.210s] [34mcolcon.colcon_core.package_identification[0m [1;30mLevel 1[0m _identify(src/realsense-ros/realsense2_camera_msgs) by extension 'colcon_meta'
[0.210s] [34mcolcon.colcon_core.package_identification[0m [1;30mLevel 1[0m _identify(src/realsense-ros/realsense2_camera_msgs) by extensions ['ros']
[0.210s] [34mcolcon.colcon_core.package_identification[0m [1;30mLevel 1[0m _identify(src/realsense-ros/realsense2_camera_msgs) by extension 'ros'
[0.210s] [34mcolcon.colcon_core.package_identification[0m [1;30mDEBUG[0m [32mPackage 'src/realsense-ros/realsense2_camera_msgs' with type 'ros.ament_cmake' and name 'realsense2_camera_msgs'[0m
[0.210s] [34mcolcon.colcon_core.package_identification[0m [1;30mLevel 1[0m _identify(src/realsense-ros/realsense2_description) by extensions ['ignore', 'ignore_ament_install']
[0.211s] [34mcolcon.colcon_core.package_identification[0m [1;30mLevel 1[0m _identify(src/realsense-ros/realsense2_description) by extension 'ignore'
[0.211s] [34mcolcon.colcon_core.package_identification[0m [1;30mLevel 1[0m _identify(src/realsense-ros/realsense2_description) by extension 'ignore_ament_install'
[0.211s] [34mcolcon.colcon_core.package_identification[0m [1;30mLevel 1[0m _identify(src/realsense-ros/realsense2_description) by extensions ['colcon_pkg']
[0.211s] [34mcolcon.colcon_core.package_identification[0m [1;30mLevel 1[0m _identify(src/realsense-ros/realsense2_description) by extension 'colcon_pkg'
[0.211s] [34mcolcon.colcon_core.package_identification[0m [1;30mLevel 1[0m _identify(src/realsense-ros/realsense2_description) by extensions ['colcon_meta']
[0.211s] [34mcolcon.colcon_core.package_identification[0m [1;30mLevel 1[0m _identify(src/realsense-ros/realsense2_description) by extension 'colcon_meta'
[0.211s] [34mcolcon.colcon_core.package_identification[0m [1;30mLevel 1[0m _identify(src/realsense-ros/realsense2_description) by extensions ['ros']
[0.211s] [34mcolcon.colcon_core.package_identification[0m [1;30mLevel 1[0m _identify(src/realsense-ros/realsense2_description) by extension 'ros'
[0.212s] [34mcolcon.colcon_core.package_identification[0m [1;30mDEBUG[0m [32mPackage 'src/realsense-ros/realsense2_description' with type 'ros.ament_cmake' and name 'realsense2_description'[0m
[0.212s] [34mcolcon.colcon_core.package_discovery[0m [1;30mLevel 1[0m discover_packages(recursive) using defaults
[0.212s] [34mcolcon.colcon_core.package_discovery[0m [1;30mLevel 1[0m discover_packages(ignore) discover
[0.212s] [34mcolcon.colcon_core.package_discovery[0m [1;30mLevel 1[0m discover_packages(ignore) using defaults
[0.212s] [34mcolcon.colcon_core.package_discovery[0m [1;30mLevel 1[0m discover_packages(path) discover
[0.212s] [34mcolcon.colcon_core.package_discovery[0m [1;30mLevel 1[0m discover_packages(path) using defaults
[0.226s] [34mcolcon.colcon_core.package_discovery[0m [1;30mLevel 1[0m discover_packages(prefix_path) check parameters
[0.226s] [34mcolcon.colcon_core.package_discovery[0m [1;30mLevel 1[0m discover_packages(prefix_path) discover
[0.227s] [34mcolcon.colcon_ros.prefix_path.ament[0m [1;30mWARNING[0m [33mThe path '/home/jo/project_RobotEngineering_3/my_robot/install/realsense2_description' in the environment variable AMENT_PREFIX_PATH doesn't exist[0m
[0.227s] [34mcolcon.colcon_ros.prefix_path.ament[0m [1;30mWARNING[0m [33mThe path '/home/jo/project_RobotEngineering_3/my_robot/install/realsense2_camera' in the environment variable AMENT_PREFIX_PATH doesn't exist[0m
[0.227s] [34mcolcon.colcon_ros.prefix_path.ament[0m [1;30mWARNING[0m [33mThe path '/home/jo/project_RobotEngineering_3/my_robot/install/realsense2_camera_msgs' in the environment variable AMENT_PREFIX_PATH doesn't exist[0m
[0.227s] [34mcolcon.colcon_ros.prefix_path.ament[0m [1;30mWARNING[0m [33mThe path '/home/jo/project_RobotEngineering_3/my_robot/install/py_custom_srv_pkg' in the environment variable AMENT_PREFIX_PATH doesn't exist[0m
[0.227s] [34mcolcon.colcon_ros.prefix_path.ament[0m [1;30mWARNING[0m [33mThe path '/home/jo/project_RobotEngineering_3/my_robot/install/my_custom_srv_pkg' in the environment variable AMENT_PREFIX_PATH doesn't exist[0m
[0.227s] [34mcolcon.colcon_ros.prefix_path.catkin[0m [1;30mWARNING[0m [33mThe path '/home/jo/project_RobotEngineering_3/my_robot/install/realsense2_description' in the environment variable CMAKE_PREFIX_PATH doesn't exist[0m
[0.227s] [34mcolcon.colcon_ros.prefix_path.catkin[0m [1;30mWARNING[0m [33mThe path '/home/jo/project_RobotEngineering_3/my_robot/install/realsense2_camera' in the environment variable CMAKE_PREFIX_PATH doesn't exist[0m
[0.227s] [34mcolcon.colcon_ros.prefix_path.catkin[0m [1;30mWARNING[0m [33mThe path '/home/jo/project_RobotEngineering_3/my_robot/install/realsense2_camera_msgs' in the environment variable CMAKE_PREFIX_PATH doesn't exist[0m
[0.227s] [34mcolcon.colcon_ros.prefix_path.catkin[0m [1;30mWARNING[0m [33mThe path '/home/jo/project_RobotEngineering_3/my_robot/install/my_custom_srv_pkg' in the environment variable CMAKE_PREFIX_PATH doesn't exist[0m
[0.227s] [34mcolcon.colcon_installed_package_information.package_discovery[0m [1;30mDEBUG[0m [32mFound 0 installed packages in /home/jo/project_RobotEngineering_3/my_robot/install[0m
[0.228s] [34mcolcon.colcon_installed_package_information.package_discovery[0m [1;30mDEBUG[0m [32mFound 419 installed packages in /opt/ros/humble[0m
[0.229s] [34mcolcon.colcon_core.package_discovery[0m [1;30mLevel 1[0m discover_packages(prefix_path) using defaults
[0.255s] [34mcolcon.colcon_core.verb[0m [1;30mLevel 5[0m set package 'my_custom_srv_pkg' build argument 'cmake_args' from command line to 'None'
[0.255s] [34mcolcon.colcon_core.verb[0m [1;30mLevel 5[0m set package 'my_custom_srv_pkg' build argument 'cmake_target' from command line to 'None'
[0.255s] [34mcolcon.colcon_core.verb[0m [1;30mLevel 5[0m set package 'my_custom_srv_pkg' build argument 'cmake_target_skip_unavailable' from command line to 'False'
[0.255s] [34mcolcon.colcon_core.verb[0m [1;30mLevel 5[0m set package 'my_custom_srv_pkg' build argument 'cmake_clean_cache' from command line to 'False'
[0.255s] [34mcolcon.colcon_core.verb[0m [1;30mLevel 5[0m set package 'my_custom_srv_pkg' build argument 'cmake_clean_first' from command line to 'False'
[0.255s] [34mcolcon.colcon_core.verb[0m [1;30mLevel 5[0m set package 'my_custom_srv_pkg' build argument 'cmake_force_configure' from command line to 'False'
[0.255s] [34mcolcon.colcon_core.verb[0m [1;30mLevel 5[0m set package 'my_custom_srv_pkg' build argument 'ament_cmake_args' from command line to 'None'
[0.255s] [34mcolcon.colcon_core.verb[0m [1;30mLevel 5[0m set package 'my_custom_srv_pkg' build argument 'catkin_cmake_args' from command line to 'None'
[0.255s] [34mcolcon.colcon_core.verb[0m [1;30mLevel 5[0m set package 'my_custom_srv_pkg' build argument 'catkin_skip_building_tests' from command line to 'False'
[0.255s] [34mcolcon.colcon_core.verb[0m [1;30mDEBUG[0m [32mBuilding package 'my_custom_srv_pkg' with the following arguments: {'ament_cmake_args': None, 'build_base': '/home/jo/project_RobotEngineering_3/my_robot/build/my_custom_srv_pkg', 'catkin_cmake_args': None, 'catkin_skip_building_tests': False, 'cmake_args': None, 'cmake_clean_cache': False, 'cmake_clean_first': False, 'cmake_force_configure': False, 'cmake_target': None, 'cmake_target_skip_unavailable': False, 'install_base': '/home/jo/project_RobotEngineering_3/my_robot/install/my_custom_srv_pkg', 'merge_install': False, 'path': '/home/jo/project_RobotEngineering_3/my_robot/src/my_custom_srv_pkg', 'symlink_install': False, 'test_result_base': None}[0m
[0.256s] [34mcolcon.colcon_core.verb[0m [1;30mLevel 5[0m set package 'realsense2_camera_msgs' build argument 'cmake_args' from command line to 'None'
[0.256s] [34mcolcon.colcon_core.verb[0m [1;30mLevel 5[0m set package 'realsense2_camera_msgs' build argument 'cmake_target' from command line to 'None'
[0.256s] [34mcolcon.colcon_core.verb[0m [1;30mLevel 5[0m set package 'realsense2_camera_msgs' build argument 'cmake_target_skip_unavailable' from command line to 'False'
[0.256s] [34mcolcon.colcon_core.verb[0m [1;30mLevel 5[0m set package 'realsense2_camera_msgs' build argument 'cmake_clean_cache' from command line to 'False'
[0.256s] [34mcolcon.colcon_core.verb[0m [1;30mLevel 5[0m set package 'realsense2_camera_msgs' build argument 'cmake_clean_first' from command line to 'False'
[0.256s] [34mcolcon.colcon_core.verb[0m [1;30mLevel 5[0m set package 'realsense2_camera_msgs' build argument 'cmake_force_configure' from command line to 'False'
[0.256s] [34mcolcon.colcon_core.verb[0m [1;30mLevel 5[0m set package 'realsense2_camera_msgs' build argument 'ament_cmake_args' from command line to 'None'
[0.256s] [34mcolcon.colcon_core.verb[0m [1;30mLevel 5[0m set package 'realsense2_camera_msgs' build argument 'catkin_cmake_args' from command line to 'None'
[0.256s] [34mcolcon.colcon_core.verb[0m [1;30mLevel 5[0m set package 'realsense2_camera_msgs' build argument 'catkin_skip_building_tests' from command line to 'False'
[0.256s] [34mcolcon.colcon_core.verb[0m [1;30mDEBUG[0m [32mBuilding package 'realsense2_camera_msgs' with the following arguments: {'ament_cmake_args': None, 'build_base': '/home/jo/project_RobotEngineering_3/my_robot/build/realsense2_camera_msgs', 'catkin_cmake_args': None, 'catkin_skip_building_tests': False, 'cmake_args': None, 'cmake_clean_cache': False, 'cmake_clean_first': False, 'cmake_force_configure': False, 'cmake_target': None, 'cmake_target_skip_unavailable': False, 'install_base': '/home/jo/project_RobotEngineering_3/my_robot/install/realsense2_camera_msgs', 'merge_install': False, 'path': '/home/jo/project_RobotEngineering_3/my_robot/src/realsense-ros/realsense2_camera_msgs', 'symlink_install': False, 'test_result_base': None}[0m
[0.256s] [34mcolcon.colcon_core.verb[0m [1;30mLevel 5[0m set package 'py_custom_srv_pkg' build argument 'cmake_args' from command line to 'None'
[0.256s] [34mcolcon.colcon_core.verb[0m [1;30mLevel 5[0m set package 'py_custom_srv_pkg' build argument 'cmake_target' from command line to 'None'
[0.256s] [34mcolcon.colcon_core.verb[0m [1;30mLevel 5[0m set package 'py_custom_srv_pkg' build argument 'cmake_target_skip_unavailable' from command line to 'False'
[0.256s] [34mcolcon.colcon_core.verb[0m [1;30mLevel 5[0m set package 'py_custom_srv_pkg' build argument 'cmake_clean_cache' from command line to 'False'
[0.256s] [34mcolcon.colcon_core.verb[0m [1;30mLevel 5[0m set package 'py_custom_srv_pkg' build argument 'cmake_clean_first' from command line to 'False'
[0.256s] [34mcolcon.colcon_core.verb[0m [1;30mLevel 5[0m set package 'py_custom_srv_pkg' build argument 'cmake_force_configure' from command line to 'False'
[0.256s] [34mcolcon.colcon_core.verb[0m [1;30mLevel 5[0m set package 'py_custom_srv_pkg' build argument 'ament_cmake_args' from command line to 'None'
[0.256s] [34mcolcon.colcon_core.verb[0m [1;30mLevel 5[0m set package 'py_custom_srv_pkg' build argument 'catkin_cmake_args' from command line to 'None'
[0.256s] [34mcolcon.colcon_core.verb[0m [1;30mLevel 5[0m set package 'py_custom_srv_pkg' build argument 'catkin_skip_building_tests' from command line to 'False'
[0.256s] [34mcolcon.colcon_core.verb[0m [1;30mDEBUG[0m [32mBuilding package 'py_custom_srv_pkg' with the following arguments: {'ament_cmake_args': None, 'build_base': '/home/jo/project_RobotEngineering_3/my_robot/build/py_custom_srv_pkg', 'catkin_cmake_args': None, 'catkin_skip_building_tests': False, 'cmake_args': None, 'cmake_clean_cache': False, 'cmake_clean_first': False, 'cmake_force_configure': False, 'cmake_target': None, 'cmake_target_skip_unavailable': False, 'install_base': '/home/jo/project_RobotEngineering_3/my_robot/install/py_custom_srv_pkg', 'merge_install': False, 'path': '/home/jo/project_RobotEngineering_3/my_robot/src/py_custom_srv_pkg', 'symlink_install': False, 'test_result_base': None}[0m
[0.257s] [34mcolcon.colcon_core.verb[0m [1;30mLevel 5[0m set package 'realsense2_camera' build argument 'cmake_args' from command line to 'None'
[0.257s] [34mcolcon.colcon_core.verb[0m [1;30mLevel 5[0m set package 'realsense2_camera' build argument 'cmake_target' from command line to 'None'
[0.257s] [34mcolcon.colcon_core.verb[0m [1;30mLevel 5[0m set package 'realsense2_camera' build argument 'cmake_target_skip_unavailable' from command line to 'False'
[0.257s] [34mcolcon.colcon_core.verb[0m [1;30mLevel 5[0m set package 'realsense2_camera' build argument 'cmake_clean_cache' from command line to 'False'
[0.257s] [34mcolcon.colcon_core.verb[0m [1;30mLevel 5[0m set package 'realsense2_camera' build argument 'cmake_clean_first' from command line to 'False'
[0.257s] [34mcolcon.colcon_core.verb[0m [1;30mLevel 5[0m set package 'realsense2_camera' build argument 'cmake_force_configure' from command line to 'False'
[0.257s] [34mcolcon.colcon_core.verb[0m [1;30mLevel 5[0m set package 'realsense2_camera' build argument 'ament_cmake_args' from command line to 'None'
[0.257s] [34mcolcon.colcon_core.verb[0m [1;30mLevel 5[0m set package 'realsense2_camera' build argument 'catkin_cmake_args' from command line to 'None'
[0.257s] [34mcolcon.colcon_core.verb[0m [1;30mLevel 5[0m set package 'realsense2_camera' build argument 'catkin_skip_building_tests' from command line to 'False'
[0.257s] [34mcolcon.colcon_core.verb[0m [1;30mDEBUG[0m [32mBuilding package 'realsense2_camera' with the following arguments: {'ament_cmake_args': None, 'build_base': '/home/jo/project_RobotEngineering_3/my_robot/build/realsense2_camera', 'catkin_cmake_args': None, 'catkin_skip_building_tests': False, 'cmake_args': None, 'cmake_clean_cache': False, 'cmake_clean_first': False, 'cmake_force_configure': False, 'cmake_target': None, 'cmake_target_skip_unavailable': False, 'install_base': '/home/jo/project_RobotEngineering_3/my_robot/install/realsense2_camera', 'merge_install': False, 'path': '/home/jo/project_RobotEngineering_3/my_robot/src/realsense-ros/realsense2_camera', 'symlink_install': False, 'test_result_base': None}[0m
[0.257s] [34mcolcon.colcon_core.verb[0m [1;30mLevel 5[0m set package 'realsense2_description' build argument 'cmake_args' from command line to 'None'
[0.257s] [34mcolcon.colcon_core.verb[0m [1;30mLevel 5[0m set package 'realsense2_description' build argument 'cmake_target' from command line to 'None'
[0.257s] [34mcolcon.colcon_core.verb[0m [1;30mLevel 5[0m set package 'realsense2_description' build argument 'cmake_target_skip_unavailable' from command line to 'False'
[0.257s] [34mcolcon.colcon_core.verb[0m [1;30mLevel 5[0m set package 'realsense2_description' build argument 'cmake_clean_cache' from command line to 'False'
[0.257s] [34mcolcon.colcon_core.verb[0m [1;30mLevel 5[0m set package 'realsense2_description' build argument 'cmake_clean_first' from command line to 'False'
[0.257s] [34mcolcon.colcon_core.verb[0m [1;30mLevel 5[0m set package 'realsense2_description' build argument 'cmake_force_configure' from command line to 'False'
[0.257s] [34mcolcon.colcon_core.verb[0m [1;30mLevel 5[0m set package 'realsense2_description' build argument 'ament_cmake_args' from command line to 'None'
[0.257s] [34mcolcon.colcon_core.verb[0m [1;30mLevel 5[0m set package 'realsense2_description' build argument 'catkin_cmake_args' from command line to 'None'
[0.257s] [34mcolcon.colcon_core.verb[0m [1;30mLevel 5[0m set package 'realsense2_description' build argument 'catkin_skip_building_tests' from command line to 'False'
[0.257s] [34mcolcon.colcon_core.verb[0m [1;30mDEBUG[0m [32mBuilding package 'realsense2_description' with the following arguments: {'ament_cmake_args': None, 'build_base': '/home/jo/project_RobotEngineering_3/my_robot/build/realsense2_description', 'catkin_cmake_args': None, 'catkin_skip_building_tests': False, 'cmake_args': None, 'cmake_clean_cache': False, 'cmake_clean_first': False, 'cmake_force_configure': False, 'cmake_target': None, 'cmake_target_skip_unavailable': False, 'install_base': '/home/jo/project_RobotEngineering_3/my_robot/install/realsense2_description', 'merge_install': False, 'path': '/home/jo/project_RobotEngineering_3/my_robot/src/realsense-ros/realsense2_description', 'symlink_install': False, 'test_result_base': None}[0m
[0.257s] [34mcolcon.colcon_core.executor[0m [1;30mINFO[0m Executing jobs using 'parallel' executor
[0.258s] [34mcolcon.colcon_parallel_executor.executor.parallel[0m [1;30mDEBUG[0m [32mrun_until_complete[0m
[0.259s] [34mcolcon.colcon_ros.task.ament_cmake.build[0m [1;30mINFO[0m Building ROS package in '/home/jo/project_RobotEngineering_3/my_robot/src/realsense-ros/realsense2_camera_msgs' with build type 'ament_cmake'
[0.259s] [34mcolcon.colcon_cmake.task.cmake.build[0m [1;30mINFO[0m Building CMake package in '/home/jo/project_RobotEngineering_3/my_robot/src/realsense-ros/realsense2_camera_msgs'
[0.260s] [34mcolcon.colcon_core.plugin_system[0m [1;30mINFO[0m Skipping extension 'colcon_core.shell.bat': Not used on non-Windows systems
[0.260s] [34mcolcon.colcon_core.shell[0m [1;30mINFO[0m Skip shell extension 'powershell' for command environment: Not usable outside of PowerShell
[0.260s] [34mcolcon.colcon_core.shell[0m [1;30mDEBUG[0m [32mSkip shell extension 'dsv' for command environment[0m
[0.262s] [34mcolcon.colcon_ros.task.ament_cmake.build[0m [1;30mINFO[0m Building ROS package in '/home/jo/project_RobotEngineering_3/my_robot/src/my_custom_srv_pkg' with build type 'ament_cmake'
[0.262s] [34mcolcon.colcon_cmake.task.cmake.build[0m [1;30mINFO[0m Building CMake package in '/home/jo/project_RobotEngineering_3/my_robot/src/my_custom_srv_pkg'
[0.263s] [34mcolcon.colcon_core.shell[0m [1;30mINFO[0m Skip shell extension 'powershell' for command environment: Not usable outside of PowerShell
[0.263s] [34mcolcon.colcon_core.shell[0m [1;30mDEBUG[0m [32mSkip shell extension 'dsv' for command environment[0m
[0.268s] [34mcolcon.colcon_core.event_handler.log_command[0m [1;30mDEBUG[0m [32mInvoking command in '/home/jo/project_RobotEngineering_3/my_robot/build/realsense2_camera_msgs': CMAKE_PREFIX_PATH=${CMAKE_PREFIX_PATH}:/home/jo/project_RobotEngineering_3/my_robot/install/py_custom_srv_pkg:/opt/ros/humble /usr/bin/cmake /home/jo/project_RobotEngineering_3/my_robot/src/realsense-ros/realsense2_camera_msgs -DCMAKE_INSTALL_PREFIX=/home/jo/project_RobotEngineering_3/my_robot/install/realsense2_camera_msgs[0m
[0.271s] [34mcolcon.colcon_core.event_handler.log_command[0m [1;30mDEBUG[0m [32mInvoking command in '/home/jo/project_RobotEngineering_3/my_robot/build/my_custom_srv_pkg': CMAKE_PREFIX_PATH=${CMAKE_PREFIX_PATH}:/home/jo/project_RobotEngineering_3/my_robot/install/py_custom_srv_pkg:/opt/ros/humble /usr/bin/cmake /home/jo/project_RobotEngineering_3/my_robot/src/my_custom_srv_pkg -DCMAKE_INSTALL_PREFIX=/home/jo/project_RobotEngineering_3/my_robot/install/my_custom_srv_pkg[0m
[1.534s] [34mcolcon.colcon_core.event_handler.log_command[0m [1;30mDEBUG[0m [32mInvoked command in '/home/jo/project_RobotEngineering_3/my_robot/build/realsense2_camera_msgs' returned '0': CMAKE_PREFIX_PATH=${CMAKE_PREFIX_PATH}:/home/jo/project_RobotEngineering_3/my_robot/install/py_custom_srv_pkg:/opt/ros/humble /usr/bin/cmake /home/jo/project_RobotEngineering_3/my_robot/src/realsense-ros/realsense2_camera_msgs -DCMAKE_INSTALL_PREFIX=/home/jo/project_RobotEngineering_3/my_robot/install/realsense2_camera_msgs[0m
[1.536s] [34mcolcon.colcon_core.event_handler.log_command[0m [1;30mDEBUG[0m [32mInvoking command in '/home/jo/project_RobotEngineering_3/my_robot/build/realsense2_camera_msgs': CMAKE_PREFIX_PATH=${CMAKE_PREFIX_PATH}:/home/jo/project_RobotEngineering_3/my_robot/install/py_custom_srv_pkg:/opt/ros/humble /usr/bin/cmake --build /home/jo/project_RobotEngineering_3/my_robot/build/realsense2_camera_msgs -- -j12 -l12[0m
[1.552s] [34mcolcon.colcon_core.event_handler.log_command[0m [1;30mDEBUG[0m [32mInvoked command in '/home/jo/project_RobotEngineering_3/my_robot/build/my_custom_srv_pkg' returned '0': CMAKE_PREFIX_PATH=${CMAKE_PREFIX_PATH}:/home/jo/project_RobotEngineering_3/my_robot/install/py_custom_srv_pkg:/opt/ros/humble /usr/bin/cmake /home/jo/project_RobotEngineering_3/my_robot/src/my_custom_srv_pkg -DCMAKE_INSTALL_PREFIX=/home/jo/project_RobotEngineering_3/my_robot/install/my_custom_srv_pkg[0m
[1.554s] [34mcolcon.colcon_core.event_handler.log_command[0m [1;30mDEBUG[0m [32mInvoking command in '/home/jo/project_RobotEngineering_3/my_robot/build/my_custom_srv_pkg': CMAKE_PREFIX_PATH=${CMAKE_PREFIX_PATH}:/home/jo/project_RobotEngineering_3/my_robot/install/py_custom_srv_pkg:/opt/ros/humble /usr/bin/cmake --build /home/jo/project_RobotEngineering_3/my_robot/build/my_custom_srv_pkg -- -j12 -l12[0m
[4.173s] [34mcolcon.colcon_core.event_handler.log_command[0m [1;30mDEBUG[0m [32mInvoked command in '/home/jo/project_RobotEngineering_3/my_robot/build/my_custom_srv_pkg' returned '0': CMAKE_PREFIX_PATH=${CMAKE_PREFIX_PATH}:/home/jo/project_RobotEngineering_3/my_robot/install/py_custom_srv_pkg:/opt/ros/humble /usr/bin/cmake --build /home/jo/project_RobotEngineering_3/my_robot/build/my_custom_srv_pkg -- -j12 -l12[0m
[4.183s] [34mcolcon.colcon_core.event_handler.log_command[0m [1;30mDEBUG[0m [32mInvoking command in '/home/jo/project_RobotEngineering_3/my_robot/build/my_custom_srv_pkg': CMAKE_PREFIX_PATH=${CMAKE_PREFIX_PATH}:/home/jo/project_RobotEngineering_3/my_robot/install/py_custom_srv_pkg:/opt/ros/humble /usr/bin/cmake --install /home/jo/project_RobotEngineering_3/my_robot/build/my_custom_srv_pkg[0m
[4.235s] [34mcolcon.colcon_core.environment[0m [1;30mLevel 1[0m create_environment_scripts_only(my_custom_srv_pkg)
[4.235s] [34mcolcon.colcon_core.event_handler.log_command[0m [1;30mDEBUG[0m [32mInvoked command in '/home/jo/project_RobotEngineering_3/my_robot/build/my_custom_srv_pkg' returned '0': CMAKE_PREFIX_PATH=${CMAKE_PREFIX_PATH}:/home/jo/project_RobotEngineering_3/my_robot/install/py_custom_srv_pkg:/opt/ros/humble /usr/bin/cmake --install /home/jo/project_RobotEngineering_3/my_robot/build/my_custom_srv_pkg[0m
[4.237s] [34mcolcon.colcon_core.environment[0m [1;30mLevel 1[0m checking '/home/jo/project_RobotEngineering_3/my_robot/install/my_custom_srv_pkg' for CMake module files
[4.238s] [34mcolcon.colcon_core.environment[0m [1;30mLevel 1[0m checking '/home/jo/project_RobotEngineering_3/my_robot/install/my_custom_srv_pkg' for CMake config files
[4.238s] [34mcolcon.colcon_core.shell[0m [1;30mLevel 1[0m create_environment_hook('my_custom_srv_pkg', 'cmake_prefix_path')
[4.239s] [34mcolcon.colcon_core.shell[0m [1;30mINFO[0m Creating environment hook '/home/jo/project_RobotEngineering_3/my_robot/install/my_custom_srv_pkg/share/my_custom_srv_pkg/hook/cmake_prefix_path.ps1'
[4.239s] [34mcolcon.colcon_core.shell[0m [1;30mINFO[0m Creating environment descriptor '/home/jo/project_RobotEngineering_3/my_robot/install/my_custom_srv_pkg/share/my_custom_srv_pkg/hook/cmake_prefix_path.dsv'
[4.240s] [34mcolcon.colcon_core.shell[0m [1;30mINFO[0m Creating environment hook '/home/jo/project_RobotEngineering_3/my_robot/install/my_custom_srv_pkg/share/my_custom_srv_pkg/hook/cmake_prefix_path.sh'
[4.240s] [34mcolcon.colcon_core.environment[0m [1;30mLevel 1[0m checking '/home/jo/project_RobotEngineering_3/my_robot/install/my_custom_srv_pkg/lib'
[4.241s] [34mcolcon.colcon_core.shell[0m [1;30mLevel 1[0m create_environment_hook('my_custom_srv_pkg', 'ld_library_path_lib')
[4.241s] [34mcolcon.colcon_core.shell[0m [1;30mINFO[0m Creating environment hook '/home/jo/project_RobotEngineering_3/my_robot/install/my_custom_srv_pkg/share/my_custom_srv_pkg/hook/ld_library_path_lib.ps1'
[4.241s] [34mcolcon.colcon_core.shell[0m [1;30mINFO[0m Creating environment descriptor '/home/jo/project_RobotEngineering_3/my_robot/install/my_custom_srv_pkg/share/my_custom_srv_pkg/hook/ld_library_path_lib.dsv'
[4.242s] [34mcolcon.colcon_core.shell[0m [1;30mINFO[0m Creating environment hook '/home/jo/project_RobotEngineering_3/my_robot/install/my_custom_srv_pkg/share/my_custom_srv_pkg/hook/ld_library_path_lib.sh'
[4.242s] [34mcolcon.colcon_core.environment[0m [1;30mLevel 1[0m checking '/home/jo/project_RobotEngineering_3/my_robot/install/my_custom_srv_pkg/bin'
[4.242s] [34mcolcon.colcon_core.environment[0m [1;30mLevel 1[0m checking '/home/jo/project_RobotEngineering_3/my_robot/install/my_custom_srv_pkg/lib/pkgconfig/my_custom_srv_pkg.pc'
[4.242s] [34mcolcon.colcon_core.environment[0m [1;30mLevel 1[0m checking '/home/jo/project_RobotEngineering_3/my_robot/install/my_custom_srv_pkg/lib/python3.10/site-packages'
[4.242s] [34mcolcon.colcon_core.environment[0m [1;30mLevel 1[0m checking '/home/jo/project_RobotEngineering_3/my_robot/install/my_custom_srv_pkg/bin'
[4.243s] [34mcolcon.colcon_core.shell[0m [1;30mINFO[0m Creating package script '/home/jo/project_RobotEngineering_3/my_robot/install/my_custom_srv_pkg/share/my_custom_srv_pkg/package.ps1'
[4.243s] [34mcolcon.colcon_core.shell[0m [1;30mINFO[0m Creating package descriptor '/home/jo/project_RobotEngineering_3/my_robot/install/my_custom_srv_pkg/share/my_custom_srv_pkg/package.dsv'
[4.244s] [34mcolcon.colcon_core.shell[0m [1;30mINFO[0m Creating package script '/home/jo/project_RobotEngineering_3/my_robot/install/my_custom_srv_pkg/share/my_custom_srv_pkg/package.sh'
[4.244s] [34mcolcon.colcon_core.shell[0m [1;30mINFO[0m Creating package script '/home/jo/project_RobotEngineering_3/my_robot/install/my_custom_srv_pkg/share/my_custom_srv_pkg/package.bash'
[4.245s] [34mcolcon.colcon_core.shell[0m [1;30mINFO[0m Creating package script '/home/jo/project_RobotEngineering_3/my_robot/install/my_custom_srv_pkg/share/my_custom_srv_pkg/package.zsh'
[4.245s] [34mcolcon.colcon_core.environment[0m [1;30mLevel 1[0m create_file_with_runtime_dependencies(/home/jo/project_RobotEngineering_3/my_robot/install/my_custom_srv_pkg/share/colcon-core/packages/my_custom_srv_pkg)
[4.245s] [34mcolcon.colcon_core.environment[0m [1;30mLevel 1[0m create_environment_scripts_only(my_custom_srv_pkg)
[4.245s] [34mcolcon.colcon_core.environment[0m [1;30mLevel 1[0m checking '/home/jo/project_RobotEngineering_3/my_robot/install/my_custom_srv_pkg' for CMake module files
[4.246s] [34mcolcon.colcon_core.environment[0m [1;30mLevel 1[0m checking '/home/jo/project_RobotEngineering_3/my_robot/install/my_custom_srv_pkg' for CMake config files
[4.246s] [34mcolcon.colcon_core.shell[0m [1;30mLevel 1[0m create_environment_hook('my_custom_srv_pkg', 'cmake_prefix_path')
[4.246s] [34mcolcon.colcon_core.shell[0m [1;30mINFO[0m Creating environment hook '/home/jo/project_RobotEngineering_3/my_robot/install/my_custom_srv_pkg/share/my_custom_srv_pkg/hook/cmake_prefix_path.ps1'
[4.246s] [34mcolcon.colcon_core.shell[0m [1;30mINFO[0m Creating environment descriptor '/home/jo/project_RobotEngineering_3/my_robot/install/my_custom_srv_pkg/share/my_custom_srv_pkg/hook/cmake_prefix_path.dsv'
[4.246s] [34mcolcon.colcon_core.shell[0m [1;30mINFO[0m Creating environment hook '/home/jo/project_RobotEngineering_3/my_robot/install/my_custom_srv_pkg/share/my_custom_srv_pkg/hook/cmake_prefix_path.sh'
[4.247s] [34mcolcon.colcon_core.environment[0m [1;30mLevel 1[0m checking '/home/jo/project_RobotEngineering_3/my_robot/install/my_custom_srv_pkg/lib'
[4.247s] [34mcolcon.colcon_core.shell[0m [1;30mLevel 1[0m create_environment_hook('my_custom_srv_pkg', 'ld_library_path_lib')
[4.247s] [34mcolcon.colcon_core.shell[0m [1;30mINFO[0m Creating environment hook '/home/jo/project_RobotEngineering_3/my_robot/install/my_custom_srv_pkg/share/my_custom_srv_pkg/hook/ld_library_path_lib.ps1'
[4.247s] [34mcolcon.colcon_core.shell[0m [1;30mINFO[0m Creating environment descriptor '/home/jo/project_RobotEngineering_3/my_robot/install/my_custom_srv_pkg/share/my_custom_srv_pkg/hook/ld_library_path_lib.dsv'
[4.247s] [34mcolcon.colcon_core.shell[0m [1;30mINFO[0m Creating environment hook '/home/jo/project_RobotEngineering_3/my_robot/install/my_custom_srv_pkg/share/my_custom_srv_pkg/hook/ld_library_path_lib.sh'
[4.248s] [34mcolcon.colcon_core.environment[0m [1;30mLevel 1[0m checking '/home/jo/project_RobotEngineering_3/my_robot/install/my_custom_srv_pkg/bin'
[4.248s] [34mcolcon.colcon_core.environment[0m [1;30mLevel 1[0m checking '/home/jo/project_RobotEngineering_3/my_robot/install/my_custom_srv_pkg/lib/pkgconfig/my_custom_srv_pkg.pc'
[4.248s] [34mcolcon.colcon_core.environment[0m [1;30mLevel 1[0m checking '/home/jo/project_RobotEngineering_3/my_robot/install/my_custom_srv_pkg/lib/python3.10/site-packages'
[4.248s] [34mcolcon.colcon_core.environment[0m [1;30mLevel 1[0m checking '/home/jo/project_RobotEngineering_3/my_robot/install/my_custom_srv_pkg/bin'
[4.248s] [34mcolcon.colcon_core.shell[0m [1;30mINFO[0m Creating package script '/home/jo/project_RobotEngineering_3/my_robot/install/my_custom_srv_pkg/share/my_custom_srv_pkg/package.ps1'
[4.248s] [34mcolcon.colcon_core.shell[0m [1;30mINFO[0m Creating package descriptor '/home/jo/project_RobotEngineering_3/my_robot/install/my_custom_srv_pkg/share/my_custom_srv_pkg/package.dsv'
[4.249s] [34mcolcon.colcon_core.shell[0m [1;30mINFO[0m Creating package script '/home/jo/project_RobotEngineering_3/my_robot/install/my_custom_srv_pkg/share/my_custom_srv_pkg/package.sh'
[4.249s] [34mcolcon.colcon_core.shell[0m [1;30mINFO[0m Creating package script '/home/jo/project_RobotEngineering_3/my_robot/install/my_custom_srv_pkg/share/my_custom_srv_pkg/package.bash'
[4.249s] [34mcolcon.colcon_core.shell[0m [1;30mINFO[0m Creating package script '/home/jo/project_RobotEngineering_3/my_robot/install/my_custom_srv_pkg/share/my_custom_srv_pkg/package.zsh'
[4.249s] [34mcolcon.colcon_core.environment[0m [1;30mLevel 1[0m create_file_with_runtime_dependencies(/home/jo/project_RobotEngineering_3/my_robot/install/my_custom_srv_pkg/share/colcon-core/packages/my_custom_srv_pkg)
[4.249s] [34mcolcon.colcon_ros.task.ament_python.build[0m [1;30mINFO[0m Building ROS package in '/home/jo/project_RobotEngineering_3/my_robot/src/py_custom_srv_pkg' with build type 'ament_python'
[4.250s] [34mcolcon.colcon_core.shell[0m [1;30mLevel 1[0m create_environment_hook('py_custom_srv_pkg', 'ament_prefix_path')
[4.250s] [34mcolcon.colcon_core.shell[0m [1;30mINFO[0m Creating environment hook '/home/jo/project_RobotEngineering_3/my_robot/install/py_custom_srv_pkg/share/py_custom_srv_pkg/hook/ament_prefix_path.ps1'
[4.250s] [34mcolcon.colcon_core.shell[0m [1;30mINFO[0m Creating environment descriptor '/home/jo/project_RobotEngineering_3/my_robot/install/py_custom_srv_pkg/share/py_custom_srv_pkg/hook/ament_prefix_path.dsv'
[4.251s] [34mcolcon.colcon_core.shell[0m [1;30mINFO[0m Creating environment hook '/home/jo/project_RobotEngineering_3/my_robot/install/py_custom_srv_pkg/share/py_custom_srv_pkg/hook/ament_prefix_path.sh'
[4.251s] [34mcolcon.colcon_core.shell[0m [1;30mINFO[0m Skip shell extension 'powershell' for command environment: Not usable outside of PowerShell
[4.251s] [34mcolcon.colcon_core.shell[0m [1;30mDEBUG[0m [32mSkip shell extension 'dsv' for command environment[0m
[4.454s] [34mcolcon.colcon_core.task.python.build[0m [1;30mINFO[0m Building Python package in '/home/jo/project_RobotEngineering_3/my_robot/src/py_custom_srv_pkg'
[4.454s] [34mcolcon.colcon_core.shell[0m [1;30mINFO[0m Skip shell extension 'powershell' for command environment: Not usable outside of PowerShell
[4.454s] [34mcolcon.colcon_core.shell[0m [1;30mDEBUG[0m [32mSkip shell extension 'dsv' for command environment[0m
[4.856s] [34mcolcon.colcon_core.event_handler.log_command[0m [1;30mDEBUG[0m [32mInvoking command in '/home/jo/project_RobotEngineering_3/my_robot/src/py_custom_srv_pkg': CMAKE_PREFIX_PATH=/home/jo/project_RobotEngineering_3/my_robot/install/my_custom_srv_pkg:/home/jo/project_RobotEngineering_3/my_robot/install/realsense2_description:/home/jo/project_RobotEngineering_3/my_robot/install/realsense2_camera:/home/jo/project_RobotEngineering_3/my_robot/install/realsense2_camera_msgs LD_LIBRARY_PATH=/home/jo/project_RobotEngineering_3/my_robot/install/my_custom_srv_pkg/lib:/home/jo/project_RobotEngineering_3/my_robot/install/realsense2_camera/lib:/home/jo/project_RobotEngineering_3/my_robot/install/realsense2_camera_msgs/lib:/usr/lib/x86_64-linux-gnu/gazebo-11/plugins:/opt/ros/humble/opt/rviz_ogre_vendor/lib:/opt/ros/humble/lib/x86_64-linux-gnu:/opt/ros/humble/lib:/usr/lib/x86_64-linux-gnu/gazebo-11/plugins:/usr/lib/x86_64-linux-gnu/gazebo-11/plugins:/usr/lib/x86_64-linux-gnu/gazebo-11/plugins:/usr/lib/x86_64-linux-gnu/gazebo-11/plugins:/usr/lib/x86_64-linux-gnu/gazebo-11/plugins:/usr/lib/x86_64-linux-gnu/gazebo-11/plugins:/usr/lib/x86_64-linux-gnu/gazebo-11/plugins:/usr/lib/x86_64-linux-gnu/gazebo-11/plugins:/usr/lib/x86_64-linux-gnu/gazebo-11/plugins:/usr/lib/x86_64-linux-gnu/gazebo-11/plugins PYTHONPATH=/home/jo/project_RobotEngineering_3/my_robot/build/py_custom_srv_pkg/prefix_override:/usr/lib/python3/dist-packages/colcon_core/task/python/colcon_distutils_commands:/home/jo/project_RobotEngineering_3/my_robot/install/py_custom_srv_pkg/lib/python3.10/site-packages:${PYTHONPATH} /usr/bin/python3 -W ignore:setup.py install is deprecated -W ignore:easy_install command is deprecated setup.py egg_info --egg-base ../../build/py_custom_srv_pkg build --build-base /home/jo/project_RobotEngineering_3/my_robot/build/py_custom_srv_pkg/build install --record /home/jo/project_RobotEngineering_3/my_robot/build/py_custom_srv_pkg/install.log --single-version-externally-managed install_data[0m
[4.940s] [34mcolcon.colcon_core.event_handler.log_command[0m [1;30mDEBUG[0m [32mInvoked command in '/home/jo/project_RobotEngineering_3/my_robot/build/realsense2_camera_msgs' returned '0': CMAKE_PREFIX_PATH=${CMAKE_PREFIX_PATH}:/home/jo/project_RobotEngineering_3/my_robot/install/py_custom_srv_pkg:/opt/ros/humble /usr/bin/cmake --build /home/jo/project_RobotEngineering_3/my_robot/build/realsense2_camera_msgs -- -j12 -l12[0m
[4.942s] [34mcolcon.colcon_core.event_handler.log_command[0m [1;30mDEBUG[0m [32mInvoking command in '/home/jo/project_RobotEngineering_3/my_robot/build/realsense2_camera_msgs': CMAKE_PREFIX_PATH=${CMAKE_PREFIX_PATH}:/home/jo/project_RobotEngineering_3/my_robot/install/py_custom_srv_pkg:/opt/ros/humble /usr/bin/cmake --install /home/jo/project_RobotEngineering_3/my_robot/build/realsense2_camera_msgs[0m
[5.023s] [34mcolcon.colcon_core.environment[0m [1;30mLevel 1[0m create_environment_scripts_only(realsense2_camera_msgs)
[5.024s] [34mcolcon.colcon_core.environment[0m [1;30mLevel 1[0m checking '/home/jo/project_RobotEngineering_3/my_robot/install/realsense2_camera_msgs' for CMake module files
[5.024s] [34mcolcon.colcon_core.event_handler.log_command[0m [1;30mDEBUG[0m [32mInvoked command in '/home/jo/project_RobotEngineering_3/my_robot/build/realsense2_camera_msgs' returned '0': CMAKE_PREFIX_PATH=${CMAKE_PREFIX_PATH}:/home/jo/project_RobotEngineering_3/my_robot/install/py_custom_srv_pkg:/opt/ros/humble /usr/bin/cmake --install /home/jo/project_RobotEngineering_3/my_robot/build/realsense2_camera_msgs[0m
[5.025s] [34mcolcon.colcon_core.environment[0m [1;30mLevel 1[0m checking '/home/jo/project_RobotEngineering_3/my_robot/install/realsense2_camera_msgs' for CMake config files
[5.026s] [34mcolcon.colcon_core.shell[0m [1;30mLevel 1[0m create_environment_hook('realsense2_camera_msgs', 'cmake_prefix_path')
[5.026s] [34mcolcon.colcon_core.shell[0m [1;30mINFO[0m Creating environment hook '/home/jo/project_RobotEngineering_3/my_robot/install/realsense2_camera_msgs/share/realsense2_camera_msgs/hook/cmake_prefix_path.ps1'
[5.027s] [34mcolcon.colcon_core.shell[0m [1;30mINFO[0m Creating environment descriptor '/home/jo/project_RobotEngineering_3/my_robot/install/realsense2_camera_msgs/share/realsense2_camera_msgs/hook/cmake_prefix_path.dsv'
[5.027s] [34mcolcon.colcon_core.shell[0m [1;30mINFO[0m Creating environment hook '/home/jo/project_RobotEngineering_3/my_robot/install/realsense2_camera_msgs/share/realsense2_camera_msgs/hook/cmake_prefix_path.sh'
[5.028s] [34mcolcon.colcon_core.environment[0m [1;30mLevel 1[0m checking '/home/jo/project_RobotEngineering_3/my_robot/install/realsense2_camera_msgs/lib'
[5.028s] [34mcolcon.colcon_core.shell[0m [1;30mLevel 1[0m create_environment_hook('realsense2_camera_msgs', 'ld_library_path_lib')
[5.028s] [34mcolcon.colcon_core.shell[0m [1;30mINFO[0m Creating environment hook '/home/jo/project_RobotEngineering_3/my_robot/install/realsense2_camera_msgs/share/realsense2_camera_msgs/hook/ld_library_path_lib.ps1'
[5.029s] [34mcolcon.colcon_core.shell[0m [1;30mINFO[0m Creating environment descriptor '/home/jo/project_RobotEngineering_3/my_robot/install/realsense2_camera_msgs/share/realsense2_camera_msgs/hook/ld_library_path_lib.dsv'
[5.029s] [34mcolcon.colcon_core.shell[0m [1;30mINFO[0m Creating environment hook '/home/jo/project_RobotEngineering_3/my_robot/install/realsense2_camera_msgs/share/realsense2_camera_msgs/hook/ld_library_path_lib.sh'
[5.030s] [34mcolcon.colcon_core.environment[0m [1;30mLevel 1[0m checking '/home/jo/project_RobotEngineering_3/my_robot/install/realsense2_camera_msgs/bin'
[5.030s] [34mcolcon.colcon_core.environment[0m [1;30mLevel 1[0m checking '/home/jo/project_RobotEngineering_3/my_robot/install/realsense2_camera_msgs/lib/pkgconfig/realsense2_camera_msgs.pc'
[5.030s] [34mcolcon.colcon_core.environment[0m [1;30mLevel 1[0m checking '/home/jo/project_RobotEngineering_3/my_robot/install/realsense2_camera_msgs/lib/python3.10/site-packages'
[5.030s] [34mcolcon.colcon_core.environment[0m [1;30mLevel 1[0m checking '/home/jo/project_RobotEngineering_3/my_robot/install/realsense2_camera_msgs/bin'
[5.031s] [34mcolcon.colcon_core.shell[0m [1;30mINFO[0m Creating package script '/home/jo/project_RobotEngineering_3/my_robot/install/realsense2_camera_msgs/share/realsense2_camera_msgs/package.ps1'
[5.031s] [34mcolcon.colcon_core.shell[0m [1;30mINFO[0m Creating package descriptor '/home/jo/project_RobotEngineering_3/my_robot/install/realsense2_camera_msgs/share/realsense2_camera_msgs/package.dsv'
[5.032s] [34mcolcon.colcon_core.shell[0m [1;30mINFO[0m Creating package script '/home/jo/project_RobotEngineering_3/my_robot/install/realsense2_camera_msgs/share/realsense2_camera_msgs/package.sh'
[5.032s] [34mcolcon.colcon_core.shell[0m [1;30mINFO[0m Creating package script '/home/jo/project_RobotEngineering_3/my_robot/install/realsense2_camera_msgs/share/realsense2_camera_msgs/package.bash'
[5.033s] [34mcolcon.colcon_core.shell[0m [1;30mINFO[0m Creating package script '/home/jo/project_RobotEngineering_3/my_robot/install/realsense2_camera_msgs/share/realsense2_camera_msgs/package.zsh'
[5.033s] [34mcolcon.colcon_core.environment[0m [1;30mLevel 1[0m create_file_with_runtime_dependencies(/home/jo/project_RobotEngineering_3/my_robot/install/realsense2_camera_msgs/share/colcon-core/packages/realsense2_camera_msgs)
[5.034s] [34mcolcon.colcon_core.environment[0m [1;30mLevel 1[0m create_environment_scripts_only(realsense2_camera_msgs)
[5.034s] [34mcolcon.colcon_core.environment[0m [1;30mLevel 1[0m checking '/home/jo/project_RobotEngineering_3/my_robot/install/realsense2_camera_msgs' for CMake module files
[5.035s] [34mcolcon.colcon_core.environment[0m [1;30mLevel 1[0m checking '/home/jo/project_RobotEngineering_3/my_robot/install/realsense2_camera_msgs' for CMake config files
[5.036s] [34mcolcon.colcon_core.shell[0m [1;30mLevel 1[0m create_environment_hook('realsense2_camera_msgs', 'cmake_prefix_path')
[5.036s] [34mcolcon.colcon_core.shell[0m [1;30mINFO[0m Creating environment hook '/home/jo/project_RobotEngineering_3/my_robot/install/realsense2_camera_msgs/share/realsense2_camera_msgs/hook/cmake_prefix_path.ps1'
[5.036s] [34mcolcon.colcon_core.shell[0m [1;30mINFO[0m Creating environment descriptor '/home/jo/project_RobotEngineering_3/my_robot/install/realsense2_camera_msgs/share/realsense2_camera_msgs/hook/cmake_prefix_path.dsv'
[5.037s] [34mcolcon.colcon_core.shell[0m [1;30mINFO[0m Creating environment hook '/home/jo/project_RobotEngineering_3/my_robot/install/realsense2_camera_msgs/share/realsense2_camera_msgs/hook/cmake_prefix_path.sh'
[5.037s] [34mcolcon.colcon_core.environment[0m [1;30mLevel 1[0m checking '/home/jo/project_RobotEngineering_3/my_robot/install/realsense2_camera_msgs/lib'
[5.037s] [34mcolcon.colcon_core.shell[0m [1;30mLevel 1[0m create_environment_hook('realsense2_camera_msgs', 'ld_library_path_lib')
[5.037s] [34mcolcon.colcon_core.shell[0m [1;30mINFO[0m Creating environment hook '/home/jo/project_RobotEngineering_3/my_robot/install/realsense2_camera_msgs/share/realsense2_camera_msgs/hook/ld_library_path_lib.ps1'
[5.038s] [34mcolcon.colcon_core.shell[0m [1;30mINFO[0m Creating environment descriptor '/home/jo/project_RobotEngineering_3/my_robot/install/realsense2_camera_msgs/share/realsense2_camera_msgs/hook/ld_library_path_lib.dsv'
[5.038s] [34mcolcon.colcon_core.shell[0m [1;30mINFO[0m Creating environment hook '/home/jo/project_RobotEngineering_3/my_robot/install/realsense2_camera_msgs/share/realsense2_camera_msgs/hook/ld_library_path_lib.sh'
[5.038s] [34mcolcon.colcon_core.environment[0m [1;30mLevel 1[0m checking '/home/jo/project_RobotEngineering_3/my_robot/install/realsense2_camera_msgs/bin'
[5.038s] [34mcolcon.colcon_core.environment[0m [1;30mLevel 1[0m checking '/home/jo/project_RobotEngineering_3/my_robot/install/realsense2_camera_msgs/lib/pkgconfig/realsense2_camera_msgs.pc'
[5.039s] [34mcolcon.colcon_core.environment[0m [1;30mLevel 1[0m checking '/home/jo/project_RobotEngineering_3/my_robot/install/realsense2_camera_msgs/lib/python3.10/site-packages'
[5.039s] [34mcolcon.colcon_core.environment[0m [1;30mLevel 1[0m checking '/home/jo/project_RobotEngineering_3/my_robot/install/realsense2_camera_msgs/bin'
[5.039s] [34mcolcon.colcon_core.shell[0m [1;30mINFO[0m Creating package script '/home/jo/project_RobotEngineering_3/my_robot/install/realsense2_camera_msgs/share/realsense2_camera_msgs/package.ps1'
[5.039s] [34mcolcon.colcon_core.shell[0m [1;30mINFO[0m Creating package descriptor '/home/jo/project_RobotEngineering_3/my_robot/install/realsense2_camera_msgs/share/realsense2_camera_msgs/package.dsv'
[5.040s] [34mcolcon.colcon_core.shell[0m [1;30mINFO[0m Creating package script '/home/jo/project_RobotEngineering_3/my_robot/install/realsense2_camera_msgs/share/realsense2_camera_msgs/package.sh'
[5.040s] [34mcolcon.colcon_core.shell[0m [1;30mINFO[0m Creating package script '/home/jo/project_RobotEngineering_3/my_robot/install/realsense2_camera_msgs/share/realsense2_camera_msgs/package.bash'
[5.041s] [34mcolcon.colcon_core.shell[0m [1;30mINFO[0m Creating package script '/home/jo/project_RobotEngineering_3/my_robot/install/realsense2_camera_msgs/share/realsense2_camera_msgs/package.zsh'
[5.041s] [34mcolcon.colcon_core.environment[0m [1;30mLevel 1[0m create_file_with_runtime_dependencies(/home/jo/project_RobotEngineering_3/my_robot/install/realsense2_camera_msgs/share/colcon-core/packages/realsense2_camera_msgs)
[5.041s] [34mcolcon.colcon_ros.task.ament_cmake.build[0m [1;30mINFO[0m Building ROS package in '/home/jo/project_RobotEngineering_3/my_robot/src/realsense-ros/realsense2_camera' with build type 'ament_cmake'
[5.041s] [34mcolcon.colcon_cmake.task.cmake.build[0m [1;30mINFO[0m Building CMake package in '/home/jo/project_RobotEngineering_3/my_robot/src/realsense-ros/realsense2_camera'
[5.041s] [34mcolcon.colcon_core.shell[0m [1;30mINFO[0m Skip shell extension 'powershell' for command environment: Not usable outside of PowerShell
[5.041s] [34mcolcon.colcon_core.shell[0m [1;30mDEBUG[0m [32mSkip shell extension 'dsv' for command environment[0m
[5.045s] [34mcolcon.colcon_ros.task.ament_cmake.build[0m [1;30mINFO[0m Building ROS package in '/home/jo/project_RobotEngineering_3/my_robot/src/realsense-ros/realsense2_description' with build type 'ament_cmake'
[5.045s] [34mcolcon.colcon_cmake.task.cmake.build[0m [1;30mINFO[0m Building CMake package in '/home/jo/project_RobotEngineering_3/my_robot/src/realsense-ros/realsense2_description'
[5.045s] [34mcolcon.colcon_core.shell[0m [1;30mINFO[0m Skip shell extension 'powershell' for command environment: Not usable outside of PowerShell
[5.045s] [34mcolcon.colcon_core.shell[0m [1;30mDEBUG[0m [32mSkip shell extension 'dsv' for command environment[0m
[5.052s] [34mcolcon.colcon_core.event_handler.log_command[0m [1;30mDEBUG[0m [32mInvoking command in '/home/jo/project_RobotEngineering_3/my_robot/build/realsense2_camera': CMAKE_PREFIX_PATH=/home/jo/project_RobotEngineering_3/my_robot/install/realsense2_camera_msgs:/home/jo/project_RobotEngineering_3/my_robot/install/realsense2_description:/home/jo/project_RobotEngineering_3/my_robot/install/realsense2_camera:/home/jo/project_RobotEngineering_3/my_robot/install/my_custom_srv_pkg:/home/jo/project_RobotEngineering_3/my_robot/install/py_custom_srv_pkg:/opt/ros/humble LD_LIBRARY_PATH=/home/jo/project_RobotEngineering_3/my_robot/install/realsense2_camera_msgs/lib:/home/jo/project_RobotEngineering_3/my_robot/install/realsense2_camera/lib:/home/jo/project_RobotEngineering_3/my_robot/install/my_custom_srv_pkg/lib:/usr/lib/x86_64-linux-gnu/gazebo-11/plugins:/opt/ros/humble/opt/rviz_ogre_vendor/lib:/opt/ros/humble/lib/x86_64-linux-gnu:/opt/ros/humble/lib:/usr/lib/x86_64-linux-gnu/gazebo-11/plugins:/usr/lib/x86_64-linux-gnu/gazebo-11/plugins:/usr/lib/x86_64-linux-gnu/gazebo-11/plugins:/usr/lib/x86_64-linux-gnu/gazebo-11/plugins:/usr/lib/x86_64-linux-gnu/gazebo-11/plugins:/usr/lib/x86_64-linux-gnu/gazebo-11/plugins:/usr/lib/x86_64-linux-gnu/gazebo-11/plugins:/usr/lib/x86_64-linux-gnu/gazebo-11/plugins:/usr/lib/x86_64-linux-gnu/gazebo-11/plugins:/usr/lib/x86_64-linux-gnu/gazebo-11/plugins /usr/bin/cmake /home/jo/project_RobotEngineering_3/my_robot/src/realsense-ros/realsense2_camera -DCMAKE_INSTALL_PREFIX=/home/jo/project_RobotEngineering_3/my_robot/install/realsense2_camera[0m
[5.056s] [34mcolcon.colcon_core.event_handler.log_command[0m [1;30mDEBUG[0m [32mInvoking command in '/home/jo/project_RobotEngineering_3/my_robot/build/realsense2_description': CMAKE_PREFIX_PATH=/home/jo/project_RobotEngineering_3/my_robot/install/realsense2_camera_msgs:/home/jo/project_RobotEngineering_3/my_robot/install/realsense2_description:/home/jo/project_RobotEngineering_3/my_robot/install/realsense2_camera:/home/jo/project_RobotEngineering_3/my_robot/install/my_custom_srv_pkg:/home/jo/project_RobotEngineering_3/my_robot/install/py_custom_srv_pkg:/opt/ros/humble LD_LIBRARY_PATH=/home/jo/project_RobotEngineering_3/my_robot/install/realsense2_camera_msgs/lib:/home/jo/project_RobotEngineering_3/my_robot/install/realsense2_camera/lib:/home/jo/project_RobotEngineering_3/my_robot/install/my_custom_srv_pkg/lib:/usr/lib/x86_64-linux-gnu/gazebo-11/plugins:/opt/ros/humble/opt/rviz_ogre_vendor/lib:/opt/ros/humble/lib/x86_64-linux-gnu:/opt/ros/humble/lib:/usr/lib/x86_64-linux-gnu/gazebo-11/plugins:/usr/lib/x86_64-linux-gnu/gazebo-11/plugins:/usr/lib/x86_64-linux-gnu/gazebo-11/plugins:/usr/lib/x86_64-linux-gnu/gazebo-11/plugins:/usr/lib/x86_64-linux-gnu/gazebo-11/plugins:/usr/lib/x86_64-linux-gnu/gazebo-11/plugins:/usr/lib/x86_64-linux-gnu/gazebo-11/plugins:/usr/lib/x86_64-linux-gnu/gazebo-11/plugins:/usr/lib/x86_64-linux-gnu/gazebo-11/plugins:/usr/lib/x86_64-linux-gnu/gazebo-11/plugins /usr/bin/cmake /home/jo/project_RobotEngineering_3/my_robot/src/realsense-ros/realsense2_description -DCMAKE_INSTALL_PREFIX=/home/jo/project_RobotEngineering_3/my_robot/install/realsense2_description[0m
[5.171s] [34mcolcon.colcon_core.environment[0m [1;30mLevel 1[0m checking '/home/jo/project_RobotEngineering_3/my_robot/install/py_custom_srv_pkg' for CMake module files
[5.171s] [34mcolcon.colcon_core.event_handler.log_command[0m [1;30mDEBUG[0m [32mInvoked command in '/home/jo/project_RobotEngineering_3/my_robot/src/py_custom_srv_pkg' returned '0': CMAKE_PREFIX_PATH=/home/jo/project_RobotEngineering_3/my_robot/install/my_custom_srv_pkg:/home/jo/project_RobotEngineering_3/my_robot/install/realsense2_description:/home/jo/project_RobotEngineering_3/my_robot/install/realsense2_camera:/home/jo/project_RobotEngineering_3/my_robot/install/realsense2_camera_msgs LD_LIBRARY_PATH=/home/jo/project_RobotEngineering_3/my_robot/install/my_custom_srv_pkg/lib:/home/jo/project_RobotEngineering_3/my_robot/install/realsense2_camera/lib:/home/jo/project_RobotEngineering_3/my_robot/install/realsense2_camera_msgs/lib:/usr/lib/x86_64-linux-gnu/gazebo-11/plugins:/opt/ros/humble/opt/rviz_ogre_vendor/lib:/opt/ros/humble/lib/x86_64-linux-gnu:/opt/ros/humble/lib:/usr/lib/x86_64-linux-gnu/gazebo-11/plugins:/usr/lib/x86_64-linux-gnu/gazebo-11/plugins:/usr/lib/x86_64-linux-gnu/gazebo-11/plugins:/usr/lib/x86_64-linux-gnu/gazebo-11/plugins:/usr/lib/x86_64-linux-gnu/gazebo-11/plugins:/usr/lib/x86_64-linux-gnu/gazebo-11/plugins:/usr/lib/x86_64-linux-gnu/gazebo-11/plugins:/usr/lib/x86_64-linux-gnu/gazebo-11/plugins:/usr/lib/x86_64-linux-gnu/gazebo-11/plugins:/usr/lib/x86_64-linux-gnu/gazebo-11/plugins PYTHONPATH=/home/jo/project_RobotEngineering_3/my_robot/build/py_custom_srv_pkg/prefix_override:/usr/lib/python3/dist-packages/colcon_core/task/python/colcon_distutils_commands:/home/jo/project_RobotEngineering_3/my_robot/install/py_custom_srv_pkg/lib/python3.10/site-packages:${PYTHONPATH} /usr/bin/python3 -W ignore:setup.py install is deprecated -W ignore:easy_install command is deprecated setup.py egg_info --egg-base ../../build/py_custom_srv_pkg build --build-base /home/jo/project_RobotEngineering_3/my_robot/build/py_custom_srv_pkg/build install --record /home/jo/project_RobotEngineering_3/my_robot/build/py_custom_srv_pkg/install.log --single-version-externally-managed install_data[0m
[5.172s] [34mcolcon.colcon_core.environment[0m [1;30mLevel 1[0m checking '/home/jo/project_RobotEngineering_3/my_robot/install/py_custom_srv_pkg' for CMake config files
[5.173s] [34mcolcon.colcon_core.environment[0m [1;30mLevel 1[0m checking '/home/jo/project_RobotEngineering_3/my_robot/install/py_custom_srv_pkg/lib'
[5.173s] [34mcolcon.colcon_core.environment[0m [1;30mLevel 1[0m checking '/home/jo/project_RobotEngineering_3/my_robot/install/py_custom_srv_pkg/bin'
[5.173s] [34mcolcon.colcon_core.environment[0m [1;30mLevel 1[0m checking '/home/jo/project_RobotEngineering_3/my_robot/install/py_custom_srv_pkg/lib/pkgconfig/py_custom_srv_pkg.pc'
[5.173s] [34mcolcon.colcon_core.environment[0m [1;30mLevel 1[0m checking '/home/jo/project_RobotEngineering_3/my_robot/install/py_custom_srv_pkg/lib/python3.10/site-packages'
[5.173s] [34mcolcon.colcon_core.shell[0m [1;30mLevel 1[0m create_environment_hook('py_custom_srv_pkg', 'pythonpath')
[5.174s] [34mcolcon.colcon_core.shell[0m [1;30mINFO[0m Creating environment hook '/home/jo/project_RobotEngineering_3/my_robot/install/py_custom_srv_pkg/share/py_custom_srv_pkg/hook/pythonpath.ps1'
[5.174s] [34mcolcon.colcon_core.shell[0m [1;30mINFO[0m Creating environment descriptor '/home/jo/project_RobotEngineering_3/my_robot/install/py_custom_srv_pkg/share/py_custom_srv_pkg/hook/pythonpath.dsv'
[5.175s] [34mcolcon.colcon_core.shell[0m [1;30mINFO[0m Creating environment hook '/home/jo/project_RobotEngineering_3/my_robot/install/py_custom_srv_pkg/share/py_custom_srv_pkg/hook/pythonpath.sh'
[5.175s] [34mcolcon.colcon_core.environment[0m [1;30mLevel 1[0m checking '/home/jo/project_RobotEngineering_3/my_robot/install/py_custom_srv_pkg/bin'
[5.175s] [34mcolcon.colcon_core.environment[0m [1;30mLevel 1[0m create_environment_scripts_only(py_custom_srv_pkg)
[5.176s] [34mcolcon.colcon_core.shell[0m [1;30mINFO[0m Creating package script '/home/jo/project_RobotEngineering_3/my_robot/install/py_custom_srv_pkg/share/py_custom_srv_pkg/package.ps1'
[5.177s] [34mcolcon.colcon_core.shell[0m [1;30mINFO[0m Creating package descriptor '/home/jo/project_RobotEngineering_3/my_robot/install/py_custom_srv_pkg/share/py_custom_srv_pkg/package.dsv'
[5.177s] [34mcolcon.colcon_core.shell[0m [1;30mINFO[0m Creating package script '/home/jo/project_RobotEngineering_3/my_robot/install/py_custom_srv_pkg/share/py_custom_srv_pkg/package.sh'
[5.178s] [34mcolcon.colcon_core.shell[0m [1;30mINFO[0m Creating package script '/home/jo/project_RobotEngineering_3/my_robot/install/py_custom_srv_pkg/share/py_custom_srv_pkg/package.bash'
[5.178s] [34mcolcon.colcon_core.shell[0m [1;30mINFO[0m Creating package script '/home/jo/project_RobotEngineering_3/my_robot/install/py_custom_srv_pkg/share/py_custom_srv_pkg/package.zsh'
[5.179s] [34mcolcon.colcon_core.environment[0m [1;30mLevel 1[0m create_file_with_runtime_dependencies(/home/jo/project_RobotEngineering_3/my_robot/install/py_custom_srv_pkg/share/colcon-core/packages/py_custom_srv_pkg)
[5.724s] [34mcolcon.colcon_core.event_handler.log_command[0m [1;30mDEBUG[0m [32mInvoked command in '/home/jo/project_RobotEngineering_3/my_robot/build/realsense2_description' returned '0': CMAKE_PREFIX_PATH=/home/jo/project_RobotEngineering_3/my_robot/install/realsense2_camera_msgs:/home/jo/project_RobotEngineering_3/my_robot/install/realsense2_description:/home/jo/project_RobotEngineering_3/my_robot/install/realsense2_camera:/home/jo/project_RobotEngineering_3/my_robot/install/my_custom_srv_pkg:/home/jo/project_RobotEngineering_3/my_robot/install/py_custom_srv_pkg:/opt/ros/humble LD_LIBRARY_PATH=/home/jo/project_RobotEngineering_3/my_robot/install/realsense2_camera_msgs/lib:/home/jo/project_RobotEngineering_3/my_robot/install/realsense2_camera/lib:/home/jo/project_RobotEngineering_3/my_robot/install/my_custom_srv_pkg/lib:/usr/lib/x86_64-linux-gnu/gazebo-11/plugins:/opt/ros/humble/opt/rviz_ogre_vendor/lib:/opt/ros/humble/lib/x86_64-linux-gnu:/opt/ros/humble/lib:/usr/lib/x86_64-linux-gnu/gazebo-11/plugins:/usr/lib/x86_64-linux-gnu/gazebo-11/plugins:/usr/lib/x86_64-linux-gnu/gazebo-11/plugins:/usr/lib/x86_64-linux-gnu/gazebo-11/plugins:/usr/lib/x86_64-linux-gnu/gazebo-11/plugins:/usr/lib/x86_64-linux-gnu/gazebo-11/plugins:/usr/lib/x86_64-linux-gnu/gazebo-11/plugins:/usr/lib/x86_64-linux-gnu/gazebo-11/plugins:/usr/lib/x86_64-linux-gnu/gazebo-11/plugins:/usr/lib/x86_64-linux-gnu/gazebo-11/plugins /usr/bin/cmake /home/jo/project_RobotEngineering_3/my_robot/src/realsense-ros/realsense2_description -DCMAKE_INSTALL_PREFIX=/home/jo/project_RobotEngineering_3/my_robot/install/realsense2_description[0m
[5.725s] [34mcolcon.colcon_core.event_handler.log_command[0m [1;30mDEBUG[0m [32mInvoking command in '/home/jo/project_RobotEngineering_3/my_robot/build/realsense2_description': CMAKE_PREFIX_PATH=/home/jo/project_RobotEngineering_3/my_robot/install/realsense2_camera_msgs:/home/jo/project_RobotEngineering_3/my_robot/install/realsense2_description:/home/jo/project_RobotEngineering_3/my_robot/install/realsense2_camera:/home/jo/project_RobotEngineering_3/my_robot/install/my_custom_srv_pkg:/home/jo/project_RobotEngineering_3/my_robot/install/py_custom_srv_pkg:/opt/ros/humble LD_LIBRARY_PATH=/home/jo/project_RobotEngineering_3/my_robot/install/realsense2_camera_msgs/lib:/home/jo/project_RobotEngineering_3/my_robot/install/realsense2_camera/lib:/home/jo/project_RobotEngineering_3/my_robot/install/my_custom_srv_pkg/lib:/usr/lib/x86_64-linux-gnu/gazebo-11/plugins:/opt/ros/humble/opt/rviz_ogre_vendor/lib:/opt/ros/humble/lib/x86_64-linux-gnu:/opt/ros/humble/lib:/usr/lib/x86_64-linux-gnu/gazebo-11/plugins:/usr/lib/x86_64-linux-gnu/gazebo-11/plugins:/usr/lib/x86_64-linux-gnu/gazebo-11/plugins:/usr/lib/x86_64-linux-gnu/gazebo-11/plugins:/usr/lib/x86_64-linux-gnu/gazebo-11/plugins:/usr/lib/x86_64-linux-gnu/gazebo-11/plugins:/usr/lib/x86_64-linux-gnu/gazebo-11/plugins:/usr/lib/x86_64-linux-gnu/gazebo-11/plugins:/usr/lib/x86_64-linux-gnu/gazebo-11/plugins:/usr/lib/x86_64-linux-gnu/gazebo-11/plugins /usr/bin/cmake --build /home/jo/project_RobotEngineering_3/my_robot/build/realsense2_description -- -j12 -l12[0m
[5.762s] [34mcolcon.colcon_core.event_handler.log_command[0m [1;30mDEBUG[0m [32mInvoked command in '/home/jo/project_RobotEngineering_3/my_robot/build/realsense2_description' returned '0': CMAKE_PREFIX_PATH=/home/jo/project_RobotEngineering_3/my_robot/install/realsense2_camera_msgs:/home/jo/project_RobotEngineering_3/my_robot/install/realsense2_description:/home/jo/project_RobotEngineering_3/my_robot/install/realsense2_camera:/home/jo/project_RobotEngineering_3/my_robot/install/my_custom_srv_pkg:/home/jo/project_RobotEngineering_3/my_robot/install/py_custom_srv_pkg:/opt/ros/humble LD_LIBRARY_PATH=/home/jo/project_RobotEngineering_3/my_robot/install/realsense2_camera_msgs/lib:/home/jo/project_RobotEngineering_3/my_robot/install/realsense2_camera/lib:/home/jo/project_RobotEngineering_3/my_robot/install/my_custom_srv_pkg/lib:/usr/lib/x86_64-linux-gnu/gazebo-11/plugins:/opt/ros/humble/opt/rviz_ogre_vendor/lib:/opt/ros/humble/lib/x86_64-linux-gnu:/opt/ros/humble/lib:/usr/lib/x86_64-linux-gnu/gazebo-11/plugins:/usr/lib/x86_64-linux-gnu/gazebo-11/plugins:/usr/lib/x86_64-linux-gnu/gazebo-11/plugins:/usr/lib/x86_64-linux-gnu/gazebo-11/plugins:/usr/lib/x86_64-linux-gnu/gazebo-11/plugins:/usr/lib/x86_64-linux-gnu/gazebo-11/plugins:/usr/lib/x86_64-linux-gnu/gazebo-11/plugins:/usr/lib/x86_64-linux-gnu/gazebo-11/plugins:/usr/lib/x86_64-linux-gnu/gazebo-11/plugins:/usr/lib/x86_64-linux-gnu/gazebo-11/plugins /usr/bin/cmake --build /home/jo/project_RobotEngineering_3/my_robot/build/realsense2_description -- -j12 -l12[0m
[5.764s] [34mcolcon.colcon_core.event_handler.log_command[0m [1;30mDEBUG[0m [32mInvoking command in '/home/jo/project_RobotEngineering_3/my_robot/build/realsense2_description': CMAKE_PREFIX_PATH=/home/jo/project_RobotEngineering_3/my_robot/install/realsense2_camera_msgs:/home/jo/project_RobotEngineering_3/my_robot/install/realsense2_description:/home/jo/project_RobotEngineering_3/my_robot/install/realsense2_camera:/home/jo/project_RobotEngineering_3/my_robot/install/my_custom_srv_pkg:/home/jo/project_RobotEngineering_3/my_robot/install/py_custom_srv_pkg:/opt/ros/humble LD_LIBRARY_PATH=/home/jo/project_RobotEngineering_3/my_robot/install/realsense2_camera_msgs/lib:/home/jo/project_RobotEngineering_3/my_robot/install/realsense2_camera/lib:/home/jo/project_RobotEngineering_3/my_robot/install/my_custom_srv_pkg/lib:/usr/lib/x86_64-linux-gnu/gazebo-11/plugins:/opt/ros/humble/opt/rviz_ogre_vendor/lib:/opt/ros/humble/lib/x86_64-linux-gnu:/opt/ros/humble/lib:/usr/lib/x86_64-linux-gnu/gazebo-11/plugins:/usr/lib/x86_64-linux-gnu/gazebo-11/plugins:/usr/lib/x86_64-linux-gnu/gazebo-11/plugins:/usr/lib/x86_64-linux-gnu/gazebo-11/plugins:/usr/lib/x86_64-linux-gnu/gazebo-11/plugins:/usr/lib/x86_64-linux-gnu/gazebo-11/plugins:/usr/lib/x86_64-linux-gnu/gazebo-11/plugins:/usr/lib/x86_64-linux-gnu/gazebo-11/plugins:/usr/lib/x86_64-linux-gnu/gazebo-11/plugins:/usr/lib/x86_64-linux-gnu/gazebo-11/plugins /usr/bin/cmake --install /home/jo/project_RobotEngineering_3/my_robot/build/realsense2_description[0m
[5.828s] [34mcolcon.colcon_core.environment[0m [1;30mLevel 1[0m create_environment_scripts_only(realsense2_description)
[5.828s] [34mcolcon.colcon_core.environment[0m [1;30mLevel 1[0m checking '/home/jo/project_RobotEngineering_3/my_robot/install/realsense2_description' for CMake module files
[5.828s] [34mcolcon.colcon_core.event_handler.log_command[0m [1;30mDEBUG[0m [32mInvoked command in '/home/jo/project_RobotEngineering_3/my_robot/build/realsense2_description' returned '0': CMAKE_PREFIX_PATH=/home/jo/project_RobotEngineering_3/my_robot/install/realsense2_camera_msgs:/home/jo/project_RobotEngineering_3/my_robot/install/realsense2_description:/home/jo/project_RobotEngineering_3/my_robot/install/realsense2_camera:/home/jo/project_RobotEngineering_3/my_robot/install/my_custom_srv_pkg:/home/jo/project_RobotEngineering_3/my_robot/install/py_custom_srv_pkg:/opt/ros/humble LD_LIBRARY_PATH=/home/jo/project_RobotEngineering_3/my_robot/install/realsense2_camera_msgs/lib:/home/jo/project_RobotEngineering_3/my_robot/install/realsense2_camera/lib:/home/jo/project_RobotEngineering_3/my_robot/install/my_custom_srv_pkg/lib:/usr/lib/x86_64-linux-gnu/gazebo-11/plugins:/opt/ros/humble/opt/rviz_ogre_vendor/lib:/opt/ros/humble/lib/x86_64-linux-gnu:/opt/ros/humble/lib:/usr/lib/x86_64-linux-gnu/gazebo-11/plugins:/usr/lib/x86_64-linux-gnu/gazebo-11/plugins:/usr/lib/x86_64-linux-gnu/gazebo-11/plugins:/usr/lib/x86_64-linux-gnu/gazebo-11/plugins:/usr/lib/x86_64-linux-gnu/gazebo-11/plugins:/usr/lib/x86_64-linux-gnu/gazebo-11/plugins:/usr/lib/x86_64-linux-gnu/gazebo-11/plugins:/usr/lib/x86_64-linux-gnu/gazebo-11/plugins:/usr/lib/x86_64-linux-gnu/gazebo-11/plugins:/usr/lib/x86_64-linux-gnu/gazebo-11/plugins /usr/bin/cmake --install /home/jo/project_RobotEngineering_3/my_robot/build/realsense2_description[0m
[5.829s] [34mcolcon.colcon_core.environment[0m [1;30mLevel 1[0m checking '/home/jo/project_RobotEngineering_3/my_robot/install/realsense2_description' for CMake config files
[5.829s] [34mcolcon.colcon_core.shell[0m [1;30mLevel 1[0m create_environment_hook('realsense2_description', 'cmake_prefix_path')
[5.829s] [34mcolcon.colcon_core.shell[0m [1;30mINFO[0m Creating environment hook '/home/jo/project_RobotEngineering_3/my_robot/install/realsense2_description/share/realsense2_description/hook/cmake_prefix_path.ps1'
[5.829s] [34mcolcon.colcon_core.shell[0m [1;30mINFO[0m Creating environment descriptor '/home/jo/project_RobotEngineering_3/my_robot/install/realsense2_description/share/realsense2_description/hook/cmake_prefix_path.dsv'
[5.830s] [34mcolcon.colcon_core.shell[0m [1;30mINFO[0m Creating environment hook '/home/jo/project_RobotEngineering_3/my_robot/install/realsense2_description/share/realsense2_description/hook/cmake_prefix_path.sh'
[5.830s] [34mcolcon.colcon_core.environment[0m [1;30mLevel 1[0m checking '/home/jo/project_RobotEngineering_3/my_robot/install/realsense2_description/bin'
[5.830s] [34mcolcon.colcon_core.environment[0m [1;30mLevel 1[0m checking '/home/jo/project_RobotEngineering_3/my_robot/install/realsense2_description/lib/pkgconfig/realsense2_description.pc'
[5.830s] [34mcolcon.colcon_core.environment[0m [1;30mLevel 1[0m checking '/home/jo/project_RobotEngineering_3/my_robot/install/realsense2_description/lib/python3.10/site-packages'
[5.830s] [34mcolcon.colcon_core.environment[0m [1;30mLevel 1[0m checking '/home/jo/project_RobotEngineering_3/my_robot/install/realsense2_description/bin'
[5.831s] [34mcolcon.colcon_core.shell[0m [1;30mINFO[0m Creating package script '/home/jo/project_RobotEngineering_3/my_robot/install/realsense2_description/share/realsense2_description/package.ps1'
[5.831s] [34mcolcon.colcon_core.shell[0m [1;30mINFO[0m Creating package descriptor '/home/jo/project_RobotEngineering_3/my_robot/install/realsense2_description/share/realsense2_description/package.dsv'
[5.831s] [34mcolcon.colcon_core.shell[0m [1;30mINFO[0m Creating package script '/home/jo/project_RobotEngineering_3/my_robot/install/realsense2_description/share/realsense2_description/package.sh'
[5.832s] [34mcolcon.colcon_core.shell[0m [1;30mINFO[0m Creating package script '/home/jo/project_RobotEngineering_3/my_robot/install/realsense2_description/share/realsense2_description/package.bash'
[5.832s] [34mcolcon.colcon_core.shell[0m [1;30mINFO[0m Creating package script '/home/jo/project_RobotEngineering_3/my_robot/install/realsense2_description/share/realsense2_description/package.zsh'
[5.832s] [34mcolcon.colcon_core.environment[0m [1;30mLevel 1[0m create_file_with_runtime_dependencies(/home/jo/project_RobotEngineering_3/my_robot/install/realsense2_description/share/colcon-core/packages/realsense2_description)
[5.832s] [34mcolcon.colcon_core.environment[0m [1;30mLevel 1[0m create_environment_scripts_only(realsense2_description)
[5.833s] [34mcolcon.colcon_core.environment[0m [1;30mLevel 1[0m checking '/home/jo/project_RobotEngineering_3/my_robot/install/realsense2_description' for CMake module files
[5.833s] [34mcolcon.colcon_core.environment[0m [1;30mLevel 1[0m checking '/home/jo/project_RobotEngineering_3/my_robot/install/realsense2_description' for CMake config files
[5.833s] [34mcolcon.colcon_core.shell[0m [1;30mLevel 1[0m create_environment_hook('realsense2_description', 'cmake_prefix_path')
[5.833s] [34mcolcon.colcon_core.shell[0m [1;30mINFO[0m Creating environment hook '/home/jo/project_RobotEngineering_3/my_robot/install/realsense2_description/share/realsense2_description/hook/cmake_prefix_path.ps1'
[5.833s] [34mcolcon.colcon_core.shell[0m [1;30mINFO[0m Creating environment descriptor '/home/jo/project_RobotEngineering_3/my_robot/install/realsense2_description/share/realsense2_description/hook/cmake_prefix_path.dsv'
[5.834s] [34mcolcon.colcon_core.shell[0m [1;30mINFO[0m Creating environment hook '/home/jo/project_RobotEngineering_3/my_robot/install/realsense2_description/share/realsense2_description/hook/cmake_prefix_path.sh'
[5.834s] [34mcolcon.colcon_core.environment[0m [1;30mLevel 1[0m checking '/home/jo/project_RobotEngineering_3/my_robot/install/realsense2_description/bin'
[5.834s] [34mcolcon.colcon_core.environment[0m [1;30mLevel 1[0m checking '/home/jo/project_RobotEngineering_3/my_robot/install/realsense2_description/lib/pkgconfig/realsense2_description.pc'
[5.834s] [34mcolcon.colcon_core.environment[0m [1;30mLevel 1[0m checking '/home/jo/project_RobotEngineering_3/my_robot/install/realsense2_description/lib/python3.10/site-packages'
[5.835s] [34mcolcon.colcon_core.environment[0m [1;30mLevel 1[0m checking '/home/jo/project_RobotEngineering_3/my_robot/install/realsense2_description/bin'
[5.835s] [34mcolcon.colcon_core.shell[0m [1;30mINFO[0m Creating package script '/home/jo/project_RobotEngineering_3/my_robot/install/realsense2_description/share/realsense2_description/package.ps1'
[5.835s] [34mcolcon.colcon_core.shell[0m [1;30mINFO[0m Creating package descriptor '/home/jo/project_RobotEngineering_3/my_robot/install/realsense2_description/share/realsense2_description/package.dsv'
[5.835s] [34mcolcon.colcon_core.shell[0m [1;30mINFO[0m Creating package script '/home/jo/project_RobotEngineering_3/my_robot/install/realsense2_description/share/realsense2_description/package.sh'
[5.836s] [34mcolcon.colcon_core.shell[0m [1;30mINFO[0m Creating package script '/home/jo/project_RobotEngineering_3/my_robot/install/realsense2_description/share/realsense2_description/package.bash'
[5.836s] [34mcolcon.colcon_core.shell[0m [1;30mINFO[0m Creating package script '/home/jo/project_RobotEngineering_3/my_robot/install/realsense2_description/share/realsense2_description/package.zsh'
[5.836s] [34mcolcon.colcon_core.environment[0m [1;30mLevel 1[0m create_file_with_runtime_dependencies(/home/jo/project_RobotEngineering_3/my_robot/install/realsense2_description/share/colcon-core/packages/realsense2_description)
[6.321s] [34mcolcon.colcon_core.event_handler.log_command[0m [1;30mDEBUG[0m [32mInvoked command in '/home/jo/project_RobotEngineering_3/my_robot/build/realsense2_camera' returned '1': CMAKE_PREFIX_PATH=/home/jo/project_RobotEngineering_3/my_robot/install/realsense2_camera_msgs:/home/jo/project_RobotEngineering_3/my_robot/install/realsense2_description:/home/jo/project_RobotEngineering_3/my_robot/install/realsense2_camera:/home/jo/project_RobotEngineering_3/my_robot/install/my_custom_srv_pkg:/home/jo/project_RobotEngineering_3/my_robot/install/py_custom_srv_pkg:/opt/ros/humble LD_LIBRARY_PATH=/home/jo/project_RobotEngineering_3/my_robot/install/realsense2_camera_msgs/lib:/home/jo/project_RobotEngineering_3/my_robot/install/realsense2_camera/lib:/home/jo/project_RobotEngineering_3/my_robot/install/my_custom_srv_pkg/lib:/usr/lib/x86_64-linux-gnu/gazebo-11/plugins:/opt/ros/humble/opt/rviz_ogre_vendor/lib:/opt/ros/humble/lib/x86_64-linux-gnu:/opt/ros/humble/lib:/usr/lib/x86_64-linux-gnu/gazebo-11/plugins:/usr/lib/x86_64-linux-gnu/gazebo-11/plugins:/usr/lib/x86_64-linux-gnu/gazebo-11/plugins:/usr/lib/x86_64-linux-gnu/gazebo-11/plugins:/usr/lib/x86_64-linux-gnu/gazebo-11/plugins:/usr/lib/x86_64-linux-gnu/gazebo-11/plugins:/usr/lib/x86_64-linux-gnu/gazebo-11/plugins:/usr/lib/x86_64-linux-gnu/gazebo-11/plugins:/usr/lib/x86_64-linux-gnu/gazebo-11/plugins:/usr/lib/x86_64-linux-gnu/gazebo-11/plugins /usr/bin/cmake /home/jo/project_RobotEngineering_3/my_robot/src/realsense-ros/realsense2_camera -DCMAKE_INSTALL_PREFIX=/home/jo/project_RobotEngineering_3/my_robot/install/realsense2_camera[0m
[6.332s] [34mcolcon.colcon_core.environment[0m [1;30mLevel 1[0m create_environment_scripts_only(realsense2_camera)
[6.332s] [34mcolcon.colcon_core.environment[0m [1;30mLevel 1[0m checking '/home/jo/project_RobotEngineering_3/my_robot/install/realsense2_camera' for CMake module files
[6.333s] [34mcolcon.colcon_core.environment[0m [1;30mLevel 1[0m checking '/home/jo/project_RobotEngineering_3/my_robot/install/realsense2_camera' for CMake config files
[6.333s] [34mcolcon.colcon_core.environment[0m [1;30mLevel 1[0m checking '/home/jo/project_RobotEngineering_3/my_robot/install/realsense2_camera/bin'
[6.333s] [34mcolcon.colcon_core.environment[0m [1;30mLevel 1[0m checking '/home/jo/project_RobotEngineering_3/my_robot/install/realsense2_camera/lib/pkgconfig/realsense2_camera.pc'
[6.333s] [34mcolcon.colcon_core.environment[0m [1;30mLevel 1[0m checking '/home/jo/project_RobotEngineering_3/my_robot/install/realsense2_camera/lib/python3.10/site-packages'
[6.333s] [34mcolcon.colcon_core.environment[0m [1;30mLevel 1[0m checking '/home/jo/project_RobotEngineering_3/my_robot/install/realsense2_camera/bin'
[6.333s] [34mcolcon.colcon_core.shell[0m [1;30mINFO[0m Creating package script '/home/jo/project_RobotEngineering_3/my_robot/install/realsense2_camera/share/realsense2_camera/package.ps1'
[6.334s] [34mcolcon.colcon_core.shell[0m [1;30mINFO[0m Creating package descriptor '/home/jo/project_RobotEngineering_3/my_robot/install/realsense2_camera/share/realsense2_camera/package.dsv'
[6.334s] [34mcolcon.colcon_core.shell[0m [1;30mINFO[0m Creating package script '/home/jo/project_RobotEngineering_3/my_robot/install/realsense2_camera/share/realsense2_camera/package.sh'
[6.334s] [34mcolcon.colcon_core.shell[0m [1;30mINFO[0m Creating package script '/home/jo/project_RobotEngineering_3/my_robot/install/realsense2_camera/share/realsense2_camera/package.bash'
[6.334s] [34mcolcon.colcon_core.shell[0m [1;30mINFO[0m Creating package script '/home/jo/project_RobotEngineering_3/my_robot/install/realsense2_camera/share/realsense2_camera/package.zsh'
[6.334s] [34mcolcon.colcon_core.environment[0m [1;30mLevel 1[0m create_file_with_runtime_dependencies(/home/jo/project_RobotEngineering_3/my_robot/install/realsense2_camera/share/colcon-core/packages/realsense2_camera)
[6.345s] [34mcolcon.colcon_parallel_executor.executor.parallel[0m [1;30mDEBUG[0m [32mclosing loop[0m
[6.345s] [34mcolcon.colcon_parallel_executor.executor.parallel[0m [1;30mDEBUG[0m [32mloop closed[0m
[6.345s] [34mcolcon.colcon_parallel_executor.executor.parallel[0m [1;30mDEBUG[0m [32mrun_until_complete finished with '1'[0m
[6.345s] [34mcolcon.colcon_core.event_reactor[0m [1;30mDEBUG[0m [32mjoining thread[0m
[6.349s] [34mcolcon.colcon_core.plugin_system[0m [1;30mINFO[0m Skipping extension 'colcon_notification.desktop_notification.terminal_notifier': Not used on non-Darwin systems
[6.349s] [34mcolcon.colcon_core.plugin_system[0m [1;30mINFO[0m Skipping extension 'colcon_notification.desktop_notification.win32': Not used on non-Windows systems
[6.349s] [34mcolcon.colcon_notification.desktop_notification[0m [1;30mINFO[0m Sending desktop notification using 'notify2'
[6.361s] [34mcolcon.colcon_core.event_reactor[0m [1;30mDEBUG[0m [32mjoined thread[0m
[6.361s] [34mcolcon.colcon_core.shell[0m [1;30mINFO[0m Creating prefix script '/home/jo/project_RobotEngineering_3/my_robot/install/local_setup.ps1'
[6.362s] [34mcolcon.colcon_core.shell[0m [1;30mINFO[0m Creating prefix util module '/home/jo/project_RobotEngineering_3/my_robot/install/_local_setup_util_ps1.py'
[6.363s] [34mcolcon.colcon_core.shell[0m [1;30mINFO[0m Creating prefix chain script '/home/jo/project_RobotEngineering_3/my_robot/install/setup.ps1'
[6.364s] [34mcolcon.colcon_core.shell[0m [1;30mINFO[0m Creating prefix script '/home/jo/project_RobotEngineering_3/my_robot/install/local_setup.sh'
[6.364s] [34mcolcon.colcon_core.shell[0m [1;30mINFO[0m Creating prefix util module '/home/jo/project_RobotEngineering_3/my_robot/install/_local_setup_util_sh.py'
[6.365s] [34mcolcon.colcon_core.shell[0m [1;30mINFO[0m Creating prefix chain script '/home/jo/project_RobotEngineering_3/my_robot/install/setup.sh'
[6.365s] [34mcolcon.colcon_core.shell[0m [1;30mINFO[0m Creating prefix script '/home/jo/project_RobotEngineering_3/my_robot/install/local_setup.bash'
[6.366s] [34mcolcon.colcon_core.shell[0m [1;30mINFO[0m Creating prefix chain script '/home/jo/project_RobotEngineering_3/my_robot/install/setup.bash'
[6.366s] [34mcolcon.colcon_core.shell[0m [1;30mINFO[0m Creating prefix script '/home/jo/project_RobotEngineering_3/my_robot/install/local_setup.zsh'
[6.367s] [34mcolcon.colcon_core.shell[0m [1;30mINFO[0m Creating prefix chain script '/home/jo/project_RobotEngineering_3/my_robot/install/setup.zsh'
