[0.010s] Invoking command in '/home/jo/project_RobotEngineering_3/my_robot/build/realsense2_description': CMAKE_PREFIX_PATH=/home/jo/project_RobotEngineering_3/my_robot/install/realsense2_camera_msgs:/home/jo/project_RobotEngineering_3/my_robot/install/realsense2_description:/home/jo/project_RobotEngineering_3/my_robot/install/realsense2_camera:/home/jo/project_RobotEngineering_3/my_robot/install/my_custom_srv_pkg:/home/jo/project_RobotEngineering_3/my_robot/install/py_custom_srv_pkg:/opt/ros/humble LD_LIBRARY_PATH=/home/jo/project_RobotEngineering_3/my_robot/install/realsense2_camera_msgs/lib:/home/jo/project_RobotEngineering_3/my_robot/install/realsense2_camera/lib:/home/jo/project_RobotEngineering_3/my_robot/install/my_custom_srv_pkg/lib:/usr/lib/x86_64-linux-gnu/gazebo-11/plugins:/opt/ros/humble/opt/rviz_ogre_vendor/lib:/opt/ros/humble/lib/x86_64-linux-gnu:/opt/ros/humble/lib:/usr/lib/x86_64-linux-gnu/gazebo-11/plugins:/usr/lib/x86_64-linux-gnu/gazebo-11/plugins:/usr/lib/x86_64-linux-gnu/gazebo-11/plugins:/usr/lib/x86_64-linux-gnu/gazebo-11/plugins:/usr/lib/x86_64-linux-gnu/gazebo-11/plugins:/usr/lib/x86_64-linux-gnu/gazebo-11/plugins:/usr/lib/x86_64-linux-gnu/gazebo-11/plugins:/usr/lib/x86_64-linux-gnu/gazebo-11/plugins:/usr/lib/x86_64-linux-gnu/gazebo-11/plugins:/usr/lib/x86_64-linux-gnu/gazebo-11/plugins /usr/bin/cmake /home/jo/project_RobotEngineering_3/my_robot/src/realsense-ros/realsense2_description -DCMAKE_INSTALL_PREFIX=/home/jo/project_RobotEngineering_3/my_robot/install/realsense2_description
[0.127s] -- The C compiler identification is GNU 11.4.0
[0.183s] -- The CXX compiler identification is GNU 11.4.0
[0.191s] -- Detecting C compiler ABI info
[0.256s] -- Detecting C compiler ABI info - done
[0.266s] -- Check for working C compiler: /usr/bin/cc - skipped
[0.266s] -- Detecting C compile features
[0.267s] -- Detecting C compile features - done
[0.271s] -- Detecting CXX compiler ABI info
[0.349s] -- Detecting CXX compiler ABI info - done
[0.359s] -- Check for working CXX compiler: /usr/bin/c++ - skipped
[0.359s] -- Detecting CXX compile features
[0.360s] -- Detecting CXX compile features - done
[0.363s] -- Found ament_cmake: 1.3.12 (/opt/ros/humble/share/ament_cmake/cmake)
[0.515s] -- Found Python3: /usr/bin/python3 (found version "3.10.12") found components: Interpreter 
[0.669s] -- Configuring done
[0.671s] -- Generating done
[0.674s] -- Build files have been written to: /home/jo/project_RobotEngineering_3/my_robot/build/realsense2_description
[0.678s] Invoked command in '/home/jo/project_RobotEngineering_3/my_robot/build/realsense2_description' returned '0': CMAKE_PREFIX_PATH=/home/jo/project_RobotEngineering_3/my_robot/install/realsense2_camera_msgs:/home/jo/project_RobotEngineering_3/my_robot/install/realsense2_description:/home/jo/project_RobotEngineering_3/my_robot/install/realsense2_camera:/home/jo/project_RobotEngineering_3/my_robot/install/my_custom_srv_pkg:/home/jo/project_RobotEngineering_3/my_robot/install/py_custom_srv_pkg:/opt/ros/humble LD_LIBRARY_PATH=/home/jo/project_RobotEngineering_3/my_robot/install/realsense2_camera_msgs/lib:/home/jo/project_RobotEngineering_3/my_robot/install/realsense2_camera/lib:/home/jo/project_RobotEngineering_3/my_robot/install/my_custom_srv_pkg/lib:/usr/lib/x86_64-linux-gnu/gazebo-11/plugins:/opt/ros/humble/opt/rviz_ogre_vendor/lib:/opt/ros/humble/lib/x86_64-linux-gnu:/opt/ros/humble/lib:/usr/lib/x86_64-linux-gnu/gazebo-11/plugins:/usr/lib/x86_64-linux-gnu/gazebo-11/plugins:/usr/lib/x86_64-linux-gnu/gazebo-11/plugins:/usr/lib/x86_64-linux-gnu/gazebo-11/plugins:/usr/lib/x86_64-linux-gnu/gazebo-11/plugins:/usr/lib/x86_64-linux-gnu/gazebo-11/plugins:/usr/lib/x86_64-linux-gnu/gazebo-11/plugins:/usr/lib/x86_64-linux-gnu/gazebo-11/plugins:/usr/lib/x86_64-linux-gnu/gazebo-11/plugins:/usr/lib/x86_64-linux-gnu/gazebo-11/plugins /usr/bin/cmake /home/jo/project_RobotEngineering_3/my_robot/src/realsense-ros/realsense2_description -DCMAKE_INSTALL_PREFIX=/home/jo/project_RobotEngineering_3/my_robot/install/realsense2_description
[0.680s] Invoking command in '/home/jo/project_RobotEngineering_3/my_robot/build/realsense2_description': CMAKE_PREFIX_PATH=/home/jo/project_RobotEngineering_3/my_robot/install/realsense2_camera_msgs:/home/jo/project_RobotEngineering_3/my_robot/install/realsense2_description:/home/jo/project_RobotEngineering_3/my_robot/install/realsense2_camera:/home/jo/project_RobotEngineering_3/my_robot/install/my_custom_srv_pkg:/home/jo/project_RobotEngineering_3/my_robot/install/py_custom_srv_pkg:/opt/ros/humble LD_LIBRARY_PATH=/home/jo/project_RobotEngineering_3/my_robot/install/realsense2_camera_msgs/lib:/home/jo/project_RobotEngineering_3/my_robot/install/realsense2_camera/lib:/home/jo/project_RobotEngineering_3/my_robot/install/my_custom_srv_pkg/lib:/usr/lib/x86_64-linux-gnu/gazebo-11/plugins:/opt/ros/humble/opt/rviz_ogre_vendor/lib:/opt/ros/humble/lib/x86_64-linux-gnu:/opt/ros/humble/lib:/usr/lib/x86_64-linux-gnu/gazebo-11/plugins:/usr/lib/x86_64-linux-gnu/gazebo-11/plugins:/usr/lib/x86_64-linux-gnu/gazebo-11/plugins:/usr/lib/x86_64-linux-gnu/gazebo-11/plugins:/usr/lib/x86_64-linux-gnu/gazebo-11/plugins:/usr/lib/x86_64-linux-gnu/gazebo-11/plugins:/usr/lib/x86_64-linux-gnu/gazebo-11/plugins:/usr/lib/x86_64-linux-gnu/gazebo-11/plugins:/usr/lib/x86_64-linux-gnu/gazebo-11/plugins:/usr/lib/x86_64-linux-gnu/gazebo-11/plugins /usr/bin/cmake --build /home/jo/project_RobotEngineering_3/my_robot/build/realsense2_description -- -j12 -l12
[0.716s] Invoked command in '/home/jo/project_RobotEngineering_3/my_robot/build/realsense2_description' returned '0': CMAKE_PREFIX_PATH=/home/jo/project_RobotEngineering_3/my_robot/install/realsense2_camera_msgs:/home/jo/project_RobotEngineering_3/my_robot/install/realsense2_description:/home/jo/project_RobotEngineering_3/my_robot/install/realsense2_camera:/home/jo/project_RobotEngineering_3/my_robot/install/my_custom_srv_pkg:/home/jo/project_RobotEngineering_3/my_robot/install/py_custom_srv_pkg:/opt/ros/humble LD_LIBRARY_PATH=/home/jo/project_RobotEngineering_3/my_robot/install/realsense2_camera_msgs/lib:/home/jo/project_RobotEngineering_3/my_robot/install/realsense2_camera/lib:/home/jo/project_RobotEngineering_3/my_robot/install/my_custom_srv_pkg/lib:/usr/lib/x86_64-linux-gnu/gazebo-11/plugins:/opt/ros/humble/opt/rviz_ogre_vendor/lib:/opt/ros/humble/lib/x86_64-linux-gnu:/opt/ros/humble/lib:/usr/lib/x86_64-linux-gnu/gazebo-11/plugins:/usr/lib/x86_64-linux-gnu/gazebo-11/plugins:/usr/lib/x86_64-linux-gnu/gazebo-11/plugins:/usr/lib/x86_64-linux-gnu/gazebo-11/plugins:/usr/lib/x86_64-linux-gnu/gazebo-11/plugins:/usr/lib/x86_64-linux-gnu/gazebo-11/plugins:/usr/lib/x86_64-linux-gnu/gazebo-11/plugins:/usr/lib/x86_64-linux-gnu/gazebo-11/plugins:/usr/lib/x86_64-linux-gnu/gazebo-11/plugins:/usr/lib/x86_64-linux-gnu/gazebo-11/plugins /usr/bin/cmake --build /home/jo/project_RobotEngineering_3/my_robot/build/realsense2_description -- -j12 -l12
[0.718s] Invoking command in '/home/jo/project_RobotEngineering_3/my_robot/build/realsense2_description': CMAKE_PREFIX_PATH=/home/jo/project_RobotEngineering_3/my_robot/install/realsense2_camera_msgs:/home/jo/project_RobotEngineering_3/my_robot/install/realsense2_description:/home/jo/project_RobotEngineering_3/my_robot/install/realsense2_camera:/home/jo/project_RobotEngineering_3/my_robot/install/my_custom_srv_pkg:/home/jo/project_RobotEngineering_3/my_robot/install/py_custom_srv_pkg:/opt/ros/humble LD_LIBRARY_PATH=/home/jo/project_RobotEngineering_3/my_robot/install/realsense2_camera_msgs/lib:/home/jo/project_RobotEngineering_3/my_robot/install/realsense2_camera/lib:/home/jo/project_RobotEngineering_3/my_robot/install/my_custom_srv_pkg/lib:/usr/lib/x86_64-linux-gnu/gazebo-11/plugins:/opt/ros/humble/opt/rviz_ogre_vendor/lib:/opt/ros/humble/lib/x86_64-linux-gnu:/opt/ros/humble/lib:/usr/lib/x86_64-linux-gnu/gazebo-11/plugins:/usr/lib/x86_64-linux-gnu/gazebo-11/plugins:/usr/lib/x86_64-linux-gnu/gazebo-11/plugins:/usr/lib/x86_64-linux-gnu/gazebo-11/plugins:/usr/lib/x86_64-linux-gnu/gazebo-11/plugins:/usr/lib/x86_64-linux-gnu/gazebo-11/plugins:/usr/lib/x86_64-linux-gnu/gazebo-11/plugins:/usr/lib/x86_64-linux-gnu/gazebo-11/plugins:/usr/lib/x86_64-linux-gnu/gazebo-11/plugins:/usr/lib/x86_64-linux-gnu/gazebo-11/plugins /usr/bin/cmake --install /home/jo/project_RobotEngineering_3/my_robot/build/realsense2_description
[0.726s] -- Install configuration: ""
[0.726s] -- Installing: /home/jo/project_RobotEngineering_3/my_robot/install/realsense2_description/share/realsense2_description/launch
[0.726s] -- Installing: /home/jo/project_RobotEngineering_3/my_robot/install/realsense2_description/share/realsense2_description/launch/view_model.launch.py
[0.727s] -- Installing: /home/jo/project_RobotEngineering_3/my_robot/install/realsense2_description/share/realsense2_description/launch/launch_utils.py
[0.727s] -- Installing: /home/jo/project_RobotEngineering_3/my_robot/install/realsense2_description/share/realsense2_description/meshes
[0.727s] -- Installing: /home/jo/project_RobotEngineering_3/my_robot/install/realsense2_description/share/realsense2_description/meshes/d455.stl
[0.730s] -- Installing: /home/jo/project_RobotEngineering_3/my_robot/install/realsense2_description/share/realsense2_description/meshes/plug.stl
[0.730s] -- Installing: /home/jo/project_RobotEngineering_3/my_robot/install/realsense2_description/share/realsense2_description/meshes/plug_collision.stl
[0.730s] -- Installing: /home/jo/project_RobotEngineering_3/my_robot/install/realsense2_description/share/realsense2_description/meshes/d435.dae
[0.744s] -- Installing: /home/jo/project_RobotEngineering_3/my_robot/install/realsense2_description/share/realsense2_description/meshes/l515.dae
[0.764s] -- Installing: /home/jo/project_RobotEngineering_3/my_robot/install/realsense2_description/share/realsense2_description/meshes/d415.stl
[0.778s] -- Installing: /home/jo/project_RobotEngineering_3/my_robot/install/realsense2_description/share/realsense2_description/rviz
[0.778s] -- Installing: /home/jo/project_RobotEngineering_3/my_robot/install/realsense2_description/share/realsense2_description/rviz/urdf.rviz
[0.778s] -- Installing: /home/jo/project_RobotEngineering_3/my_robot/install/realsense2_description/share/realsense2_description/urdf
[0.779s] -- Installing: /home/jo/project_RobotEngineering_3/my_robot/install/realsense2_description/share/realsense2_description/urdf/test_d455_camera.urdf.xacro
[0.779s] -- Installing: /home/jo/project_RobotEngineering_3/my_robot/install/realsense2_description/share/realsense2_description/urdf/test_l515_camera.urdf.xacro
[0.779s] -- Installing: /home/jo/project_RobotEngineering_3/my_robot/install/realsense2_description/share/realsense2_description/urdf/_d435.urdf.xacro
[0.779s] -- Installing: /home/jo/project_RobotEngineering_3/my_robot/install/realsense2_description/share/realsense2_description/urdf/test_d435_multiple_cameras.urdf.xacro
[0.779s] -- Installing: /home/jo/project_RobotEngineering_3/my_robot/install/realsense2_description/share/realsense2_description/urdf/_r410.urdf.xacro
[0.779s] -- Installing: /home/jo/project_RobotEngineering_3/my_robot/install/realsense2_description/share/realsense2_description/urdf/_d435i.urdf.xacro
[0.779s] -- Installing: /home/jo/project_RobotEngineering_3/my_robot/install/realsense2_description/share/realsense2_description/urdf/_materials.urdf.xacro
[0.779s] -- Installing: /home/jo/project_RobotEngineering_3/my_robot/install/realsense2_description/share/realsense2_description/urdf/test_d435i_camera.urdf.xacro
[0.779s] -- Installing: /home/jo/project_RobotEngineering_3/my_robot/install/realsense2_description/share/realsense2_description/urdf/_usb_plug.urdf.xacro
[0.779s] -- Installing: /home/jo/project_RobotEngineering_3/my_robot/install/realsense2_description/share/realsense2_description/urdf/test_r410_camera.urdf.xacro
[0.780s] -- Installing: /home/jo/project_RobotEngineering_3/my_robot/install/realsense2_description/share/realsense2_description/urdf/_d415.urdf.xacro
[0.780s] -- Installing: /home/jo/project_RobotEngineering_3/my_robot/install/realsense2_description/share/realsense2_description/urdf/_l515.urdf.xacro
[0.780s] -- Installing: /home/jo/project_RobotEngineering_3/my_robot/install/realsense2_description/share/realsense2_description/urdf/test_r430_camera.urdf.xacro
[0.780s] -- Installing: /home/jo/project_RobotEngineering_3/my_robot/install/realsense2_description/share/realsense2_description/urdf/_d455.urdf.xacro
[0.780s] -- Installing: /home/jo/project_RobotEngineering_3/my_robot/install/realsense2_description/share/realsense2_description/urdf/_d435i_imu_modules.urdf.xacro
[0.780s] -- Installing: /home/jo/project_RobotEngineering_3/my_robot/install/realsense2_description/share/realsense2_description/urdf/test_d435_camera.urdf.xacro
[0.780s] -- Installing: /home/jo/project_RobotEngineering_3/my_robot/install/realsense2_description/share/realsense2_description/urdf/_r430.urdf.xacro
[0.780s] -- Installing: /home/jo/project_RobotEngineering_3/my_robot/install/realsense2_description/share/realsense2_description/urdf/test_d415_camera.urdf.xacro
[0.780s] -- Installing: /home/jo/project_RobotEngineering_3/my_robot/install/realsense2_description/share/ament_index/resource_index/package_run_dependencies/realsense2_description
[0.780s] -- Installing: /home/jo/project_RobotEngineering_3/my_robot/install/realsense2_description/share/ament_index/resource_index/parent_prefix_path/realsense2_description
[0.780s] -- Installing: /home/jo/project_RobotEngineering_3/my_robot/install/realsense2_description/share/realsense2_description/environment/ament_prefix_path.sh
[0.780s] -- Installing: /home/jo/project_RobotEngineering_3/my_robot/install/realsense2_description/share/realsense2_description/environment/ament_prefix_path.dsv
[0.781s] -- Installing: /home/jo/project_RobotEngineering_3/my_robot/install/realsense2_description/share/realsense2_description/environment/path.sh
[0.781s] -- Installing: /home/jo/project_RobotEngineering_3/my_robot/install/realsense2_description/share/realsense2_description/environment/path.dsv
[0.781s] -- Installing: /home/jo/project_RobotEngineering_3/my_robot/install/realsense2_description/share/realsense2_description/local_setup.bash
[0.781s] -- Installing: /home/jo/project_RobotEngineering_3/my_robot/install/realsense2_description/share/realsense2_description/local_setup.sh
[0.781s] -- Installing: /home/jo/project_RobotEngineering_3/my_robot/install/realsense2_description/share/realsense2_description/local_setup.zsh
[0.781s] -- Installing: /home/jo/project_RobotEngineering_3/my_robot/install/realsense2_description/share/realsense2_description/local_setup.dsv
[0.781s] -- Installing: /home/jo/project_RobotEngineering_3/my_robot/install/realsense2_description/share/realsense2_description/package.dsv
[0.781s] -- Installing: /home/jo/project_RobotEngineering_3/my_robot/install/realsense2_description/share/ament_index/resource_index/packages/realsense2_description
[0.781s] -- Installing: /home/jo/project_RobotEngineering_3/my_robot/install/realsense2_description/share/realsense2_description/cmake/realsense2_descriptionConfig.cmake
[0.781s] -- Installing: /home/jo/project_RobotEngineering_3/my_robot/install/realsense2_description/share/realsense2_description/cmake/realsense2_descriptionConfig-version.cmake
[0.781s] -- Installing: /home/jo/project_RobotEngineering_3/my_robot/install/realsense2_description/share/realsense2_description/package.xml
[0.783s] Invoked command in '/home/jo/project_RobotEngineering_3/my_robot/build/realsense2_description' returned '0': CMAKE_PREFIX_PATH=/home/jo/project_RobotEngineering_3/my_robot/install/realsense2_camera_msgs:/home/jo/project_RobotEngineering_3/my_robot/install/realsense2_description:/home/jo/project_RobotEngineering_3/my_robot/install/realsense2_camera:/home/jo/project_RobotEngineering_3/my_robot/install/my_custom_srv_pkg:/home/jo/project_RobotEngineering_3/my_robot/install/py_custom_srv_pkg:/opt/ros/humble LD_LIBRARY_PATH=/home/jo/project_RobotEngineering_3/my_robot/install/realsense2_camera_msgs/lib:/home/jo/project_RobotEngineering_3/my_robot/install/realsense2_camera/lib:/home/jo/project_RobotEngineering_3/my_robot/install/my_custom_srv_pkg/lib:/usr/lib/x86_64-linux-gnu/gazebo-11/plugins:/opt/ros/humble/opt/rviz_ogre_vendor/lib:/opt/ros/humble/lib/x86_64-linux-gnu:/opt/ros/humble/lib:/usr/lib/x86_64-linux-gnu/gazebo-11/plugins:/usr/lib/x86_64-linux-gnu/gazebo-11/plugins:/usr/lib/x86_64-linux-gnu/gazebo-11/plugins:/usr/lib/x86_64-linux-gnu/gazebo-11/plugins:/usr/lib/x86_64-linux-gnu/gazebo-11/plugins:/usr/lib/x86_64-linux-gnu/gazebo-11/plugins:/usr/lib/x86_64-linux-gnu/gazebo-11/plugins:/usr/lib/x86_64-linux-gnu/gazebo-11/plugins:/usr/lib/x86_64-linux-gnu/gazebo-11/plugins:/usr/lib/x86_64-linux-gnu/gazebo-11/plugins /usr/bin/cmake --install /home/jo/project_RobotEngineering_3/my_robot/build/realsense2_description
