[0.011s] Invoking command in '/home/jo/project_RobotEngineering_3/my_robot/build/realsense2_description': CMAKE_PREFIX_PATH=/home/jo/project_RobotEngineering_3/my_robot/install/realsense2_camera_msgs:/home/jo/project_RobotEngineering_3/my_robot/install/realsense2_description:/home/jo/project_RobotEngineering_3/my_robot/install/realsense2_camera:/home/jo/project_RobotEngineering_3/my_robot/install/my_command_pkg:/home/jo/project_RobotEngineering_3/my_robot/install/my_robot_pkg:/opt/ros/humble LD_LIBRARY_PATH=/home/jo/project_RobotEngineering_3/my_robot/install/realsense2_camera_msgs/lib:/home/jo/project_RobotEngineering_3/my_robot/install/realsense2_camera/lib:/home/jo/project_RobotEngineering_3/my_robot/install/my_command_pkg/lib:/usr/lib/x86_64-linux-gnu/gazebo-11/plugins:/opt/ros/humble/opt/rviz_ogre_vendor/lib:/opt/ros/humble/lib/x86_64-linux-gnu:/opt/ros/humble/lib:/usr/lib/x86_64-linux-gnu/gazebo-11/plugins /usr/bin/cmake /home/jo/project_RobotEngineering_3/my_robot/src/realsense-ros/realsense2_description -DCMAKE_INSTALL_PREFIX=/home/jo/project_RobotEngineering_3/my_robot/install/realsense2_description
[0.080s] -- The C compiler identification is GNU 11.4.0
[0.140s] -- The CXX compiler identification is GNU 11.4.0
[0.148s] -- Detecting C compiler ABI info
[0.225s] -- Detecting C compiler ABI info - done
[0.237s] -- Check for working C compiler: /usr/bin/cc - skipped
[0.237s] -- Detecting C compile features
[0.237s] -- Detecting C compile features - done
[0.242s] -- Detecting CXX compiler ABI info
[0.355s] -- Detecting CXX compiler ABI info - done
[0.366s] -- Check for working CXX compiler: /usr/bin/c++ - skipped
[0.367s] -- Detecting CXX compile features
[0.367s] -- Detecting CXX compile features - done
[0.372s] -- Found ament_cmake: 1.3.12 (/opt/ros/humble/share/ament_cmake/cmake)
[0.594s] -- Found Python3: /usr/bin/python3 (found version "3.10.12") found components: Interpreter 
[0.823s] -- Configuring done
[0.825s] -- Generating done
[0.826s] -- Build files have been written to: /home/jo/project_RobotEngineering_3/my_robot/build/realsense2_description
[0.830s] Invoked command in '/home/jo/project_RobotEngineering_3/my_robot/build/realsense2_description' returned '0': CMAKE_PREFIX_PATH=/home/jo/project_RobotEngineering_3/my_robot/install/realsense2_camera_msgs:/home/jo/project_RobotEngineering_3/my_robot/install/realsense2_description:/home/jo/project_RobotEngineering_3/my_robot/install/realsense2_camera:/home/jo/project_RobotEngineering_3/my_robot/install/my_command_pkg:/home/jo/project_RobotEngineering_3/my_robot/install/my_robot_pkg:/opt/ros/humble LD_LIBRARY_PATH=/home/jo/project_RobotEngineering_3/my_robot/install/realsense2_camera_msgs/lib:/home/jo/project_RobotEngineering_3/my_robot/install/realsense2_camera/lib:/home/jo/project_RobotEngineering_3/my_robot/install/my_command_pkg/lib:/usr/lib/x86_64-linux-gnu/gazebo-11/plugins:/opt/ros/humble/opt/rviz_ogre_vendor/lib:/opt/ros/humble/lib/x86_64-linux-gnu:/opt/ros/humble/lib:/usr/lib/x86_64-linux-gnu/gazebo-11/plugins /usr/bin/cmake /home/jo/project_RobotEngineering_3/my_robot/src/realsense-ros/realsense2_description -DCMAKE_INSTALL_PREFIX=/home/jo/project_RobotEngineering_3/my_robot/install/realsense2_description
[0.832s] Invoking command in '/home/jo/project_RobotEngineering_3/my_robot/build/realsense2_description': CMAKE_PREFIX_PATH=/home/jo/project_RobotEngineering_3/my_robot/install/realsense2_camera_msgs:/home/jo/project_RobotEngineering_3/my_robot/install/realsense2_description:/home/jo/project_RobotEngineering_3/my_robot/install/realsense2_camera:/home/jo/project_RobotEngineering_3/my_robot/install/my_command_pkg:/home/jo/project_RobotEngineering_3/my_robot/install/my_robot_pkg:/opt/ros/humble LD_LIBRARY_PATH=/home/jo/project_RobotEngineering_3/my_robot/install/realsense2_camera_msgs/lib:/home/jo/project_RobotEngineering_3/my_robot/install/realsense2_camera/lib:/home/jo/project_RobotEngineering_3/my_robot/install/my_command_pkg/lib:/usr/lib/x86_64-linux-gnu/gazebo-11/plugins:/opt/ros/humble/opt/rviz_ogre_vendor/lib:/opt/ros/humble/lib/x86_64-linux-gnu:/opt/ros/humble/lib:/usr/lib/x86_64-linux-gnu/gazebo-11/plugins /usr/bin/cmake --build /home/jo/project_RobotEngineering_3/my_robot/build/realsense2_description -- -j12 -l12
[0.877s] Invoked command in '/home/jo/project_RobotEngineering_3/my_robot/build/realsense2_description' returned '0': CMAKE_PREFIX_PATH=/home/jo/project_RobotEngineering_3/my_robot/install/realsense2_camera_msgs:/home/jo/project_RobotEngineering_3/my_robot/install/realsense2_description:/home/jo/project_RobotEngineering_3/my_robot/install/realsense2_camera:/home/jo/project_RobotEngineering_3/my_robot/install/my_command_pkg:/home/jo/project_RobotEngineering_3/my_robot/install/my_robot_pkg:/opt/ros/humble LD_LIBRARY_PATH=/home/jo/project_RobotEngineering_3/my_robot/install/realsense2_camera_msgs/lib:/home/jo/project_RobotEngineering_3/my_robot/install/realsense2_camera/lib:/home/jo/project_RobotEngineering_3/my_robot/install/my_command_pkg/lib:/usr/lib/x86_64-linux-gnu/gazebo-11/plugins:/opt/ros/humble/opt/rviz_ogre_vendor/lib:/opt/ros/humble/lib/x86_64-linux-gnu:/opt/ros/humble/lib:/usr/lib/x86_64-linux-gnu/gazebo-11/plugins /usr/bin/cmake --build /home/jo/project_RobotEngineering_3/my_robot/build/realsense2_description -- -j12 -l12
[0.879s] Invoking command in '/home/jo/project_RobotEngineering_3/my_robot/build/realsense2_description': CMAKE_PREFIX_PATH=/home/jo/project_RobotEngineering_3/my_robot/install/realsense2_camera_msgs:/home/jo/project_RobotEngineering_3/my_robot/install/realsense2_description:/home/jo/project_RobotEngineering_3/my_robot/install/realsense2_camera:/home/jo/project_RobotEngineering_3/my_robot/install/my_command_pkg:/home/jo/project_RobotEngineering_3/my_robot/install/my_robot_pkg:/opt/ros/humble LD_LIBRARY_PATH=/home/jo/project_RobotEngineering_3/my_robot/install/realsense2_camera_msgs/lib:/home/jo/project_RobotEngineering_3/my_robot/install/realsense2_camera/lib:/home/jo/project_RobotEngineering_3/my_robot/install/my_command_pkg/lib:/usr/lib/x86_64-linux-gnu/gazebo-11/plugins:/opt/ros/humble/opt/rviz_ogre_vendor/lib:/opt/ros/humble/lib/x86_64-linux-gnu:/opt/ros/humble/lib:/usr/lib/x86_64-linux-gnu/gazebo-11/plugins /usr/bin/cmake --install /home/jo/project_RobotEngineering_3/my_robot/build/realsense2_description
[0.890s] -- Install configuration: ""
[0.890s] -- Installing: /home/jo/project_RobotEngineering_3/my_robot/install/realsense2_description/share/realsense2_description/launch
[0.890s] -- Installing: /home/jo/project_RobotEngineering_3/my_robot/install/realsense2_description/share/realsense2_description/launch/view_model.launch.py
[0.890s] -- Installing: /home/jo/project_RobotEngineering_3/my_robot/install/realsense2_description/share/realsense2_description/launch/launch_utils.py
[0.890s] -- Installing: /home/jo/project_RobotEngineering_3/my_robot/install/realsense2_description/share/realsense2_description/meshes
[0.890s] -- Installing: /home/jo/project_RobotEngineering_3/my_robot/install/realsense2_description/share/realsense2_description/meshes/d455.stl
[0.894s] -- Installing: /home/jo/project_RobotEngineering_3/my_robot/install/realsense2_description/share/realsense2_description/meshes/plug.stl
[0.894s] -- Installing: /home/jo/project_RobotEngineering_3/my_robot/install/realsense2_description/share/realsense2_description/meshes/plug_collision.stl
[0.895s] -- Installing: /home/jo/project_RobotEngineering_3/my_robot/install/realsense2_description/share/realsense2_description/meshes/d435.dae
[0.915s] -- Installing: /home/jo/project_RobotEngineering_3/my_robot/install/realsense2_description/share/realsense2_description/meshes/l515.dae
[0.956s] -- Installing: /home/jo/project_RobotEngineering_3/my_robot/install/realsense2_description/share/realsense2_description/meshes/d415.stl
[0.981s] -- Installing: /home/jo/project_RobotEngineering_3/my_robot/install/realsense2_description/share/realsense2_description/rviz
[0.981s] -- Installing: /home/jo/project_RobotEngineering_3/my_robot/install/realsense2_description/share/realsense2_description/rviz/urdf.rviz
[0.981s] -- Installing: /home/jo/project_RobotEngineering_3/my_robot/install/realsense2_description/share/realsense2_description/urdf
[0.982s] -- Installing: /home/jo/project_RobotEngineering_3/my_robot/install/realsense2_description/share/realsense2_description/urdf/test_d455_camera.urdf.xacro
[0.982s] -- Installing: /home/jo/project_RobotEngineering_3/my_robot/install/realsense2_description/share/realsense2_description/urdf/test_l515_camera.urdf.xacro
[0.982s] -- Installing: /home/jo/project_RobotEngineering_3/my_robot/install/realsense2_description/share/realsense2_description/urdf/_d435.urdf.xacro
[0.982s] -- Installing: /home/jo/project_RobotEngineering_3/my_robot/install/realsense2_description/share/realsense2_description/urdf/test_d435_multiple_cameras.urdf.xacro
[0.982s] -- Installing: /home/jo/project_RobotEngineering_3/my_robot/install/realsense2_description/share/realsense2_description/urdf/_r410.urdf.xacro
[0.982s] -- Installing: /home/jo/project_RobotEngineering_3/my_robot/install/realsense2_description/share/realsense2_description/urdf/_d435i.urdf.xacro
[0.982s] -- Installing: /home/jo/project_RobotEngineering_3/my_robot/install/realsense2_description/share/realsense2_description/urdf/_materials.urdf.xacro
[0.983s] -- Installing: /home/jo/project_RobotEngineering_3/my_robot/install/realsense2_description/share/realsense2_description/urdf/test_d435i_camera.urdf.xacro
[0.983s] -- Installing: /home/jo/project_RobotEngineering_3/my_robot/install/realsense2_description/share/realsense2_description/urdf/_usb_plug.urdf.xacro
[0.983s] -- Installing: /home/jo/project_RobotEngineering_3/my_robot/install/realsense2_description/share/realsense2_description/urdf/test_r410_camera.urdf.xacro
[0.983s] -- Installing: /home/jo/project_RobotEngineering_3/my_robot/install/realsense2_description/share/realsense2_description/urdf/_d415.urdf.xacro
[0.983s] -- Installing: /home/jo/project_RobotEngineering_3/my_robot/install/realsense2_description/share/realsense2_description/urdf/_l515.urdf.xacro
[0.983s] -- Installing: /home/jo/project_RobotEngineering_3/my_robot/install/realsense2_description/share/realsense2_description/urdf/test_r430_camera.urdf.xacro
[0.983s] -- Installing: /home/jo/project_RobotEngineering_3/my_robot/install/realsense2_description/share/realsense2_description/urdf/_d455.urdf.xacro
[0.983s] -- Installing: /home/jo/project_RobotEngineering_3/my_robot/install/realsense2_description/share/realsense2_description/urdf/_d435i_imu_modules.urdf.xacro
[0.983s] -- Installing: /home/jo/project_RobotEngineering_3/my_robot/install/realsense2_description/share/realsense2_description/urdf/test_d435_camera.urdf.xacro
[0.983s] -- Installing: /home/jo/project_RobotEngineering_3/my_robot/install/realsense2_description/share/realsense2_description/urdf/_r430.urdf.xacro
[0.984s] -- Installing: /home/jo/project_RobotEngineering_3/my_robot/install/realsense2_description/share/realsense2_description/urdf/test_d415_camera.urdf.xacro
[0.984s] -- Installing: /home/jo/project_RobotEngineering_3/my_robot/install/realsense2_description/share/ament_index/resource_index/package_run_dependencies/realsense2_description
[0.984s] -- Installing: /home/jo/project_RobotEngineering_3/my_robot/install/realsense2_description/share/ament_index/resource_index/parent_prefix_path/realsense2_description
[0.984s] -- Installing: /home/jo/project_RobotEngineering_3/my_robot/install/realsense2_description/share/realsense2_description/environment/ament_prefix_path.sh
[0.984s] -- Installing: /home/jo/project_RobotEngineering_3/my_robot/install/realsense2_description/share/realsense2_description/environment/ament_prefix_path.dsv
[0.984s] -- Installing: /home/jo/project_RobotEngineering_3/my_robot/install/realsense2_description/share/realsense2_description/environment/path.sh
[0.984s] -- Installing: /home/jo/project_RobotEngineering_3/my_robot/install/realsense2_description/share/realsense2_description/environment/path.dsv
[0.984s] -- Installing: /home/jo/project_RobotEngineering_3/my_robot/install/realsense2_description/share/realsense2_description/local_setup.bash
[0.985s] -- Installing: /home/jo/project_RobotEngineering_3/my_robot/install/realsense2_description/share/realsense2_description/local_setup.sh
[0.985s] -- Installing: /home/jo/project_RobotEngineering_3/my_robot/install/realsense2_description/share/realsense2_description/local_setup.zsh
[0.985s] -- Installing: /home/jo/project_RobotEngineering_3/my_robot/install/realsense2_description/share/realsense2_description/local_setup.dsv
[0.985s] -- Installing: /home/jo/project_RobotEngineering_3/my_robot/install/realsense2_description/share/realsense2_description/package.dsv
[0.985s] -- Installing: /home/jo/project_RobotEngineering_3/my_robot/install/realsense2_description/share/ament_index/resource_index/packages/realsense2_description
[0.986s] -- Installing: /home/jo/project_RobotEngineering_3/my_robot/install/realsense2_description/share/realsense2_description/cmake/realsense2_descriptionConfig.cmake
[0.986s] -- Installing: /home/jo/project_RobotEngineering_3/my_robot/install/realsense2_description/share/realsense2_description/cmake/realsense2_descriptionConfig-version.cmake
[0.986s] -- Installing: /home/jo/project_RobotEngineering_3/my_robot/install/realsense2_description/share/realsense2_description/package.xml
[0.988s] Invoked command in '/home/jo/project_RobotEngineering_3/my_robot/build/realsense2_description' returned '0': CMAKE_PREFIX_PATH=/home/jo/project_RobotEngineering_3/my_robot/install/realsense2_camera_msgs:/home/jo/project_RobotEngineering_3/my_robot/install/realsense2_description:/home/jo/project_RobotEngineering_3/my_robot/install/realsense2_camera:/home/jo/project_RobotEngineering_3/my_robot/install/my_command_pkg:/home/jo/project_RobotEngineering_3/my_robot/install/my_robot_pkg:/opt/ros/humble LD_LIBRARY_PATH=/home/jo/project_RobotEngineering_3/my_robot/install/realsense2_camera_msgs/lib:/home/jo/project_RobotEngineering_3/my_robot/install/realsense2_camera/lib:/home/jo/project_RobotEngineering_3/my_robot/install/my_command_pkg/lib:/usr/lib/x86_64-linux-gnu/gazebo-11/plugins:/opt/ros/humble/opt/rviz_ogre_vendor/lib:/opt/ros/humble/lib/x86_64-linux-gnu:/opt/ros/humble/lib:/usr/lib/x86_64-linux-gnu/gazebo-11/plugins /usr/bin/cmake --install /home/jo/project_RobotEngineering_3/my_robot/build/realsense2_description
