/home/jo/project_RobotEngineering_3/my_robot/install/py_custom_srv_pkg/lib/python3.10/site-packages/py_custom_srv_pkg/realsense_test.py
/home/jo/project_RobotEngineering_3/my_robot/install/py_custom_srv_pkg/lib/python3.10/site-packages/py_custom_srv_pkg/py_custom_client.py
/home/jo/project_RobotEngineering_3/my_robot/install/py_custom_srv_pkg/lib/python3.10/site-packages/py_custom_srv_pkg/py_custom_server.py
/home/jo/project_RobotEngineering_3/my_robot/install/py_custom_srv_pkg/lib/python3.10/site-packages/py_custom_srv_pkg/__init__.py
/home/jo/project_RobotEngineering_3/my_robot/install/py_custom_srv_pkg/lib/python3.10/site-packages/py_custom_srv_pkg/__pycache__/realsense_test.cpython-310.pyc
/home/jo/project_RobotEngineering_3/my_robot/install/py_custom_srv_pkg/lib/python3.10/site-packages/py_custom_srv_pkg/__pycache__/py_custom_client.cpython-310.pyc
/home/jo/project_RobotEngineering_3/my_robot/install/py_custom_srv_pkg/lib/python3.10/site-packages/py_custom_srv_pkg/__pycache__/py_custom_server.cpython-310.pyc
/home/jo/project_RobotEngineering_3/my_robot/install/py_custom_srv_pkg/lib/python3.10/site-packages/py_custom_srv_pkg/__pycache__/__init__.cpython-310.pyc
/home/jo/project_RobotEngineering_3/my_robot/install/py_custom_srv_pkg/share/ament_index/resource_index/packages/py_custom_srv_pkg
/home/jo/project_RobotEngineering_3/my_robot/install/py_custom_srv_pkg/share/py_custom_srv_pkg/package.xml
/home/jo/project_RobotEngineering_3/my_robot/install/py_custom_srv_pkg/share/py_custom_srv_pkg/launch/rtabmap_realsense.launch.py
/home/jo/project_RobotEngineering_3/my_robot/install/py_custom_srv_pkg/lib/python3.10/site-packages/py_custom_srv_pkg-0.0.0-py3.10.egg-info/requires.txt
/home/jo/project_RobotEngineering_3/my_robot/install/py_custom_srv_pkg/lib/python3.10/site-packages/py_custom_srv_pkg-0.0.0-py3.10.egg-info/top_level.txt
/home/jo/project_RobotEngineering_3/my_robot/install/py_custom_srv_pkg/lib/python3.10/site-packages/py_custom_srv_pkg-0.0.0-py3.10.egg-info/dependency_links.txt
/home/jo/project_RobotEngineering_3/my_robot/install/py_custom_srv_pkg/lib/python3.10/site-packages/py_custom_srv_pkg-0.0.0-py3.10.egg-info/PKG-INFO
/home/jo/project_RobotEngineering_3/my_robot/install/py_custom_srv_pkg/lib/python3.10/site-packages/py_custom_srv_pkg-0.0.0-py3.10.egg-info/zip-safe
/home/jo/project_RobotEngineering_3/my_robot/install/py_custom_srv_pkg/lib/python3.10/site-packages/py_custom_srv_pkg-0.0.0-py3.10.egg-info/SOURCES.txt
/home/jo/project_RobotEngineering_3/my_robot/install/py_custom_srv_pkg/lib/python3.10/site-packages/py_custom_srv_pkg-0.0.0-py3.10.egg-info/entry_points.txt
/home/jo/project_RobotEngineering_3/my_robot/install/py_custom_srv_pkg/lib/py_custom_srv_pkg/py_custom_client
/home/jo/project_RobotEngineering_3/my_robot/install/py_custom_srv_pkg/lib/py_custom_srv_pkg/py_custom_server
/home/jo/project_RobotEngineering_3/my_robot/install/py_custom_srv_pkg/lib/py_custom_srv_pkg/realsense_test
