-- The C compiler identification is GNU 11.4.0
-- The CXX compiler identification is GNU 11.4.0
-- Detecting C compiler ABI info
-- Detecting C compiler ABI info - done
-- Check for working C compiler: /usr/bin/cc - skipped
-- Detecting C compile features
-- Detecting C compile features - done
-- Detecting CXX compiler ABI info
-- Detecting CXX compiler ABI info - done
-- Check for working CXX compiler: /usr/bin/c++ - skipped
-- Detecting CXX compile features
-- Detecting CXX compile features - done
-- Create Release Build.
-- Found ament_cmake: 1.3.12 (/opt/ros/humble/share/ament_cmake/cmake)
-- Found Python3: /usr/bin/python3 (found version "3.10.12") found components: Interpreter 
-- Override CMake install command with custom implementation using symlinks instead of copying resources
-- Found builtin_interfaces: 1.2.2 (/opt/ros/humble/share/builtin_interfaces/cmake)
-- Found rosidl_generator_c: 3.1.7 (/opt/ros/humble/share/rosidl_generator_c/cmake)
-- Found rosidl_adapter: 3.1.7 (/opt/ros/humble/share/rosidl_adapter/cmake)
-- Found rosidl_generator_cpp: 3.1.7 (/opt/ros/humble/share/rosidl_generator_cpp/cmake)
-- Using all available rosidl_typesupport_c: rosidl_typesupport_fastrtps_c;rosidl_typesupport_introspection_c
-- Using all available rosidl_typesupport_cpp: rosidl_typesupport_fastrtps_cpp;rosidl_typesupport_introspection_cpp
-- Found cv_bridge: 3.2.1 (/opt/ros/humble/share/cv_bridge/cmake)
-- Found image_transport: 3.1.12 (/opt/ros/humble/share/image_transport/cmake)
-- Found rmw_implementation_cmake: 6.1.2 (/opt/ros/humble/share/rmw_implementation_cmake/cmake)
-- Found rmw_fastrtps_cpp: 6.2.8 (/opt/ros/humble/share/rmw_fastrtps_cpp/cmake)
-- Found OpenSSL: /usr/lib/x86_64-linux-gnu/libcrypto.so (found version "3.0.2")  
-- Found FastRTPS: /opt/ros/humble/include  
-- Using RMW implementation 'rmw_fastrtps_cpp' as default
-- Looking for pthread.h
-- Looking for pthread.h - found
-- Performing Test CMAKE_HAVE_LIBC_PTHREAD
-- Performing Test CMAKE_HAVE_LIBC_PTHREAD - Success
-- Found Threads: TRUE  
-- Found rclcpp_components: 16.0.14 (/opt/ros/humble/share/rclcpp_components/cmake)
-- Found realsense2_camera_msgs: 3.2.3 (/home/jo/project_RobotEngineering_3/my_robot/install/realsense2_camera_msgs/share/realsense2_camera_msgs/cmake)
-- Found std_srvs: 4.9.0 (/opt/ros/humble/share/std_srvs/cmake)
-- Found nav_msgs: 4.9.0 (/opt/ros/humble/share/nav_msgs/cmake)
-- Found tf2_ros: 0.25.15 (/opt/ros/humble/share/tf2_ros/cmake)
-- Found diagnostic_updater: 4.0.6 (/opt/ros/humble/share/diagnostic_updater/cmake)
-- Build for ROS2 Humble
-- Found ament_lint_auto: 0.12.14 (/opt/ros/humble/share/ament_lint_auto/cmake)
-- Found OpenCV: /usr (found version "4.5.4") 
-- Added test 'copyright' to check source files copyright and LICENSE
-- Added test 'cppcheck' to perform static code analysis on C / C++ code
-- Configured cppcheck include dirs: /home/jo/project_RobotEngineering_3/my_robot/src/realsense-ros/realsense2_camera/include
-- Configured cppcheck exclude dirs and/or files: 
-- Added test 'cpplint' to check C / C++ code against the Google style
-- Configured cpplint exclude dirs and/or files: 
-- Added test 'flake8' to check Python code syntax and style conventions
-- Added test 'lint_cmake' to check CMake code style
-- Added test 'pep257' to check Python code against some of the docstring style conventions in PEP 257
-- Added test 'uncrustify' to check C / C++ code style
-- Configured uncrustify additional arguments: 
-- Added test 'xmllint' to check XML markup files
-- Configuring done
-- Generating done
-- Build files have been written to: /home/jo/project_RobotEngineering_3/my_robot/build/realsense2_camera
[ 12%] [32mBuilding CXX object CMakeFiles/realsense2_camera.dir/src/t265_realsense_node.cpp.o[0m
[ 50%] [32mBuilding CXX object CMakeFiles/realsense2_camera.dir/src/realsense_node_factory.cpp.o[0m
[ 50%] [32mBuilding CXX object CMakeFiles/realsense2_camera_node.dir/rclcpp_components/node_main_realsense2_camera_node.cpp.o[0m
[ 50%] [32mBuilding CXX object CMakeFiles/realsense2_camera.dir/src/base_realsense_node.cpp.o[0m
[ 62%] [32mBuilding CXX object CMakeFiles/realsense2_camera.dir/src/dynamic_params.cpp.o[0m
[ 75%] [32mBuilding CXX object CMakeFiles/realsense2_camera.dir/src/ros_param_backend_foxy.cpp.o[0m
[ 87%] [32m[1mLinking CXX executable realsense2_camera_node[0m
[ 87%] Built target realsense2_camera_node
[100%] [32m[1mLinking CXX shared library librealsense2_camera.so[0m
[100%] Built target realsense2_camera
-- Install configuration: "Release"
-- Execute custom install script
-- Symlinking: /home/jo/project_RobotEngineering_3/my_robot/install/realsense2_camera/lib/realsense2_camera/realsense2_camera_node
-- Symlinking: /home/jo/project_RobotEngineering_3/my_robot/install/realsense2_camera/lib/librealsense2_camera.so
-- Symlinking: /home/jo/project_RobotEngineering_3/my_robot/install/realsense2_camera/include/base_realsense_node.h
-- Symlinking: /home/jo/project_RobotEngineering_3/my_robot/install/realsense2_camera/include/constants.h
-- Symlinking: /home/jo/project_RobotEngineering_3/my_robot/install/realsense2_camera/include/dynamic_params.h
-- Symlinking: /home/jo/project_RobotEngineering_3/my_robot/install/realsense2_camera/include/realsense_node_factory.h
-- Symlinking: /home/jo/project_RobotEngineering_3/my_robot/install/realsense2_camera/include/ros_param_backend.h
-- Symlinking: /home/jo/project_RobotEngineering_3/my_robot/install/realsense2_camera/include/t265_realsense_node.h
-- Symlinking: /home/jo/project_RobotEngineering_3/my_robot/install/realsense2_camera/share/realsense2_camera/launch/default.rviz
-- Symlinking: /home/jo/project_RobotEngineering_3/my_robot/install/realsense2_camera/share/realsense2_camera/launch/demo_pointcloud_launch.py
-- Symlinking: /home/jo/project_RobotEngineering_3/my_robot/install/realsense2_camera/share/realsense2_camera/launch/demo_t265_launch.py
-- Symlinking: /home/jo/project_RobotEngineering_3/my_robot/install/realsense2_camera/share/realsense2_camera/launch/rs_d400_and_t265_launch.py
-- Symlinking: /home/jo/project_RobotEngineering_3/my_robot/install/realsense2_camera/share/realsense2_camera/launch/rs_launch.py
-- Symlinking: /home/jo/project_RobotEngineering_3/my_robot/install/realsense2_camera/share/realsense2_camera/launch/rs_multi_camera_launch.py
-- Symlinking: /home/jo/project_RobotEngineering_3/my_robot/install/realsense2_camera/share/realsense2_camera/launch/rs_t265_launch.py
-- Symlinking: /home/jo/project_RobotEngineering_3/my_robot/install/realsense2_camera/share/realsense2_camera/config/d435i.yaml
-- Symlinking: /home/jo/project_RobotEngineering_3/my_robot/install/realsense2_camera/share/realsense2_camera/rviz/pointcloud.rviz
-- Symlinking: /home/jo/project_RobotEngineering_3/my_robot/install/realsense2_camera/share/realsense2_camera/rviz/t265.rviz
-- Symlinking: /home/jo/project_RobotEngineering_3/my_robot/install/realsense2_camera/share/realsense2_camera/environment/library_path.sh
-- Symlinking: /home/jo/project_RobotEngineering_3/my_robot/install/realsense2_camera/share/realsense2_camera/environment/library_path.dsv
-- Symlinking: /home/jo/project_RobotEngineering_3/my_robot/install/realsense2_camera/share/ament_index/resource_index/package_run_dependencies/realsense2_camera
-- Symlinking: /home/jo/project_RobotEngineering_3/my_robot/install/realsense2_camera/share/ament_index/resource_index/parent_prefix_path/realsense2_camera
-- Symlinking: /home/jo/project_RobotEngineering_3/my_robot/install/realsense2_camera/share/realsense2_camera/environment/ament_prefix_path.sh
-- Symlinking: /home/jo/project_RobotEngineering_3/my_robot/install/realsense2_camera/share/realsense2_camera/environment/ament_prefix_path.dsv
-- Symlinking: /home/jo/project_RobotEngineering_3/my_robot/install/realsense2_camera/share/realsense2_camera/environment/path.sh
-- Symlinking: /home/jo/project_RobotEngineering_3/my_robot/install/realsense2_camera/share/realsense2_camera/environment/path.dsv
-- Symlinking: /home/jo/project_RobotEngineering_3/my_robot/install/realsense2_camera/share/realsense2_camera/local_setup.bash
-- Symlinking: /home/jo/project_RobotEngineering_3/my_robot/install/realsense2_camera/share/realsense2_camera/local_setup.sh
-- Symlinking: /home/jo/project_RobotEngineering_3/my_robot/install/realsense2_camera/share/realsense2_camera/local_setup.zsh
-- Symlinking: /home/jo/project_RobotEngineering_3/my_robot/install/realsense2_camera/share/realsense2_camera/local_setup.dsv
-- Symlinking: /home/jo/project_RobotEngineering_3/my_robot/install/realsense2_camera/share/realsense2_camera/package.dsv
-- Symlinking: /home/jo/project_RobotEngineering_3/my_robot/install/realsense2_camera/share/ament_index/resource_index/packages/realsense2_camera
-- Symlinking: /home/jo/project_RobotEngineering_3/my_robot/install/realsense2_camera/share/ament_index/resource_index/rclcpp_components/realsense2_camera
-- Symlinking: /home/jo/project_RobotEngineering_3/my_robot/install/realsense2_camera/share/realsense2_camera/cmake/ament_cmake_export_include_directories-extras.cmake
-- Symlinking: /home/jo/project_RobotEngineering_3/my_robot/install/realsense2_camera/share/realsense2_camera/cmake/ament_cmake_export_libraries-extras.cmake
-- Symlinking: /home/jo/project_RobotEngineering_3/my_robot/install/realsense2_camera/share/realsense2_camera/cmake/ament_cmake_export_dependencies-extras.cmake
-- Symlinking: /home/jo/project_RobotEngineering_3/my_robot/install/realsense2_camera/share/realsense2_camera/cmake/realsense2_cameraConfig.cmake
-- Symlinking: /home/jo/project_RobotEngineering_3/my_robot/install/realsense2_camera/share/realsense2_camera/cmake/realsense2_cameraConfig-version.cmake
-- Symlinking: /home/jo/project_RobotEngineering_3/my_robot/install/realsense2_camera/share/realsense2_camera/package.xml
