[0.074s] [34mcolcon[0m [1;30mDEBUG[0m [32mCommand line arguments: ['/usr/bin/colcon', 'build'][0m
[0.074s] [34mcolcon[0m [1;30mDEBUG[0m [32mParsed command line arguments: Namespace(log_base=None, log_level=None, verb_name='build', build_base='build', install_base='install', merge_install=False, symlink_install=False, test_result_base=None, continue_on_error=False, executor='parallel', parallel_workers=12, event_handlers=None, ignore_user_meta=False, metas=['./colcon.meta'], base_paths=['.'], packages_ignore=None, packages_ignore_regex=None, paths=None, packages_up_to=None, packages_up_to_regex=None, packages_above=None, packages_above_and_dependencies=None, packages_above_depth=None, packages_select_by_dep=None, packages_skip_by_dep=None, packages_skip_up_to=None, packages_select_build_failed=False, packages_skip_build_finished=False, packages_select_test_failures=False, packages_skip_test_passed=False, packages_select=None, packages_skip=None, packages_select_regex=None, packages_skip_regex=None, packages_start=None, packages_end=None, allow_overriding=[], cmake_args=None, cmake_target=None, cmake_target_skip_unavailable=False, cmake_clean_cache=False, cmake_clean_first=False, cmake_force_configure=False, ament_cmake_args=None, catkin_cmake_args=None, catkin_skip_building_tests=False, mixin_files=None, mixin=None, verb_parser=<colcon_mixin.mixin.mixin_argument.MixinArgumentDecorator object at 0x70aeea00e650>, verb_extension=<colcon_core.verb.build.BuildVerb object at 0x70aeea00dfc0>, main=<bound method BuildVerb.main of <colcon_core.verb.build.BuildVerb object at 0x70aeea00dfc0>>, mixin_verb=('build',))[0m
[0.204s] [34mcolcon.colcon_core.package_discovery[0m [1;30mLevel 1[0m discover_packages(colcon_meta) check parameters
[0.204s] [34mcolcon.colcon_core.package_discovery[0m [1;30mLevel 1[0m discover_packages(recursive) check parameters
[0.204s] [34mcolcon.colcon_core.package_discovery[0m [1;30mLevel 1[0m discover_packages(ignore) check parameters
[0.204s] [34mcolcon.colcon_core.package_discovery[0m [1;30mLevel 1[0m discover_packages(path) check parameters
[0.204s] [34mcolcon.colcon_core.package_discovery[0m [1;30mLevel 1[0m discover_packages(colcon_meta) discover
[0.204s] [34mcolcon.colcon_core.package_discovery[0m [1;30mLevel 1[0m discover_packages(recursive) discover
[0.204s] [34mcolcon.colcon_core.package_discovery[0m [1;30mINFO[0m Crawling recursively for packages in '/home/jo/project_RobotEngineering_3/my_robot'
[0.204s] [34mcolcon.colcon_core.package_identification[0m [1;30mLevel 1[0m _identify(.) by extensions ['ignore', 'ignore_ament_install']
[0.204s] [34mcolcon.colcon_core.package_identification[0m [1;30mLevel 1[0m _identify(.) by extension 'ignore'
[0.204s] [34mcolcon.colcon_core.package_identification[0m [1;30mLevel 1[0m _identify(.) by extension 'ignore_ament_install'
[0.204s] [34mcolcon.colcon_core.package_identification[0m [1;30mLevel 1[0m _identify(.) by extensions ['colcon_pkg']
[0.204s] [34mcolcon.colcon_core.package_identification[0m [1;30mLevel 1[0m _identify(.) by extension 'colcon_pkg'
[0.204s] [34mcolcon.colcon_core.package_identification[0m [1;30mLevel 1[0m _identify(.) by extensions ['colcon_meta']
[0.204s] [34mcolcon.colcon_core.package_identification[0m [1;30mLevel 1[0m _identify(.) by extension 'colcon_meta'
[0.204s] [34mcolcon.colcon_core.package_identification[0m [1;30mLevel 1[0m _identify(.) by extensions ['ros']
[0.204s] [34mcolcon.colcon_core.package_identification[0m [1;30mLevel 1[0m _identify(.) by extension 'ros'
[0.212s] [34mcolcon.colcon_core.package_identification[0m [1;30mLevel 1[0m _identify(.) by extensions ['cmake', 'python']
[0.212s] [34mcolcon.colcon_core.package_identification[0m [1;30mLevel 1[0m _identify(.) by extension 'cmake'
[0.213s] [34mcolcon.colcon_core.package_identification[0m [1;30mLevel 1[0m _identify(.) by extension 'python'
[0.213s] [34mcolcon.colcon_core.package_identification[0m [1;30mLevel 1[0m _identify(.) by extensions ['python_setup_py']
[0.213s] [34mcolcon.colcon_core.package_identification[0m [1;30mLevel 1[0m _identify(.) by extension 'python_setup_py'
[0.213s] [34mcolcon.colcon_core.package_identification[0m [1;30mLevel 1[0m _identify(build) by extensions ['ignore', 'ignore_ament_install']
[0.213s] [34mcolcon.colcon_core.package_identification[0m [1;30mLevel 1[0m _identify(build) by extension 'ignore'
[0.213s] [34mcolcon.colcon_core.package_identification[0m [1;30mLevel 1[0m _identify(build) ignored
[0.213s] [34mcolcon.colcon_core.package_identification[0m [1;30mLevel 1[0m _identify(install) by extensions ['ignore', 'ignore_ament_install']
[0.213s] [34mcolcon.colcon_core.package_identification[0m [1;30mLevel 1[0m _identify(install) by extension 'ignore'
[0.213s] [34mcolcon.colcon_core.package_identification[0m [1;30mLevel 1[0m _identify(install) ignored
[0.213s] [34mcolcon.colcon_core.package_identification[0m [1;30mLevel 1[0m _identify(log) by extensions ['ignore', 'ignore_ament_install']
[0.213s] [34mcolcon.colcon_core.package_identification[0m [1;30mLevel 1[0m _identify(log) by extension 'ignore'
[0.213s] [34mcolcon.colcon_core.package_identification[0m [1;30mLevel 1[0m _identify(log) ignored
[0.213s] [34mcolcon.colcon_core.package_identification[0m [1;30mLevel 1[0m _identify(src) by extensions ['ignore', 'ignore_ament_install']
[0.213s] [34mcolcon.colcon_core.package_identification[0m [1;30mLevel 1[0m _identify(src) by extension 'ignore'
[0.213s] [34mcolcon.colcon_core.package_identification[0m [1;30mLevel 1[0m _identify(src) by extension 'ignore_ament_install'
[0.213s] [34mcolcon.colcon_core.package_identification[0m [1;30mLevel 1[0m _identify(src) by extensions ['colcon_pkg']
[0.213s] [34mcolcon.colcon_core.package_identification[0m [1;30mLevel 1[0m _identify(src) by extension 'colcon_pkg'
[0.213s] [34mcolcon.colcon_core.package_identification[0m [1;30mLevel 1[0m _identify(src) by extensions ['colcon_meta']
[0.213s] [34mcolcon.colcon_core.package_identification[0m [1;30mLevel 1[0m _identify(src) by extension 'colcon_meta'
[0.213s] [34mcolcon.colcon_core.package_identification[0m [1;30mLevel 1[0m _identify(src) by extensions ['ros']
[0.213s] [34mcolcon.colcon_core.package_identification[0m [1;30mLevel 1[0m _identify(src) by extension 'ros'
[0.213s] [34mcolcon.colcon_core.package_identification[0m [1;30mLevel 1[0m _identify(src) by extensions ['cmake', 'python']
[0.213s] [34mcolcon.colcon_core.package_identification[0m [1;30mLevel 1[0m _identify(src) by extension 'cmake'
[0.213s] [34mcolcon.colcon_core.package_identification[0m [1;30mLevel 1[0m _identify(src) by extension 'python'
[0.214s] [34mcolcon.colcon_core.package_identification[0m [1;30mLevel 1[0m _identify(src) by extensions ['python_setup_py']
[0.214s] [34mcolcon.colcon_core.package_identification[0m [1;30mLevel 1[0m _identify(src) by extension 'python_setup_py'
[0.214s] [34mcolcon.colcon_core.package_identification[0m [1;30mLevel 1[0m _identify(src/my_command_pkg) by extensions ['ignore', 'ignore_ament_install']
[0.214s] [34mcolcon.colcon_core.package_identification[0m [1;30mLevel 1[0m _identify(src/my_command_pkg) by extension 'ignore'
[0.214s] [34mcolcon.colcon_core.package_identification[0m [1;30mLevel 1[0m _identify(src/my_command_pkg) by extension 'ignore_ament_install'
[0.214s] [34mcolcon.colcon_core.package_identification[0m [1;30mLevel 1[0m _identify(src/my_command_pkg) by extensions ['colcon_pkg']
[0.214s] [34mcolcon.colcon_core.package_identification[0m [1;30mLevel 1[0m _identify(src/my_command_pkg) by extension 'colcon_pkg'
[0.214s] [34mcolcon.colcon_core.package_identification[0m [1;30mLevel 1[0m _identify(src/my_command_pkg) by extensions ['colcon_meta']
[0.214s] [34mcolcon.colcon_core.package_identification[0m [1;30mLevel 1[0m _identify(src/my_command_pkg) by extension 'colcon_meta'
[0.214s] [34mcolcon.colcon_core.package_identification[0m [1;30mLevel 1[0m _identify(src/my_command_pkg) by extensions ['ros']
[0.214s] [34mcolcon.colcon_core.package_identification[0m [1;30mLevel 1[0m _identify(src/my_command_pkg) by extension 'ros'
[0.216s] [34mcolcon.colcon_core.package_identification[0m [1;30mDEBUG[0m [32mPackage 'src/my_command_pkg' with type 'ros.ament_cmake' and name 'my_command_pkg'[0m
[0.216s] [34mcolcon.colcon_core.package_identification[0m [1;30mLevel 1[0m _identify(src/my_robot_pkg) by extensions ['ignore', 'ignore_ament_install']
[0.216s] [34mcolcon.colcon_core.package_identification[0m [1;30mLevel 1[0m _identify(src/my_robot_pkg) by extension 'ignore'
[0.216s] [34mcolcon.colcon_core.package_identification[0m [1;30mLevel 1[0m _identify(src/my_robot_pkg) by extension 'ignore_ament_install'
[0.216s] [34mcolcon.colcon_core.package_identification[0m [1;30mLevel 1[0m _identify(src/my_robot_pkg) by extensions ['colcon_pkg']
[0.216s] [34mcolcon.colcon_core.package_identification[0m [1;30mLevel 1[0m _identify(src/my_robot_pkg) by extension 'colcon_pkg'
[0.216s] [34mcolcon.colcon_core.package_identification[0m [1;30mLevel 1[0m _identify(src/my_robot_pkg) by extensions ['colcon_meta']
[0.216s] [34mcolcon.colcon_core.package_identification[0m [1;30mLevel 1[0m _identify(src/my_robot_pkg) by extension 'colcon_meta'
[0.216s] [34mcolcon.colcon_core.package_identification[0m [1;30mLevel 1[0m _identify(src/my_robot_pkg) by extensions ['ros']
[0.216s] [34mcolcon.colcon_core.package_identification[0m [1;30mLevel 1[0m _identify(src/my_robot_pkg) by extension 'ros'
[0.217s] [34mcolcon.colcon_core.package_identification[0m [1;30mDEBUG[0m [32mPackage 'src/my_robot_pkg' with type 'ros.ament_python' and name 'my_robot_pkg'[0m
[0.217s] [34mcolcon.colcon_core.package_identification[0m [1;30mLevel 1[0m _identify(src/realsense-ros) by extensions ['ignore', 'ignore_ament_install']
[0.217s] [34mcolcon.colcon_core.package_identification[0m [1;30mLevel 1[0m _identify(src/realsense-ros) by extension 'ignore'
[0.217s] [34mcolcon.colcon_core.package_identification[0m [1;30mLevel 1[0m _identify(src/realsense-ros) by extension 'ignore_ament_install'
[0.217s] [34mcolcon.colcon_core.package_identification[0m [1;30mLevel 1[0m _identify(src/realsense-ros) by extensions ['colcon_pkg']
[0.217s] [34mcolcon.colcon_core.package_identification[0m [1;30mLevel 1[0m _identify(src/realsense-ros) by extension 'colcon_pkg'
[0.217s] [34mcolcon.colcon_core.package_identification[0m [1;30mLevel 1[0m _identify(src/realsense-ros) by extensions ['colcon_meta']
[0.217s] [34mcolcon.colcon_core.package_identification[0m [1;30mLevel 1[0m _identify(src/realsense-ros) by extension 'colcon_meta'
[0.217s] [34mcolcon.colcon_core.package_identification[0m [1;30mLevel 1[0m _identify(src/realsense-ros) by extensions ['ros']
[0.217s] [34mcolcon.colcon_core.package_identification[0m [1;30mLevel 1[0m _identify(src/realsense-ros) by extension 'ros'
[0.217s] [34mcolcon.colcon_core.package_identification[0m [1;30mLevel 1[0m _identify(src/realsense-ros) by extensions ['cmake', 'python']
[0.217s] [34mcolcon.colcon_core.package_identification[0m [1;30mLevel 1[0m _identify(src/realsense-ros) by extension 'cmake'
[0.217s] [34mcolcon.colcon_core.package_identification[0m [1;30mLevel 1[0m _identify(src/realsense-ros) by extension 'python'
[0.217s] [34mcolcon.colcon_core.package_identification[0m [1;30mLevel 1[0m _identify(src/realsense-ros) by extensions ['python_setup_py']
[0.217s] [34mcolcon.colcon_core.package_identification[0m [1;30mLevel 1[0m _identify(src/realsense-ros) by extension 'python_setup_py'
[0.217s] [34mcolcon.colcon_core.package_identification[0m [1;30mLevel 1[0m _identify(src/realsense-ros/realsense2_camera) by extensions ['ignore', 'ignore_ament_install']
[0.217s] [34mcolcon.colcon_core.package_identification[0m [1;30mLevel 1[0m _identify(src/realsense-ros/realsense2_camera) by extension 'ignore'
[0.217s] [34mcolcon.colcon_core.package_identification[0m [1;30mLevel 1[0m _identify(src/realsense-ros/realsense2_camera) by extension 'ignore_ament_install'
[0.217s] [34mcolcon.colcon_core.package_identification[0m [1;30mLevel 1[0m _identify(src/realsense-ros/realsense2_camera) by extensions ['colcon_pkg']
[0.217s] [34mcolcon.colcon_core.package_identification[0m [1;30mLevel 1[0m _identify(src/realsense-ros/realsense2_camera) by extension 'colcon_pkg'
[0.218s] [34mcolcon.colcon_core.package_identification[0m [1;30mLevel 1[0m _identify(src/realsense-ros/realsense2_camera) by extensions ['colcon_meta']
[0.218s] [34mcolcon.colcon_core.package_identification[0m [1;30mLevel 1[0m _identify(src/realsense-ros/realsense2_camera) by extension 'colcon_meta'
[0.218s] [34mcolcon.colcon_core.package_identification[0m [1;30mLevel 1[0m _identify(src/realsense-ros/realsense2_camera) by extensions ['ros']
[0.218s] [34mcolcon.colcon_core.package_identification[0m [1;30mLevel 1[0m _identify(src/realsense-ros/realsense2_camera) by extension 'ros'
[0.219s] [34mcolcon.colcon_core.package_identification[0m [1;30mDEBUG[0m [32mPackage 'src/realsense-ros/realsense2_camera' with type 'ros.ament_cmake' and name 'realsense2_camera'[0m
[0.219s] [34mcolcon.colcon_core.package_identification[0m [1;30mLevel 1[0m _identify(src/realsense-ros/realsense2_camera_msgs) by extensions ['ignore', 'ignore_ament_install']
[0.219s] [34mcolcon.colcon_core.package_identification[0m [1;30mLevel 1[0m _identify(src/realsense-ros/realsense2_camera_msgs) by extension 'ignore'
[0.219s] [34mcolcon.colcon_core.package_identification[0m [1;30mLevel 1[0m _identify(src/realsense-ros/realsense2_camera_msgs) by extension 'ignore_ament_install'
[0.219s] [34mcolcon.colcon_core.package_identification[0m [1;30mLevel 1[0m _identify(src/realsense-ros/realsense2_camera_msgs) by extensions ['colcon_pkg']
[0.219s] [34mcolcon.colcon_core.package_identification[0m [1;30mLevel 1[0m _identify(src/realsense-ros/realsense2_camera_msgs) by extension 'colcon_pkg'
[0.219s] [34mcolcon.colcon_core.package_identification[0m [1;30mLevel 1[0m _identify(src/realsense-ros/realsense2_camera_msgs) by extensions ['colcon_meta']
[0.219s] [34mcolcon.colcon_core.package_identification[0m [1;30mLevel 1[0m _identify(src/realsense-ros/realsense2_camera_msgs) by extension 'colcon_meta'
[0.219s] [34mcolcon.colcon_core.package_identification[0m [1;30mLevel 1[0m _identify(src/realsense-ros/realsense2_camera_msgs) by extensions ['ros']
[0.219s] [34mcolcon.colcon_core.package_identification[0m [1;30mLevel 1[0m _identify(src/realsense-ros/realsense2_camera_msgs) by extension 'ros'
[0.220s] [34mcolcon.colcon_core.package_identification[0m [1;30mDEBUG[0m [32mPackage 'src/realsense-ros/realsense2_camera_msgs' with type 'ros.ament_cmake' and name 'realsense2_camera_msgs'[0m
[0.220s] [34mcolcon.colcon_core.package_identification[0m [1;30mLevel 1[0m _identify(src/realsense-ros/realsense2_description) by extensions ['ignore', 'ignore_ament_install']
[0.220s] [34mcolcon.colcon_core.package_identification[0m [1;30mLevel 1[0m _identify(src/realsense-ros/realsense2_description) by extension 'ignore'
[0.220s] [34mcolcon.colcon_core.package_identification[0m [1;30mLevel 1[0m _identify(src/realsense-ros/realsense2_description) by extension 'ignore_ament_install'
[0.220s] [34mcolcon.colcon_core.package_identification[0m [1;30mLevel 1[0m _identify(src/realsense-ros/realsense2_description) by extensions ['colcon_pkg']
[0.220s] [34mcolcon.colcon_core.package_identification[0m [1;30mLevel 1[0m _identify(src/realsense-ros/realsense2_description) by extension 'colcon_pkg'
[0.220s] [34mcolcon.colcon_core.package_identification[0m [1;30mLevel 1[0m _identify(src/realsense-ros/realsense2_description) by extensions ['colcon_meta']
[0.220s] [34mcolcon.colcon_core.package_identification[0m [1;30mLevel 1[0m _identify(src/realsense-ros/realsense2_description) by extension 'colcon_meta'
[0.220s] [34mcolcon.colcon_core.package_identification[0m [1;30mLevel 1[0m _identify(src/realsense-ros/realsense2_description) by extensions ['ros']
[0.220s] [34mcolcon.colcon_core.package_identification[0m [1;30mLevel 1[0m _identify(src/realsense-ros/realsense2_description) by extension 'ros'
[0.221s] [34mcolcon.colcon_core.package_identification[0m [1;30mDEBUG[0m [32mPackage 'src/realsense-ros/realsense2_description' with type 'ros.ament_cmake' and name 'realsense2_description'[0m
[0.221s] [34mcolcon.colcon_core.package_discovery[0m [1;30mLevel 1[0m discover_packages(recursive) using defaults
[0.221s] [34mcolcon.colcon_core.package_discovery[0m [1;30mLevel 1[0m discover_packages(ignore) discover
[0.221s] [34mcolcon.colcon_core.package_discovery[0m [1;30mLevel 1[0m discover_packages(ignore) using defaults
[0.221s] [34mcolcon.colcon_core.package_discovery[0m [1;30mLevel 1[0m discover_packages(path) discover
[0.221s] [34mcolcon.colcon_core.package_discovery[0m [1;30mLevel 1[0m discover_packages(path) using defaults
[0.235s] [34mcolcon.colcon_core.package_discovery[0m [1;30mLevel 1[0m discover_packages(prefix_path) check parameters
[0.235s] [34mcolcon.colcon_core.package_discovery[0m [1;30mLevel 1[0m discover_packages(prefix_path) discover
[0.236s] [34mcolcon.colcon_installed_package_information.package_discovery[0m [1;30mDEBUG[0m [32mFound 5 installed packages in /home/jo/project_RobotEngineering_3/my_robot/install[0m
[0.237s] [34mcolcon.colcon_installed_package_information.package_discovery[0m [1;30mDEBUG[0m [32mFound 419 installed packages in /opt/ros/humble[0m
[0.239s] [34mcolcon.colcon_core.package_discovery[0m [1;30mLevel 1[0m discover_packages(prefix_path) using defaults
[0.271s] [34mcolcon.colcon_core.verb[0m [1;30mLevel 5[0m set package 'my_command_pkg' build argument 'cmake_args' from command line to 'None'
[0.271s] [34mcolcon.colcon_core.verb[0m [1;30mLevel 5[0m set package 'my_command_pkg' build argument 'cmake_target' from command line to 'None'
[0.271s] [34mcolcon.colcon_core.verb[0m [1;30mLevel 5[0m set package 'my_command_pkg' build argument 'cmake_target_skip_unavailable' from command line to 'False'
[0.271s] [34mcolcon.colcon_core.verb[0m [1;30mLevel 5[0m set package 'my_command_pkg' build argument 'cmake_clean_cache' from command line to 'False'
[0.271s] [34mcolcon.colcon_core.verb[0m [1;30mLevel 5[0m set package 'my_command_pkg' build argument 'cmake_clean_first' from command line to 'False'
[0.271s] [34mcolcon.colcon_core.verb[0m [1;30mLevel 5[0m set package 'my_command_pkg' build argument 'cmake_force_configure' from command line to 'False'
[0.271s] [34mcolcon.colcon_core.verb[0m [1;30mLevel 5[0m set package 'my_command_pkg' build argument 'ament_cmake_args' from command line to 'None'
[0.271s] [34mcolcon.colcon_core.verb[0m [1;30mLevel 5[0m set package 'my_command_pkg' build argument 'catkin_cmake_args' from command line to 'None'
[0.271s] [34mcolcon.colcon_core.verb[0m [1;30mLevel 5[0m set package 'my_command_pkg' build argument 'catkin_skip_building_tests' from command line to 'False'
[0.271s] [34mcolcon.colcon_core.verb[0m [1;30mDEBUG[0m [32mBuilding package 'my_command_pkg' with the following arguments: {'ament_cmake_args': None, 'build_base': '/home/jo/project_RobotEngineering_3/my_robot/build/my_command_pkg', 'catkin_cmake_args': None, 'catkin_skip_building_tests': False, 'cmake_args': None, 'cmake_clean_cache': False, 'cmake_clean_first': False, 'cmake_force_configure': False, 'cmake_target': None, 'cmake_target_skip_unavailable': False, 'install_base': '/home/jo/project_RobotEngineering_3/my_robot/install/my_command_pkg', 'merge_install': False, 'path': '/home/jo/project_RobotEngineering_3/my_robot/src/my_command_pkg', 'symlink_install': False, 'test_result_base': None}[0m
[0.272s] [34mcolcon.colcon_core.verb[0m [1;30mLevel 5[0m set package 'realsense2_camera_msgs' build argument 'cmake_args' from command line to 'None'
[0.272s] [34mcolcon.colcon_core.verb[0m [1;30mLevel 5[0m set package 'realsense2_camera_msgs' build argument 'cmake_target' from command line to 'None'
[0.272s] [34mcolcon.colcon_core.verb[0m [1;30mLevel 5[0m set package 'realsense2_camera_msgs' build argument 'cmake_target_skip_unavailable' from command line to 'False'
[0.272s] [34mcolcon.colcon_core.verb[0m [1;30mLevel 5[0m set package 'realsense2_camera_msgs' build argument 'cmake_clean_cache' from command line to 'False'
[0.272s] [34mcolcon.colcon_core.verb[0m [1;30mLevel 5[0m set package 'realsense2_camera_msgs' build argument 'cmake_clean_first' from command line to 'False'
[0.272s] [34mcolcon.colcon_core.verb[0m [1;30mLevel 5[0m set package 'realsense2_camera_msgs' build argument 'cmake_force_configure' from command line to 'False'
[0.272s] [34mcolcon.colcon_core.verb[0m [1;30mLevel 5[0m set package 'realsense2_camera_msgs' build argument 'ament_cmake_args' from command line to 'None'
[0.272s] [34mcolcon.colcon_core.verb[0m [1;30mLevel 5[0m set package 'realsense2_camera_msgs' build argument 'catkin_cmake_args' from command line to 'None'
[0.272s] [34mcolcon.colcon_core.verb[0m [1;30mLevel 5[0m set package 'realsense2_camera_msgs' build argument 'catkin_skip_building_tests' from command line to 'False'
[0.272s] [34mcolcon.colcon_core.verb[0m [1;30mDEBUG[0m [32mBuilding package 'realsense2_camera_msgs' with the following arguments: {'ament_cmake_args': None, 'build_base': '/home/jo/project_RobotEngineering_3/my_robot/build/realsense2_camera_msgs', 'catkin_cmake_args': None, 'catkin_skip_building_tests': False, 'cmake_args': None, 'cmake_clean_cache': False, 'cmake_clean_first': False, 'cmake_force_configure': False, 'cmake_target': None, 'cmake_target_skip_unavailable': False, 'install_base': '/home/jo/project_RobotEngineering_3/my_robot/install/realsense2_camera_msgs', 'merge_install': False, 'path': '/home/jo/project_RobotEngineering_3/my_robot/src/realsense-ros/realsense2_camera_msgs', 'symlink_install': False, 'test_result_base': None}[0m
[0.272s] [34mcolcon.colcon_core.verb[0m [1;30mLevel 5[0m set package 'my_robot_pkg' build argument 'cmake_args' from command line to 'None'
[0.272s] [34mcolcon.colcon_core.verb[0m [1;30mLevel 5[0m set package 'my_robot_pkg' build argument 'cmake_target' from command line to 'None'
[0.272s] [34mcolcon.colcon_core.verb[0m [1;30mLevel 5[0m set package 'my_robot_pkg' build argument 'cmake_target_skip_unavailable' from command line to 'False'
[0.272s] [34mcolcon.colcon_core.verb[0m [1;30mLevel 5[0m set package 'my_robot_pkg' build argument 'cmake_clean_cache' from command line to 'False'
[0.272s] [34mcolcon.colcon_core.verb[0m [1;30mLevel 5[0m set package 'my_robot_pkg' build argument 'cmake_clean_first' from command line to 'False'
[0.272s] [34mcolcon.colcon_core.verb[0m [1;30mLevel 5[0m set package 'my_robot_pkg' build argument 'cmake_force_configure' from command line to 'False'
[0.272s] [34mcolcon.colcon_core.verb[0m [1;30mLevel 5[0m set package 'my_robot_pkg' build argument 'ament_cmake_args' from command line to 'None'
[0.272s] [34mcolcon.colcon_core.verb[0m [1;30mLevel 5[0m set package 'my_robot_pkg' build argument 'catkin_cmake_args' from command line to 'None'
[0.272s] [34mcolcon.colcon_core.verb[0m [1;30mLevel 5[0m set package 'my_robot_pkg' build argument 'catkin_skip_building_tests' from command line to 'False'
[0.272s] [34mcolcon.colcon_core.verb[0m [1;30mDEBUG[0m [32mBuilding package 'my_robot_pkg' with the following arguments: {'ament_cmake_args': None, 'build_base': '/home/jo/project_RobotEngineering_3/my_robot/build/my_robot_pkg', 'catkin_cmake_args': None, 'catkin_skip_building_tests': False, 'cmake_args': None, 'cmake_clean_cache': False, 'cmake_clean_first': False, 'cmake_force_configure': False, 'cmake_target': None, 'cmake_target_skip_unavailable': False, 'install_base': '/home/jo/project_RobotEngineering_3/my_robot/install/my_robot_pkg', 'merge_install': False, 'path': '/home/jo/project_RobotEngineering_3/my_robot/src/my_robot_pkg', 'symlink_install': False, 'test_result_base': None}[0m
[0.272s] [34mcolcon.colcon_core.verb[0m [1;30mLevel 5[0m set package 'realsense2_camera' build argument 'cmake_args' from command line to 'None'
[0.272s] [34mcolcon.colcon_core.verb[0m [1;30mLevel 5[0m set package 'realsense2_camera' build argument 'cmake_target' from command line to 'None'
[0.273s] [34mcolcon.colcon_core.verb[0m [1;30mLevel 5[0m set package 'realsense2_camera' build argument 'cmake_target_skip_unavailable' from command line to 'False'
[0.273s] [34mcolcon.colcon_core.verb[0m [1;30mLevel 5[0m set package 'realsense2_camera' build argument 'cmake_clean_cache' from command line to 'False'
[0.273s] [34mcolcon.colcon_core.verb[0m [1;30mLevel 5[0m set package 'realsense2_camera' build argument 'cmake_clean_first' from command line to 'False'
[0.273s] [34mcolcon.colcon_core.verb[0m [1;30mLevel 5[0m set package 'realsense2_camera' build argument 'cmake_force_configure' from command line to 'False'
[0.273s] [34mcolcon.colcon_core.verb[0m [1;30mLevel 5[0m set package 'realsense2_camera' build argument 'ament_cmake_args' from command line to 'None'
[0.273s] [34mcolcon.colcon_core.verb[0m [1;30mLevel 5[0m set package 'realsense2_camera' build argument 'catkin_cmake_args' from command line to 'None'
[0.273s] [34mcolcon.colcon_core.verb[0m [1;30mLevel 5[0m set package 'realsense2_camera' build argument 'catkin_skip_building_tests' from command line to 'False'
[0.273s] [34mcolcon.colcon_core.verb[0m [1;30mDEBUG[0m [32mBuilding package 'realsense2_camera' with the following arguments: {'ament_cmake_args': None, 'build_base': '/home/jo/project_RobotEngineering_3/my_robot/build/realsense2_camera', 'catkin_cmake_args': None, 'catkin_skip_building_tests': False, 'cmake_args': None, 'cmake_clean_cache': False, 'cmake_clean_first': False, 'cmake_force_configure': False, 'cmake_target': None, 'cmake_target_skip_unavailable': False, 'install_base': '/home/jo/project_RobotEngineering_3/my_robot/install/realsense2_camera', 'merge_install': False, 'path': '/home/jo/project_RobotEngineering_3/my_robot/src/realsense-ros/realsense2_camera', 'symlink_install': False, 'test_result_base': None}[0m
[0.273s] [34mcolcon.colcon_core.verb[0m [1;30mLevel 5[0m set package 'realsense2_description' build argument 'cmake_args' from command line to 'None'
[0.273s] [34mcolcon.colcon_core.verb[0m [1;30mLevel 5[0m set package 'realsense2_description' build argument 'cmake_target' from command line to 'None'
[0.273s] [34mcolcon.colcon_core.verb[0m [1;30mLevel 5[0m set package 'realsense2_description' build argument 'cmake_target_skip_unavailable' from command line to 'False'
[0.273s] [34mcolcon.colcon_core.verb[0m [1;30mLevel 5[0m set package 'realsense2_description' build argument 'cmake_clean_cache' from command line to 'False'
[0.273s] [34mcolcon.colcon_core.verb[0m [1;30mLevel 5[0m set package 'realsense2_description' build argument 'cmake_clean_first' from command line to 'False'
[0.273s] [34mcolcon.colcon_core.verb[0m [1;30mLevel 5[0m set package 'realsense2_description' build argument 'cmake_force_configure' from command line to 'False'
[0.273s] [34mcolcon.colcon_core.verb[0m [1;30mLevel 5[0m set package 'realsense2_description' build argument 'ament_cmake_args' from command line to 'None'
[0.273s] [34mcolcon.colcon_core.verb[0m [1;30mLevel 5[0m set package 'realsense2_description' build argument 'catkin_cmake_args' from command line to 'None'
[0.273s] [34mcolcon.colcon_core.verb[0m [1;30mLevel 5[0m set package 'realsense2_description' build argument 'catkin_skip_building_tests' from command line to 'False'
[0.273s] [34mcolcon.colcon_core.verb[0m [1;30mDEBUG[0m [32mBuilding package 'realsense2_description' with the following arguments: {'ament_cmake_args': None, 'build_base': '/home/jo/project_RobotEngineering_3/my_robot/build/realsense2_description', 'catkin_cmake_args': None, 'catkin_skip_building_tests': False, 'cmake_args': None, 'cmake_clean_cache': False, 'cmake_clean_first': False, 'cmake_force_configure': False, 'cmake_target': None, 'cmake_target_skip_unavailable': False, 'install_base': '/home/jo/project_RobotEngineering_3/my_robot/install/realsense2_description', 'merge_install': False, 'path': '/home/jo/project_RobotEngineering_3/my_robot/src/realsense-ros/realsense2_description', 'symlink_install': False, 'test_result_base': None}[0m
[0.273s] [34mcolcon.colcon_core.executor[0m [1;30mINFO[0m Executing jobs using 'parallel' executor
[0.274s] [34mcolcon.colcon_parallel_executor.executor.parallel[0m [1;30mDEBUG[0m [32mrun_until_complete[0m
[0.274s] [34mcolcon.colcon_ros.task.ament_cmake.build[0m [1;30mINFO[0m Building ROS package in '/home/jo/project_RobotEngineering_3/my_robot/src/realsense-ros/realsense2_camera_msgs' with build type 'ament_cmake'
[0.274s] [34mcolcon.colcon_cmake.task.cmake.build[0m [1;30mINFO[0m Building CMake package in '/home/jo/project_RobotEngineering_3/my_robot/src/realsense-ros/realsense2_camera_msgs'
[0.276s] [34mcolcon.colcon_core.plugin_system[0m [1;30mINFO[0m Skipping extension 'colcon_core.shell.bat': Not used on non-Windows systems
[0.276s] [34mcolcon.colcon_core.shell[0m [1;30mINFO[0m Skip shell extension 'powershell' for command environment: Not usable outside of PowerShell
[0.276s] [34mcolcon.colcon_core.shell[0m [1;30mDEBUG[0m [32mSkip shell extension 'dsv' for command environment[0m
[0.279s] [34mcolcon.colcon_ros.task.ament_cmake.build[0m [1;30mINFO[0m Building ROS package in '/home/jo/project_RobotEngineering_3/my_robot/src/my_command_pkg' with build type 'ament_cmake'
[0.279s] [34mcolcon.colcon_cmake.task.cmake.build[0m [1;30mINFO[0m Building CMake package in '/home/jo/project_RobotEngineering_3/my_robot/src/my_command_pkg'
[0.280s] [34mcolcon.colcon_core.shell[0m [1;30mINFO[0m Skip shell extension 'powershell' for command environment: Not usable outside of PowerShell
[0.280s] [34mcolcon.colcon_core.shell[0m [1;30mDEBUG[0m [32mSkip shell extension 'dsv' for command environment[0m
[0.287s] [34mcolcon.colcon_core.event_handler.log_command[0m [1;30mDEBUG[0m [32mInvoking command in '/home/jo/project_RobotEngineering_3/my_robot/build/realsense2_camera_msgs': CMAKE_PREFIX_PATH=${CMAKE_PREFIX_PATH}:/home/jo/project_RobotEngineering_3/my_robot/install/my_robot_pkg:/opt/ros/humble /usr/bin/cmake --build /home/jo/project_RobotEngineering_3/my_robot/build/realsense2_camera_msgs -- -j12 -l12[0m
[0.289s] [34mcolcon.colcon_core.event_handler.log_command[0m [1;30mDEBUG[0m [32mInvoking command in '/home/jo/project_RobotEngineering_3/my_robot/build/my_command_pkg': CMAKE_PREFIX_PATH=${CMAKE_PREFIX_PATH}:/home/jo/project_RobotEngineering_3/my_robot/install/my_robot_pkg:/opt/ros/humble /usr/bin/cmake --build /home/jo/project_RobotEngineering_3/my_robot/build/my_command_pkg -- -j12 -l12[0m
[0.676s] [34mcolcon.colcon_core.event_handler.log_command[0m [1;30mDEBUG[0m [32mInvoked command in '/home/jo/project_RobotEngineering_3/my_robot/build/realsense2_camera_msgs' returned '0': CMAKE_PREFIX_PATH=${CMAKE_PREFIX_PATH}:/home/jo/project_RobotEngineering_3/my_robot/install/my_robot_pkg:/opt/ros/humble /usr/bin/cmake --build /home/jo/project_RobotEngineering_3/my_robot/build/realsense2_camera_msgs -- -j12 -l12[0m
[0.687s] [34mcolcon.colcon_core.event_handler.log_command[0m [1;30mDEBUG[0m [32mInvoking command in '/home/jo/project_RobotEngineering_3/my_robot/build/realsense2_camera_msgs': CMAKE_PREFIX_PATH=${CMAKE_PREFIX_PATH}:/home/jo/project_RobotEngineering_3/my_robot/install/my_robot_pkg:/opt/ros/humble /usr/bin/cmake --install /home/jo/project_RobotEngineering_3/my_robot/build/realsense2_camera_msgs[0m
[0.751s] [34mcolcon.colcon_core.environment[0m [1;30mLevel 1[0m create_environment_scripts_only(realsense2_camera_msgs)
[0.752s] [34mcolcon.colcon_core.event_handler.log_command[0m [1;30mDEBUG[0m [32mInvoked command in '/home/jo/project_RobotEngineering_3/my_robot/build/realsense2_camera_msgs' returned '0': CMAKE_PREFIX_PATH=${CMAKE_PREFIX_PATH}:/home/jo/project_RobotEngineering_3/my_robot/install/my_robot_pkg:/opt/ros/humble /usr/bin/cmake --install /home/jo/project_RobotEngineering_3/my_robot/build/realsense2_camera_msgs[0m
[0.755s] [34mcolcon.colcon_core.environment[0m [1;30mLevel 1[0m checking '/home/jo/project_RobotEngineering_3/my_robot/install/realsense2_camera_msgs' for CMake module files
[0.756s] [34mcolcon.colcon_core.environment[0m [1;30mLevel 1[0m checking '/home/jo/project_RobotEngineering_3/my_robot/install/realsense2_camera_msgs' for CMake config files
[0.757s] [34mcolcon.colcon_core.shell[0m [1;30mLevel 1[0m create_environment_hook('realsense2_camera_msgs', 'cmake_prefix_path')
[0.757s] [34mcolcon.colcon_core.shell[0m [1;30mINFO[0m Creating environment hook '/home/jo/project_RobotEngineering_3/my_robot/install/realsense2_camera_msgs/share/realsense2_camera_msgs/hook/cmake_prefix_path.ps1'
[0.758s] [34mcolcon.colcon_core.shell[0m [1;30mINFO[0m Creating environment descriptor '/home/jo/project_RobotEngineering_3/my_robot/install/realsense2_camera_msgs/share/realsense2_camera_msgs/hook/cmake_prefix_path.dsv'
[0.759s] [34mcolcon.colcon_core.shell[0m [1;30mINFO[0m Creating environment hook '/home/jo/project_RobotEngineering_3/my_robot/install/realsense2_camera_msgs/share/realsense2_camera_msgs/hook/cmake_prefix_path.sh'
[0.761s] [34mcolcon.colcon_core.environment[0m [1;30mLevel 1[0m checking '/home/jo/project_RobotEngineering_3/my_robot/install/realsense2_camera_msgs/lib'
[0.761s] [34mcolcon.colcon_core.shell[0m [1;30mLevel 1[0m create_environment_hook('realsense2_camera_msgs', 'ld_library_path_lib')
[0.761s] [34mcolcon.colcon_core.shell[0m [1;30mINFO[0m Creating environment hook '/home/jo/project_RobotEngineering_3/my_robot/install/realsense2_camera_msgs/share/realsense2_camera_msgs/hook/ld_library_path_lib.ps1'
[0.762s] [34mcolcon.colcon_core.shell[0m [1;30mINFO[0m Creating environment descriptor '/home/jo/project_RobotEngineering_3/my_robot/install/realsense2_camera_msgs/share/realsense2_camera_msgs/hook/ld_library_path_lib.dsv'
[0.762s] [34mcolcon.colcon_core.shell[0m [1;30mINFO[0m Creating environment hook '/home/jo/project_RobotEngineering_3/my_robot/install/realsense2_camera_msgs/share/realsense2_camera_msgs/hook/ld_library_path_lib.sh'
[0.763s] [34mcolcon.colcon_core.environment[0m [1;30mLevel 1[0m checking '/home/jo/project_RobotEngineering_3/my_robot/install/realsense2_camera_msgs/bin'
[0.763s] [34mcolcon.colcon_core.environment[0m [1;30mLevel 1[0m checking '/home/jo/project_RobotEngineering_3/my_robot/install/realsense2_camera_msgs/lib/pkgconfig/realsense2_camera_msgs.pc'
[0.763s] [34mcolcon.colcon_core.environment[0m [1;30mLevel 1[0m checking '/home/jo/project_RobotEngineering_3/my_robot/install/realsense2_camera_msgs/lib/python3.10/site-packages'
[0.763s] [34mcolcon.colcon_core.environment[0m [1;30mLevel 1[0m checking '/home/jo/project_RobotEngineering_3/my_robot/install/realsense2_camera_msgs/bin'
[0.764s] [34mcolcon.colcon_core.shell[0m [1;30mINFO[0m Creating package script '/home/jo/project_RobotEngineering_3/my_robot/install/realsense2_camera_msgs/share/realsense2_camera_msgs/package.ps1'
[0.765s] [34mcolcon.colcon_core.shell[0m [1;30mINFO[0m Creating package descriptor '/home/jo/project_RobotEngineering_3/my_robot/install/realsense2_camera_msgs/share/realsense2_camera_msgs/package.dsv'
[0.766s] [34mcolcon.colcon_core.shell[0m [1;30mINFO[0m Creating package script '/home/jo/project_RobotEngineering_3/my_robot/install/realsense2_camera_msgs/share/realsense2_camera_msgs/package.sh'
[0.767s] [34mcolcon.colcon_core.shell[0m [1;30mINFO[0m Creating package script '/home/jo/project_RobotEngineering_3/my_robot/install/realsense2_camera_msgs/share/realsense2_camera_msgs/package.bash'
[0.768s] [34mcolcon.colcon_core.shell[0m [1;30mINFO[0m Creating package script '/home/jo/project_RobotEngineering_3/my_robot/install/realsense2_camera_msgs/share/realsense2_camera_msgs/package.zsh'
[0.769s] [34mcolcon.colcon_core.environment[0m [1;30mLevel 1[0m create_file_with_runtime_dependencies(/home/jo/project_RobotEngineering_3/my_robot/install/realsense2_camera_msgs/share/colcon-core/packages/realsense2_camera_msgs)
[0.769s] [34mcolcon.colcon_core.environment[0m [1;30mLevel 1[0m create_environment_scripts_only(realsense2_camera_msgs)
[0.770s] [34mcolcon.colcon_core.environment[0m [1;30mLevel 1[0m checking '/home/jo/project_RobotEngineering_3/my_robot/install/realsense2_camera_msgs' for CMake module files
[0.770s] [34mcolcon.colcon_core.environment[0m [1;30mLevel 1[0m checking '/home/jo/project_RobotEngineering_3/my_robot/install/realsense2_camera_msgs' for CMake config files
[0.771s] [34mcolcon.colcon_core.shell[0m [1;30mLevel 1[0m create_environment_hook('realsense2_camera_msgs', 'cmake_prefix_path')
[0.771s] [34mcolcon.colcon_core.shell[0m [1;30mINFO[0m Creating environment hook '/home/jo/project_RobotEngineering_3/my_robot/install/realsense2_camera_msgs/share/realsense2_camera_msgs/hook/cmake_prefix_path.ps1'
[0.772s] [34mcolcon.colcon_core.shell[0m [1;30mINFO[0m Creating environment descriptor '/home/jo/project_RobotEngineering_3/my_robot/install/realsense2_camera_msgs/share/realsense2_camera_msgs/hook/cmake_prefix_path.dsv'
[0.773s] [34mcolcon.colcon_core.shell[0m [1;30mINFO[0m Creating environment hook '/home/jo/project_RobotEngineering_3/my_robot/install/realsense2_camera_msgs/share/realsense2_camera_msgs/hook/cmake_prefix_path.sh'
[0.773s] [34mcolcon.colcon_core.environment[0m [1;30mLevel 1[0m checking '/home/jo/project_RobotEngineering_3/my_robot/install/realsense2_camera_msgs/lib'
[0.773s] [34mcolcon.colcon_core.shell[0m [1;30mLevel 1[0m create_environment_hook('realsense2_camera_msgs', 'ld_library_path_lib')
[0.774s] [34mcolcon.colcon_core.shell[0m [1;30mINFO[0m Creating environment hook '/home/jo/project_RobotEngineering_3/my_robot/install/realsense2_camera_msgs/share/realsense2_camera_msgs/hook/ld_library_path_lib.ps1'
[0.774s] [34mcolcon.colcon_core.shell[0m [1;30mINFO[0m Creating environment descriptor '/home/jo/project_RobotEngineering_3/my_robot/install/realsense2_camera_msgs/share/realsense2_camera_msgs/hook/ld_library_path_lib.dsv'
[0.775s] [34mcolcon.colcon_core.shell[0m [1;30mINFO[0m Creating environment hook '/home/jo/project_RobotEngineering_3/my_robot/install/realsense2_camera_msgs/share/realsense2_camera_msgs/hook/ld_library_path_lib.sh'
[0.775s] [34mcolcon.colcon_core.environment[0m [1;30mLevel 1[0m checking '/home/jo/project_RobotEngineering_3/my_robot/install/realsense2_camera_msgs/bin'
[0.775s] [34mcolcon.colcon_core.environment[0m [1;30mLevel 1[0m checking '/home/jo/project_RobotEngineering_3/my_robot/install/realsense2_camera_msgs/lib/pkgconfig/realsense2_camera_msgs.pc'
[0.776s] [34mcolcon.colcon_core.environment[0m [1;30mLevel 1[0m checking '/home/jo/project_RobotEngineering_3/my_robot/install/realsense2_camera_msgs/lib/python3.10/site-packages'
[0.776s] [34mcolcon.colcon_core.environment[0m [1;30mLevel 1[0m checking '/home/jo/project_RobotEngineering_3/my_robot/install/realsense2_camera_msgs/bin'
[0.776s] [34mcolcon.colcon_core.shell[0m [1;30mINFO[0m Creating package script '/home/jo/project_RobotEngineering_3/my_robot/install/realsense2_camera_msgs/share/realsense2_camera_msgs/package.ps1'
[0.777s] [34mcolcon.colcon_core.shell[0m [1;30mINFO[0m Creating package descriptor '/home/jo/project_RobotEngineering_3/my_robot/install/realsense2_camera_msgs/share/realsense2_camera_msgs/package.dsv'
[0.778s] [34mcolcon.colcon_core.shell[0m [1;30mINFO[0m Creating package script '/home/jo/project_RobotEngineering_3/my_robot/install/realsense2_camera_msgs/share/realsense2_camera_msgs/package.sh'
[0.778s] [34mcolcon.colcon_core.shell[0m [1;30mINFO[0m Creating package script '/home/jo/project_RobotEngineering_3/my_robot/install/realsense2_camera_msgs/share/realsense2_camera_msgs/package.bash'
[0.779s] [34mcolcon.colcon_core.shell[0m [1;30mINFO[0m Creating package script '/home/jo/project_RobotEngineering_3/my_robot/install/realsense2_camera_msgs/share/realsense2_camera_msgs/package.zsh'
[0.779s] [34mcolcon.colcon_core.environment[0m [1;30mLevel 1[0m create_file_with_runtime_dependencies(/home/jo/project_RobotEngineering_3/my_robot/install/realsense2_camera_msgs/share/colcon-core/packages/realsense2_camera_msgs)
[0.780s] [34mcolcon.colcon_ros.task.ament_cmake.build[0m [1;30mINFO[0m Building ROS package in '/home/jo/project_RobotEngineering_3/my_robot/src/realsense-ros/realsense2_camera' with build type 'ament_cmake'
[0.780s] [34mcolcon.colcon_cmake.task.cmake.build[0m [1;30mINFO[0m Building CMake package in '/home/jo/project_RobotEngineering_3/my_robot/src/realsense-ros/realsense2_camera'
[0.780s] [34mcolcon.colcon_core.shell[0m [1;30mINFO[0m Skip shell extension 'powershell' for command environment: Not usable outside of PowerShell
[0.780s] [34mcolcon.colcon_core.shell[0m [1;30mDEBUG[0m [32mSkip shell extension 'dsv' for command environment[0m
[0.785s] [34mcolcon.colcon_ros.task.ament_cmake.build[0m [1;30mINFO[0m Building ROS package in '/home/jo/project_RobotEngineering_3/my_robot/src/realsense-ros/realsense2_description' with build type 'ament_cmake'
[0.786s] [34mcolcon.colcon_cmake.task.cmake.build[0m [1;30mINFO[0m Building CMake package in '/home/jo/project_RobotEngineering_3/my_robot/src/realsense-ros/realsense2_description'
[0.786s] [34mcolcon.colcon_core.shell[0m [1;30mINFO[0m Skip shell extension 'powershell' for command environment: Not usable outside of PowerShell
[0.786s] [34mcolcon.colcon_core.shell[0m [1;30mDEBUG[0m [32mSkip shell extension 'dsv' for command environment[0m
[0.793s] [34mcolcon.colcon_core.event_handler.log_command[0m [1;30mDEBUG[0m [32mInvoking command in '/home/jo/project_RobotEngineering_3/my_robot/build/realsense2_camera': CMAKE_PREFIX_PATH=/home/jo/project_RobotEngineering_3/my_robot/install/realsense2_camera_msgs:/home/jo/project_RobotEngineering_3/my_robot/install/realsense2_description:/home/jo/project_RobotEngineering_3/my_robot/install/realsense2_camera:/home/jo/project_RobotEngineering_3/my_robot/install/my_command_pkg:/home/jo/project_RobotEngineering_3/my_robot/install/my_robot_pkg:/opt/ros/humble LD_LIBRARY_PATH=/home/jo/project_RobotEngineering_3/my_robot/install/realsense2_camera_msgs/lib:/home/jo/project_RobotEngineering_3/my_robot/install/realsense2_camera/lib:/home/jo/project_RobotEngineering_3/my_robot/install/my_command_pkg/lib:/usr/lib/x86_64-linux-gnu/gazebo-11/plugins:/opt/ros/humble/opt/rviz_ogre_vendor/lib:/opt/ros/humble/lib/x86_64-linux-gnu:/opt/ros/humble/lib:/usr/lib/x86_64-linux-gnu/gazebo-11/plugins /usr/bin/cmake --build /home/jo/project_RobotEngineering_3/my_robot/build/realsense2_camera -- -j12 -l12[0m
[0.798s] [34mcolcon.colcon_core.event_handler.log_command[0m [1;30mDEBUG[0m [32mInvoking command in '/home/jo/project_RobotEngineering_3/my_robot/build/realsense2_description': CMAKE_PREFIX_PATH=/home/jo/project_RobotEngineering_3/my_robot/install/realsense2_camera_msgs:/home/jo/project_RobotEngineering_3/my_robot/install/realsense2_description:/home/jo/project_RobotEngineering_3/my_robot/install/realsense2_camera:/home/jo/project_RobotEngineering_3/my_robot/install/my_command_pkg:/home/jo/project_RobotEngineering_3/my_robot/install/my_robot_pkg:/opt/ros/humble LD_LIBRARY_PATH=/home/jo/project_RobotEngineering_3/my_robot/install/realsense2_camera_msgs/lib:/home/jo/project_RobotEngineering_3/my_robot/install/realsense2_camera/lib:/home/jo/project_RobotEngineering_3/my_robot/install/my_command_pkg/lib:/usr/lib/x86_64-linux-gnu/gazebo-11/plugins:/opt/ros/humble/opt/rviz_ogre_vendor/lib:/opt/ros/humble/lib/x86_64-linux-gnu:/opt/ros/humble/lib:/usr/lib/x86_64-linux-gnu/gazebo-11/plugins /usr/bin/cmake --build /home/jo/project_RobotEngineering_3/my_robot/build/realsense2_description -- -j12 -l12[0m
[0.800s] [34mcolcon.colcon_core.event_handler.log_command[0m [1;30mDEBUG[0m [32mInvoked command in '/home/jo/project_RobotEngineering_3/my_robot/build/my_command_pkg' returned '0': CMAKE_PREFIX_PATH=${CMAKE_PREFIX_PATH}:/home/jo/project_RobotEngineering_3/my_robot/install/my_robot_pkg:/opt/ros/humble /usr/bin/cmake --build /home/jo/project_RobotEngineering_3/my_robot/build/my_command_pkg -- -j12 -l12[0m
[0.801s] [34mcolcon.colcon_core.event_handler.log_command[0m [1;30mDEBUG[0m [32mInvoking command in '/home/jo/project_RobotEngineering_3/my_robot/build/my_command_pkg': CMAKE_PREFIX_PATH=${CMAKE_PREFIX_PATH}:/home/jo/project_RobotEngineering_3/my_robot/install/my_robot_pkg:/opt/ros/humble /usr/bin/cmake --install /home/jo/project_RobotEngineering_3/my_robot/build/my_command_pkg[0m
[0.843s] [34mcolcon.colcon_core.event_handler.log_command[0m [1;30mDEBUG[0m [32mInvoked command in '/home/jo/project_RobotEngineering_3/my_robot/build/realsense2_description' returned '0': CMAKE_PREFIX_PATH=/home/jo/project_RobotEngineering_3/my_robot/install/realsense2_camera_msgs:/home/jo/project_RobotEngineering_3/my_robot/install/realsense2_description:/home/jo/project_RobotEngineering_3/my_robot/install/realsense2_camera:/home/jo/project_RobotEngineering_3/my_robot/install/my_command_pkg:/home/jo/project_RobotEngineering_3/my_robot/install/my_robot_pkg:/opt/ros/humble LD_LIBRARY_PATH=/home/jo/project_RobotEngineering_3/my_robot/install/realsense2_camera_msgs/lib:/home/jo/project_RobotEngineering_3/my_robot/install/realsense2_camera/lib:/home/jo/project_RobotEngineering_3/my_robot/install/my_command_pkg/lib:/usr/lib/x86_64-linux-gnu/gazebo-11/plugins:/opt/ros/humble/opt/rviz_ogre_vendor/lib:/opt/ros/humble/lib/x86_64-linux-gnu:/opt/ros/humble/lib:/usr/lib/x86_64-linux-gnu/gazebo-11/plugins /usr/bin/cmake --build /home/jo/project_RobotEngineering_3/my_robot/build/realsense2_description -- -j12 -l12[0m
[0.844s] [34mcolcon.colcon_core.event_handler.log_command[0m [1;30mDEBUG[0m [32mInvoking command in '/home/jo/project_RobotEngineering_3/my_robot/build/realsense2_description': CMAKE_PREFIX_PATH=/home/jo/project_RobotEngineering_3/my_robot/install/realsense2_camera_msgs:/home/jo/project_RobotEngineering_3/my_robot/install/realsense2_description:/home/jo/project_RobotEngineering_3/my_robot/install/realsense2_camera:/home/jo/project_RobotEngineering_3/my_robot/install/my_command_pkg:/home/jo/project_RobotEngineering_3/my_robot/install/my_robot_pkg:/opt/ros/humble LD_LIBRARY_PATH=/home/jo/project_RobotEngineering_3/my_robot/install/realsense2_camera_msgs/lib:/home/jo/project_RobotEngineering_3/my_robot/install/realsense2_camera/lib:/home/jo/project_RobotEngineering_3/my_robot/install/my_command_pkg/lib:/usr/lib/x86_64-linux-gnu/gazebo-11/plugins:/opt/ros/humble/opt/rviz_ogre_vendor/lib:/opt/ros/humble/lib/x86_64-linux-gnu:/opt/ros/humble/lib:/usr/lib/x86_64-linux-gnu/gazebo-11/plugins /usr/bin/cmake --install /home/jo/project_RobotEngineering_3/my_robot/build/realsense2_description[0m
[0.858s] [34mcolcon.colcon_core.environment[0m [1;30mLevel 1[0m create_environment_scripts_only(realsense2_description)
[0.858s] [34mcolcon.colcon_core.environment[0m [1;30mLevel 1[0m checking '/home/jo/project_RobotEngineering_3/my_robot/install/realsense2_description' for CMake module files
[0.861s] [34mcolcon.colcon_core.event_handler.log_command[0m [1;30mDEBUG[0m [32mInvoked command in '/home/jo/project_RobotEngineering_3/my_robot/build/realsense2_description' returned '0': CMAKE_PREFIX_PATH=/home/jo/project_RobotEngineering_3/my_robot/install/realsense2_camera_msgs:/home/jo/project_RobotEngineering_3/my_robot/install/realsense2_description:/home/jo/project_RobotEngineering_3/my_robot/install/realsense2_camera:/home/jo/project_RobotEngineering_3/my_robot/install/my_command_pkg:/home/jo/project_RobotEngineering_3/my_robot/install/my_robot_pkg:/opt/ros/humble LD_LIBRARY_PATH=/home/jo/project_RobotEngineering_3/my_robot/install/realsense2_camera_msgs/lib:/home/jo/project_RobotEngineering_3/my_robot/install/realsense2_camera/lib:/home/jo/project_RobotEngineering_3/my_robot/install/my_command_pkg/lib:/usr/lib/x86_64-linux-gnu/gazebo-11/plugins:/opt/ros/humble/opt/rviz_ogre_vendor/lib:/opt/ros/humble/lib/x86_64-linux-gnu:/opt/ros/humble/lib:/usr/lib/x86_64-linux-gnu/gazebo-11/plugins /usr/bin/cmake --install /home/jo/project_RobotEngineering_3/my_robot/build/realsense2_description[0m
[0.861s] [34mcolcon.colcon_core.environment[0m [1;30mLevel 1[0m checking '/home/jo/project_RobotEngineering_3/my_robot/install/realsense2_description' for CMake config files
[0.861s] [34mcolcon.colcon_core.shell[0m [1;30mLevel 1[0m create_environment_hook('realsense2_description', 'cmake_prefix_path')
[0.862s] [34mcolcon.colcon_core.shell[0m [1;30mINFO[0m Creating environment hook '/home/jo/project_RobotEngineering_3/my_robot/install/realsense2_description/share/realsense2_description/hook/cmake_prefix_path.ps1'
[0.862s] [34mcolcon.colcon_core.shell[0m [1;30mINFO[0m Creating environment descriptor '/home/jo/project_RobotEngineering_3/my_robot/install/realsense2_description/share/realsense2_description/hook/cmake_prefix_path.dsv'
[0.863s] [34mcolcon.colcon_core.shell[0m [1;30mINFO[0m Creating environment hook '/home/jo/project_RobotEngineering_3/my_robot/install/realsense2_description/share/realsense2_description/hook/cmake_prefix_path.sh'
[0.864s] [34mcolcon.colcon_core.environment[0m [1;30mLevel 1[0m checking '/home/jo/project_RobotEngineering_3/my_robot/install/realsense2_description/bin'
[0.864s] [34mcolcon.colcon_core.environment[0m [1;30mLevel 1[0m checking '/home/jo/project_RobotEngineering_3/my_robot/install/realsense2_description/lib/pkgconfig/realsense2_description.pc'
[0.864s] [34mcolcon.colcon_core.environment[0m [1;30mLevel 1[0m checking '/home/jo/project_RobotEngineering_3/my_robot/install/realsense2_description/lib/python3.10/site-packages'
[0.864s] [34mcolcon.colcon_core.environment[0m [1;30mLevel 1[0m checking '/home/jo/project_RobotEngineering_3/my_robot/install/realsense2_description/bin'
[0.865s] [34mcolcon.colcon_core.shell[0m [1;30mINFO[0m Creating package script '/home/jo/project_RobotEngineering_3/my_robot/install/realsense2_description/share/realsense2_description/package.ps1'
[0.866s] [34mcolcon.colcon_core.shell[0m [1;30mINFO[0m Creating package descriptor '/home/jo/project_RobotEngineering_3/my_robot/install/realsense2_description/share/realsense2_description/package.dsv'
[0.872s] [34mcolcon.colcon_core.shell[0m [1;30mINFO[0m Creating package script '/home/jo/project_RobotEngineering_3/my_robot/install/realsense2_description/share/realsense2_description/package.sh'
[0.876s] [34mcolcon.colcon_core.shell[0m [1;30mINFO[0m Creating package script '/home/jo/project_RobotEngineering_3/my_robot/install/realsense2_description/share/realsense2_description/package.bash'
[0.878s] [34mcolcon.colcon_core.shell[0m [1;30mINFO[0m Creating package script '/home/jo/project_RobotEngineering_3/my_robot/install/realsense2_description/share/realsense2_description/package.zsh'
[0.880s] [34mcolcon.colcon_core.environment[0m [1;30mLevel 1[0m create_file_with_runtime_dependencies(/home/jo/project_RobotEngineering_3/my_robot/install/realsense2_description/share/colcon-core/packages/realsense2_description)
[0.884s] [34mcolcon.colcon_core.environment[0m [1;30mLevel 1[0m create_environment_scripts_only(realsense2_description)
[0.884s] [34mcolcon.colcon_core.environment[0m [1;30mLevel 1[0m checking '/home/jo/project_RobotEngineering_3/my_robot/install/realsense2_description' for CMake module files
[0.885s] [34mcolcon.colcon_core.environment[0m [1;30mLevel 1[0m checking '/home/jo/project_RobotEngineering_3/my_robot/install/realsense2_description' for CMake config files
[0.885s] [34mcolcon.colcon_core.shell[0m [1;30mLevel 1[0m create_environment_hook('realsense2_description', 'cmake_prefix_path')
[0.885s] [34mcolcon.colcon_core.shell[0m [1;30mINFO[0m Creating environment hook '/home/jo/project_RobotEngineering_3/my_robot/install/realsense2_description/share/realsense2_description/hook/cmake_prefix_path.ps1'
[0.886s] [34mcolcon.colcon_core.shell[0m [1;30mINFO[0m Creating environment descriptor '/home/jo/project_RobotEngineering_3/my_robot/install/realsense2_description/share/realsense2_description/hook/cmake_prefix_path.dsv'
[0.887s] [34mcolcon.colcon_core.shell[0m [1;30mINFO[0m Creating environment hook '/home/jo/project_RobotEngineering_3/my_robot/install/realsense2_description/share/realsense2_description/hook/cmake_prefix_path.sh'
[0.888s] [34mcolcon.colcon_core.environment[0m [1;30mLevel 1[0m checking '/home/jo/project_RobotEngineering_3/my_robot/install/realsense2_description/bin'
[0.888s] [34mcolcon.colcon_core.environment[0m [1;30mLevel 1[0m checking '/home/jo/project_RobotEngineering_3/my_robot/install/realsense2_description/lib/pkgconfig/realsense2_description.pc'
[0.888s] [34mcolcon.colcon_core.environment[0m [1;30mLevel 1[0m checking '/home/jo/project_RobotEngineering_3/my_robot/install/realsense2_description/lib/python3.10/site-packages'
[0.889s] [34mcolcon.colcon_core.environment[0m [1;30mLevel 1[0m checking '/home/jo/project_RobotEngineering_3/my_robot/install/realsense2_description/bin'
[0.889s] [34mcolcon.colcon_core.shell[0m [1;30mINFO[0m Creating package script '/home/jo/project_RobotEngineering_3/my_robot/install/realsense2_description/share/realsense2_description/package.ps1'
[0.890s] [34mcolcon.colcon_core.shell[0m [1;30mINFO[0m Creating package descriptor '/home/jo/project_RobotEngineering_3/my_robot/install/realsense2_description/share/realsense2_description/package.dsv'
[0.891s] [34mcolcon.colcon_core.shell[0m [1;30mINFO[0m Creating package script '/home/jo/project_RobotEngineering_3/my_robot/install/realsense2_description/share/realsense2_description/package.sh'
[0.891s] [34mcolcon.colcon_core.shell[0m [1;30mINFO[0m Creating package script '/home/jo/project_RobotEngineering_3/my_robot/install/realsense2_description/share/realsense2_description/package.bash'
[0.892s] [34mcolcon.colcon_core.shell[0m [1;30mINFO[0m Creating package script '/home/jo/project_RobotEngineering_3/my_robot/install/realsense2_description/share/realsense2_description/package.zsh'
[0.892s] [34mcolcon.colcon_core.environment[0m [1;30mLevel 1[0m create_file_with_runtime_dependencies(/home/jo/project_RobotEngineering_3/my_robot/install/realsense2_description/share/colcon-core/packages/realsense2_description)
[0.894s] [34mcolcon.colcon_core.environment[0m [1;30mLevel 1[0m create_environment_scripts_only(my_command_pkg)
[0.895s] [34mcolcon.colcon_core.environment[0m [1;30mLevel 1[0m checking '/home/jo/project_RobotEngineering_3/my_robot/install/my_command_pkg' for CMake module files
[0.895s] [34mcolcon.colcon_core.event_handler.log_command[0m [1;30mDEBUG[0m [32mInvoked command in '/home/jo/project_RobotEngineering_3/my_robot/build/my_command_pkg' returned '0': CMAKE_PREFIX_PATH=${CMAKE_PREFIX_PATH}:/home/jo/project_RobotEngineering_3/my_robot/install/my_robot_pkg:/opt/ros/humble /usr/bin/cmake --install /home/jo/project_RobotEngineering_3/my_robot/build/my_command_pkg[0m
[0.896s] [34mcolcon.colcon_core.environment[0m [1;30mLevel 1[0m checking '/home/jo/project_RobotEngineering_3/my_robot/install/my_command_pkg' for CMake config files
[0.897s] [34mcolcon.colcon_core.shell[0m [1;30mLevel 1[0m create_environment_hook('my_command_pkg', 'cmake_prefix_path')
[0.897s] [34mcolcon.colcon_core.shell[0m [1;30mINFO[0m Creating environment hook '/home/jo/project_RobotEngineering_3/my_robot/install/my_command_pkg/share/my_command_pkg/hook/cmake_prefix_path.ps1'
[0.898s] [34mcolcon.colcon_core.shell[0m [1;30mINFO[0m Creating environment descriptor '/home/jo/project_RobotEngineering_3/my_robot/install/my_command_pkg/share/my_command_pkg/hook/cmake_prefix_path.dsv'
[0.898s] [34mcolcon.colcon_core.shell[0m [1;30mINFO[0m Creating environment hook '/home/jo/project_RobotEngineering_3/my_robot/install/my_command_pkg/share/my_command_pkg/hook/cmake_prefix_path.sh'
[0.899s] [34mcolcon.colcon_core.environment[0m [1;30mLevel 1[0m checking '/home/jo/project_RobotEngineering_3/my_robot/install/my_command_pkg/lib'
[0.899s] [34mcolcon.colcon_core.shell[0m [1;30mLevel 1[0m create_environment_hook('my_command_pkg', 'ld_library_path_lib')
[0.900s] [34mcolcon.colcon_core.shell[0m [1;30mINFO[0m Creating environment hook '/home/jo/project_RobotEngineering_3/my_robot/install/my_command_pkg/share/my_command_pkg/hook/ld_library_path_lib.ps1'
[0.900s] [34mcolcon.colcon_core.shell[0m [1;30mINFO[0m Creating environment descriptor '/home/jo/project_RobotEngineering_3/my_robot/install/my_command_pkg/share/my_command_pkg/hook/ld_library_path_lib.dsv'
[0.901s] [34mcolcon.colcon_core.shell[0m [1;30mINFO[0m Creating environment hook '/home/jo/project_RobotEngineering_3/my_robot/install/my_command_pkg/share/my_command_pkg/hook/ld_library_path_lib.sh'
[0.902s] [34mcolcon.colcon_core.environment[0m [1;30mLevel 1[0m checking '/home/jo/project_RobotEngineering_3/my_robot/install/my_command_pkg/bin'
[0.902s] [34mcolcon.colcon_core.environment[0m [1;30mLevel 1[0m checking '/home/jo/project_RobotEngineering_3/my_robot/install/my_command_pkg/lib/pkgconfig/my_command_pkg.pc'
[0.902s] [34mcolcon.colcon_core.environment[0m [1;30mLevel 1[0m checking '/home/jo/project_RobotEngineering_3/my_robot/install/my_command_pkg/lib/python3.10/site-packages'
[0.902s] [34mcolcon.colcon_core.environment[0m [1;30mLevel 1[0m checking '/home/jo/project_RobotEngineering_3/my_robot/install/my_command_pkg/bin'
[0.903s] [34mcolcon.colcon_core.shell[0m [1;30mINFO[0m Creating package script '/home/jo/project_RobotEngineering_3/my_robot/install/my_command_pkg/share/my_command_pkg/package.ps1'
[0.904s] [34mcolcon.colcon_core.shell[0m [1;30mINFO[0m Creating package descriptor '/home/jo/project_RobotEngineering_3/my_robot/install/my_command_pkg/share/my_command_pkg/package.dsv'
[0.904s] [34mcolcon.colcon_core.shell[0m [1;30mINFO[0m Creating package script '/home/jo/project_RobotEngineering_3/my_robot/install/my_command_pkg/share/my_command_pkg/package.sh'
[0.905s] [34mcolcon.colcon_core.shell[0m [1;30mINFO[0m Creating package script '/home/jo/project_RobotEngineering_3/my_robot/install/my_command_pkg/share/my_command_pkg/package.bash'
[0.906s] [34mcolcon.colcon_core.shell[0m [1;30mINFO[0m Creating package script '/home/jo/project_RobotEngineering_3/my_robot/install/my_command_pkg/share/my_command_pkg/package.zsh'
[0.906s] [34mcolcon.colcon_core.environment[0m [1;30mLevel 1[0m create_file_with_runtime_dependencies(/home/jo/project_RobotEngineering_3/my_robot/install/my_command_pkg/share/colcon-core/packages/my_command_pkg)
[0.907s] [34mcolcon.colcon_core.environment[0m [1;30mLevel 1[0m create_environment_scripts_only(my_command_pkg)
[0.907s] [34mcolcon.colcon_core.environment[0m [1;30mLevel 1[0m checking '/home/jo/project_RobotEngineering_3/my_robot/install/my_command_pkg' for CMake module files
[0.908s] [34mcolcon.colcon_core.environment[0m [1;30mLevel 1[0m checking '/home/jo/project_RobotEngineering_3/my_robot/install/my_command_pkg' for CMake config files
[0.909s] [34mcolcon.colcon_core.shell[0m [1;30mLevel 1[0m create_environment_hook('my_command_pkg', 'cmake_prefix_path')
[0.909s] [34mcolcon.colcon_core.shell[0m [1;30mINFO[0m Creating environment hook '/home/jo/project_RobotEngineering_3/my_robot/install/my_command_pkg/share/my_command_pkg/hook/cmake_prefix_path.ps1'
[0.910s] [34mcolcon.colcon_core.shell[0m [1;30mINFO[0m Creating environment descriptor '/home/jo/project_RobotEngineering_3/my_robot/install/my_command_pkg/share/my_command_pkg/hook/cmake_prefix_path.dsv'
[0.911s] [34mcolcon.colcon_core.shell[0m [1;30mINFO[0m Creating environment hook '/home/jo/project_RobotEngineering_3/my_robot/install/my_command_pkg/share/my_command_pkg/hook/cmake_prefix_path.sh'
[0.911s] [34mcolcon.colcon_core.environment[0m [1;30mLevel 1[0m checking '/home/jo/project_RobotEngineering_3/my_robot/install/my_command_pkg/lib'
[0.911s] [34mcolcon.colcon_core.shell[0m [1;30mLevel 1[0m create_environment_hook('my_command_pkg', 'ld_library_path_lib')
[0.912s] [34mcolcon.colcon_core.shell[0m [1;30mINFO[0m Creating environment hook '/home/jo/project_RobotEngineering_3/my_robot/install/my_command_pkg/share/my_command_pkg/hook/ld_library_path_lib.ps1'
[0.912s] [34mcolcon.colcon_core.shell[0m [1;30mINFO[0m Creating environment descriptor '/home/jo/project_RobotEngineering_3/my_robot/install/my_command_pkg/share/my_command_pkg/hook/ld_library_path_lib.dsv'
[0.913s] [34mcolcon.colcon_core.shell[0m [1;30mINFO[0m Creating environment hook '/home/jo/project_RobotEngineering_3/my_robot/install/my_command_pkg/share/my_command_pkg/hook/ld_library_path_lib.sh'
[0.913s] [34mcolcon.colcon_core.environment[0m [1;30mLevel 1[0m checking '/home/jo/project_RobotEngineering_3/my_robot/install/my_command_pkg/bin'
[0.913s] [34mcolcon.colcon_core.environment[0m [1;30mLevel 1[0m checking '/home/jo/project_RobotEngineering_3/my_robot/install/my_command_pkg/lib/pkgconfig/my_command_pkg.pc'
[0.914s] [34mcolcon.colcon_core.environment[0m [1;30mLevel 1[0m checking '/home/jo/project_RobotEngineering_3/my_robot/install/my_command_pkg/lib/python3.10/site-packages'
[0.914s] [34mcolcon.colcon_core.environment[0m [1;30mLevel 1[0m checking '/home/jo/project_RobotEngineering_3/my_robot/install/my_command_pkg/bin'
[0.915s] [34mcolcon.colcon_core.shell[0m [1;30mINFO[0m Creating package script '/home/jo/project_RobotEngineering_3/my_robot/install/my_command_pkg/share/my_command_pkg/package.ps1'
[0.915s] [34mcolcon.colcon_core.shell[0m [1;30mINFO[0m Creating package descriptor '/home/jo/project_RobotEngineering_3/my_robot/install/my_command_pkg/share/my_command_pkg/package.dsv'
[0.916s] [34mcolcon.colcon_core.shell[0m [1;30mINFO[0m Creating package script '/home/jo/project_RobotEngineering_3/my_robot/install/my_command_pkg/share/my_command_pkg/package.sh'
[0.917s] [34mcolcon.colcon_core.shell[0m [1;30mINFO[0m Creating package script '/home/jo/project_RobotEngineering_3/my_robot/install/my_command_pkg/share/my_command_pkg/package.bash'
[0.917s] [34mcolcon.colcon_core.shell[0m [1;30mINFO[0m Creating package script '/home/jo/project_RobotEngineering_3/my_robot/install/my_command_pkg/share/my_command_pkg/package.zsh'
[0.918s] [34mcolcon.colcon_core.environment[0m [1;30mLevel 1[0m create_file_with_runtime_dependencies(/home/jo/project_RobotEngineering_3/my_robot/install/my_command_pkg/share/colcon-core/packages/my_command_pkg)
[0.920s] [34mcolcon.colcon_ros.task.ament_python.build[0m [1;30mINFO[0m Building ROS package in '/home/jo/project_RobotEngineering_3/my_robot/src/my_robot_pkg' with build type 'ament_python'
[0.920s] [34mcolcon.colcon_core.shell[0m [1;30mLevel 1[0m create_environment_hook('my_robot_pkg', 'ament_prefix_path')
[0.921s] [34mcolcon.colcon_core.shell[0m [1;30mINFO[0m Creating environment hook '/home/jo/project_RobotEngineering_3/my_robot/install/my_robot_pkg/share/my_robot_pkg/hook/ament_prefix_path.ps1'
[0.922s] [34mcolcon.colcon_core.shell[0m [1;30mINFO[0m Creating environment descriptor '/home/jo/project_RobotEngineering_3/my_robot/install/my_robot_pkg/share/my_robot_pkg/hook/ament_prefix_path.dsv'
[0.922s] [34mcolcon.colcon_core.event_handler.log_command[0m [1;30mDEBUG[0m [32mInvoked command in '/home/jo/project_RobotEngineering_3/my_robot/build/realsense2_camera' returned '0': CMAKE_PREFIX_PATH=/home/jo/project_RobotEngineering_3/my_robot/install/realsense2_camera_msgs:/home/jo/project_RobotEngineering_3/my_robot/install/realsense2_description:/home/jo/project_RobotEngineering_3/my_robot/install/realsense2_camera:/home/jo/project_RobotEngineering_3/my_robot/install/my_command_pkg:/home/jo/project_RobotEngineering_3/my_robot/install/my_robot_pkg:/opt/ros/humble LD_LIBRARY_PATH=/home/jo/project_RobotEngineering_3/my_robot/install/realsense2_camera_msgs/lib:/home/jo/project_RobotEngineering_3/my_robot/install/realsense2_camera/lib:/home/jo/project_RobotEngineering_3/my_robot/install/my_command_pkg/lib:/usr/lib/x86_64-linux-gnu/gazebo-11/plugins:/opt/ros/humble/opt/rviz_ogre_vendor/lib:/opt/ros/humble/lib/x86_64-linux-gnu:/opt/ros/humble/lib:/usr/lib/x86_64-linux-gnu/gazebo-11/plugins /usr/bin/cmake --build /home/jo/project_RobotEngineering_3/my_robot/build/realsense2_camera -- -j12 -l12[0m
[0.923s] [34mcolcon.colcon_core.event_handler.log_command[0m [1;30mDEBUG[0m [32mInvoking command in '/home/jo/project_RobotEngineering_3/my_robot/build/realsense2_camera': CMAKE_PREFIX_PATH=/home/jo/project_RobotEngineering_3/my_robot/install/realsense2_camera_msgs:/home/jo/project_RobotEngineering_3/my_robot/install/realsense2_description:/home/jo/project_RobotEngineering_3/my_robot/install/realsense2_camera:/home/jo/project_RobotEngineering_3/my_robot/install/my_command_pkg:/home/jo/project_RobotEngineering_3/my_robot/install/my_robot_pkg:/opt/ros/humble LD_LIBRARY_PATH=/home/jo/project_RobotEngineering_3/my_robot/install/realsense2_camera_msgs/lib:/home/jo/project_RobotEngineering_3/my_robot/install/realsense2_camera/lib:/home/jo/project_RobotEngineering_3/my_robot/install/my_command_pkg/lib:/usr/lib/x86_64-linux-gnu/gazebo-11/plugins:/opt/ros/humble/opt/rviz_ogre_vendor/lib:/opt/ros/humble/lib/x86_64-linux-gnu:/opt/ros/humble/lib:/usr/lib/x86_64-linux-gnu/gazebo-11/plugins /usr/bin/cmake --install /home/jo/project_RobotEngineering_3/my_robot/build/realsense2_camera[0m
[0.923s] [34mcolcon.colcon_core.shell[0m [1;30mINFO[0m Creating environment hook '/home/jo/project_RobotEngineering_3/my_robot/install/my_robot_pkg/share/my_robot_pkg/hook/ament_prefix_path.sh'
[0.924s] [34mcolcon.colcon_core.shell[0m [1;30mINFO[0m Skip shell extension 'powershell' for command environment: Not usable outside of PowerShell
[0.925s] [34mcolcon.colcon_core.shell[0m [1;30mDEBUG[0m [32mSkip shell extension 'dsv' for command environment[0m
[0.936s] [34mcolcon.colcon_core.environment[0m [1;30mLevel 1[0m create_environment_scripts_only(realsense2_camera)
[0.937s] [34mcolcon.colcon_core.environment[0m [1;30mLevel 1[0m checking '/home/jo/project_RobotEngineering_3/my_robot/install/realsense2_camera' for CMake module files
[0.938s] [34mcolcon.colcon_core.event_handler.log_command[0m [1;30mDEBUG[0m [32mInvoked command in '/home/jo/project_RobotEngineering_3/my_robot/build/realsense2_camera' returned '0': CMAKE_PREFIX_PATH=/home/jo/project_RobotEngineering_3/my_robot/install/realsense2_camera_msgs:/home/jo/project_RobotEngineering_3/my_robot/install/realsense2_description:/home/jo/project_RobotEngineering_3/my_robot/install/realsense2_camera:/home/jo/project_RobotEngineering_3/my_robot/install/my_command_pkg:/home/jo/project_RobotEngineering_3/my_robot/install/my_robot_pkg:/opt/ros/humble LD_LIBRARY_PATH=/home/jo/project_RobotEngineering_3/my_robot/install/realsense2_camera_msgs/lib:/home/jo/project_RobotEngineering_3/my_robot/install/realsense2_camera/lib:/home/jo/project_RobotEngineering_3/my_robot/install/my_command_pkg/lib:/usr/lib/x86_64-linux-gnu/gazebo-11/plugins:/opt/ros/humble/opt/rviz_ogre_vendor/lib:/opt/ros/humble/lib/x86_64-linux-gnu:/opt/ros/humble/lib:/usr/lib/x86_64-linux-gnu/gazebo-11/plugins /usr/bin/cmake --install /home/jo/project_RobotEngineering_3/my_robot/build/realsense2_camera[0m
[0.939s] [34mcolcon.colcon_core.environment[0m [1;30mLevel 1[0m checking '/home/jo/project_RobotEngineering_3/my_robot/install/realsense2_camera' for CMake config files
[0.939s] [34mcolcon.colcon_core.shell[0m [1;30mLevel 1[0m create_environment_hook('realsense2_camera', 'cmake_prefix_path')
[0.940s] [34mcolcon.colcon_core.shell[0m [1;30mINFO[0m Creating environment hook '/home/jo/project_RobotEngineering_3/my_robot/install/realsense2_camera/share/realsense2_camera/hook/cmake_prefix_path.ps1'
[0.941s] [34mcolcon.colcon_core.shell[0m [1;30mINFO[0m Creating environment descriptor '/home/jo/project_RobotEngineering_3/my_robot/install/realsense2_camera/share/realsense2_camera/hook/cmake_prefix_path.dsv'
[0.941s] [34mcolcon.colcon_core.shell[0m [1;30mINFO[0m Creating environment hook '/home/jo/project_RobotEngineering_3/my_robot/install/realsense2_camera/share/realsense2_camera/hook/cmake_prefix_path.sh'
[0.942s] [34mcolcon.colcon_core.environment[0m [1;30mLevel 1[0m checking '/home/jo/project_RobotEngineering_3/my_robot/install/realsense2_camera/lib'
[0.942s] [34mcolcon.colcon_core.shell[0m [1;30mLevel 1[0m create_environment_hook('realsense2_camera', 'ld_library_path_lib')
[0.943s] [34mcolcon.colcon_core.shell[0m [1;30mINFO[0m Creating environment hook '/home/jo/project_RobotEngineering_3/my_robot/install/realsense2_camera/share/realsense2_camera/hook/ld_library_path_lib.ps1'
[0.943s] [34mcolcon.colcon_core.shell[0m [1;30mINFO[0m Creating environment descriptor '/home/jo/project_RobotEngineering_3/my_robot/install/realsense2_camera/share/realsense2_camera/hook/ld_library_path_lib.dsv'
[0.944s] [34mcolcon.colcon_core.shell[0m [1;30mINFO[0m Creating environment hook '/home/jo/project_RobotEngineering_3/my_robot/install/realsense2_camera/share/realsense2_camera/hook/ld_library_path_lib.sh'
[0.944s] [34mcolcon.colcon_core.environment[0m [1;30mLevel 1[0m checking '/home/jo/project_RobotEngineering_3/my_robot/install/realsense2_camera/bin'
[0.944s] [34mcolcon.colcon_core.environment[0m [1;30mLevel 1[0m checking '/home/jo/project_RobotEngineering_3/my_robot/install/realsense2_camera/lib/pkgconfig/realsense2_camera.pc'
[0.944s] [34mcolcon.colcon_core.environment[0m [1;30mLevel 1[0m checking '/home/jo/project_RobotEngineering_3/my_robot/install/realsense2_camera/lib/python3.10/site-packages'
[0.944s] [34mcolcon.colcon_core.environment[0m [1;30mLevel 1[0m checking '/home/jo/project_RobotEngineering_3/my_robot/install/realsense2_camera/bin'
[0.945s] [34mcolcon.colcon_core.shell[0m [1;30mINFO[0m Creating package script '/home/jo/project_RobotEngineering_3/my_robot/install/realsense2_camera/share/realsense2_camera/package.ps1'
[0.945s] [34mcolcon.colcon_core.shell[0m [1;30mINFO[0m Creating package descriptor '/home/jo/project_RobotEngineering_3/my_robot/install/realsense2_camera/share/realsense2_camera/package.dsv'
[0.946s] [34mcolcon.colcon_core.shell[0m [1;30mINFO[0m Creating package script '/home/jo/project_RobotEngineering_3/my_robot/install/realsense2_camera/share/realsense2_camera/package.sh'
[0.946s] [34mcolcon.colcon_core.shell[0m [1;30mINFO[0m Creating package script '/home/jo/project_RobotEngineering_3/my_robot/install/realsense2_camera/share/realsense2_camera/package.bash'
[0.947s] [34mcolcon.colcon_core.shell[0m [1;30mINFO[0m Creating package script '/home/jo/project_RobotEngineering_3/my_robot/install/realsense2_camera/share/realsense2_camera/package.zsh'
[0.947s] [34mcolcon.colcon_core.environment[0m [1;30mLevel 1[0m create_file_with_runtime_dependencies(/home/jo/project_RobotEngineering_3/my_robot/install/realsense2_camera/share/colcon-core/packages/realsense2_camera)
[0.947s] [34mcolcon.colcon_core.environment[0m [1;30mLevel 1[0m create_environment_scripts_only(realsense2_camera)
[0.948s] [34mcolcon.colcon_core.environment[0m [1;30mLevel 1[0m checking '/home/jo/project_RobotEngineering_3/my_robot/install/realsense2_camera' for CMake module files
[0.948s] [34mcolcon.colcon_core.environment[0m [1;30mLevel 1[0m checking '/home/jo/project_RobotEngineering_3/my_robot/install/realsense2_camera' for CMake config files
[0.948s] [34mcolcon.colcon_core.shell[0m [1;30mLevel 1[0m create_environment_hook('realsense2_camera', 'cmake_prefix_path')
[0.948s] [34mcolcon.colcon_core.shell[0m [1;30mINFO[0m Creating environment hook '/home/jo/project_RobotEngineering_3/my_robot/install/realsense2_camera/share/realsense2_camera/hook/cmake_prefix_path.ps1'
[0.949s] [34mcolcon.colcon_core.shell[0m [1;30mINFO[0m Creating environment descriptor '/home/jo/project_RobotEngineering_3/my_robot/install/realsense2_camera/share/realsense2_camera/hook/cmake_prefix_path.dsv'
[0.949s] [34mcolcon.colcon_core.shell[0m [1;30mINFO[0m Creating environment hook '/home/jo/project_RobotEngineering_3/my_robot/install/realsense2_camera/share/realsense2_camera/hook/cmake_prefix_path.sh'
[0.949s] [34mcolcon.colcon_core.environment[0m [1;30mLevel 1[0m checking '/home/jo/project_RobotEngineering_3/my_robot/install/realsense2_camera/lib'
[0.950s] [34mcolcon.colcon_core.shell[0m [1;30mLevel 1[0m create_environment_hook('realsense2_camera', 'ld_library_path_lib')
[0.950s] [34mcolcon.colcon_core.shell[0m [1;30mINFO[0m Creating environment hook '/home/jo/project_RobotEngineering_3/my_robot/install/realsense2_camera/share/realsense2_camera/hook/ld_library_path_lib.ps1'
[0.950s] [34mcolcon.colcon_core.shell[0m [1;30mINFO[0m Creating environment descriptor '/home/jo/project_RobotEngineering_3/my_robot/install/realsense2_camera/share/realsense2_camera/hook/ld_library_path_lib.dsv'
[0.950s] [34mcolcon.colcon_core.shell[0m [1;30mINFO[0m Creating environment hook '/home/jo/project_RobotEngineering_3/my_robot/install/realsense2_camera/share/realsense2_camera/hook/ld_library_path_lib.sh'
[0.951s] [34mcolcon.colcon_core.environment[0m [1;30mLevel 1[0m checking '/home/jo/project_RobotEngineering_3/my_robot/install/realsense2_camera/bin'
[0.951s] [34mcolcon.colcon_core.environment[0m [1;30mLevel 1[0m checking '/home/jo/project_RobotEngineering_3/my_robot/install/realsense2_camera/lib/pkgconfig/realsense2_camera.pc'
[0.951s] [34mcolcon.colcon_core.environment[0m [1;30mLevel 1[0m checking '/home/jo/project_RobotEngineering_3/my_robot/install/realsense2_camera/lib/python3.10/site-packages'
[0.951s] [34mcolcon.colcon_core.environment[0m [1;30mLevel 1[0m checking '/home/jo/project_RobotEngineering_3/my_robot/install/realsense2_camera/bin'
[0.951s] [34mcolcon.colcon_core.shell[0m [1;30mINFO[0m Creating package script '/home/jo/project_RobotEngineering_3/my_robot/install/realsense2_camera/share/realsense2_camera/package.ps1'
[0.952s] [34mcolcon.colcon_core.shell[0m [1;30mINFO[0m Creating package descriptor '/home/jo/project_RobotEngineering_3/my_robot/install/realsense2_camera/share/realsense2_camera/package.dsv'
[0.953s] [34mcolcon.colcon_core.shell[0m [1;30mINFO[0m Creating package script '/home/jo/project_RobotEngineering_3/my_robot/install/realsense2_camera/share/realsense2_camera/package.sh'
[0.953s] [34mcolcon.colcon_core.shell[0m [1;30mINFO[0m Creating package script '/home/jo/project_RobotEngineering_3/my_robot/install/realsense2_camera/share/realsense2_camera/package.bash'
[0.953s] [34mcolcon.colcon_core.shell[0m [1;30mINFO[0m Creating package script '/home/jo/project_RobotEngineering_3/my_robot/install/realsense2_camera/share/realsense2_camera/package.zsh'
[0.954s] [34mcolcon.colcon_core.environment[0m [1;30mLevel 1[0m create_file_with_runtime_dependencies(/home/jo/project_RobotEngineering_3/my_robot/install/realsense2_camera/share/colcon-core/packages/realsense2_camera)
[1.182s] [34mcolcon.colcon_core.task.python.build[0m [1;30mINFO[0m Building Python package in '/home/jo/project_RobotEngineering_3/my_robot/src/my_robot_pkg'
[1.182s] [34mcolcon.colcon_core.shell[0m [1;30mINFO[0m Skip shell extension 'powershell' for command environment: Not usable outside of PowerShell
[1.182s] [34mcolcon.colcon_core.shell[0m [1;30mDEBUG[0m [32mSkip shell extension 'dsv' for command environment[0m
[1.503s] [34mcolcon.colcon_core.event_handler.log_command[0m [1;30mDEBUG[0m [32mInvoking command in '/home/jo/project_RobotEngineering_3/my_robot/src/my_robot_pkg': CMAKE_PREFIX_PATH=/home/jo/project_RobotEngineering_3/my_robot/install/my_command_pkg:/home/jo/project_RobotEngineering_3/my_robot/install/realsense2_description:/home/jo/project_RobotEngineering_3/my_robot/install/realsense2_camera:/home/jo/project_RobotEngineering_3/my_robot/install/realsense2_camera_msgs LD_LIBRARY_PATH=/home/jo/project_RobotEngineering_3/my_robot/install/my_command_pkg/lib:/home/jo/project_RobotEngineering_3/my_robot/install/realsense2_camera/lib:/home/jo/project_RobotEngineering_3/my_robot/install/realsense2_camera_msgs/lib:/usr/lib/x86_64-linux-gnu/gazebo-11/plugins:/opt/ros/humble/opt/rviz_ogre_vendor/lib:/opt/ros/humble/lib/x86_64-linux-gnu:/opt/ros/humble/lib:/usr/lib/x86_64-linux-gnu/gazebo-11/plugins PYTHONPATH=/home/jo/project_RobotEngineering_3/my_robot/build/my_robot_pkg/prefix_override:/usr/lib/python3/dist-packages/colcon_core/task/python/colcon_distutils_commands:/home/jo/project_RobotEngineering_3/my_robot/install/my_robot_pkg/lib/python3.10/site-packages:${PYTHONPATH} /usr/bin/python3 -W ignore:setup.py install is deprecated -W ignore:easy_install command is deprecated setup.py egg_info --egg-base ../../build/my_robot_pkg build --build-base /home/jo/project_RobotEngineering_3/my_robot/build/my_robot_pkg/build install --record /home/jo/project_RobotEngineering_3/my_robot/build/my_robot_pkg/install.log --single-version-externally-managed install_data[0m
[1.850s] [34mcolcon.colcon_core.environment[0m [1;30mLevel 1[0m checking '/home/jo/project_RobotEngineering_3/my_robot/install/my_robot_pkg' for CMake module files
[1.850s] [34mcolcon.colcon_core.event_handler.log_command[0m [1;30mDEBUG[0m [32mInvoked command in '/home/jo/project_RobotEngineering_3/my_robot/src/my_robot_pkg' returned '0': CMAKE_PREFIX_PATH=/home/jo/project_RobotEngineering_3/my_robot/install/my_command_pkg:/home/jo/project_RobotEngineering_3/my_robot/install/realsense2_description:/home/jo/project_RobotEngineering_3/my_robot/install/realsense2_camera:/home/jo/project_RobotEngineering_3/my_robot/install/realsense2_camera_msgs LD_LIBRARY_PATH=/home/jo/project_RobotEngineering_3/my_robot/install/my_command_pkg/lib:/home/jo/project_RobotEngineering_3/my_robot/install/realsense2_camera/lib:/home/jo/project_RobotEngineering_3/my_robot/install/realsense2_camera_msgs/lib:/usr/lib/x86_64-linux-gnu/gazebo-11/plugins:/opt/ros/humble/opt/rviz_ogre_vendor/lib:/opt/ros/humble/lib/x86_64-linux-gnu:/opt/ros/humble/lib:/usr/lib/x86_64-linux-gnu/gazebo-11/plugins PYTHONPATH=/home/jo/project_RobotEngineering_3/my_robot/build/my_robot_pkg/prefix_override:/usr/lib/python3/dist-packages/colcon_core/task/python/colcon_distutils_commands:/home/jo/project_RobotEngineering_3/my_robot/install/my_robot_pkg/lib/python3.10/site-packages:${PYTHONPATH} /usr/bin/python3 -W ignore:setup.py install is deprecated -W ignore:easy_install command is deprecated setup.py egg_info --egg-base ../../build/my_robot_pkg build --build-base /home/jo/project_RobotEngineering_3/my_robot/build/my_robot_pkg/build install --record /home/jo/project_RobotEngineering_3/my_robot/build/my_robot_pkg/install.log --single-version-externally-managed install_data[0m
[1.851s] [34mcolcon.colcon_core.environment[0m [1;30mLevel 1[0m checking '/home/jo/project_RobotEngineering_3/my_robot/install/my_robot_pkg' for CMake config files
[1.851s] [34mcolcon.colcon_core.environment[0m [1;30mLevel 1[0m checking '/home/jo/project_RobotEngineering_3/my_robot/install/my_robot_pkg/lib'
[1.851s] [34mcolcon.colcon_core.environment[0m [1;30mLevel 1[0m checking '/home/jo/project_RobotEngineering_3/my_robot/install/my_robot_pkg/bin'
[1.851s] [34mcolcon.colcon_core.environment[0m [1;30mLevel 1[0m checking '/home/jo/project_RobotEngineering_3/my_robot/install/my_robot_pkg/lib/pkgconfig/my_robot_pkg.pc'
[1.851s] [34mcolcon.colcon_core.environment[0m [1;30mLevel 1[0m checking '/home/jo/project_RobotEngineering_3/my_robot/install/my_robot_pkg/lib/python3.10/site-packages'
[1.851s] [34mcolcon.colcon_core.shell[0m [1;30mLevel 1[0m create_environment_hook('my_robot_pkg', 'pythonpath')
[1.851s] [34mcolcon.colcon_core.shell[0m [1;30mINFO[0m Creating environment hook '/home/jo/project_RobotEngineering_3/my_robot/install/my_robot_pkg/share/my_robot_pkg/hook/pythonpath.ps1'
[1.852s] [34mcolcon.colcon_core.shell[0m [1;30mINFO[0m Creating environment descriptor '/home/jo/project_RobotEngineering_3/my_robot/install/my_robot_pkg/share/my_robot_pkg/hook/pythonpath.dsv'
[1.852s] [34mcolcon.colcon_core.shell[0m [1;30mINFO[0m Creating environment hook '/home/jo/project_RobotEngineering_3/my_robot/install/my_robot_pkg/share/my_robot_pkg/hook/pythonpath.sh'
[1.853s] [34mcolcon.colcon_core.environment[0m [1;30mLevel 1[0m checking '/home/jo/project_RobotEngineering_3/my_robot/install/my_robot_pkg/bin'
[1.853s] [34mcolcon.colcon_core.environment[0m [1;30mLevel 1[0m create_environment_scripts_only(my_robot_pkg)
[1.853s] [34mcolcon.colcon_core.shell[0m [1;30mINFO[0m Creating package script '/home/jo/project_RobotEngineering_3/my_robot/install/my_robot_pkg/share/my_robot_pkg/package.ps1'
[1.853s] [34mcolcon.colcon_core.shell[0m [1;30mINFO[0m Creating package descriptor '/home/jo/project_RobotEngineering_3/my_robot/install/my_robot_pkg/share/my_robot_pkg/package.dsv'
[1.854s] [34mcolcon.colcon_core.shell[0m [1;30mINFO[0m Creating package script '/home/jo/project_RobotEngineering_3/my_robot/install/my_robot_pkg/share/my_robot_pkg/package.sh'
[1.854s] [34mcolcon.colcon_core.shell[0m [1;30mINFO[0m Creating package script '/home/jo/project_RobotEngineering_3/my_robot/install/my_robot_pkg/share/my_robot_pkg/package.bash'
[1.854s] [34mcolcon.colcon_core.shell[0m [1;30mINFO[0m Creating package script '/home/jo/project_RobotEngineering_3/my_robot/install/my_robot_pkg/share/my_robot_pkg/package.zsh'
[1.854s] [34mcolcon.colcon_core.environment[0m [1;30mLevel 1[0m create_file_with_runtime_dependencies(/home/jo/project_RobotEngineering_3/my_robot/install/my_robot_pkg/share/colcon-core/packages/my_robot_pkg)
[1.855s] [34mcolcon.colcon_parallel_executor.executor.parallel[0m [1;30mDEBUG[0m [32mclosing loop[0m
[1.855s] [34mcolcon.colcon_parallel_executor.executor.parallel[0m [1;30mDEBUG[0m [32mloop closed[0m
[1.855s] [34mcolcon.colcon_parallel_executor.executor.parallel[0m [1;30mDEBUG[0m [32mrun_until_complete finished with '0'[0m
[1.855s] [34mcolcon.colcon_core.event_reactor[0m [1;30mDEBUG[0m [32mjoining thread[0m
[1.864s] [34mcolcon.colcon_core.plugin_system[0m [1;30mINFO[0m Skipping extension 'colcon_notification.desktop_notification.terminal_notifier': Not used on non-Darwin systems
[1.864s] [34mcolcon.colcon_core.plugin_system[0m [1;30mINFO[0m Skipping extension 'colcon_notification.desktop_notification.win32': Not used on non-Windows systems
[1.864s] [34mcolcon.colcon_notification.desktop_notification[0m [1;30mINFO[0m Sending desktop notification using 'notify2'
[1.874s] [34mcolcon.colcon_core.event_reactor[0m [1;30mDEBUG[0m [32mjoined thread[0m
[1.874s] [34mcolcon.colcon_core.shell[0m [1;30mINFO[0m Creating prefix script '/home/jo/project_RobotEngineering_3/my_robot/install/local_setup.ps1'
[1.875s] [34mcolcon.colcon_core.shell[0m [1;30mINFO[0m Creating prefix util module '/home/jo/project_RobotEngineering_3/my_robot/install/_local_setup_util_ps1.py'
[1.876s] [34mcolcon.colcon_core.shell[0m [1;30mINFO[0m Creating prefix chain script '/home/jo/project_RobotEngineering_3/my_robot/install/setup.ps1'
[1.877s] [34mcolcon.colcon_core.shell[0m [1;30mINFO[0m Creating prefix script '/home/jo/project_RobotEngineering_3/my_robot/install/local_setup.sh'
[1.877s] [34mcolcon.colcon_core.shell[0m [1;30mINFO[0m Creating prefix util module '/home/jo/project_RobotEngineering_3/my_robot/install/_local_setup_util_sh.py'
[1.878s] [34mcolcon.colcon_core.shell[0m [1;30mINFO[0m Creating prefix chain script '/home/jo/project_RobotEngineering_3/my_robot/install/setup.sh'
[1.878s] [34mcolcon.colcon_core.shell[0m [1;30mINFO[0m Creating prefix script '/home/jo/project_RobotEngineering_3/my_robot/install/local_setup.bash'
[1.879s] [34mcolcon.colcon_core.shell[0m [1;30mINFO[0m Creating prefix chain script '/home/jo/project_RobotEngineering_3/my_robot/install/setup.bash'
[1.879s] [34mcolcon.colcon_core.shell[0m [1;30mINFO[0m Creating prefix script '/home/jo/project_RobotEngineering_3/my_robot/install/local_setup.zsh'
[1.880s] [34mcolcon.colcon_core.shell[0m [1;30mINFO[0m Creating prefix chain script '/home/jo/project_RobotEngineering_3/my_robot/install/setup.zsh'
