[0.008s] Invoking command in '/home/jo/project_RobotEngineering_3/my_robot/build/realsense2_camera': CMAKE_PREFIX_PATH=/home/jo/project_RobotEngineering_3/my_robot/install/realsense2_camera_msgs:/home/jo/project_RobotEngineering_3/my_robot/install/realsense2_description:/home/jo/project_RobotEngineering_3/my_robot/install/realsense2_camera:/home/jo/project_RobotEngineering_3/my_robot/install/my_command_pkg:/home/jo/project_RobotEngineering_3/my_robot/install/my_robot_pkg:/opt/ros/humble LD_LIBRARY_PATH=/home/jo/project_RobotEngineering_3/my_robot/install/realsense2_camera_msgs/lib:/home/jo/project_RobotEngineering_3/my_robot/install/realsense2_camera/lib:/home/jo/project_RobotEngineering_3/my_robot/install/my_command_pkg/lib:/usr/lib/x86_64-linux-gnu/gazebo-11/plugins:/opt/ros/humble/opt/rviz_ogre_vendor/lib:/opt/ros/humble/lib/x86_64-linux-gnu:/opt/ros/humble/lib:/usr/lib/x86_64-linux-gnu/gazebo-11/plugins /usr/bin/cmake --build /home/jo/project_RobotEngineering_3/my_robot/build/realsense2_camera -- -j12 -l12
[0.058s] [ 25%] Built target realsense2_camera_node
[0.076s] [100%] Built target realsense2_camera
[0.088s] Invoked command in '/home/jo/project_RobotEngineering_3/my_robot/build/realsense2_camera' returned '0': CMAKE_PREFIX_PATH=/home/jo/project_RobotEngineering_3/my_robot/install/realsense2_camera_msgs:/home/jo/project_RobotEngineering_3/my_robot/install/realsense2_description:/home/jo/project_RobotEngineering_3/my_robot/install/realsense2_camera:/home/jo/project_RobotEngineering_3/my_robot/install/my_command_pkg:/home/jo/project_RobotEngineering_3/my_robot/install/my_robot_pkg:/opt/ros/humble LD_LIBRARY_PATH=/home/jo/project_RobotEngineering_3/my_robot/install/realsense2_camera_msgs/lib:/home/jo/project_RobotEngineering_3/my_robot/install/realsense2_camera/lib:/home/jo/project_RobotEngineering_3/my_robot/install/my_command_pkg/lib:/usr/lib/x86_64-linux-gnu/gazebo-11/plugins:/opt/ros/humble/opt/rviz_ogre_vendor/lib:/opt/ros/humble/lib/x86_64-linux-gnu:/opt/ros/humble/lib:/usr/lib/x86_64-linux-gnu/gazebo-11/plugins /usr/bin/cmake --build /home/jo/project_RobotEngineering_3/my_robot/build/realsense2_camera -- -j12 -l12
[0.090s] Invoking command in '/home/jo/project_RobotEngineering_3/my_robot/build/realsense2_camera': CMAKE_PREFIX_PATH=/home/jo/project_RobotEngineering_3/my_robot/install/realsense2_camera_msgs:/home/jo/project_RobotEngineering_3/my_robot/install/realsense2_description:/home/jo/project_RobotEngineering_3/my_robot/install/realsense2_camera:/home/jo/project_RobotEngineering_3/my_robot/install/my_command_pkg:/home/jo/project_RobotEngineering_3/my_robot/install/my_robot_pkg:/opt/ros/humble LD_LIBRARY_PATH=/home/jo/project_RobotEngineering_3/my_robot/install/realsense2_camera_msgs/lib:/home/jo/project_RobotEngineering_3/my_robot/install/realsense2_camera/lib:/home/jo/project_RobotEngineering_3/my_robot/install/my_command_pkg/lib:/usr/lib/x86_64-linux-gnu/gazebo-11/plugins:/opt/ros/humble/opt/rviz_ogre_vendor/lib:/opt/ros/humble/lib/x86_64-linux-gnu:/opt/ros/humble/lib:/usr/lib/x86_64-linux-gnu/gazebo-11/plugins /usr/bin/cmake --install /home/jo/project_RobotEngineering_3/my_robot/build/realsense2_camera
[0.097s] -- Install configuration: "Release"
[0.098s] -- Up-to-date: /home/jo/project_RobotEngineering_3/my_robot/install/realsense2_camera/lib/realsense2_camera/realsense2_camera_node
[0.098s] -- Up-to-date: /home/jo/project_RobotEngineering_3/my_robot/install/realsense2_camera/lib/librealsense2_camera.so
[0.098s] -- Up-to-date: /home/jo/project_RobotEngineering_3/my_robot/install/realsense2_camera/include
[0.098s] -- Up-to-date: /home/jo/project_RobotEngineering_3/my_robot/install/realsense2_camera/include/t265_realsense_node.h
[0.098s] -- Up-to-date: /home/jo/project_RobotEngineering_3/my_robot/install/realsense2_camera/include/ros_param_backend.h
[0.098s] -- Up-to-date: /home/jo/project_RobotEngineering_3/my_robot/install/realsense2_camera/include/constants.h
[0.098s] -- Up-to-date: /home/jo/project_RobotEngineering_3/my_robot/install/realsense2_camera/include/realsense_node_factory.h
[0.098s] -- Up-to-date: /home/jo/project_RobotEngineering_3/my_robot/install/realsense2_camera/include/dynamic_params.h
[0.099s] -- Up-to-date: /home/jo/project_RobotEngineering_3/my_robot/install/realsense2_camera/include/base_realsense_node.h
[0.099s] -- Up-to-date: /home/jo/project_RobotEngineering_3/my_robot/install/realsense2_camera/share/realsense2_camera/launch
[0.099s] -- Up-to-date: /home/jo/project_RobotEngineering_3/my_robot/install/realsense2_camera/share/realsense2_camera/launch/rs_multi_camera_launch.py
[0.099s] -- Up-to-date: /home/jo/project_RobotEngineering_3/my_robot/install/realsense2_camera/share/realsense2_camera/launch/demo_pointcloud_launch.py
[0.099s] -- Up-to-date: /home/jo/project_RobotEngineering_3/my_robot/install/realsense2_camera/share/realsense2_camera/launch/rs_launch.py
[0.099s] -- Up-to-date: /home/jo/project_RobotEngineering_3/my_robot/install/realsense2_camera/share/realsense2_camera/launch/rs_d400_and_t265_launch.py
[0.099s] -- Up-to-date: /home/jo/project_RobotEngineering_3/my_robot/install/realsense2_camera/share/realsense2_camera/launch/default.rviz
[0.099s] -- Up-to-date: /home/jo/project_RobotEngineering_3/my_robot/install/realsense2_camera/share/realsense2_camera/launch/demo_t265_launch.py
[0.099s] -- Up-to-date: /home/jo/project_RobotEngineering_3/my_robot/install/realsense2_camera/share/realsense2_camera/launch/rs_t265_launch.py
[0.100s] -- Up-to-date: /home/jo/project_RobotEngineering_3/my_robot/install/realsense2_camera/share/realsense2_camera/config
[0.100s] -- Up-to-date: /home/jo/project_RobotEngineering_3/my_robot/install/realsense2_camera/share/realsense2_camera/config/d435i.yaml
[0.100s] -- Up-to-date: /home/jo/project_RobotEngineering_3/my_robot/install/realsense2_camera/share/realsense2_camera/rviz
[0.100s] -- Up-to-date: /home/jo/project_RobotEngineering_3/my_robot/install/realsense2_camera/share/realsense2_camera/rviz/pointcloud.rviz
[0.100s] -- Up-to-date: /home/jo/project_RobotEngineering_3/my_robot/install/realsense2_camera/share/realsense2_camera/rviz/t265.rviz
[0.100s] -- Up-to-date: /home/jo/project_RobotEngineering_3/my_robot/install/realsense2_camera/share/realsense2_camera/environment/library_path.sh
[0.100s] -- Up-to-date: /home/jo/project_RobotEngineering_3/my_robot/install/realsense2_camera/share/realsense2_camera/environment/library_path.dsv
[0.100s] -- Up-to-date: /home/jo/project_RobotEngineering_3/my_robot/install/realsense2_camera/share/ament_index/resource_index/package_run_dependencies/realsense2_camera
[0.100s] -- Up-to-date: /home/jo/project_RobotEngineering_3/my_robot/install/realsense2_camera/share/ament_index/resource_index/parent_prefix_path/realsense2_camera
[0.100s] -- Up-to-date: /home/jo/project_RobotEngineering_3/my_robot/install/realsense2_camera/share/realsense2_camera/environment/ament_prefix_path.sh
[0.100s] -- Up-to-date: /home/jo/project_RobotEngineering_3/my_robot/install/realsense2_camera/share/realsense2_camera/environment/ament_prefix_path.dsv
[0.100s] -- Up-to-date: /home/jo/project_RobotEngineering_3/my_robot/install/realsense2_camera/share/realsense2_camera/environment/path.sh
[0.100s] -- Up-to-date: /home/jo/project_RobotEngineering_3/my_robot/install/realsense2_camera/share/realsense2_camera/environment/path.dsv
[0.101s] -- Up-to-date: /home/jo/project_RobotEngineering_3/my_robot/install/realsense2_camera/share/realsense2_camera/local_setup.bash
[0.101s] -- Up-to-date: /home/jo/project_RobotEngineering_3/my_robot/install/realsense2_camera/share/realsense2_camera/local_setup.sh
[0.101s] -- Up-to-date: /home/jo/project_RobotEngineering_3/my_robot/install/realsense2_camera/share/realsense2_camera/local_setup.zsh
[0.101s] -- Up-to-date: /home/jo/project_RobotEngineering_3/my_robot/install/realsense2_camera/share/realsense2_camera/local_setup.dsv
[0.101s] -- Installing: /home/jo/project_RobotEngineering_3/my_robot/install/realsense2_camera/share/realsense2_camera/package.dsv
[0.101s] -- Up-to-date: /home/jo/project_RobotEngineering_3/my_robot/install/realsense2_camera/share/ament_index/resource_index/packages/realsense2_camera
[0.101s] -- Up-to-date: /home/jo/project_RobotEngineering_3/my_robot/install/realsense2_camera/share/ament_index/resource_index/rclcpp_components/realsense2_camera
[0.101s] -- Up-to-date: /home/jo/project_RobotEngineering_3/my_robot/install/realsense2_camera/share/realsense2_camera/cmake/ament_cmake_export_include_directories-extras.cmake
[0.101s] -- Up-to-date: /home/jo/project_RobotEngineering_3/my_robot/install/realsense2_camera/share/realsense2_camera/cmake/ament_cmake_export_libraries-extras.cmake
[0.101s] -- Up-to-date: /home/jo/project_RobotEngineering_3/my_robot/install/realsense2_camera/share/realsense2_camera/cmake/ament_cmake_export_dependencies-extras.cmake
[0.101s] -- Up-to-date: /home/jo/project_RobotEngineering_3/my_robot/install/realsense2_camera/share/realsense2_camera/cmake/realsense2_cameraConfig.cmake
[0.101s] -- Up-to-date: /home/jo/project_RobotEngineering_3/my_robot/install/realsense2_camera/share/realsense2_camera/cmake/realsense2_cameraConfig-version.cmake
[0.101s] -- Up-to-date: /home/jo/project_RobotEngineering_3/my_robot/install/realsense2_camera/share/realsense2_camera/package.xml
[0.102s] Invoked command in '/home/jo/project_RobotEngineering_3/my_robot/build/realsense2_camera' returned '0': CMAKE_PREFIX_PATH=/home/jo/project_RobotEngineering_3/my_robot/install/realsense2_camera_msgs:/home/jo/project_RobotEngineering_3/my_robot/install/realsense2_description:/home/jo/project_RobotEngineering_3/my_robot/install/realsense2_camera:/home/jo/project_RobotEngineering_3/my_robot/install/my_command_pkg:/home/jo/project_RobotEngineering_3/my_robot/install/my_robot_pkg:/opt/ros/humble LD_LIBRARY_PATH=/home/jo/project_RobotEngineering_3/my_robot/install/realsense2_camera_msgs/lib:/home/jo/project_RobotEngineering_3/my_robot/install/realsense2_camera/lib:/home/jo/project_RobotEngineering_3/my_robot/install/my_command_pkg/lib:/usr/lib/x86_64-linux-gnu/gazebo-11/plugins:/opt/ros/humble/opt/rviz_ogre_vendor/lib:/opt/ros/humble/lib/x86_64-linux-gnu:/opt/ros/humble/lib:/usr/lib/x86_64-linux-gnu/gazebo-11/plugins /usr/bin/cmake --install /home/jo/project_RobotEngineering_3/my_robot/build/realsense2_camera
