[0.008s] Invoking command in '/home/jo/project_RobotEngineering_3/my_robot/build/realsense2_camera_msgs': CMAKE_PREFIX_PATH=${CMAKE_PREFIX_PATH}:/home/jo/project_RobotEngineering_3/my_robot/install/py_custom_srv_pkg:/opt/ros/humble /usr/bin/cmake --build /home/jo/project_RobotEngineering_3/my_robot/build/realsense2_camera_msgs -- -j12 -l12
[0.046s] [35m[1mConsolidate compiler generated dependencies of target realsense2_camera_msgs__rosidl_generator_c[0m
[0.054s] [  1%] Built target realsense2_camera_msgs__cpp
[0.059s] [ 12%] Built target realsense2_camera_msgs__rosidl_generator_c
[0.061s] [ 12%] Built target ament_cmake_python_symlink_realsense2_camera_msgs
[0.067s] [35m[1mConsolidate compiler generated dependencies of target realsense2_camera_msgs__rosidl_typesupport_cpp[0m
[0.068s] [35m[1mConsolidate compiler generated dependencies of target realsense2_camera_msgs__rosidl_typesupport_fastrtps_cpp[0m
[0.068s] [35m[1mConsolidate compiler generated dependencies of target realsense2_camera_msgs__rosidl_typesupport_introspection_cpp[0m
[0.074s] [35m[1mConsolidate compiler generated dependencies of target realsense2_camera_msgs__rosidl_typesupport_c[0m
[0.078s] [35m[1mConsolidate compiler generated dependencies of target realsense2_camera_msgs__rosidl_typesupport_introspection_c[0m
[0.078s] [35m[1mConsolidate compiler generated dependencies of target realsense2_camera_msgs__rosidl_typesupport_fastrtps_c[0m
[0.089s] [ 23%] Built target realsense2_camera_msgs__rosidl_typesupport_cpp
[0.089s] [ 34%] Built target realsense2_camera_msgs__rosidl_typesupport_introspection_cpp
[0.092s] [ 45%] Built target realsense2_camera_msgs__rosidl_typesupport_fastrtps_cpp
[0.095s] [ 56%] Built target realsense2_camera_msgs__rosidl_typesupport_fastrtps_c
[0.096s] [ 67%] Built target realsense2_camera_msgs__rosidl_typesupport_c
[0.097s] [ 78%] Built target realsense2_camera_msgs__rosidl_typesupport_introspection_c
[0.116s] [ 78%] Built target realsense2_camera_msgs
[0.136s] [ 80%] Built target realsense2_camera_msgs__py
[0.149s] [35m[1mConsolidate compiler generated dependencies of target realsense2_camera_msgs__rosidl_generator_py[0m
[0.164s] [ 89%] Built target realsense2_camera_msgs__rosidl_generator_py
[0.178s] [35m[1mConsolidate compiler generated dependencies of target realsense2_camera_msgs__rosidl_typesupport_c__pyext[0m
[0.178s] [35m[1mConsolidate compiler generated dependencies of target realsense2_camera_msgs__rosidl_typesupport_introspection_c__pyext[0m
[0.178s] [35m[1mConsolidate compiler generated dependencies of target realsense2_camera_msgs__rosidl_typesupport_fastrtps_c__pyext[0m
[0.190s] [ 92%] Built target realsense2_camera_msgs__rosidl_typesupport_c__pyext
[0.193s] [100%] Built target realsense2_camera_msgs__rosidl_typesupport_fastrtps_c__pyext
[0.193s] [100%] Built target realsense2_camera_msgs__rosidl_typesupport_introspection_c__pyext
[0.399s] running egg_info
[0.399s] writing realsense2_camera_msgs.egg-info/PKG-INFO
[0.399s] writing dependency_links to realsense2_camera_msgs.egg-info/dependency_links.txt
[0.399s] writing top-level names to realsense2_camera_msgs.egg-info/top_level.txt
[0.402s] reading manifest file 'realsense2_camera_msgs.egg-info/SOURCES.txt'
[0.402s] writing manifest file 'realsense2_camera_msgs.egg-info/SOURCES.txt'
[0.428s] [100%] Built target ament_cmake_python_build_realsense2_camera_msgs_egg
[0.442s] Invoked command in '/home/jo/project_RobotEngineering_3/my_robot/build/realsense2_camera_msgs' returned '0': CMAKE_PREFIX_PATH=${CMAKE_PREFIX_PATH}:/home/jo/project_RobotEngineering_3/my_robot/install/py_custom_srv_pkg:/opt/ros/humble /usr/bin/cmake --build /home/jo/project_RobotEngineering_3/my_robot/build/realsense2_camera_msgs -- -j12 -l12
[0.453s] Invoking command in '/home/jo/project_RobotEngineering_3/my_robot/build/realsense2_camera_msgs': CMAKE_PREFIX_PATH=${CMAKE_PREFIX_PATH}:/home/jo/project_RobotEngineering_3/my_robot/install/py_custom_srv_pkg:/opt/ros/humble /usr/bin/cmake --install /home/jo/project_RobotEngineering_3/my_robot/build/realsense2_camera_msgs
[0.459s] -- Install configuration: ""
[0.460s] -- Execute custom install script
[0.460s] -- Up-to-date symlink: /home/jo/project_RobotEngineering_3/my_robot/install/realsense2_camera_msgs/share/ament_index/resource_index/rosidl_interfaces/realsense2_camera_msgs
[0.460s] -- Up-to-date symlink: /home/jo/project_RobotEngineering_3/my_robot/install/realsense2_camera_msgs/include/realsense2_camera_msgs/realsense2_camera_msgs/msg/detail/extrinsics__functions.h
[0.460s] -- Up-to-date symlink: /home/jo/project_RobotEngineering_3/my_robot/install/realsense2_camera_msgs/include/realsense2_camera_msgs/realsense2_camera_msgs/msg/detail/extrinsics__struct.h
[0.461s] -- Up-to-date symlink: /home/jo/project_RobotEngineering_3/my_robot/install/realsense2_camera_msgs/include/realsense2_camera_msgs/realsense2_camera_msgs/msg/detail/extrinsics__type_support.h
[0.461s] -- Up-to-date symlink: /home/jo/project_RobotEngineering_3/my_robot/install/realsense2_camera_msgs/include/realsense2_camera_msgs/realsense2_camera_msgs/msg/detail/imu_info__functions.h
[0.461s] -- Up-to-date symlink: /home/jo/project_RobotEngineering_3/my_robot/install/realsense2_camera_msgs/include/realsense2_camera_msgs/realsense2_camera_msgs/msg/detail/imu_info__struct.h
[0.461s] -- Up-to-date symlink: /home/jo/project_RobotEngineering_3/my_robot/install/realsense2_camera_msgs/include/realsense2_camera_msgs/realsense2_camera_msgs/msg/detail/imu_info__type_support.h
[0.461s] -- Up-to-date symlink: /home/jo/project_RobotEngineering_3/my_robot/install/realsense2_camera_msgs/include/realsense2_camera_msgs/realsense2_camera_msgs/msg/detail/metadata__functions.h
[0.461s] -- Up-to-date symlink: /home/jo/project_RobotEngineering_3/my_robot/install/realsense2_camera_msgs/include/realsense2_camera_msgs/realsense2_camera_msgs/msg/detail/metadata__struct.h
[0.461s] -- Up-to-date symlink: /home/jo/project_RobotEngineering_3/my_robot/install/realsense2_camera_msgs/include/realsense2_camera_msgs/realsense2_camera_msgs/msg/detail/metadata__type_support.h
[0.461s] -- Up-to-date symlink: /home/jo/project_RobotEngineering_3/my_robot/install/realsense2_camera_msgs/include/realsense2_camera_msgs/realsense2_camera_msgs/msg/extrinsics.h
[0.462s] -- Up-to-date symlink: /home/jo/project_RobotEngineering_3/my_robot/install/realsense2_camera_msgs/include/realsense2_camera_msgs/realsense2_camera_msgs/msg/imu_info.h
[0.462s] -- Up-to-date symlink: /home/jo/project_RobotEngineering_3/my_robot/install/realsense2_camera_msgs/include/realsense2_camera_msgs/realsense2_camera_msgs/msg/metadata.h
[0.462s] -- Up-to-date symlink: /home/jo/project_RobotEngineering_3/my_robot/install/realsense2_camera_msgs/include/realsense2_camera_msgs/realsense2_camera_msgs/msg/rosidl_generator_c__visibility_control.h
[0.462s] -- Up-to-date symlink: /home/jo/project_RobotEngineering_3/my_robot/install/realsense2_camera_msgs/include/realsense2_camera_msgs/realsense2_camera_msgs/srv/detail/device_info__functions.h
[0.462s] -- Up-to-date symlink: /home/jo/project_RobotEngineering_3/my_robot/install/realsense2_camera_msgs/include/realsense2_camera_msgs/realsense2_camera_msgs/srv/detail/device_info__struct.h
[0.462s] -- Up-to-date symlink: /home/jo/project_RobotEngineering_3/my_robot/install/realsense2_camera_msgs/include/realsense2_camera_msgs/realsense2_camera_msgs/srv/detail/device_info__type_support.h
[0.462s] -- Up-to-date symlink: /home/jo/project_RobotEngineering_3/my_robot/install/realsense2_camera_msgs/include/realsense2_camera_msgs/realsense2_camera_msgs/srv/device_info.h
[0.463s] -- Up-to-date symlink: /home/jo/project_RobotEngineering_3/my_robot/install/realsense2_camera_msgs/share/realsense2_camera_msgs/environment/library_path.sh
[0.463s] -- Up-to-date symlink: /home/jo/project_RobotEngineering_3/my_robot/install/realsense2_camera_msgs/share/realsense2_camera_msgs/environment/library_path.dsv
[0.463s] -- Up-to-date symlink: /home/jo/project_RobotEngineering_3/my_robot/install/realsense2_camera_msgs/include/realsense2_camera_msgs/realsense2_camera_msgs/msg/detail/extrinsics__rosidl_typesupport_fastrtps_c.h
[0.463s] -- Up-to-date symlink: /home/jo/project_RobotEngineering_3/my_robot/install/realsense2_camera_msgs/include/realsense2_camera_msgs/realsense2_camera_msgs/msg/detail/imu_info__rosidl_typesupport_fastrtps_c.h
[0.463s] -- Up-to-date symlink: /home/jo/project_RobotEngineering_3/my_robot/install/realsense2_camera_msgs/include/realsense2_camera_msgs/realsense2_camera_msgs/msg/detail/metadata__rosidl_typesupport_fastrtps_c.h
[0.463s] -- Up-to-date symlink: /home/jo/project_RobotEngineering_3/my_robot/install/realsense2_camera_msgs/include/realsense2_camera_msgs/realsense2_camera_msgs/msg/rosidl_typesupport_fastrtps_c__visibility_control.h
[0.463s] -- Up-to-date symlink: /home/jo/project_RobotEngineering_3/my_robot/install/realsense2_camera_msgs/include/realsense2_camera_msgs/realsense2_camera_msgs/srv/detail/device_info__rosidl_typesupport_fastrtps_c.h
[0.464s] -- Up-to-date symlink: /home/jo/project_RobotEngineering_3/my_robot/install/realsense2_camera_msgs/include/realsense2_camera_msgs/realsense2_camera_msgs/msg/detail/extrinsics__rosidl_typesupport_introspection_c.h
[0.464s] -- Up-to-date symlink: /home/jo/project_RobotEngineering_3/my_robot/install/realsense2_camera_msgs/include/realsense2_camera_msgs/realsense2_camera_msgs/msg/detail/imu_info__rosidl_typesupport_introspection_c.h
[0.464s] -- Up-to-date symlink: /home/jo/project_RobotEngineering_3/my_robot/install/realsense2_camera_msgs/include/realsense2_camera_msgs/realsense2_camera_msgs/msg/detail/metadata__rosidl_typesupport_introspection_c.h
[0.465s] -- Up-to-date symlink: /home/jo/project_RobotEngineering_3/my_robot/install/realsense2_camera_msgs/include/realsense2_camera_msgs/realsense2_camera_msgs/msg/rosidl_typesupport_introspection_c__visibility_control.h
[0.466s] -- Up-to-date symlink: /home/jo/project_RobotEngineering_3/my_robot/install/realsense2_camera_msgs/include/realsense2_camera_msgs/realsense2_camera_msgs/srv/detail/device_info__rosidl_typesupport_introspection_c.h
[0.466s] -- Up-to-date symlink: /home/jo/project_RobotEngineering_3/my_robot/install/realsense2_camera_msgs/include/realsense2_camera_msgs/realsense2_camera_msgs/msg/detail/extrinsics__builder.hpp
[0.466s] -- Up-to-date symlink: /home/jo/project_RobotEngineering_3/my_robot/install/realsense2_camera_msgs/include/realsense2_camera_msgs/realsense2_camera_msgs/msg/detail/extrinsics__struct.hpp
[0.467s] -- Up-to-date symlink: /home/jo/project_RobotEngineering_3/my_robot/install/realsense2_camera_msgs/include/realsense2_camera_msgs/realsense2_camera_msgs/msg/detail/extrinsics__traits.hpp
[0.467s] -- Up-to-date symlink: /home/jo/project_RobotEngineering_3/my_robot/install/realsense2_camera_msgs/include/realsense2_camera_msgs/realsense2_camera_msgs/msg/detail/extrinsics__type_support.hpp
[0.467s] -- Up-to-date symlink: /home/jo/project_RobotEngineering_3/my_robot/install/realsense2_camera_msgs/include/realsense2_camera_msgs/realsense2_camera_msgs/msg/detail/imu_info__builder.hpp
[0.467s] -- Up-to-date symlink: /home/jo/project_RobotEngineering_3/my_robot/install/realsense2_camera_msgs/include/realsense2_camera_msgs/realsense2_camera_msgs/msg/detail/imu_info__struct.hpp
[0.467s] -- Up-to-date symlink: /home/jo/project_RobotEngineering_3/my_robot/install/realsense2_camera_msgs/include/realsense2_camera_msgs/realsense2_camera_msgs/msg/detail/imu_info__traits.hpp
[0.467s] -- Up-to-date symlink: /home/jo/project_RobotEngineering_3/my_robot/install/realsense2_camera_msgs/include/realsense2_camera_msgs/realsense2_camera_msgs/msg/detail/imu_info__type_support.hpp
[0.467s] -- Up-to-date symlink: /home/jo/project_RobotEngineering_3/my_robot/install/realsense2_camera_msgs/include/realsense2_camera_msgs/realsense2_camera_msgs/msg/detail/metadata__builder.hpp
[0.467s] -- Up-to-date symlink: /home/jo/project_RobotEngineering_3/my_robot/install/realsense2_camera_msgs/include/realsense2_camera_msgs/realsense2_camera_msgs/msg/detail/metadata__struct.hpp
[0.467s] -- Up-to-date symlink: /home/jo/project_RobotEngineering_3/my_robot/install/realsense2_camera_msgs/include/realsense2_camera_msgs/realsense2_camera_msgs/msg/detail/metadata__traits.hpp
[0.467s] -- Up-to-date symlink: /home/jo/project_RobotEngineering_3/my_robot/install/realsense2_camera_msgs/include/realsense2_camera_msgs/realsense2_camera_msgs/msg/detail/metadata__type_support.hpp
[0.468s] -- Up-to-date symlink: /home/jo/project_RobotEngineering_3/my_robot/install/realsense2_camera_msgs/include/realsense2_camera_msgs/realsense2_camera_msgs/msg/extrinsics.hpp
[0.468s] -- Up-to-date symlink: /home/jo/project_RobotEngineering_3/my_robot/install/realsense2_camera_msgs/include/realsense2_camera_msgs/realsense2_camera_msgs/msg/imu_info.hpp
[0.468s] -- Up-to-date symlink: /home/jo/project_RobotEngineering_3/my_robot/install/realsense2_camera_msgs/include/realsense2_camera_msgs/realsense2_camera_msgs/msg/metadata.hpp
[0.468s] -- Up-to-date symlink: /home/jo/project_RobotEngineering_3/my_robot/install/realsense2_camera_msgs/include/realsense2_camera_msgs/realsense2_camera_msgs/msg/rosidl_generator_cpp__visibility_control.hpp
[0.468s] -- Up-to-date symlink: /home/jo/project_RobotEngineering_3/my_robot/install/realsense2_camera_msgs/include/realsense2_camera_msgs/realsense2_camera_msgs/srv/detail/device_info__builder.hpp
[0.468s] -- Up-to-date symlink: /home/jo/project_RobotEngineering_3/my_robot/install/realsense2_camera_msgs/include/realsense2_camera_msgs/realsense2_camera_msgs/srv/detail/device_info__struct.hpp
[0.468s] -- Up-to-date symlink: /home/jo/project_RobotEngineering_3/my_robot/install/realsense2_camera_msgs/include/realsense2_camera_msgs/realsense2_camera_msgs/srv/detail/device_info__traits.hpp
[0.468s] -- Up-to-date symlink: /home/jo/project_RobotEngineering_3/my_robot/install/realsense2_camera_msgs/include/realsense2_camera_msgs/realsense2_camera_msgs/srv/detail/device_info__type_support.hpp
[0.468s] -- Up-to-date symlink: /home/jo/project_RobotEngineering_3/my_robot/install/realsense2_camera_msgs/include/realsense2_camera_msgs/realsense2_camera_msgs/srv/device_info.hpp
[0.469s] -- Up-to-date symlink: /home/jo/project_RobotEngineering_3/my_robot/install/realsense2_camera_msgs/include/realsense2_camera_msgs/realsense2_camera_msgs/msg/detail/extrinsics__rosidl_typesupport_fastrtps_cpp.hpp
[0.469s] -- Up-to-date symlink: /home/jo/project_RobotEngineering_3/my_robot/install/realsense2_camera_msgs/include/realsense2_camera_msgs/realsense2_camera_msgs/msg/detail/imu_info__rosidl_typesupport_fastrtps_cpp.hpp
[0.469s] -- Up-to-date symlink: /home/jo/project_RobotEngineering_3/my_robot/install/realsense2_camera_msgs/include/realsense2_camera_msgs/realsense2_camera_msgs/msg/detail/metadata__rosidl_typesupport_fastrtps_cpp.hpp
[0.469s] -- Up-to-date symlink: /home/jo/project_RobotEngineering_3/my_robot/install/realsense2_camera_msgs/include/realsense2_camera_msgs/realsense2_camera_msgs/msg/rosidl_typesupport_fastrtps_cpp__visibility_control.h
[0.469s] -- Up-to-date symlink: /home/jo/project_RobotEngineering_3/my_robot/install/realsense2_camera_msgs/include/realsense2_camera_msgs/realsense2_camera_msgs/srv/detail/device_info__rosidl_typesupport_fastrtps_cpp.hpp
[0.470s] -- Up-to-date symlink: /home/jo/project_RobotEngineering_3/my_robot/install/realsense2_camera_msgs/include/realsense2_camera_msgs/realsense2_camera_msgs/msg/detail/extrinsics__rosidl_typesupport_introspection_cpp.hpp
[0.470s] -- Up-to-date symlink: /home/jo/project_RobotEngineering_3/my_robot/install/realsense2_camera_msgs/include/realsense2_camera_msgs/realsense2_camera_msgs/msg/detail/imu_info__rosidl_typesupport_introspection_cpp.hpp
[0.470s] -- Up-to-date symlink: /home/jo/project_RobotEngineering_3/my_robot/install/realsense2_camera_msgs/include/realsense2_camera_msgs/realsense2_camera_msgs/msg/detail/metadata__rosidl_typesupport_introspection_cpp.hpp
[0.470s] -- Up-to-date symlink: /home/jo/project_RobotEngineering_3/my_robot/install/realsense2_camera_msgs/include/realsense2_camera_msgs/realsense2_camera_msgs/srv/detail/device_info__rosidl_typesupport_introspection_cpp.hpp
[0.470s] -- Up-to-date symlink: /home/jo/project_RobotEngineering_3/my_robot/install/realsense2_camera_msgs/share/realsense2_camera_msgs/environment/pythonpath.sh
[0.470s] -- Up-to-date symlink: /home/jo/project_RobotEngineering_3/my_robot/install/realsense2_camera_msgs/share/realsense2_camera_msgs/environment/pythonpath.dsv
[0.470s] -- Up-to-date symlink: /home/jo/project_RobotEngineering_3/my_robot/install/realsense2_camera_msgs/local/lib/python3.10/dist-packages/realsense2_camera_msgs-3.2.3-py3.10.egg-info/PKG-INFO
[0.470s] -- Up-to-date symlink: /home/jo/project_RobotEngineering_3/my_robot/install/realsense2_camera_msgs/local/lib/python3.10/dist-packages/realsense2_camera_msgs-3.2.3-py3.10.egg-info/SOURCES.txt
[0.470s] -- Up-to-date symlink: /home/jo/project_RobotEngineering_3/my_robot/install/realsense2_camera_msgs/local/lib/python3.10/dist-packages/realsense2_camera_msgs-3.2.3-py3.10.egg-info/dependency_links.txt
[0.471s] -- Up-to-date symlink: /home/jo/project_RobotEngineering_3/my_robot/install/realsense2_camera_msgs/local/lib/python3.10/dist-packages/realsense2_camera_msgs-3.2.3-py3.10.egg-info/top_level.txt
[0.471s] -- Up-to-date symlink: /home/jo/project_RobotEngineering_3/my_robot/install/realsense2_camera_msgs/local/lib/python3.10/dist-packages/realsense2_camera_msgs/__init__.py
[0.471s] -- Up-to-date symlink: /home/jo/project_RobotEngineering_3/my_robot/install/realsense2_camera_msgs/local/lib/python3.10/dist-packages/realsense2_camera_msgs/_realsense2_camera_msgs_s.ep.rosidl_typesupport_c.c
[0.471s] -- Up-to-date symlink: /home/jo/project_RobotEngineering_3/my_robot/install/realsense2_camera_msgs/local/lib/python3.10/dist-packages/realsense2_camera_msgs/_realsense2_camera_msgs_s.ep.rosidl_typesupport_fastrtps_c.c
[0.471s] -- Up-to-date symlink: /home/jo/project_RobotEngineering_3/my_robot/install/realsense2_camera_msgs/local/lib/python3.10/dist-packages/realsense2_camera_msgs/_realsense2_camera_msgs_s.ep.rosidl_typesupport_introspection_c.c
[0.471s] -- Up-to-date symlink: /home/jo/project_RobotEngineering_3/my_robot/install/realsense2_camera_msgs/local/lib/python3.10/dist-packages/realsense2_camera_msgs/librealsense2_camera_msgs__rosidl_generator_py.so
[0.471s] -- Up-to-date symlink: /home/jo/project_RobotEngineering_3/my_robot/install/realsense2_camera_msgs/local/lib/python3.10/dist-packages/realsense2_camera_msgs/msg/__init__.py
[0.471s] -- Up-to-date symlink: /home/jo/project_RobotEngineering_3/my_robot/install/realsense2_camera_msgs/local/lib/python3.10/dist-packages/realsense2_camera_msgs/msg/_extrinsics.py
[0.471s] -- Up-to-date symlink: /home/jo/project_RobotEngineering_3/my_robot/install/realsense2_camera_msgs/local/lib/python3.10/dist-packages/realsense2_camera_msgs/msg/_extrinsics_s.c
[0.471s] -- Up-to-date symlink: /home/jo/project_RobotEngineering_3/my_robot/install/realsense2_camera_msgs/local/lib/python3.10/dist-packages/realsense2_camera_msgs/msg/_imu_info.py
[0.471s] -- Up-to-date symlink: /home/jo/project_RobotEngineering_3/my_robot/install/realsense2_camera_msgs/local/lib/python3.10/dist-packages/realsense2_camera_msgs/msg/_imu_info_s.c
[0.471s] -- Up-to-date symlink: /home/jo/project_RobotEngineering_3/my_robot/install/realsense2_camera_msgs/local/lib/python3.10/dist-packages/realsense2_camera_msgs/msg/_metadata.py
[0.472s] -- Up-to-date symlink: /home/jo/project_RobotEngineering_3/my_robot/install/realsense2_camera_msgs/local/lib/python3.10/dist-packages/realsense2_camera_msgs/msg/_metadata_s.c
[0.472s] -- Up-to-date symlink: /home/jo/project_RobotEngineering_3/my_robot/install/realsense2_camera_msgs/local/lib/python3.10/dist-packages/realsense2_camera_msgs/realsense2_camera_msgs_s__rosidl_typesupport_c.cpython-310-x86_64-linux-gnu.so
[0.472s] -- Up-to-date symlink: /home/jo/project_RobotEngineering_3/my_robot/install/realsense2_camera_msgs/local/lib/python3.10/dist-packages/realsense2_camera_msgs/realsense2_camera_msgs_s__rosidl_typesupport_fastrtps_c.cpython-310-x86_64-linux-gnu.so
[0.472s] -- Up-to-date symlink: /home/jo/project_RobotEngineering_3/my_robot/install/realsense2_camera_msgs/local/lib/python3.10/dist-packages/realsense2_camera_msgs/realsense2_camera_msgs_s__rosidl_typesupport_introspection_c.cpython-310-x86_64-linux-gnu.so
[0.472s] -- Up-to-date symlink: /home/jo/project_RobotEngineering_3/my_robot/install/realsense2_camera_msgs/local/lib/python3.10/dist-packages/realsense2_camera_msgs/srv/__init__.py
[0.472s] -- Up-to-date symlink: /home/jo/project_RobotEngineering_3/my_robot/install/realsense2_camera_msgs/local/lib/python3.10/dist-packages/realsense2_camera_msgs/srv/_device_info.py
[0.472s] -- Up-to-date symlink: /home/jo/project_RobotEngineering_3/my_robot/install/realsense2_camera_msgs/local/lib/python3.10/dist-packages/realsense2_camera_msgs/srv/_device_info_s.c
[0.472s] -- Up-to-date symlink: /home/jo/project_RobotEngineering_3/my_robot/install/realsense2_camera_msgs/local/lib/python3.10/dist-packages/realsense2_camera_msgs/realsense2_camera_msgs_s__rosidl_typesupport_fastrtps_c.cpython-310-x86_64-linux-gnu.so
[0.472s] -- Up-to-date symlink: /home/jo/project_RobotEngineering_3/my_robot/install/realsense2_camera_msgs/local/lib/python3.10/dist-packages/realsense2_camera_msgs/realsense2_camera_msgs_s__rosidl_typesupport_introspection_c.cpython-310-x86_64-linux-gnu.so
[0.472s] -- Up-to-date symlink: /home/jo/project_RobotEngineering_3/my_robot/install/realsense2_camera_msgs/local/lib/python3.10/dist-packages/realsense2_camera_msgs/realsense2_camera_msgs_s__rosidl_typesupport_c.cpython-310-x86_64-linux-gnu.so
[0.472s] -- Up-to-date symlink: /home/jo/project_RobotEngineering_3/my_robot/install/realsense2_camera_msgs/share/realsense2_camera_msgs/msg/IMUInfo.idl
[0.472s] -- Up-to-date symlink: /home/jo/project_RobotEngineering_3/my_robot/install/realsense2_camera_msgs/share/realsense2_camera_msgs/msg/Extrinsics.idl
[0.473s] -- Up-to-date symlink: /home/jo/project_RobotEngineering_3/my_robot/install/realsense2_camera_msgs/share/realsense2_camera_msgs/msg/Metadata.idl
[0.473s] -- Up-to-date symlink: /home/jo/project_RobotEngineering_3/my_robot/install/realsense2_camera_msgs/share/realsense2_camera_msgs/srv/DeviceInfo.idl
[0.473s] -- Up-to-date symlink: /home/jo/project_RobotEngineering_3/my_robot/install/realsense2_camera_msgs/share/realsense2_camera_msgs/msg/IMUInfo.msg
[0.473s] -- Up-to-date symlink: /home/jo/project_RobotEngineering_3/my_robot/install/realsense2_camera_msgs/share/realsense2_camera_msgs/msg/Extrinsics.msg
[0.473s] -- Up-to-date symlink: /home/jo/project_RobotEngineering_3/my_robot/install/realsense2_camera_msgs/share/realsense2_camera_msgs/msg/Metadata.msg
[0.473s] -- Up-to-date symlink: /home/jo/project_RobotEngineering_3/my_robot/install/realsense2_camera_msgs/share/realsense2_camera_msgs/srv/DeviceInfo.srv
[0.473s] -- Up-to-date symlink: /home/jo/project_RobotEngineering_3/my_robot/install/realsense2_camera_msgs/share/realsense2_camera_msgs/srv/DeviceInfo_Request.msg
[0.473s] -- Up-to-date symlink: /home/jo/project_RobotEngineering_3/my_robot/install/realsense2_camera_msgs/share/realsense2_camera_msgs/srv/DeviceInfo_Response.msg
[0.473s] -- Up-to-date symlink: /home/jo/project_RobotEngineering_3/my_robot/install/realsense2_camera_msgs/share/ament_index/resource_index/package_run_dependencies/realsense2_camera_msgs
[0.473s] -- Up-to-date symlink: /home/jo/project_RobotEngineering_3/my_robot/install/realsense2_camera_msgs/share/ament_index/resource_index/parent_prefix_path/realsense2_camera_msgs
[0.473s] -- Up-to-date symlink: /home/jo/project_RobotEngineering_3/my_robot/install/realsense2_camera_msgs/share/realsense2_camera_msgs/environment/ament_prefix_path.sh
[0.473s] -- Up-to-date symlink: /home/jo/project_RobotEngineering_3/my_robot/install/realsense2_camera_msgs/share/realsense2_camera_msgs/environment/ament_prefix_path.dsv
[0.474s] -- Up-to-date symlink: /home/jo/project_RobotEngineering_3/my_robot/install/realsense2_camera_msgs/share/realsense2_camera_msgs/environment/path.sh
[0.474s] -- Up-to-date symlink: /home/jo/project_RobotEngineering_3/my_robot/install/realsense2_camera_msgs/share/realsense2_camera_msgs/environment/path.dsv
[0.474s] -- Up-to-date symlink: /home/jo/project_RobotEngineering_3/my_robot/install/realsense2_camera_msgs/share/realsense2_camera_msgs/local_setup.bash
[0.474s] -- Up-to-date symlink: /home/jo/project_RobotEngineering_3/my_robot/install/realsense2_camera_msgs/share/realsense2_camera_msgs/local_setup.sh
[0.474s] -- Up-to-date symlink: /home/jo/project_RobotEngineering_3/my_robot/install/realsense2_camera_msgs/share/realsense2_camera_msgs/local_setup.zsh
[0.474s] -- Up-to-date symlink: /home/jo/project_RobotEngineering_3/my_robot/install/realsense2_camera_msgs/share/realsense2_camera_msgs/local_setup.dsv
[0.474s] -- Symlinking: /home/jo/project_RobotEngineering_3/my_robot/install/realsense2_camera_msgs/share/realsense2_camera_msgs/package.dsv
[0.476s] -- Up-to-date symlink: /home/jo/project_RobotEngineering_3/my_robot/install/realsense2_camera_msgs/share/ament_index/resource_index/packages/realsense2_camera_msgs
[0.477s] -- Up-to-date symlink: /home/jo/project_RobotEngineering_3/my_robot/install/realsense2_camera_msgs/share/realsense2_camera_msgs/cmake/rosidl_cmake-extras.cmake
[0.477s] -- Up-to-date symlink: /home/jo/project_RobotEngineering_3/my_robot/install/realsense2_camera_msgs/share/realsense2_camera_msgs/cmake/ament_cmake_export_dependencies-extras.cmake
[0.477s] -- Up-to-date symlink: /home/jo/project_RobotEngineering_3/my_robot/install/realsense2_camera_msgs/share/realsense2_camera_msgs/cmake/ament_cmake_export_include_directories-extras.cmake
[0.477s] -- Up-to-date symlink: /home/jo/project_RobotEngineering_3/my_robot/install/realsense2_camera_msgs/share/realsense2_camera_msgs/cmake/ament_cmake_export_libraries-extras.cmake
[0.477s] -- Up-to-date symlink: /home/jo/project_RobotEngineering_3/my_robot/install/realsense2_camera_msgs/share/realsense2_camera_msgs/cmake/ament_cmake_export_targets-extras.cmake
[0.477s] -- Up-to-date symlink: /home/jo/project_RobotEngineering_3/my_robot/install/realsense2_camera_msgs/share/realsense2_camera_msgs/cmake/rosidl_cmake_export_typesupport_targets-extras.cmake
[0.477s] -- Up-to-date symlink: /home/jo/project_RobotEngineering_3/my_robot/install/realsense2_camera_msgs/share/realsense2_camera_msgs/cmake/rosidl_cmake_export_typesupport_libraries-extras.cmake
[0.477s] -- Up-to-date symlink: /home/jo/project_RobotEngineering_3/my_robot/install/realsense2_camera_msgs/share/realsense2_camera_msgs/cmake/realsense2_camera_msgsConfig.cmake
[0.477s] -- Up-to-date symlink: /home/jo/project_RobotEngineering_3/my_robot/install/realsense2_camera_msgs/share/realsense2_camera_msgs/cmake/realsense2_camera_msgsConfig-version.cmake
[0.478s] -- Up-to-date symlink: /home/jo/project_RobotEngineering_3/my_robot/install/realsense2_camera_msgs/share/realsense2_camera_msgs/package.xml
[0.478s] -- Up-to-date: /home/jo/project_RobotEngineering_3/my_robot/install/realsense2_camera_msgs/lib/librealsense2_camera_msgs__rosidl_generator_c.so
[0.478s] -- Up-to-date: /home/jo/project_RobotEngineering_3/my_robot/install/realsense2_camera_msgs/lib/librealsense2_camera_msgs__rosidl_typesupport_fastrtps_c.so
[0.478s] -- Up-to-date: /home/jo/project_RobotEngineering_3/my_robot/install/realsense2_camera_msgs/lib/librealsense2_camera_msgs__rosidl_typesupport_introspection_c.so
[0.479s] -- Up-to-date: /home/jo/project_RobotEngineering_3/my_robot/install/realsense2_camera_msgs/lib/librealsense2_camera_msgs__rosidl_typesupport_c.so
[0.479s] -- Up-to-date: /home/jo/project_RobotEngineering_3/my_robot/install/realsense2_camera_msgs/lib/librealsense2_camera_msgs__rosidl_typesupport_fastrtps_cpp.so
[0.479s] -- Up-to-date: /home/jo/project_RobotEngineering_3/my_robot/install/realsense2_camera_msgs/lib/librealsense2_camera_msgs__rosidl_typesupport_introspection_cpp.so
[0.479s] -- Up-to-date: /home/jo/project_RobotEngineering_3/my_robot/install/realsense2_camera_msgs/lib/librealsense2_camera_msgs__rosidl_typesupport_cpp.so
[0.504s] Listing '/home/jo/project_RobotEngineering_3/my_robot/install/realsense2_camera_msgs/local/lib/python3.10/dist-packages/realsense2_camera_msgs'...
[0.504s] Listing '/home/jo/project_RobotEngineering_3/my_robot/install/realsense2_camera_msgs/local/lib/python3.10/dist-packages/realsense2_camera_msgs/msg'...
[0.504s] Listing '/home/jo/project_RobotEngineering_3/my_robot/install/realsense2_camera_msgs/local/lib/python3.10/dist-packages/realsense2_camera_msgs/srv'...
[0.507s] -- Up-to-date: /home/jo/project_RobotEngineering_3/my_robot/install/realsense2_camera_msgs/lib/librealsense2_camera_msgs__rosidl_generator_py.so
[0.508s] -- Up-to-date: /home/jo/project_RobotEngineering_3/my_robot/install/realsense2_camera_msgs/share/realsense2_camera_msgs/cmake/export_realsense2_camera_msgs__rosidl_generator_cExport.cmake
[0.508s] -- Up-to-date: /home/jo/project_RobotEngineering_3/my_robot/install/realsense2_camera_msgs/share/realsense2_camera_msgs/cmake/export_realsense2_camera_msgs__rosidl_generator_cExport-noconfig.cmake
[0.508s] -- Up-to-date: /home/jo/project_RobotEngineering_3/my_robot/install/realsense2_camera_msgs/share/realsense2_camera_msgs/cmake/export_realsense2_camera_msgs__rosidl_typesupport_fastrtps_cExport.cmake
[0.508s] -- Up-to-date: /home/jo/project_RobotEngineering_3/my_robot/install/realsense2_camera_msgs/share/realsense2_camera_msgs/cmake/export_realsense2_camera_msgs__rosidl_typesupport_fastrtps_cExport-noconfig.cmake
[0.508s] -- Up-to-date: /home/jo/project_RobotEngineering_3/my_robot/install/realsense2_camera_msgs/share/realsense2_camera_msgs/cmake/realsense2_camera_msgs__rosidl_typesupport_introspection_cExport.cmake
[0.508s] -- Up-to-date: /home/jo/project_RobotEngineering_3/my_robot/install/realsense2_camera_msgs/share/realsense2_camera_msgs/cmake/realsense2_camera_msgs__rosidl_typesupport_introspection_cExport-noconfig.cmake
[0.508s] -- Up-to-date: /home/jo/project_RobotEngineering_3/my_robot/install/realsense2_camera_msgs/share/realsense2_camera_msgs/cmake/realsense2_camera_msgs__rosidl_typesupport_cExport.cmake
[0.508s] -- Up-to-date: /home/jo/project_RobotEngineering_3/my_robot/install/realsense2_camera_msgs/share/realsense2_camera_msgs/cmake/realsense2_camera_msgs__rosidl_typesupport_cExport-noconfig.cmake
[0.508s] -- Up-to-date: /home/jo/project_RobotEngineering_3/my_robot/install/realsense2_camera_msgs/share/realsense2_camera_msgs/cmake/export_realsense2_camera_msgs__rosidl_generator_cppExport.cmake
[0.508s] -- Up-to-date: /home/jo/project_RobotEngineering_3/my_robot/install/realsense2_camera_msgs/share/realsense2_camera_msgs/cmake/export_realsense2_camera_msgs__rosidl_typesupport_fastrtps_cppExport.cmake
[0.508s] -- Up-to-date: /home/jo/project_RobotEngineering_3/my_robot/install/realsense2_camera_msgs/share/realsense2_camera_msgs/cmake/export_realsense2_camera_msgs__rosidl_typesupport_fastrtps_cppExport-noconfig.cmake
[0.508s] -- Up-to-date: /home/jo/project_RobotEngineering_3/my_robot/install/realsense2_camera_msgs/share/realsense2_camera_msgs/cmake/realsense2_camera_msgs__rosidl_typesupport_introspection_cppExport.cmake
[0.508s] -- Up-to-date: /home/jo/project_RobotEngineering_3/my_robot/install/realsense2_camera_msgs/share/realsense2_camera_msgs/cmake/realsense2_camera_msgs__rosidl_typesupport_introspection_cppExport-noconfig.cmake
[0.508s] -- Up-to-date: /home/jo/project_RobotEngineering_3/my_robot/install/realsense2_camera_msgs/share/realsense2_camera_msgs/cmake/realsense2_camera_msgs__rosidl_typesupport_cppExport.cmake
[0.509s] -- Up-to-date: /home/jo/project_RobotEngineering_3/my_robot/install/realsense2_camera_msgs/share/realsense2_camera_msgs/cmake/realsense2_camera_msgs__rosidl_typesupport_cppExport-noconfig.cmake
[0.509s] -- Up-to-date: /home/jo/project_RobotEngineering_3/my_robot/install/realsense2_camera_msgs/share/realsense2_camera_msgs/cmake/export_realsense2_camera_msgs__rosidl_generator_pyExport.cmake
[0.509s] -- Up-to-date: /home/jo/project_RobotEngineering_3/my_robot/install/realsense2_camera_msgs/share/realsense2_camera_msgs/cmake/export_realsense2_camera_msgs__rosidl_generator_pyExport-noconfig.cmake
[0.511s] Invoked command in '/home/jo/project_RobotEngineering_3/my_robot/build/realsense2_camera_msgs' returned '0': CMAKE_PREFIX_PATH=${CMAKE_PREFIX_PATH}:/home/jo/project_RobotEngineering_3/my_robot/install/py_custom_srv_pkg:/opt/ros/humble /usr/bin/cmake --install /home/jo/project_RobotEngineering_3/my_robot/build/realsense2_camera_msgs
