[0.013s] Invoking command in '/home/jo/project_RobotEngineering_3/my_robot/build/realsense2_camera': CMAKE_PREFIX_PATH=/home/jo/project_RobotEngineering_3/my_robot/install/realsense2_camera_msgs:/home/jo/project_RobotEngineering_3/my_robot/install/realsense2_description:/home/jo/project_RobotEngineering_3/my_robot/install/realsense2_camera:/home/jo/project_RobotEngineering_3/my_robot/install/my_command_pkg:/home/jo/project_RobotEngineering_3/my_robot/install/my_robot_pkg:/opt/ros/humble LD_LIBRARY_PATH=/home/jo/project_RobotEngineering_3/my_robot/install/realsense2_camera_msgs/lib:/home/jo/project_RobotEngineering_3/my_robot/install/realsense2_camera/lib:/home/jo/project_RobotEngineering_3/my_robot/install/my_command_pkg/lib:/usr/lib/x86_64-linux-gnu/gazebo-11/plugins:/opt/ros/humble/opt/rviz_ogre_vendor/lib:/opt/ros/humble/lib/x86_64-linux-gnu:/opt/ros/humble/lib:/usr/lib/x86_64-linux-gnu/gazebo-11/plugins /usr/bin/cmake /home/jo/project_RobotEngineering_3/my_robot/src/realsense-ros/realsense2_camera -DCMAKE_INSTALL_PREFIX=/home/jo/project_RobotEngineering_3/my_robot/install/realsense2_camera
[0.086s] -- The C compiler identification is GNU 11.4.0
[0.160s] -- The CXX compiler identification is GNU 11.4.0
[0.169s] -- Detecting C compiler ABI info
[0.254s] -- Detecting C compiler ABI info - done
[0.266s] -- Check for working C compiler: /usr/bin/cc - skipped
[0.266s] -- Detecting C compile features
[0.266s] -- Detecting C compile features - done
[0.271s] -- Detecting CXX compiler ABI info
[0.378s] -- Detecting CXX compiler ABI info - done
[0.389s] -- Check for working CXX compiler: /usr/bin/c++ - skipped
[0.390s] -- Detecting CXX compile features
[0.390s] -- Detecting CXX compile features - done
[0.391s] -- Create Release Build.
[0.393s] -- Found ament_cmake: 1.3.12 (/opt/ros/humble/share/ament_cmake/cmake)
[0.614s] -- Found Python3: /usr/bin/python3 (found version "3.10.12") found components: Interpreter 
[0.729s] -- Found builtin_interfaces: 1.2.2 (/opt/ros/humble/share/builtin_interfaces/cmake)
[0.769s] -- Found rosidl_generator_c: 3.1.7 (/opt/ros/humble/share/rosidl_generator_c/cmake)
[0.775s] -- Found rosidl_adapter: 3.1.7 (/opt/ros/humble/share/rosidl_adapter/cmake)
[0.785s] -- Found rosidl_generator_cpp: 3.1.7 (/opt/ros/humble/share/rosidl_generator_cpp/cmake)
[0.798s] -- Using all available rosidl_typesupport_c: rosidl_typesupport_fastrtps_c;rosidl_typesupport_introspection_c
[0.826s] -- Using all available rosidl_typesupport_cpp: rosidl_typesupport_fastrtps_cpp;rosidl_typesupport_introspection_cpp
[0.853s] -- Found cv_bridge: 3.2.1 (/opt/ros/humble/share/cv_bridge/cmake)
[0.935s] -- Found image_transport: 3.1.12 (/opt/ros/humble/share/image_transport/cmake)
[0.991s] -- Found rmw_implementation_cmake: 6.1.2 (/opt/ros/humble/share/rmw_implementation_cmake/cmake)
[0.995s] -- Found rmw_fastrtps_cpp: 6.2.8 (/opt/ros/humble/share/rmw_fastrtps_cpp/cmake)
[1.096s] -- Found OpenSSL: /usr/lib/x86_64-linux-gnu/libcrypto.so (found version "3.0.2")  
[1.137s] -- Found FastRTPS: /opt/ros/humble/include  
[1.196s] -- Using RMW implementation 'rmw_fastrtps_cpp' as default
[1.206s] -- Looking for pthread.h
[1.293s] -- Looking for pthread.h - found
[1.293s] -- Performing Test CMAKE_HAVE_LIBC_PTHREAD
[1.383s] -- Performing Test CMAKE_HAVE_LIBC_PTHREAD - Success
[1.385s] -- Found Threads: TRUE  
[1.464s] -- Found rclcpp_components: 16.0.14 (/opt/ros/humble/share/rclcpp_components/cmake)
[1.481s] -- Found realsense2_camera_msgs: 3.2.3 (/home/jo/project_RobotEngineering_3/my_robot/install/realsense2_camera_msgs/share/realsense2_camera_msgs/cmake)
[1.496s] -- Found std_srvs: 4.9.0 (/opt/ros/humble/share/std_srvs/cmake)
[1.507s] -- Found nav_msgs: 4.9.0 (/opt/ros/humble/share/nav_msgs/cmake)
[1.524s] -- Found tf2_ros: 0.25.15 (/opt/ros/humble/share/tf2_ros/cmake)
[1.592s] -- Found diagnostic_updater: 4.0.6 (/opt/ros/humble/share/diagnostic_updater/cmake)
[1.614s] -- Build for ROS2 Humble
[1.621s] -- Found ament_lint_auto: 0.12.14 (/opt/ros/humble/share/ament_lint_auto/cmake)
[1.625s] -- Found OpenCV: /usr (found version "4.5.4") 
[1.720s] -- Added test 'copyright' to check source files copyright and LICENSE
[1.722s] -- Added test 'cppcheck' to perform static code analysis on C / C++ code
[1.722s] -- Configured cppcheck include dirs: /home/jo/project_RobotEngineering_3/my_robot/src/realsense-ros/realsense2_camera/include
[1.722s] -- Configured cppcheck exclude dirs and/or files: 
[1.724s] -- Added test 'cpplint' to check C / C++ code against the Google style
[1.724s] -- Configured cpplint exclude dirs and/or files: 
[1.724s] -- Added test 'flake8' to check Python code syntax and style conventions
[1.725s] -- Added test 'lint_cmake' to check CMake code style
[1.726s] -- Added test 'pep257' to check Python code against some of the docstring style conventions in PEP 257
[1.728s] -- Added test 'uncrustify' to check C / C++ code style
[1.728s] -- Configured uncrustify additional arguments: 
[1.728s] -- Added test 'xmllint' to check XML markup files
[1.730s] -- Configuring done
[1.799s] -- Generating done
[1.809s] -- Build files have been written to: /home/jo/project_RobotEngineering_3/my_robot/build/realsense2_camera
[1.819s] Invoked command in '/home/jo/project_RobotEngineering_3/my_robot/build/realsense2_camera' returned '0': CMAKE_PREFIX_PATH=/home/jo/project_RobotEngineering_3/my_robot/install/realsense2_camera_msgs:/home/jo/project_RobotEngineering_3/my_robot/install/realsense2_description:/home/jo/project_RobotEngineering_3/my_robot/install/realsense2_camera:/home/jo/project_RobotEngineering_3/my_robot/install/my_command_pkg:/home/jo/project_RobotEngineering_3/my_robot/install/my_robot_pkg:/opt/ros/humble LD_LIBRARY_PATH=/home/jo/project_RobotEngineering_3/my_robot/install/realsense2_camera_msgs/lib:/home/jo/project_RobotEngineering_3/my_robot/install/realsense2_camera/lib:/home/jo/project_RobotEngineering_3/my_robot/install/my_command_pkg/lib:/usr/lib/x86_64-linux-gnu/gazebo-11/plugins:/opt/ros/humble/opt/rviz_ogre_vendor/lib:/opt/ros/humble/lib/x86_64-linux-gnu:/opt/ros/humble/lib:/usr/lib/x86_64-linux-gnu/gazebo-11/plugins /usr/bin/cmake /home/jo/project_RobotEngineering_3/my_robot/src/realsense-ros/realsense2_camera -DCMAKE_INSTALL_PREFIX=/home/jo/project_RobotEngineering_3/my_robot/install/realsense2_camera
[1.821s] Invoking command in '/home/jo/project_RobotEngineering_3/my_robot/build/realsense2_camera': CMAKE_PREFIX_PATH=/home/jo/project_RobotEngineering_3/my_robot/install/realsense2_camera_msgs:/home/jo/project_RobotEngineering_3/my_robot/install/realsense2_description:/home/jo/project_RobotEngineering_3/my_robot/install/realsense2_camera:/home/jo/project_RobotEngineering_3/my_robot/install/my_command_pkg:/home/jo/project_RobotEngineering_3/my_robot/install/my_robot_pkg:/opt/ros/humble LD_LIBRARY_PATH=/home/jo/project_RobotEngineering_3/my_robot/install/realsense2_camera_msgs/lib:/home/jo/project_RobotEngineering_3/my_robot/install/realsense2_camera/lib:/home/jo/project_RobotEngineering_3/my_robot/install/my_command_pkg/lib:/usr/lib/x86_64-linux-gnu/gazebo-11/plugins:/opt/ros/humble/opt/rviz_ogre_vendor/lib:/opt/ros/humble/lib/x86_64-linux-gnu:/opt/ros/humble/lib:/usr/lib/x86_64-linux-gnu/gazebo-11/plugins /usr/bin/cmake --build /home/jo/project_RobotEngineering_3/my_robot/build/realsense2_camera -- -j12 -l12
[1.884s] [ 62%] [32mBuilding CXX object CMakeFiles/realsense2_camera.dir/src/t265_realsense_node.cpp.o[0m
[1.884s] [ 62%] [32mBuilding CXX object CMakeFiles/realsense2_camera.dir/src/realsense_node_factory.cpp.o[0m
[1.884s] [ 62%] [32mBuilding CXX object CMakeFiles/realsense2_camera.dir/src/base_realsense_node.cpp.o[0m
[1.884s] [ 62%] [32mBuilding CXX object CMakeFiles/realsense2_camera.dir/src/dynamic_params.cpp.o[0m
[1.885s] [ 62%] [32mBuilding CXX object CMakeFiles/realsense2_camera_node.dir/rclcpp_components/node_main_realsense2_camera_node.cpp.o[0m
[1.885s] [ 75%] [32mBuilding CXX object CMakeFiles/realsense2_camera.dir/src/ros_param_backend_foxy.cpp.o[0m
[6.245s] [ 87%] [32m[1mLinking CXX executable realsense2_camera_node[0m
[6.393s] [ 87%] Built target realsense2_camera_node
[23.952s] [100%] [32m[1mLinking CXX shared library librealsense2_camera.so[0m
[24.302s] [100%] Built target realsense2_camera
[24.311s] Invoked command in '/home/jo/project_RobotEngineering_3/my_robot/build/realsense2_camera' returned '0': CMAKE_PREFIX_PATH=/home/jo/project_RobotEngineering_3/my_robot/install/realsense2_camera_msgs:/home/jo/project_RobotEngineering_3/my_robot/install/realsense2_description:/home/jo/project_RobotEngineering_3/my_robot/install/realsense2_camera:/home/jo/project_RobotEngineering_3/my_robot/install/my_command_pkg:/home/jo/project_RobotEngineering_3/my_robot/install/my_robot_pkg:/opt/ros/humble LD_LIBRARY_PATH=/home/jo/project_RobotEngineering_3/my_robot/install/realsense2_camera_msgs/lib:/home/jo/project_RobotEngineering_3/my_robot/install/realsense2_camera/lib:/home/jo/project_RobotEngineering_3/my_robot/install/my_command_pkg/lib:/usr/lib/x86_64-linux-gnu/gazebo-11/plugins:/opt/ros/humble/opt/rviz_ogre_vendor/lib:/opt/ros/humble/lib/x86_64-linux-gnu:/opt/ros/humble/lib:/usr/lib/x86_64-linux-gnu/gazebo-11/plugins /usr/bin/cmake --build /home/jo/project_RobotEngineering_3/my_robot/build/realsense2_camera -- -j12 -l12
[24.312s] Invoking command in '/home/jo/project_RobotEngineering_3/my_robot/build/realsense2_camera': CMAKE_PREFIX_PATH=/home/jo/project_RobotEngineering_3/my_robot/install/realsense2_camera_msgs:/home/jo/project_RobotEngineering_3/my_robot/install/realsense2_description:/home/jo/project_RobotEngineering_3/my_robot/install/realsense2_camera:/home/jo/project_RobotEngineering_3/my_robot/install/my_command_pkg:/home/jo/project_RobotEngineering_3/my_robot/install/my_robot_pkg:/opt/ros/humble LD_LIBRARY_PATH=/home/jo/project_RobotEngineering_3/my_robot/install/realsense2_camera_msgs/lib:/home/jo/project_RobotEngineering_3/my_robot/install/realsense2_camera/lib:/home/jo/project_RobotEngineering_3/my_robot/install/my_command_pkg/lib:/usr/lib/x86_64-linux-gnu/gazebo-11/plugins:/opt/ros/humble/opt/rviz_ogre_vendor/lib:/opt/ros/humble/lib/x86_64-linux-gnu:/opt/ros/humble/lib:/usr/lib/x86_64-linux-gnu/gazebo-11/plugins /usr/bin/cmake --install /home/jo/project_RobotEngineering_3/my_robot/build/realsense2_camera
[24.319s] -- Install configuration: "Release"
[24.319s] -- Installing: /home/jo/project_RobotEngineering_3/my_robot/install/realsense2_camera/lib/realsense2_camera/realsense2_camera_node
[24.319s] -- Set runtime path of "/home/jo/project_RobotEngineering_3/my_robot/install/realsense2_camera/lib/realsense2_camera/realsense2_camera_node" to ""
[24.319s] -- Installing: /home/jo/project_RobotEngineering_3/my_robot/install/realsense2_camera/lib/librealsense2_camera.so
[24.321s] -- Set runtime path of "/home/jo/project_RobotEngineering_3/my_robot/install/realsense2_camera/lib/librealsense2_camera.so" to ""
[24.321s] -- Installing: /home/jo/project_RobotEngineering_3/my_robot/install/realsense2_camera/include
[24.321s] -- Installing: /home/jo/project_RobotEngineering_3/my_robot/install/realsense2_camera/include/t265_realsense_node.h
[24.321s] -- Installing: /home/jo/project_RobotEngineering_3/my_robot/install/realsense2_camera/include/ros_param_backend.h
[24.321s] -- Installing: /home/jo/project_RobotEngineering_3/my_robot/install/realsense2_camera/include/constants.h
[24.322s] -- Installing: /home/jo/project_RobotEngineering_3/my_robot/install/realsense2_camera/include/realsense_node_factory.h
[24.322s] -- Installing: /home/jo/project_RobotEngineering_3/my_robot/install/realsense2_camera/include/dynamic_params.h
[24.322s] -- Installing: /home/jo/project_RobotEngineering_3/my_robot/install/realsense2_camera/include/base_realsense_node.h
[24.322s] -- Installing: /home/jo/project_RobotEngineering_3/my_robot/install/realsense2_camera/share/realsense2_camera/launch
[24.322s] -- Installing: /home/jo/project_RobotEngineering_3/my_robot/install/realsense2_camera/share/realsense2_camera/launch/rs_multi_camera_launch.py
[24.322s] -- Installing: /home/jo/project_RobotEngineering_3/my_robot/install/realsense2_camera/share/realsense2_camera/launch/demo_pointcloud_launch.py
[24.322s] -- Installing: /home/jo/project_RobotEngineering_3/my_robot/install/realsense2_camera/share/realsense2_camera/launch/rs_launch.py
[24.322s] -- Installing: /home/jo/project_RobotEngineering_3/my_robot/install/realsense2_camera/share/realsense2_camera/launch/rs_d400_and_t265_launch.py
[24.322s] -- Installing: /home/jo/project_RobotEngineering_3/my_robot/install/realsense2_camera/share/realsense2_camera/launch/default.rviz
[24.322s] -- Installing: /home/jo/project_RobotEngineering_3/my_robot/install/realsense2_camera/share/realsense2_camera/launch/demo_t265_launch.py
[24.322s] -- Installing: /home/jo/project_RobotEngineering_3/my_robot/install/realsense2_camera/share/realsense2_camera/launch/rs_t265_launch.py
[24.322s] -- Installing: /home/jo/project_RobotEngineering_3/my_robot/install/realsense2_camera/share/realsense2_camera/config
[24.322s] -- Installing: /home/jo/project_RobotEngineering_3/my_robot/install/realsense2_camera/share/realsense2_camera/config/d435i.yaml
[24.322s] -- Installing: /home/jo/project_RobotEngineering_3/my_robot/install/realsense2_camera/share/realsense2_camera/rviz
[24.322s] -- Installing: /home/jo/project_RobotEngineering_3/my_robot/install/realsense2_camera/share/realsense2_camera/rviz/pointcloud.rviz
[24.322s] -- Installing: /home/jo/project_RobotEngineering_3/my_robot/install/realsense2_camera/share/realsense2_camera/rviz/t265.rviz
[24.322s] -- Installing: /home/jo/project_RobotEngineering_3/my_robot/install/realsense2_camera/share/realsense2_camera/environment/library_path.sh
[24.322s] -- Installing: /home/jo/project_RobotEngineering_3/my_robot/install/realsense2_camera/share/realsense2_camera/environment/library_path.dsv
[24.322s] -- Installing: /home/jo/project_RobotEngineering_3/my_robot/install/realsense2_camera/share/ament_index/resource_index/package_run_dependencies/realsense2_camera
[24.322s] -- Installing: /home/jo/project_RobotEngineering_3/my_robot/install/realsense2_camera/share/ament_index/resource_index/parent_prefix_path/realsense2_camera
[24.322s] -- Installing: /home/jo/project_RobotEngineering_3/my_robot/install/realsense2_camera/share/realsense2_camera/environment/ament_prefix_path.sh
[24.322s] -- Installing: /home/jo/project_RobotEngineering_3/my_robot/install/realsense2_camera/share/realsense2_camera/environment/ament_prefix_path.dsv
[24.322s] -- Installing: /home/jo/project_RobotEngineering_3/my_robot/install/realsense2_camera/share/realsense2_camera/environment/path.sh
[24.322s] -- Installing: /home/jo/project_RobotEngineering_3/my_robot/install/realsense2_camera/share/realsense2_camera/environment/path.dsv
[24.322s] -- Installing: /home/jo/project_RobotEngineering_3/my_robot/install/realsense2_camera/share/realsense2_camera/local_setup.bash
[24.322s] -- Installing: /home/jo/project_RobotEngineering_3/my_robot/install/realsense2_camera/share/realsense2_camera/local_setup.sh
[24.323s] -- Installing: /home/jo/project_RobotEngineering_3/my_robot/install/realsense2_camera/share/realsense2_camera/local_setup.zsh
[24.323s] -- Installing: /home/jo/project_RobotEngineering_3/my_robot/install/realsense2_camera/share/realsense2_camera/local_setup.dsv
[24.323s] -- Installing: /home/jo/project_RobotEngineering_3/my_robot/install/realsense2_camera/share/realsense2_camera/package.dsv
[24.323s] -- Installing: /home/jo/project_RobotEngineering_3/my_robot/install/realsense2_camera/share/ament_index/resource_index/packages/realsense2_camera
[24.323s] -- Installing: /home/jo/project_RobotEngineering_3/my_robot/install/realsense2_camera/share/ament_index/resource_index/rclcpp_components/realsense2_camera
[24.323s] -- Installing: /home/jo/project_RobotEngineering_3/my_robot/install/realsense2_camera/share/realsense2_camera/cmake/ament_cmake_export_include_directories-extras.cmake
[24.323s] -- Installing: /home/jo/project_RobotEngineering_3/my_robot/install/realsense2_camera/share/realsense2_camera/cmake/ament_cmake_export_libraries-extras.cmake
[24.323s] -- Installing: /home/jo/project_RobotEngineering_3/my_robot/install/realsense2_camera/share/realsense2_camera/cmake/ament_cmake_export_dependencies-extras.cmake
[24.323s] -- Installing: /home/jo/project_RobotEngineering_3/my_robot/install/realsense2_camera/share/realsense2_camera/cmake/realsense2_cameraConfig.cmake
[24.323s] -- Installing: /home/jo/project_RobotEngineering_3/my_robot/install/realsense2_camera/share/realsense2_camera/cmake/realsense2_cameraConfig-version.cmake
[24.323s] -- Installing: /home/jo/project_RobotEngineering_3/my_robot/install/realsense2_camera/share/realsense2_camera/package.xml
[24.325s] Invoked command in '/home/jo/project_RobotEngineering_3/my_robot/build/realsense2_camera' returned '0': CMAKE_PREFIX_PATH=/home/jo/project_RobotEngineering_3/my_robot/install/realsense2_camera_msgs:/home/jo/project_RobotEngineering_3/my_robot/install/realsense2_description:/home/jo/project_RobotEngineering_3/my_robot/install/realsense2_camera:/home/jo/project_RobotEngineering_3/my_robot/install/my_command_pkg:/home/jo/project_RobotEngineering_3/my_robot/install/my_robot_pkg:/opt/ros/humble LD_LIBRARY_PATH=/home/jo/project_RobotEngineering_3/my_robot/install/realsense2_camera_msgs/lib:/home/jo/project_RobotEngineering_3/my_robot/install/realsense2_camera/lib:/home/jo/project_RobotEngineering_3/my_robot/install/my_command_pkg/lib:/usr/lib/x86_64-linux-gnu/gazebo-11/plugins:/opt/ros/humble/opt/rviz_ogre_vendor/lib:/opt/ros/humble/lib/x86_64-linux-gnu:/opt/ros/humble/lib:/usr/lib/x86_64-linux-gnu/gazebo-11/plugins /usr/bin/cmake --install /home/jo/project_RobotEngineering_3/my_robot/build/realsense2_camera
