[0.021s] Invoking command in '/home/jo/project_RobotEngineering_3/my_robot/build/realsense2_camera': CMAKE_PREFIX_PATH=/home/jo/project_RobotEngineering_3/my_robot/install/realsense2_camera_msgs:/home/jo/project_RobotEngineering_3/my_robot/install/realsense2_description:/home/jo/project_RobotEngineering_3/my_robot/install/realsense2_camera:/home/jo/project_RobotEngineering_3/my_robot/install/my_custom_srv_pkg:/home/jo/project_RobotEngineering_3/my_robot/install/py_custom_srv_pkg:/opt/ros/humble LD_LIBRARY_PATH=/home/jo/project_RobotEngineering_3/my_robot/install/realsense2_camera_msgs/lib:/home/jo/project_RobotEngineering_3/my_robot/install/realsense2_camera/lib:/home/jo/project_RobotEngineering_3/my_robot/install/my_custom_srv_pkg/lib:/usr/lib/x86_64-linux-gnu/gazebo-11/plugins:/opt/ros/humble/opt/rviz_ogre_vendor/lib:/opt/ros/humble/lib/x86_64-linux-gnu:/opt/ros/humble/lib:/usr/lib/x86_64-linux-gnu/gazebo-11/plugins:/usr/lib/x86_64-linux-gnu/gazebo-11/plugins:/usr/lib/x86_64-linux-gnu/gazebo-11/plugins:/usr/lib/x86_64-linux-gnu/gazebo-11/plugins:/usr/lib/x86_64-linux-gnu/gazebo-11/plugins:/usr/lib/x86_64-linux-gnu/gazebo-11/plugins:/usr/lib/x86_64-linux-gnu/gazebo-11/plugins:/usr/lib/x86_64-linux-gnu/gazebo-11/plugins:/usr/lib/x86_64-linux-gnu/gazebo-11/plugins:/usr/lib/x86_64-linux-gnu/gazebo-11/plugins /usr/bin/cmake --build /home/jo/project_RobotEngineering_3/my_robot/build/realsense2_camera -- -j12 -l12
[0.068s] [35m[1mConsolidate compiler generated dependencies of target realsense2_camera[0m
[0.072s] [ 25%] Built target realsense2_camera_node
[0.098s] [ 37%] [32mBuilding CXX object CMakeFiles/realsense2_camera.dir/src/base_realsense_node.cpp.o[0m
[21.563s] [ 50%] [32m[1mLinking CXX shared library librealsense2_camera.so[0m
[21.919s] [100%] Built target realsense2_camera
[21.927s] Invoked command in '/home/jo/project_RobotEngineering_3/my_robot/build/realsense2_camera' returned '0': CMAKE_PREFIX_PATH=/home/jo/project_RobotEngineering_3/my_robot/install/realsense2_camera_msgs:/home/jo/project_RobotEngineering_3/my_robot/install/realsense2_description:/home/jo/project_RobotEngineering_3/my_robot/install/realsense2_camera:/home/jo/project_RobotEngineering_3/my_robot/install/my_custom_srv_pkg:/home/jo/project_RobotEngineering_3/my_robot/install/py_custom_srv_pkg:/opt/ros/humble LD_LIBRARY_PATH=/home/jo/project_RobotEngineering_3/my_robot/install/realsense2_camera_msgs/lib:/home/jo/project_RobotEngineering_3/my_robot/install/realsense2_camera/lib:/home/jo/project_RobotEngineering_3/my_robot/install/my_custom_srv_pkg/lib:/usr/lib/x86_64-linux-gnu/gazebo-11/plugins:/opt/ros/humble/opt/rviz_ogre_vendor/lib:/opt/ros/humble/lib/x86_64-linux-gnu:/opt/ros/humble/lib:/usr/lib/x86_64-linux-gnu/gazebo-11/plugins:/usr/lib/x86_64-linux-gnu/gazebo-11/plugins:/usr/lib/x86_64-linux-gnu/gazebo-11/plugins:/usr/lib/x86_64-linux-gnu/gazebo-11/plugins:/usr/lib/x86_64-linux-gnu/gazebo-11/plugins:/usr/lib/x86_64-linux-gnu/gazebo-11/plugins:/usr/lib/x86_64-linux-gnu/gazebo-11/plugins:/usr/lib/x86_64-linux-gnu/gazebo-11/plugins:/usr/lib/x86_64-linux-gnu/gazebo-11/plugins:/usr/lib/x86_64-linux-gnu/gazebo-11/plugins /usr/bin/cmake --build /home/jo/project_RobotEngineering_3/my_robot/build/realsense2_camera -- -j12 -l12
[21.928s] Invoking command in '/home/jo/project_RobotEngineering_3/my_robot/build/realsense2_camera': CMAKE_PREFIX_PATH=/home/jo/project_RobotEngineering_3/my_robot/install/realsense2_camera_msgs:/home/jo/project_RobotEngineering_3/my_robot/install/realsense2_description:/home/jo/project_RobotEngineering_3/my_robot/install/realsense2_camera:/home/jo/project_RobotEngineering_3/my_robot/install/my_custom_srv_pkg:/home/jo/project_RobotEngineering_3/my_robot/install/py_custom_srv_pkg:/opt/ros/humble LD_LIBRARY_PATH=/home/jo/project_RobotEngineering_3/my_robot/install/realsense2_camera_msgs/lib:/home/jo/project_RobotEngineering_3/my_robot/install/realsense2_camera/lib:/home/jo/project_RobotEngineering_3/my_robot/install/my_custom_srv_pkg/lib:/usr/lib/x86_64-linux-gnu/gazebo-11/plugins:/opt/ros/humble/opt/rviz_ogre_vendor/lib:/opt/ros/humble/lib/x86_64-linux-gnu:/opt/ros/humble/lib:/usr/lib/x86_64-linux-gnu/gazebo-11/plugins:/usr/lib/x86_64-linux-gnu/gazebo-11/plugins:/usr/lib/x86_64-linux-gnu/gazebo-11/plugins:/usr/lib/x86_64-linux-gnu/gazebo-11/plugins:/usr/lib/x86_64-linux-gnu/gazebo-11/plugins:/usr/lib/x86_64-linux-gnu/gazebo-11/plugins:/usr/lib/x86_64-linux-gnu/gazebo-11/plugins:/usr/lib/x86_64-linux-gnu/gazebo-11/plugins:/usr/lib/x86_64-linux-gnu/gazebo-11/plugins:/usr/lib/x86_64-linux-gnu/gazebo-11/plugins /usr/bin/cmake --install /home/jo/project_RobotEngineering_3/my_robot/build/realsense2_camera
[21.936s] -- Install configuration: "Release"
[21.937s] -- Up-to-date: /home/jo/project_RobotEngineering_3/my_robot/install/realsense2_camera/lib/realsense2_camera/realsense2_camera_node
[21.937s] -- Installing: /home/jo/project_RobotEngineering_3/my_robot/install/realsense2_camera/lib/librealsense2_camera.so
[21.940s] -- Set runtime path of "/home/jo/project_RobotEngineering_3/my_robot/install/realsense2_camera/lib/librealsense2_camera.so" to ""
[21.940s] -- Up-to-date: /home/jo/project_RobotEngineering_3/my_robot/install/realsense2_camera/include
[21.940s] -- Up-to-date: /home/jo/project_RobotEngineering_3/my_robot/install/realsense2_camera/include/t265_realsense_node.h
[21.940s] -- Up-to-date: /home/jo/project_RobotEngineering_3/my_robot/install/realsense2_camera/include/ros_param_backend.h
[21.940s] -- Up-to-date: /home/jo/project_RobotEngineering_3/my_robot/install/realsense2_camera/include/constants.h
[21.940s] -- Up-to-date: /home/jo/project_RobotEngineering_3/my_robot/install/realsense2_camera/include/realsense_node_factory.h
[21.940s] -- Up-to-date: /home/jo/project_RobotEngineering_3/my_robot/install/realsense2_camera/include/dynamic_params.h
[21.940s] -- Up-to-date: /home/jo/project_RobotEngineering_3/my_robot/install/realsense2_camera/include/base_realsense_node.h
[21.940s] -- Up-to-date: /home/jo/project_RobotEngineering_3/my_robot/install/realsense2_camera/share/realsense2_camera/launch
[21.940s] -- Up-to-date: /home/jo/project_RobotEngineering_3/my_robot/install/realsense2_camera/share/realsense2_camera/launch/rs_multi_camera_launch.py
[21.940s] -- Up-to-date: /home/jo/project_RobotEngineering_3/my_robot/install/realsense2_camera/share/realsense2_camera/launch/demo_pointcloud_launch.py
[21.940s] -- Up-to-date: /home/jo/project_RobotEngineering_3/my_robot/install/realsense2_camera/share/realsense2_camera/launch/rs_launch.py
[21.940s] -- Up-to-date: /home/jo/project_RobotEngineering_3/my_robot/install/realsense2_camera/share/realsense2_camera/launch/rs_d400_and_t265_launch.py
[21.941s] -- Up-to-date: /home/jo/project_RobotEngineering_3/my_robot/install/realsense2_camera/share/realsense2_camera/launch/default.rviz
[21.941s] -- Up-to-date: /home/jo/project_RobotEngineering_3/my_robot/install/realsense2_camera/share/realsense2_camera/launch/demo_t265_launch.py
[21.941s] -- Up-to-date: /home/jo/project_RobotEngineering_3/my_robot/install/realsense2_camera/share/realsense2_camera/launch/rs_t265_launch.py
[21.941s] -- Up-to-date: /home/jo/project_RobotEngineering_3/my_robot/install/realsense2_camera/share/realsense2_camera/config
[21.941s] -- Up-to-date: /home/jo/project_RobotEngineering_3/my_robot/install/realsense2_camera/share/realsense2_camera/config/d435i.yaml
[21.941s] -- Up-to-date: /home/jo/project_RobotEngineering_3/my_robot/install/realsense2_camera/share/realsense2_camera/rviz
[21.941s] -- Up-to-date: /home/jo/project_RobotEngineering_3/my_robot/install/realsense2_camera/share/realsense2_camera/rviz/pointcloud.rviz
[21.941s] -- Up-to-date: /home/jo/project_RobotEngineering_3/my_robot/install/realsense2_camera/share/realsense2_camera/rviz/t265.rviz
[21.941s] -- Up-to-date: /home/jo/project_RobotEngineering_3/my_robot/install/realsense2_camera/share/realsense2_camera/environment/library_path.sh
[21.941s] -- Up-to-date: /home/jo/project_RobotEngineering_3/my_robot/install/realsense2_camera/share/realsense2_camera/environment/library_path.dsv
[21.941s] -- Up-to-date: /home/jo/project_RobotEngineering_3/my_robot/install/realsense2_camera/share/ament_index/resource_index/package_run_dependencies/realsense2_camera
[21.941s] -- Up-to-date: /home/jo/project_RobotEngineering_3/my_robot/install/realsense2_camera/share/ament_index/resource_index/parent_prefix_path/realsense2_camera
[21.941s] -- Up-to-date: /home/jo/project_RobotEngineering_3/my_robot/install/realsense2_camera/share/realsense2_camera/environment/ament_prefix_path.sh
[21.941s] -- Up-to-date: /home/jo/project_RobotEngineering_3/my_robot/install/realsense2_camera/share/realsense2_camera/environment/ament_prefix_path.dsv
[21.941s] -- Up-to-date: /home/jo/project_RobotEngineering_3/my_robot/install/realsense2_camera/share/realsense2_camera/environment/path.sh
[21.941s] -- Up-to-date: /home/jo/project_RobotEngineering_3/my_robot/install/realsense2_camera/share/realsense2_camera/environment/path.dsv
[21.941s] -- Up-to-date: /home/jo/project_RobotEngineering_3/my_robot/install/realsense2_camera/share/realsense2_camera/local_setup.bash
[21.941s] -- Up-to-date: /home/jo/project_RobotEngineering_3/my_robot/install/realsense2_camera/share/realsense2_camera/local_setup.sh
[21.941s] -- Up-to-date: /home/jo/project_RobotEngineering_3/my_robot/install/realsense2_camera/share/realsense2_camera/local_setup.zsh
[21.941s] -- Up-to-date: /home/jo/project_RobotEngineering_3/my_robot/install/realsense2_camera/share/realsense2_camera/local_setup.dsv
[21.941s] -- Installing: /home/jo/project_RobotEngineering_3/my_robot/install/realsense2_camera/share/realsense2_camera/package.dsv
[21.941s] -- Up-to-date: /home/jo/project_RobotEngineering_3/my_robot/install/realsense2_camera/share/ament_index/resource_index/packages/realsense2_camera
[21.941s] -- Up-to-date: /home/jo/project_RobotEngineering_3/my_robot/install/realsense2_camera/share/ament_index/resource_index/rclcpp_components/realsense2_camera
[21.941s] -- Up-to-date: /home/jo/project_RobotEngineering_3/my_robot/install/realsense2_camera/share/realsense2_camera/cmake/ament_cmake_export_include_directories-extras.cmake
[21.941s] -- Up-to-date: /home/jo/project_RobotEngineering_3/my_robot/install/realsense2_camera/share/realsense2_camera/cmake/ament_cmake_export_libraries-extras.cmake
[21.941s] -- Up-to-date: /home/jo/project_RobotEngineering_3/my_robot/install/realsense2_camera/share/realsense2_camera/cmake/ament_cmake_export_dependencies-extras.cmake
[21.941s] -- Up-to-date: /home/jo/project_RobotEngineering_3/my_robot/install/realsense2_camera/share/realsense2_camera/cmake/realsense2_cameraConfig.cmake
[21.942s] -- Up-to-date: /home/jo/project_RobotEngineering_3/my_robot/install/realsense2_camera/share/realsense2_camera/cmake/realsense2_cameraConfig-version.cmake
[21.942s] -- Up-to-date: /home/jo/project_RobotEngineering_3/my_robot/install/realsense2_camera/share/realsense2_camera/package.xml
[21.943s] Invoked command in '/home/jo/project_RobotEngineering_3/my_robot/build/realsense2_camera' returned '0': CMAKE_PREFIX_PATH=/home/jo/project_RobotEngineering_3/my_robot/install/realsense2_camera_msgs:/home/jo/project_RobotEngineering_3/my_robot/install/realsense2_description:/home/jo/project_RobotEngineering_3/my_robot/install/realsense2_camera:/home/jo/project_RobotEngineering_3/my_robot/install/my_custom_srv_pkg:/home/jo/project_RobotEngineering_3/my_robot/install/py_custom_srv_pkg:/opt/ros/humble LD_LIBRARY_PATH=/home/jo/project_RobotEngineering_3/my_robot/install/realsense2_camera_msgs/lib:/home/jo/project_RobotEngineering_3/my_robot/install/realsense2_camera/lib:/home/jo/project_RobotEngineering_3/my_robot/install/my_custom_srv_pkg/lib:/usr/lib/x86_64-linux-gnu/gazebo-11/plugins:/opt/ros/humble/opt/rviz_ogre_vendor/lib:/opt/ros/humble/lib/x86_64-linux-gnu:/opt/ros/humble/lib:/usr/lib/x86_64-linux-gnu/gazebo-11/plugins:/usr/lib/x86_64-linux-gnu/gazebo-11/plugins:/usr/lib/x86_64-linux-gnu/gazebo-11/plugins:/usr/lib/x86_64-linux-gnu/gazebo-11/plugins:/usr/lib/x86_64-linux-gnu/gazebo-11/plugins:/usr/lib/x86_64-linux-gnu/gazebo-11/plugins:/usr/lib/x86_64-linux-gnu/gazebo-11/plugins:/usr/lib/x86_64-linux-gnu/gazebo-11/plugins:/usr/lib/x86_64-linux-gnu/gazebo-11/plugins:/usr/lib/x86_64-linux-gnu/gazebo-11/plugins /usr/bin/cmake --install /home/jo/project_RobotEngineering_3/my_robot/build/realsense2_camera
