[0.007s] Invoking command in '/home/jo/project_RobotEngineering_3/my_robot/build/my_custom_srv_pkg': CMAKE_PREFIX_PATH=${CMAKE_PREFIX_PATH}:/home/jo/project_RobotEngineering_3/my_robot/install/py_custom_srv_pkg:/opt/ros/humble /usr/bin/cmake /home/jo/project_RobotEngineering_3/my_robot/src/my_custom_srv_pkg -DAMENT_CMAKE_SYMLINK_INSTALL=1 -DCMAKE_INSTALL_PREFIX=/home/jo/project_RobotEngineering_3/my_robot/install/my_custom_srv_pkg
[0.043s] -- The C compiler identification is GNU 11.4.0
[0.081s] -- The CXX compiler identification is GNU 11.4.0
[0.086s] -- Detecting C compiler ABI info
[0.139s] -- Detecting C compiler ABI info - done
[0.146s] -- Check for working C compiler: /usr/bin/cc - skipped
[0.147s] -- Detecting C compile features
[0.147s] -- Detecting C compile features - done
[0.150s] -- Detecting CXX compiler ABI info
[0.216s] -- Detecting CXX compiler ABI info - done
[0.222s] -- Check for working CXX compiler: /usr/bin/c++ - skipped
[0.223s] -- Detecting CXX compile features
[0.223s] -- Detecting CXX compile features - done
[0.224s] -- Found ament_cmake: 1.3.12 (/opt/ros/humble/share/ament_cmake/cmake)
[0.329s] -- Found Python3: /usr/bin/python3 (found version "3.10.12") found components: Interpreter 
[0.373s] -- Override CMake install command with custom implementation using symlinks instead of copying resources
[0.399s] -- Found std_msgs: 4.9.0 (/opt/ros/humble/share/std_msgs/cmake)
[0.420s] -- Found rosidl_generator_c: 3.1.7 (/opt/ros/humble/share/rosidl_generator_c/cmake)
[0.423s] -- Found rosidl_adapter: 3.1.7 (/opt/ros/humble/share/rosidl_adapter/cmake)
[0.427s] -- Found rosidl_generator_cpp: 3.1.7 (/opt/ros/humble/share/rosidl_generator_cpp/cmake)
[0.435s] -- Using all available rosidl_typesupport_c: rosidl_typesupport_fastrtps_c;rosidl_typesupport_introspection_c
[0.445s] -- Using all available rosidl_typesupport_cpp: rosidl_typesupport_fastrtps_cpp;rosidl_typesupport_introspection_cpp
[0.461s] -- Found rosidl_default_generators: 1.2.0 (/opt/ros/humble/share/rosidl_default_generators/cmake)
[0.653s] -- Found ament_cmake_ros: 0.10.0 (/opt/ros/humble/share/ament_cmake_ros/cmake)
[0.920s] -- Using all available rosidl_typesupport_c: rosidl_typesupport_fastrtps_c;rosidl_typesupport_introspection_c
[1.040s] -- Using all available rosidl_typesupport_cpp: rosidl_typesupport_fastrtps_cpp;rosidl_typesupport_introspection_cpp
[1.059s] -- Found PythonInterp: /usr/bin/python3 (found suitable version "3.10.12", minimum required is "3.6") 
[1.060s] -- Found python_cmake_module: 0.10.0 (/opt/ros/humble/share/python_cmake_module/cmake)
[1.080s] -- Found PythonLibs: /usr/lib/x86_64-linux-gnu/libpython3.10.so (found suitable version "3.10.12", minimum required is "3.5") 
[1.080s] -- Using PYTHON_EXECUTABLE: /usr/bin/python3
[1.080s] -- Using PYTHON_INCLUDE_DIRS: /usr/include/python3.10
[1.080s] -- Using PYTHON_LIBRARIES: /usr/lib/x86_64-linux-gnu/libpython3.10.so
[1.094s] -- Found PythonExtra: .so  
[1.129s] -- Configuring done
[1.147s] -- Generating done
[1.154s] -- Build files have been written to: /home/jo/project_RobotEngineering_3/my_robot/build/my_custom_srv_pkg
[1.159s] Invoked command in '/home/jo/project_RobotEngineering_3/my_robot/build/my_custom_srv_pkg' returned '0': CMAKE_PREFIX_PATH=${CMAKE_PREFIX_PATH}:/home/jo/project_RobotEngineering_3/my_robot/install/py_custom_srv_pkg:/opt/ros/humble /usr/bin/cmake /home/jo/project_RobotEngineering_3/my_robot/src/my_custom_srv_pkg -DAMENT_CMAKE_SYMLINK_INSTALL=1 -DCMAKE_INSTALL_PREFIX=/home/jo/project_RobotEngineering_3/my_robot/install/my_custom_srv_pkg
[1.160s] Invoking command in '/home/jo/project_RobotEngineering_3/my_robot/build/my_custom_srv_pkg': CMAKE_PREFIX_PATH=${CMAKE_PREFIX_PATH}:/home/jo/project_RobotEngineering_3/my_robot/install/py_custom_srv_pkg:/opt/ros/humble /usr/bin/cmake --build /home/jo/project_RobotEngineering_3/my_robot/build/my_custom_srv_pkg -- -j12 -l12
[1.193s] [  3%] [34m[1mGenerating C code for ROS interfaces[0m
[1.236s] [  6%] [34m[1mGenerating C++ code for ROS interfaces[0m
[1.239s] [  6%] Built target ament_cmake_python_symlink_my_custom_srv_pkg
[1.390s] [  9%] [32mBuilding C object CMakeFiles/my_custom_srv_pkg__rosidl_generator_c.dir/rosidl_generator_c/my_custom_srv_pkg/srv/detail/divide_integers__functions.c.o[0m
[1.449s] [ 12%] [32m[1mLinking C shared library libmy_custom_srv_pkg__rosidl_generator_c.so[0m
[1.507s] [ 12%] Built target my_custom_srv_pkg__rosidl_generator_c
[1.509s] [ 12%] Built target my_custom_srv_pkg__cpp
[1.519s] [ 16%] [34m[1mGenerating C type support dispatch for ROS interfaces[0m
[1.519s] [ 19%] [34m[1mGenerating C type support for eProsima Fast-RTPS[0m
[1.519s] [ 22%] [34m[1mGenerating C introspection for ROS interfaces[0m
[1.520s] [ 25%] [34m[1mGenerating C++ type support dispatch for ROS interfaces[0m
[1.522s] [ 29%] [34m[1mGenerating C++ type support for eProsima Fast-RTPS[0m
[1.522s] [ 32%] [34m[1mGenerating C++ introspection for ROS interfaces[0m
[1.626s] running egg_info
[1.629s] creating my_custom_srv_pkg.egg-info
[1.630s] writing my_custom_srv_pkg.egg-info/PKG-INFO
[1.630s] writing dependency_links to my_custom_srv_pkg.egg-info/dependency_links.txt
[1.630s] writing top-level names to my_custom_srv_pkg.egg-info/top_level.txt
[1.630s] writing manifest file 'my_custom_srv_pkg.egg-info/SOURCES.txt'
[1.630s] reading manifest file 'my_custom_srv_pkg.egg-info/SOURCES.txt'
[1.630s] writing manifest file 'my_custom_srv_pkg.egg-info/SOURCES.txt'
[1.663s] [ 32%] Built target ament_cmake_python_build_my_custom_srv_pkg_egg
[1.793s] [ 35%] [32mBuilding CXX object CMakeFiles/my_custom_srv_pkg__rosidl_typesupport_cpp.dir/rosidl_typesupport_cpp/my_custom_srv_pkg/srv/divide_integers__type_support.cpp.o[0m
[1.798s] [ 38%] [32mBuilding CXX object CMakeFiles/my_custom_srv_pkg__rosidl_typesupport_fastrtps_cpp.dir/rosidl_typesupport_fastrtps_cpp/my_custom_srv_pkg/srv/detail/dds_fastrtps/divide_integers__type_support.cpp.o[0m
[1.810s] [ 41%] [32mBuilding CXX object CMakeFiles/my_custom_srv_pkg__rosidl_typesupport_fastrtps_c.dir/rosidl_typesupport_fastrtps_c/my_custom_srv_pkg/srv/detail/divide_integers__type_support_c.cpp.o[0m
[1.844s] [ 45%] [32mBuilding CXX object CMakeFiles/my_custom_srv_pkg__rosidl_typesupport_c.dir/rosidl_typesupport_c/my_custom_srv_pkg/srv/divide_integers__type_support.cpp.o[0m
[1.880s] [ 48%] [32mBuilding CXX object CMakeFiles/my_custom_srv_pkg__rosidl_typesupport_introspection_cpp.dir/rosidl_typesupport_introspection_cpp/my_custom_srv_pkg/srv/detail/divide_integers__type_support.cpp.o[0m
[1.888s] [ 51%] [32m[1mLinking CXX shared library libmy_custom_srv_pkg__rosidl_typesupport_c.so[0m
[1.889s] [ 54%] [32mBuilding C object CMakeFiles/my_custom_srv_pkg__rosidl_typesupport_introspection_c.dir/rosidl_typesupport_introspection_c/my_custom_srv_pkg/srv/detail/divide_integers__type_support.c.o[0m
[1.942s] [ 58%] [32m[1mLinking C shared library libmy_custom_srv_pkg__rosidl_typesupport_introspection_c.so[0m
[1.956s] [ 58%] Built target my_custom_srv_pkg__rosidl_typesupport_c
[1.992s] [ 58%] Built target my_custom_srv_pkg__rosidl_typesupport_introspection_c
[2.165s] [ 61%] [32m[1mLinking CXX shared library libmy_custom_srv_pkg__rosidl_typesupport_fastrtps_c.so[0m
[2.200s] [ 67%] [32m[1mLinking CXX shared library libmy_custom_srv_pkg__rosidl_typesupport_fastrtps_cpp.so[0m
[2.201s] [ 67%] [32m[1mLinking CXX shared library libmy_custom_srv_pkg__rosidl_typesupport_cpp.so[0m
[2.255s] [ 67%] Built target my_custom_srv_pkg__rosidl_typesupport_fastrtps_c
[2.255s] [ 67%] Built target my_custom_srv_pkg__rosidl_typesupport_cpp
[2.296s] [ 67%] Built target my_custom_srv_pkg__rosidl_typesupport_fastrtps_cpp
[2.417s] [ 70%] [32m[1mLinking CXX shared library libmy_custom_srv_pkg__rosidl_typesupport_introspection_cpp.so[0m
[2.586s] [ 70%] Built target my_custom_srv_pkg__rosidl_typesupport_introspection_cpp
[2.619s] [ 70%] Built target my_custom_srv_pkg
[2.671s] [ 74%] [34m[1mGenerating Python code for ROS interfaces[0m
[3.249s] [ 74%] Built target my_custom_srv_pkg__py
[3.277s] [ 77%] [32mBuilding C object CMakeFiles/my_custom_srv_pkg__rosidl_generator_py.dir/rosidl_generator_py/my_custom_srv_pkg/srv/_divide_integers_s.c.o[0m
[3.378s] [ 80%] [32m[1mLinking C shared library rosidl_generator_py/my_custom_srv_pkg/libmy_custom_srv_pkg__rosidl_generator_py.so[0m
[3.423s] [ 80%] Built target my_custom_srv_pkg__rosidl_generator_py
[3.444s] [ 83%] [32mBuilding C object CMakeFiles/my_custom_srv_pkg__rosidl_typesupport_c__pyext.dir/rosidl_generator_py/my_custom_srv_pkg/_my_custom_srv_pkg_s.ep.rosidl_typesupport_c.c.o[0m
[3.444s] [ 90%] [32mBuilding C object CMakeFiles/my_custom_srv_pkg__rosidl_typesupport_fastrtps_c__pyext.dir/rosidl_generator_py/my_custom_srv_pkg/_my_custom_srv_pkg_s.ep.rosidl_typesupport_fastrtps_c.c.o[0m
[3.444s] [ 90%] [32mBuilding C object CMakeFiles/my_custom_srv_pkg__rosidl_typesupport_introspection_c__pyext.dir/rosidl_generator_py/my_custom_srv_pkg/_my_custom_srv_pkg_s.ep.rosidl_typesupport_introspection_c.c.o[0m
[3.517s] [ 93%] [32m[1mLinking C shared library rosidl_generator_py/my_custom_srv_pkg/my_custom_srv_pkg_s__rosidl_typesupport_c.cpython-310-x86_64-linux-gnu.so[0m
[3.520s] [ 96%] [32m[1mLinking C shared library rosidl_generator_py/my_custom_srv_pkg/my_custom_srv_pkg_s__rosidl_typesupport_introspection_c.cpython-310-x86_64-linux-gnu.so[0m
[3.540s] [100%] [32m[1mLinking C shared library rosidl_generator_py/my_custom_srv_pkg/my_custom_srv_pkg_s__rosidl_typesupport_fastrtps_c.cpython-310-x86_64-linux-gnu.so[0m
[3.553s] [100%] Built target my_custom_srv_pkg__rosidl_typesupport_c__pyext
[3.559s] [100%] Built target my_custom_srv_pkg__rosidl_typesupport_introspection_c__pyext
[3.570s] [100%] Built target my_custom_srv_pkg__rosidl_typesupport_fastrtps_c__pyext
[3.580s] Invoked command in '/home/jo/project_RobotEngineering_3/my_robot/build/my_custom_srv_pkg' returned '0': CMAKE_PREFIX_PATH=${CMAKE_PREFIX_PATH}:/home/jo/project_RobotEngineering_3/my_robot/install/py_custom_srv_pkg:/opt/ros/humble /usr/bin/cmake --build /home/jo/project_RobotEngineering_3/my_robot/build/my_custom_srv_pkg -- -j12 -l12
[3.589s] Invoking command in '/home/jo/project_RobotEngineering_3/my_robot/build/my_custom_srv_pkg': CMAKE_PREFIX_PATH=${CMAKE_PREFIX_PATH}:/home/jo/project_RobotEngineering_3/my_robot/install/py_custom_srv_pkg:/opt/ros/humble /usr/bin/cmake --install /home/jo/project_RobotEngineering_3/my_robot/build/my_custom_srv_pkg
[3.595s] -- Install configuration: ""
[3.596s] -- Execute custom install script
[3.596s] -- Symlinking: /home/jo/project_RobotEngineering_3/my_robot/install/my_custom_srv_pkg/share/ament_index/resource_index/rosidl_interfaces/my_custom_srv_pkg
[3.604s] -- Symlinking: /home/jo/project_RobotEngineering_3/my_robot/install/my_custom_srv_pkg/include/my_custom_srv_pkg/my_custom_srv_pkg/msg/rosidl_generator_c__visibility_control.h
[3.610s] -- Symlinking: /home/jo/project_RobotEngineering_3/my_robot/install/my_custom_srv_pkg/include/my_custom_srv_pkg/my_custom_srv_pkg/srv/detail/divide_integers__functions.h
[3.617s] -- Symlinking: /home/jo/project_RobotEngineering_3/my_robot/install/my_custom_srv_pkg/include/my_custom_srv_pkg/my_custom_srv_pkg/srv/detail/divide_integers__struct.h
[3.622s] -- Symlinking: /home/jo/project_RobotEngineering_3/my_robot/install/my_custom_srv_pkg/include/my_custom_srv_pkg/my_custom_srv_pkg/srv/detail/divide_integers__type_support.h
[3.630s] -- Symlinking: /home/jo/project_RobotEngineering_3/my_robot/install/my_custom_srv_pkg/include/my_custom_srv_pkg/my_custom_srv_pkg/srv/divide_integers.h
[3.637s] -- Symlinking: /home/jo/project_RobotEngineering_3/my_robot/install/my_custom_srv_pkg/share/my_custom_srv_pkg/environment/library_path.sh
[3.644s] -- Symlinking: /home/jo/project_RobotEngineering_3/my_robot/install/my_custom_srv_pkg/share/my_custom_srv_pkg/environment/library_path.dsv
[3.652s] -- Symlinking: /home/jo/project_RobotEngineering_3/my_robot/install/my_custom_srv_pkg/include/my_custom_srv_pkg/my_custom_srv_pkg/msg/rosidl_typesupport_fastrtps_c__visibility_control.h
[3.658s] -- Symlinking: /home/jo/project_RobotEngineering_3/my_robot/install/my_custom_srv_pkg/include/my_custom_srv_pkg/my_custom_srv_pkg/srv/detail/divide_integers__rosidl_typesupport_fastrtps_c.h
[3.666s] -- Symlinking: /home/jo/project_RobotEngineering_3/my_robot/install/my_custom_srv_pkg/include/my_custom_srv_pkg/my_custom_srv_pkg/msg/rosidl_generator_cpp__visibility_control.hpp
[3.671s] -- Symlinking: /home/jo/project_RobotEngineering_3/my_robot/install/my_custom_srv_pkg/include/my_custom_srv_pkg/my_custom_srv_pkg/srv/detail/divide_integers__builder.hpp
[3.678s] -- Symlinking: /home/jo/project_RobotEngineering_3/my_robot/install/my_custom_srv_pkg/include/my_custom_srv_pkg/my_custom_srv_pkg/srv/detail/divide_integers__struct.hpp
[3.685s] -- Symlinking: /home/jo/project_RobotEngineering_3/my_robot/install/my_custom_srv_pkg/include/my_custom_srv_pkg/my_custom_srv_pkg/srv/detail/divide_integers__traits.hpp
[3.692s] -- Symlinking: /home/jo/project_RobotEngineering_3/my_robot/install/my_custom_srv_pkg/include/my_custom_srv_pkg/my_custom_srv_pkg/srv/detail/divide_integers__type_support.hpp
[3.699s] -- Symlinking: /home/jo/project_RobotEngineering_3/my_robot/install/my_custom_srv_pkg/include/my_custom_srv_pkg/my_custom_srv_pkg/srv/divide_integers.hpp
[3.705s] -- Symlinking: /home/jo/project_RobotEngineering_3/my_robot/install/my_custom_srv_pkg/include/my_custom_srv_pkg/my_custom_srv_pkg/msg/rosidl_typesupport_fastrtps_cpp__visibility_control.h
[3.711s] -- Symlinking: /home/jo/project_RobotEngineering_3/my_robot/install/my_custom_srv_pkg/include/my_custom_srv_pkg/my_custom_srv_pkg/srv/detail/divide_integers__rosidl_typesupport_fastrtps_cpp.hpp
[3.717s] -- Symlinking: /home/jo/project_RobotEngineering_3/my_robot/install/my_custom_srv_pkg/include/my_custom_srv_pkg/my_custom_srv_pkg/msg/rosidl_typesupport_introspection_c__visibility_control.h
[3.724s] -- Symlinking: /home/jo/project_RobotEngineering_3/my_robot/install/my_custom_srv_pkg/include/my_custom_srv_pkg/my_custom_srv_pkg/srv/detail/divide_integers__rosidl_typesupport_introspection_c.h
[3.730s] -- Symlinking: /home/jo/project_RobotEngineering_3/my_robot/install/my_custom_srv_pkg/include/my_custom_srv_pkg/my_custom_srv_pkg/srv/detail/divide_integers__rosidl_typesupport_introspection_cpp.hpp
[3.738s] -- Symlinking: /home/jo/project_RobotEngineering_3/my_robot/install/my_custom_srv_pkg/share/my_custom_srv_pkg/environment/pythonpath.sh
[3.745s] -- Symlinking: /home/jo/project_RobotEngineering_3/my_robot/install/my_custom_srv_pkg/share/my_custom_srv_pkg/environment/pythonpath.dsv
[3.752s] -- Symlinking: /home/jo/project_RobotEngineering_3/my_robot/install/my_custom_srv_pkg/local/lib/python3.10/dist-packages/my_custom_srv_pkg-0.0.0-py3.10.egg-info/PKG-INFO
[3.759s] -- Symlinking: /home/jo/project_RobotEngineering_3/my_robot/install/my_custom_srv_pkg/local/lib/python3.10/dist-packages/my_custom_srv_pkg-0.0.0-py3.10.egg-info/SOURCES.txt
[3.765s] -- Symlinking: /home/jo/project_RobotEngineering_3/my_robot/install/my_custom_srv_pkg/local/lib/python3.10/dist-packages/my_custom_srv_pkg-0.0.0-py3.10.egg-info/dependency_links.txt
[3.773s] -- Symlinking: /home/jo/project_RobotEngineering_3/my_robot/install/my_custom_srv_pkg/local/lib/python3.10/dist-packages/my_custom_srv_pkg-0.0.0-py3.10.egg-info/top_level.txt
[3.779s] -- Symlinking: /home/jo/project_RobotEngineering_3/my_robot/install/my_custom_srv_pkg/local/lib/python3.10/dist-packages/my_custom_srv_pkg/__init__.py
[3.786s] -- Symlinking: /home/jo/project_RobotEngineering_3/my_robot/install/my_custom_srv_pkg/local/lib/python3.10/dist-packages/my_custom_srv_pkg/_my_custom_srv_pkg_s.ep.rosidl_typesupport_c.c
[3.794s] -- Symlinking: /home/jo/project_RobotEngineering_3/my_robot/install/my_custom_srv_pkg/local/lib/python3.10/dist-packages/my_custom_srv_pkg/_my_custom_srv_pkg_s.ep.rosidl_typesupport_fastrtps_c.c
[3.801s] -- Symlinking: /home/jo/project_RobotEngineering_3/my_robot/install/my_custom_srv_pkg/local/lib/python3.10/dist-packages/my_custom_srv_pkg/_my_custom_srv_pkg_s.ep.rosidl_typesupport_introspection_c.c
[3.808s] -- Symlinking: /home/jo/project_RobotEngineering_3/my_robot/install/my_custom_srv_pkg/local/lib/python3.10/dist-packages/my_custom_srv_pkg/libmy_custom_srv_pkg__rosidl_generator_py.so
[3.814s] -- Symlinking: /home/jo/project_RobotEngineering_3/my_robot/install/my_custom_srv_pkg/local/lib/python3.10/dist-packages/my_custom_srv_pkg/my_custom_srv_pkg_s__rosidl_typesupport_c.cpython-310-x86_64-linux-gnu.so
[3.821s] -- Symlinking: /home/jo/project_RobotEngineering_3/my_robot/install/my_custom_srv_pkg/local/lib/python3.10/dist-packages/my_custom_srv_pkg/my_custom_srv_pkg_s__rosidl_typesupport_fastrtps_c.cpython-310-x86_64-linux-gnu.so
[3.829s] -- Symlinking: /home/jo/project_RobotEngineering_3/my_robot/install/my_custom_srv_pkg/local/lib/python3.10/dist-packages/my_custom_srv_pkg/my_custom_srv_pkg_s__rosidl_typesupport_introspection_c.cpython-310-x86_64-linux-gnu.so
[3.836s] -- Symlinking: /home/jo/project_RobotEngineering_3/my_robot/install/my_custom_srv_pkg/local/lib/python3.10/dist-packages/my_custom_srv_pkg/srv/__init__.py
[3.843s] -- Symlinking: /home/jo/project_RobotEngineering_3/my_robot/install/my_custom_srv_pkg/local/lib/python3.10/dist-packages/my_custom_srv_pkg/srv/_divide_integers.py
[3.849s] -- Symlinking: /home/jo/project_RobotEngineering_3/my_robot/install/my_custom_srv_pkg/local/lib/python3.10/dist-packages/my_custom_srv_pkg/srv/_divide_integers_s.c
[3.856s] -- Up-to-date symlink: /home/jo/project_RobotEngineering_3/my_robot/install/my_custom_srv_pkg/local/lib/python3.10/dist-packages/my_custom_srv_pkg/my_custom_srv_pkg_s__rosidl_typesupport_fastrtps_c.cpython-310-x86_64-linux-gnu.so
[3.856s] -- Up-to-date symlink: /home/jo/project_RobotEngineering_3/my_robot/install/my_custom_srv_pkg/local/lib/python3.10/dist-packages/my_custom_srv_pkg/my_custom_srv_pkg_s__rosidl_typesupport_introspection_c.cpython-310-x86_64-linux-gnu.so
[3.856s] -- Up-to-date symlink: /home/jo/project_RobotEngineering_3/my_robot/install/my_custom_srv_pkg/local/lib/python3.10/dist-packages/my_custom_srv_pkg/my_custom_srv_pkg_s__rosidl_typesupport_c.cpython-310-x86_64-linux-gnu.so
[3.856s] -- Symlinking: /home/jo/project_RobotEngineering_3/my_robot/install/my_custom_srv_pkg/share/my_custom_srv_pkg/srv/DivideIntegers.idl
[3.862s] -- Symlinking: /home/jo/project_RobotEngineering_3/my_robot/install/my_custom_srv_pkg/share/my_custom_srv_pkg/srv/DivideIntegers.srv
[3.870s] -- Symlinking: /home/jo/project_RobotEngineering_3/my_robot/install/my_custom_srv_pkg/share/my_custom_srv_pkg/srv/DivideIntegers_Request.msg
[3.877s] -- Symlinking: /home/jo/project_RobotEngineering_3/my_robot/install/my_custom_srv_pkg/share/my_custom_srv_pkg/srv/DivideIntegers_Response.msg
[3.884s] -- Symlinking: /home/jo/project_RobotEngineering_3/my_robot/install/my_custom_srv_pkg/share/ament_index/resource_index/package_run_dependencies/my_custom_srv_pkg
[3.892s] -- Symlinking: /home/jo/project_RobotEngineering_3/my_robot/install/my_custom_srv_pkg/share/ament_index/resource_index/parent_prefix_path/my_custom_srv_pkg
[3.898s] -- Symlinking: /home/jo/project_RobotEngineering_3/my_robot/install/my_custom_srv_pkg/share/my_custom_srv_pkg/environment/ament_prefix_path.sh
[3.905s] -- Symlinking: /home/jo/project_RobotEngineering_3/my_robot/install/my_custom_srv_pkg/share/my_custom_srv_pkg/environment/ament_prefix_path.dsv
[3.912s] -- Symlinking: /home/jo/project_RobotEngineering_3/my_robot/install/my_custom_srv_pkg/share/my_custom_srv_pkg/environment/path.sh
[3.919s] -- Symlinking: /home/jo/project_RobotEngineering_3/my_robot/install/my_custom_srv_pkg/share/my_custom_srv_pkg/environment/path.dsv
[3.927s] -- Symlinking: /home/jo/project_RobotEngineering_3/my_robot/install/my_custom_srv_pkg/share/my_custom_srv_pkg/local_setup.bash
[3.934s] -- Symlinking: /home/jo/project_RobotEngineering_3/my_robot/install/my_custom_srv_pkg/share/my_custom_srv_pkg/local_setup.sh
[3.942s] -- Symlinking: /home/jo/project_RobotEngineering_3/my_robot/install/my_custom_srv_pkg/share/my_custom_srv_pkg/local_setup.zsh
[3.951s] -- Symlinking: /home/jo/project_RobotEngineering_3/my_robot/install/my_custom_srv_pkg/share/my_custom_srv_pkg/local_setup.dsv
[3.959s] -- Symlinking: /home/jo/project_RobotEngineering_3/my_robot/install/my_custom_srv_pkg/share/my_custom_srv_pkg/package.dsv
[3.967s] -- Symlinking: /home/jo/project_RobotEngineering_3/my_robot/install/my_custom_srv_pkg/share/ament_index/resource_index/packages/my_custom_srv_pkg
[3.974s] -- Symlinking: /home/jo/project_RobotEngineering_3/my_robot/install/my_custom_srv_pkg/share/my_custom_srv_pkg/cmake/rosidl_cmake-extras.cmake
[3.982s] -- Symlinking: /home/jo/project_RobotEngineering_3/my_robot/install/my_custom_srv_pkg/share/my_custom_srv_pkg/cmake/ament_cmake_export_dependencies-extras.cmake
[3.990s] -- Symlinking: /home/jo/project_RobotEngineering_3/my_robot/install/my_custom_srv_pkg/share/my_custom_srv_pkg/cmake/ament_cmake_export_include_directories-extras.cmake
[3.998s] -- Symlinking: /home/jo/project_RobotEngineering_3/my_robot/install/my_custom_srv_pkg/share/my_custom_srv_pkg/cmake/ament_cmake_export_libraries-extras.cmake
[4.006s] -- Symlinking: /home/jo/project_RobotEngineering_3/my_robot/install/my_custom_srv_pkg/share/my_custom_srv_pkg/cmake/ament_cmake_export_targets-extras.cmake
[4.013s] -- Symlinking: /home/jo/project_RobotEngineering_3/my_robot/install/my_custom_srv_pkg/share/my_custom_srv_pkg/cmake/rosidl_cmake_export_typesupport_targets-extras.cmake
[4.021s] -- Symlinking: /home/jo/project_RobotEngineering_3/my_robot/install/my_custom_srv_pkg/share/my_custom_srv_pkg/cmake/rosidl_cmake_export_typesupport_libraries-extras.cmake
[4.029s] -- Symlinking: /home/jo/project_RobotEngineering_3/my_robot/install/my_custom_srv_pkg/share/my_custom_srv_pkg/cmake/my_custom_srv_pkgConfig.cmake
[4.038s] -- Symlinking: /home/jo/project_RobotEngineering_3/my_robot/install/my_custom_srv_pkg/share/my_custom_srv_pkg/cmake/my_custom_srv_pkgConfig-version.cmake
[4.044s] -- Symlinking: /home/jo/project_RobotEngineering_3/my_robot/install/my_custom_srv_pkg/share/my_custom_srv_pkg/package.xml
[4.050s] -- Installing: /home/jo/project_RobotEngineering_3/my_robot/install/my_custom_srv_pkg/lib/libmy_custom_srv_pkg__rosidl_generator_c.so
[4.050s] -- Set runtime path of "/home/jo/project_RobotEngineering_3/my_robot/install/my_custom_srv_pkg/lib/libmy_custom_srv_pkg__rosidl_generator_c.so" to ""
[4.050s] -- Installing: /home/jo/project_RobotEngineering_3/my_robot/install/my_custom_srv_pkg/lib/libmy_custom_srv_pkg__rosidl_typesupport_fastrtps_c.so
[4.050s] -- Set runtime path of "/home/jo/project_RobotEngineering_3/my_robot/install/my_custom_srv_pkg/lib/libmy_custom_srv_pkg__rosidl_typesupport_fastrtps_c.so" to ""
[4.050s] -- Installing: /home/jo/project_RobotEngineering_3/my_robot/install/my_custom_srv_pkg/lib/libmy_custom_srv_pkg__rosidl_typesupport_fastrtps_cpp.so
[4.051s] -- Set runtime path of "/home/jo/project_RobotEngineering_3/my_robot/install/my_custom_srv_pkg/lib/libmy_custom_srv_pkg__rosidl_typesupport_fastrtps_cpp.so" to ""
[4.051s] -- Installing: /home/jo/project_RobotEngineering_3/my_robot/install/my_custom_srv_pkg/lib/libmy_custom_srv_pkg__rosidl_typesupport_introspection_c.so
[4.051s] -- Set runtime path of "/home/jo/project_RobotEngineering_3/my_robot/install/my_custom_srv_pkg/lib/libmy_custom_srv_pkg__rosidl_typesupport_introspection_c.so" to ""
[4.051s] -- Installing: /home/jo/project_RobotEngineering_3/my_robot/install/my_custom_srv_pkg/lib/libmy_custom_srv_pkg__rosidl_typesupport_c.so
[4.051s] -- Set runtime path of "/home/jo/project_RobotEngineering_3/my_robot/install/my_custom_srv_pkg/lib/libmy_custom_srv_pkg__rosidl_typesupport_c.so" to ""
[4.051s] -- Installing: /home/jo/project_RobotEngineering_3/my_robot/install/my_custom_srv_pkg/lib/libmy_custom_srv_pkg__rosidl_typesupport_introspection_cpp.so
[4.051s] -- Set runtime path of "/home/jo/project_RobotEngineering_3/my_robot/install/my_custom_srv_pkg/lib/libmy_custom_srv_pkg__rosidl_typesupport_introspection_cpp.so" to ""
[4.051s] -- Installing: /home/jo/project_RobotEngineering_3/my_robot/install/my_custom_srv_pkg/lib/libmy_custom_srv_pkg__rosidl_typesupport_cpp.so
[4.051s] -- Set runtime path of "/home/jo/project_RobotEngineering_3/my_robot/install/my_custom_srv_pkg/lib/libmy_custom_srv_pkg__rosidl_typesupport_cpp.so" to ""
[4.074s] Listing '/home/jo/project_RobotEngineering_3/my_robot/install/my_custom_srv_pkg/local/lib/python3.10/dist-packages/my_custom_srv_pkg'...
[4.075s] Compiling '/home/jo/project_RobotEngineering_3/my_robot/install/my_custom_srv_pkg/local/lib/python3.10/dist-packages/my_custom_srv_pkg/__init__.py'...
[4.075s] Listing '/home/jo/project_RobotEngineering_3/my_robot/install/my_custom_srv_pkg/local/lib/python3.10/dist-packages/my_custom_srv_pkg/srv'...
[4.075s] Compiling '/home/jo/project_RobotEngineering_3/my_robot/install/my_custom_srv_pkg/local/lib/python3.10/dist-packages/my_custom_srv_pkg/srv/__init__.py'...
[4.075s] Compiling '/home/jo/project_RobotEngineering_3/my_robot/install/my_custom_srv_pkg/local/lib/python3.10/dist-packages/my_custom_srv_pkg/srv/_divide_integers.py'...
[4.078s] -- Installing: /home/jo/project_RobotEngineering_3/my_robot/install/my_custom_srv_pkg/lib/libmy_custom_srv_pkg__rosidl_generator_py.so
[4.078s] -- Set runtime path of "/home/jo/project_RobotEngineering_3/my_robot/install/my_custom_srv_pkg/lib/libmy_custom_srv_pkg__rosidl_generator_py.so" to ""
[4.078s] -- Installing: /home/jo/project_RobotEngineering_3/my_robot/install/my_custom_srv_pkg/share/my_custom_srv_pkg/cmake/export_my_custom_srv_pkg__rosidl_generator_cExport.cmake
[4.078s] -- Installing: /home/jo/project_RobotEngineering_3/my_robot/install/my_custom_srv_pkg/share/my_custom_srv_pkg/cmake/export_my_custom_srv_pkg__rosidl_generator_cExport-noconfig.cmake
[4.078s] -- Installing: /home/jo/project_RobotEngineering_3/my_robot/install/my_custom_srv_pkg/share/my_custom_srv_pkg/cmake/export_my_custom_srv_pkg__rosidl_typesupport_fastrtps_cExport.cmake
[4.078s] -- Installing: /home/jo/project_RobotEngineering_3/my_robot/install/my_custom_srv_pkg/share/my_custom_srv_pkg/cmake/export_my_custom_srv_pkg__rosidl_typesupport_fastrtps_cExport-noconfig.cmake
[4.078s] -- Installing: /home/jo/project_RobotEngineering_3/my_robot/install/my_custom_srv_pkg/share/my_custom_srv_pkg/cmake/export_my_custom_srv_pkg__rosidl_generator_cppExport.cmake
[4.078s] -- Installing: /home/jo/project_RobotEngineering_3/my_robot/install/my_custom_srv_pkg/share/my_custom_srv_pkg/cmake/export_my_custom_srv_pkg__rosidl_typesupport_fastrtps_cppExport.cmake
[4.078s] -- Installing: /home/jo/project_RobotEngineering_3/my_robot/install/my_custom_srv_pkg/share/my_custom_srv_pkg/cmake/export_my_custom_srv_pkg__rosidl_typesupport_fastrtps_cppExport-noconfig.cmake
[4.079s] -- Installing: /home/jo/project_RobotEngineering_3/my_robot/install/my_custom_srv_pkg/share/my_custom_srv_pkg/cmake/my_custom_srv_pkg__rosidl_typesupport_introspection_cExport.cmake
[4.079s] -- Installing: /home/jo/project_RobotEngineering_3/my_robot/install/my_custom_srv_pkg/share/my_custom_srv_pkg/cmake/my_custom_srv_pkg__rosidl_typesupport_introspection_cExport-noconfig.cmake
[4.079s] -- Installing: /home/jo/project_RobotEngineering_3/my_robot/install/my_custom_srv_pkg/share/my_custom_srv_pkg/cmake/my_custom_srv_pkg__rosidl_typesupport_cExport.cmake
[4.079s] -- Installing: /home/jo/project_RobotEngineering_3/my_robot/install/my_custom_srv_pkg/share/my_custom_srv_pkg/cmake/my_custom_srv_pkg__rosidl_typesupport_cExport-noconfig.cmake
[4.079s] -- Installing: /home/jo/project_RobotEngineering_3/my_robot/install/my_custom_srv_pkg/share/my_custom_srv_pkg/cmake/my_custom_srv_pkg__rosidl_typesupport_introspection_cppExport.cmake
[4.079s] -- Installing: /home/jo/project_RobotEngineering_3/my_robot/install/my_custom_srv_pkg/share/my_custom_srv_pkg/cmake/my_custom_srv_pkg__rosidl_typesupport_introspection_cppExport-noconfig.cmake
[4.079s] -- Installing: /home/jo/project_RobotEngineering_3/my_robot/install/my_custom_srv_pkg/share/my_custom_srv_pkg/cmake/my_custom_srv_pkg__rosidl_typesupport_cppExport.cmake
[4.079s] -- Installing: /home/jo/project_RobotEngineering_3/my_robot/install/my_custom_srv_pkg/share/my_custom_srv_pkg/cmake/my_custom_srv_pkg__rosidl_typesupport_cppExport-noconfig.cmake
[4.079s] -- Installing: /home/jo/project_RobotEngineering_3/my_robot/install/my_custom_srv_pkg/share/my_custom_srv_pkg/cmake/export_my_custom_srv_pkg__rosidl_generator_pyExport.cmake
[4.079s] -- Installing: /home/jo/project_RobotEngineering_3/my_robot/install/my_custom_srv_pkg/share/my_custom_srv_pkg/cmake/export_my_custom_srv_pkg__rosidl_generator_pyExport-noconfig.cmake
[4.081s] Invoked command in '/home/jo/project_RobotEngineering_3/my_robot/build/my_custom_srv_pkg' returned '0': CMAKE_PREFIX_PATH=${CMAKE_PREFIX_PATH}:/home/jo/project_RobotEngineering_3/my_robot/install/py_custom_srv_pkg:/opt/ros/humble /usr/bin/cmake --install /home/jo/project_RobotEngineering_3/my_robot/build/my_custom_srv_pkg
