running egg_info
writing ../../build/py_custom_srv_pkg/py_custom_srv_pkg.egg-info/PKG-INFO
writing dependency_links to ../../build/py_custom_srv_pkg/py_custom_srv_pkg.egg-info/dependency_links.txt
writing entry points to ../../build/py_custom_srv_pkg/py_custom_srv_pkg.egg-info/entry_points.txt
writing requirements to ../../build/py_custom_srv_pkg/py_custom_srv_pkg.egg-info/requires.txt
writing top-level names to ../../build/py_custom_srv_pkg/py_custom_srv_pkg.egg-info/top_level.txt
reading manifest file '../../build/py_custom_srv_pkg/py_custom_srv_pkg.egg-info/SOURCES.txt'
writing manifest file '../../build/py_custom_srv_pkg/py_custom_srv_pkg.egg-info/SOURCES.txt'
running build
running build_py
running install
running install_lib
running install_data
running install_egg_info
removing '/home/jo/project_RobotEngineering_3/my_robot/install/py_custom_srv_pkg/lib/python3.10/site-packages/py_custom_srv_pkg-0.0.0-py3.10.egg-info' (and everything under it)
Copying ../../build/py_custom_srv_pkg/py_custom_srv_pkg.egg-info to /home/jo/project_RobotEngineering_3/my_robot/install/py_custom_srv_pkg/lib/python3.10/site-packages/py_custom_srv_pkg-0.0.0-py3.10.egg-info
running install_scripts
Installing py_custom_client script to /home/jo/project_RobotEngineering_3/my_robot/install/py_custom_srv_pkg/lib/py_custom_srv_pkg
Installing py_custom_server script to /home/jo/project_RobotEngineering_3/my_robot/install/py_custom_srv_pkg/lib/py_custom_srv_pkg
Installing realsense_test script to /home/jo/project_RobotEngineering_3/my_robot/install/py_custom_srv_pkg/lib/py_custom_srv_pkg
writing list of installed files to '/home/jo/project_RobotEngineering_3/my_robot/build/py_custom_srv_pkg/install.log'
