[0.755s] Invoking command in '/home/jo/project_RobotEngineering_3/my_robot/src/py_custom_srv_pkg': CMAKE_PREFIX_PATH=/home/jo/project_RobotEngineering_3/my_robot/install/my_custom_srv_pkg:/home/jo/project_RobotEngineering_3/my_robot/install/realsense2_description:/home/jo/project_RobotEngineering_3/my_robot/install/realsense2_camera:/home/jo/project_RobotEngineering_3/my_robot/install/realsense2_camera_msgs LD_LIBRARY_PATH=/home/jo/project_RobotEngineering_3/my_robot/install/my_custom_srv_pkg/lib:/home/jo/project_RobotEngineering_3/my_robot/install/realsense2_camera/lib:/home/jo/project_RobotEngineering_3/my_robot/install/realsense2_camera_msgs/lib:/usr/lib/x86_64-linux-gnu/gazebo-11/plugins:/opt/ros/humble/opt/rviz_ogre_vendor/lib:/opt/ros/humble/lib/x86_64-linux-gnu:/opt/ros/humble/lib:/usr/lib/x86_64-linux-gnu/gazebo-11/plugins:/usr/lib/x86_64-linux-gnu/gazebo-11/plugins:/usr/lib/x86_64-linux-gnu/gazebo-11/plugins:/usr/lib/x86_64-linux-gnu/gazebo-11/plugins:/usr/lib/x86_64-linux-gnu/gazebo-11/plugins:/usr/lib/x86_64-linux-gnu/gazebo-11/plugins:/usr/lib/x86_64-linux-gnu/gazebo-11/plugins:/usr/lib/x86_64-linux-gnu/gazebo-11/plugins:/usr/lib/x86_64-linux-gnu/gazebo-11/plugins:/usr/lib/x86_64-linux-gnu/gazebo-11/plugins PYTHONPATH=/home/jo/project_RobotEngineering_3/my_robot/build/py_custom_srv_pkg/prefix_override:/usr/lib/python3/dist-packages/colcon_core/task/python/colcon_distutils_commands:/home/jo/project_RobotEngineering_3/my_robot/install/py_custom_srv_pkg/lib/python3.10/site-packages:${PYTHONPATH} /usr/bin/python3 -W ignore:setup.py install is deprecated -W ignore:easy_install command is deprecated setup.py egg_info --egg-base ../../build/py_custom_srv_pkg build --build-base /home/jo/project_RobotEngineering_3/my_robot/build/py_custom_srv_pkg/build install --record /home/jo/project_RobotEngineering_3/my_robot/build/py_custom_srv_pkg/install.log --single-version-externally-managed install_data
[1.038s] running egg_info
[1.039s] writing ../../build/py_custom_srv_pkg/py_custom_srv_pkg.egg-info/PKG-INFO
[1.039s] writing dependency_links to ../../build/py_custom_srv_pkg/py_custom_srv_pkg.egg-info/dependency_links.txt
[1.039s] writing entry points to ../../build/py_custom_srv_pkg/py_custom_srv_pkg.egg-info/entry_points.txt
[1.039s] writing requirements to ../../build/py_custom_srv_pkg/py_custom_srv_pkg.egg-info/requires.txt
[1.039s] writing top-level names to ../../build/py_custom_srv_pkg/py_custom_srv_pkg.egg-info/top_level.txt
[1.041s] reading manifest file '../../build/py_custom_srv_pkg/py_custom_srv_pkg.egg-info/SOURCES.txt'
[1.042s] writing manifest file '../../build/py_custom_srv_pkg/py_custom_srv_pkg.egg-info/SOURCES.txt'
[1.042s] running build
[1.042s] running build_py
[1.042s] running install
[1.042s] running install_lib
[1.043s] running install_data
[1.043s] running install_egg_info
[1.045s] removing '/home/jo/project_RobotEngineering_3/my_robot/install/py_custom_srv_pkg/lib/python3.10/site-packages/py_custom_srv_pkg-0.0.0-py3.10.egg-info' (and everything under it)
[1.045s] Copying ../../build/py_custom_srv_pkg/py_custom_srv_pkg.egg-info to /home/jo/project_RobotEngineering_3/my_robot/install/py_custom_srv_pkg/lib/python3.10/site-packages/py_custom_srv_pkg-0.0.0-py3.10.egg-info
[1.046s] running install_scripts
[1.063s] Installing py_custom_client script to /home/jo/project_RobotEngineering_3/my_robot/install/py_custom_srv_pkg/lib/py_custom_srv_pkg
[1.063s] Installing py_custom_server script to /home/jo/project_RobotEngineering_3/my_robot/install/py_custom_srv_pkg/lib/py_custom_srv_pkg
[1.063s] Installing realsense_test script to /home/jo/project_RobotEngineering_3/my_robot/install/py_custom_srv_pkg/lib/py_custom_srv_pkg
[1.063s] writing list of installed files to '/home/jo/project_RobotEngineering_3/my_robot/build/py_custom_srv_pkg/install.log'
[1.092s] Invoked command in '/home/jo/project_RobotEngineering_3/my_robot/src/py_custom_srv_pkg' returned '0': CMAKE_PREFIX_PATH=/home/jo/project_RobotEngineering_3/my_robot/install/my_custom_srv_pkg:/home/jo/project_RobotEngineering_3/my_robot/install/realsense2_description:/home/jo/project_RobotEngineering_3/my_robot/install/realsense2_camera:/home/jo/project_RobotEngineering_3/my_robot/install/realsense2_camera_msgs LD_LIBRARY_PATH=/home/jo/project_RobotEngineering_3/my_robot/install/my_custom_srv_pkg/lib:/home/jo/project_RobotEngineering_3/my_robot/install/realsense2_camera/lib:/home/jo/project_RobotEngineering_3/my_robot/install/realsense2_camera_msgs/lib:/usr/lib/x86_64-linux-gnu/gazebo-11/plugins:/opt/ros/humble/opt/rviz_ogre_vendor/lib:/opt/ros/humble/lib/x86_64-linux-gnu:/opt/ros/humble/lib:/usr/lib/x86_64-linux-gnu/gazebo-11/plugins:/usr/lib/x86_64-linux-gnu/gazebo-11/plugins:/usr/lib/x86_64-linux-gnu/gazebo-11/plugins:/usr/lib/x86_64-linux-gnu/gazebo-11/plugins:/usr/lib/x86_64-linux-gnu/gazebo-11/plugins:/usr/lib/x86_64-linux-gnu/gazebo-11/plugins:/usr/lib/x86_64-linux-gnu/gazebo-11/plugins:/usr/lib/x86_64-linux-gnu/gazebo-11/plugins:/usr/lib/x86_64-linux-gnu/gazebo-11/plugins:/usr/lib/x86_64-linux-gnu/gazebo-11/plugins PYTHONPATH=/home/jo/project_RobotEngineering_3/my_robot/build/py_custom_srv_pkg/prefix_override:/usr/lib/python3/dist-packages/colcon_core/task/python/colcon_distutils_commands:/home/jo/project_RobotEngineering_3/my_robot/install/py_custom_srv_pkg/lib/python3.10/site-packages:${PYTHONPATH} /usr/bin/python3 -W ignore:setup.py install is deprecated -W ignore:easy_install command is deprecated setup.py egg_info --egg-base ../../build/py_custom_srv_pkg build --build-base /home/jo/project_RobotEngineering_3/my_robot/build/py_custom_srv_pkg/build install --record /home/jo/project_RobotEngineering_3/my_robot/build/py_custom_srv_pkg/install.log --single-version-externally-managed install_data
